[35m[1mConsolidate compiler generated dependencies of target gtest_main[0m
[35m[1mConsolidate compiler generated dependencies of target gtest[0m
[35m[1mConsolidate compiler generated dependencies of target lely_driver_bridge[0m
[ 25%] Built target gtest
[ 25%] Built target gtest_main
[35m[1mConsolidate compiler generated dependencies of target test_base_driver_component[0m
[ 31%] [32mBuilding CXX object CMakeFiles/lely_driver_bridge.dir/src/lely_driver_bridge.cpp.o[0m
[ 37%] [32mBuilding CXX object test/CMakeFiles/test_base_driver_component.dir/test_base_driver_component.cpp.o[0m
[ 43%] [32m[1mLinking CXX shared library liblely_driver_bridge.so[0m
[ 43%] Built target lely_driver_bridge
[35m[1mConsolidate compiler generated dependencies of target node_canopen_base_driver[0m
[ 50%] [32mBuilding CXX object CMakeFiles/node_canopen_base_driver.dir/src/node_interfaces/node_canopen_base_driver.cpp.o[0m
[ 56%] [32m[1mLinking CXX executable test_base_driver_component[0m
[ 56%] Built target test_base_driver_component
[ 62%] [32m[1mLinking CXX shared library libnode_canopen_base_driver.so[0m
[ 62%] Built target node_canopen_base_driver
[35m[1mConsolidate compiler generated dependencies of target lifecycle_base_driver[0m
[35m[1mConsolidate compiler generated dependencies of target test_node_canopen_base_driver_ros[0m
[35m[1mConsolidate compiler generated dependencies of target base_driver[0m
[ 81%] [32mBuilding CXX object test/CMakeFiles/test_node_canopen_base_driver_ros.dir/test_node_canopen_base_driver_ros.cpp.o[0m
[ 81%] [32mBuilding CXX object CMakeFiles/lifecycle_base_driver.dir/src/lifecycle_base_driver.cpp.o[0m
[ 81%] [32mBuilding CXX object CMakeFiles/base_driver.dir/src/base_driver.cpp.o[0m
[ 87%] [32m[1mLinking CXX executable test_node_canopen_base_driver_ros[0m
[ 93%] [32m[1mLinking CXX shared library liblifecycle_base_driver.so[0m
[100%] [32m[1mLinking CXX shared library libbase_driver.so[0m
[100%] Built target lifecycle_base_driver
[100%] Built target base_driver
[100%] Built target test_node_canopen_base_driver_ros
-- Install configuration: ""
-- Up-to-date: /home/starnus/starnus/starnus_robot_sim/starnus_robot/src/ros2_canopen/install/canopen_base_driver/include
-- Up-to-date: /home/starnus/starnus/starnus_robot_sim/starnus_robot/src/ros2_canopen/install/canopen_base_driver/include/canopen_base_driver
-- Up-to-date: /home/starnus/starnus/starnus_robot_sim/starnus_robot/src/ros2_canopen/install/canopen_base_driver/include/canopen_base_driver/node_interfaces
-- Up-to-date: /home/starnus/starnus/starnus_robot_sim/starnus_robot/src/ros2_canopen/install/canopen_base_driver/include/canopen_base_driver/node_interfaces/node_canopen_base_driver.hpp
-- Up-to-date: /home/starnus/starnus/starnus_robot_sim/starnus_robot/src/ros2_canopen/install/canopen_base_driver/include/canopen_base_driver/node_interfaces/node_canopen_base_driver_impl.hpp
-- Up-to-date: /home/starnus/starnus/starnus_robot_sim/starnus_robot/src/ros2_canopen/install/canopen_base_driver/include/canopen_base_driver/visibility_control.h
-- Up-to-date: /home/starnus/starnus/starnus_robot_sim/starnus_robot/src/ros2_canopen/install/canopen_base_driver/include/canopen_base_driver/diagnostic_collector.hpp
-- Up-to-date: /home/starnus/starnus/starnus_robot_sim/starnus_robot/src/ros2_canopen/install/canopen_base_driver/include/canopen_base_driver/base_driver.hpp
-- Up-to-date: /home/starnus/starnus/starnus_robot_sim/starnus_robot/src/ros2_canopen/install/canopen_base_driver/include/canopen_base_driver/lifecycle_base_driver.hpp
-- Up-to-date: /home/starnus/starnus/starnus_robot_sim/starnus_robot/src/ros2_canopen/install/canopen_base_driver/include/canopen_base_driver/lely_driver_bridge.hpp
-- Installing: /home/starnus/starnus/starnus_robot_sim/starnus_robot/src/ros2_canopen/install/canopen_base_driver/lib/liblifecycle_base_driver.so
-- Set runtime path of "/home/starnus/starnus/starnus_robot_sim/starnus_robot/src/ros2_canopen/install/canopen_base_driver/lib/liblifecycle_base_driver.so" to ""
-- Installing: /home/starnus/starnus/starnus_robot_sim/starnus_robot/src/ros2_canopen/install/canopen_base_driver/lib/libbase_driver.so
-- Set runtime path of "/home/starnus/starnus/starnus_robot_sim/starnus_robot/src/ros2_canopen/install/canopen_base_driver/lib/libbase_driver.so" to ""
-- Installing: /home/starnus/starnus/starnus_robot_sim/starnus_robot/src/ros2_canopen/install/canopen_base_driver/lib/libnode_canopen_base_driver.so
-- Set runtime path of "/home/starnus/starnus/starnus_robot_sim/starnus_robot/src/ros2_canopen/install/canopen_base_driver/lib/libnode_canopen_base_driver.so" to ""
-- Installing: /home/starnus/starnus/starnus_robot_sim/starnus_robot/src/ros2_canopen/install/canopen_base_driver/lib/liblely_driver_bridge.so
-- Set runtime path of "/home/starnus/starnus/starnus_robot_sim/starnus_robot/src/ros2_canopen/install/canopen_base_driver/lib/liblely_driver_bridge.so" to ""
-- Up-to-date: /home/starnus/starnus/starnus_robot_sim/starnus_robot/src/ros2_canopen/install/canopen_base_driver/share/canopen_base_driver/environment/library_path.sh
-- Up-to-date: /home/starnus/starnus/starnus_robot_sim/starnus_robot/src/ros2_canopen/install/canopen_base_driver/share/canopen_base_driver/environment/library_path.dsv
-- Up-to-date: /home/starnus/starnus/starnus_robot_sim/starnus_robot/src/ros2_canopen/install/canopen_base_driver/share/ament_index/resource_index/package_run_dependencies/canopen_base_driver
-- Up-to-date: /home/starnus/starnus/starnus_robot_sim/starnus_robot/src/ros2_canopen/install/canopen_base_driver/share/ament_index/resource_index/parent_prefix_path/canopen_base_driver
-- Up-to-date: /home/starnus/starnus/starnus_robot_sim/starnus_robot/src/ros2_canopen/install/canopen_base_driver/share/canopen_base_driver/environment/ament_prefix_path.sh
-- Up-to-date: /home/starnus/starnus/starnus_robot_sim/starnus_robot/src/ros2_canopen/install/canopen_base_driver/share/canopen_base_driver/environment/ament_prefix_path.dsv
-- Up-to-date: /home/starnus/starnus/starnus_robot_sim/starnus_robot/src/ros2_canopen/install/canopen_base_driver/share/canopen_base_driver/environment/path.sh
-- Up-to-date: /home/starnus/starnus/starnus_robot_sim/starnus_robot/src/ros2_canopen/install/canopen_base_driver/share/canopen_base_driver/environment/path.dsv
-- Up-to-date: /home/starnus/starnus/starnus_robot_sim/starnus_robot/src/ros2_canopen/install/canopen_base_driver/share/canopen_base_driver/local_setup.bash
-- Up-to-date: /home/starnus/starnus/starnus_robot_sim/starnus_robot/src/ros2_canopen/install/canopen_base_driver/share/canopen_base_driver/local_setup.sh
-- Up-to-date: /home/starnus/starnus/starnus_robot_sim/starnus_robot/src/ros2_canopen/install/canopen_base_driver/share/canopen_base_driver/local_setup.zsh
-- Up-to-date: /home/starnus/starnus/starnus_robot_sim/starnus_robot/src/ros2_canopen/install/canopen_base_driver/share/canopen_base_driver/local_setup.dsv
-- Installing: /home/starnus/starnus/starnus_robot_sim/starnus_robot/src/ros2_canopen/install/canopen_base_driver/share/canopen_base_driver/package.dsv
-- Up-to-date: /home/starnus/starnus/starnus_robot_sim/starnus_robot/src/ros2_canopen/install/canopen_base_driver/share/ament_index/resource_index/packages/canopen_base_driver
-- Up-to-date: /home/starnus/starnus/starnus_robot_sim/starnus_robot/src/ros2_canopen/install/canopen_base_driver/share/ament_index/resource_index/rclcpp_components/canopen_base_driver
-- Up-to-date: /home/starnus/starnus/starnus_robot_sim/starnus_robot/src/ros2_canopen/install/canopen_base_driver/share/canopen_base_driver/cmake/export_canopen_base_driverExport.cmake
-- Up-to-date: /home/starnus/starnus/starnus_robot_sim/starnus_robot/src/ros2_canopen/install/canopen_base_driver/share/canopen_base_driver/cmake/export_canopen_base_driverExport-noconfig.cmake
-- Up-to-date: /home/starnus/starnus/starnus_robot_sim/starnus_robot/src/ros2_canopen/install/canopen_base_driver/share/canopen_base_driver/cmake/ament_cmake_export_include_directories-extras.cmake
-- Up-to-date: /home/starnus/starnus/starnus_robot_sim/starnus_robot/src/ros2_canopen/install/canopen_base_driver/share/canopen_base_driver/cmake/ament_cmake_export_libraries-extras.cmake
-- Up-to-date: /home/starnus/starnus/starnus_robot_sim/starnus_robot/src/ros2_canopen/install/canopen_base_driver/share/canopen_base_driver/cmake/ament_cmake_export_targets-extras.cmake
-- Up-to-date: /home/starnus/starnus/starnus_robot_sim/starnus_robot/src/ros2_canopen/install/canopen_base_driver/share/canopen_base_driver/cmake/ament_cmake_export_dependencies-extras.cmake
-- Up-to-date: /home/starnus/starnus/starnus_robot_sim/starnus_robot/src/ros2_canopen/install/canopen_base_driver/share/canopen_base_driver/cmake/canopen_base_driverConfig.cmake
-- Up-to-date: /home/starnus/starnus/starnus_robot_sim/starnus_robot/src/ros2_canopen/install/canopen_base_driver/share/canopen_base_driver/cmake/canopen_base_driverConfig-version.cmake
-- Up-to-date: /home/starnus/starnus/starnus_robot_sim/starnus_robot/src/ros2_canopen/install/canopen_base_driver/share/canopen_base_driver/package.xml
