[0.012s] Invoking command in '/home/starnus/starnus/starnus_robot_sim/starnus_robot/src/ros2_canopen/build/canopen_core': AMENT_PREFIX_PATH=/home/starnus/starnus/starnus_robot_sim/starnus_robot/src/ros2_canopen/install/lely_core_libraries:/home/starnus/starnus/starnus_robot_sim/starnus_robot/src/ros2_canopen/install/canopen_interfaces:${AMENT_PREFIX_PATH} CMAKE_PREFIX_PATH=/home/starnus/starnus/starnus_robot_sim/starnus_robot/src/ros2_canopen/install/lely_core_libraries:/home/starnus/starnus/starnus_robot_sim/starnus_robot/src/ros2_canopen/install/canopen_interfaces:/home/starnus/starnus/starnus_robot_sim/starnus_robot/install/starnus_sim:/home/starnus/starnus/starnus_robot_sim/starnus_robot/install/starnus_rmf_dashboard:/home/starnus/starnus/starnus_robot_sim/starnus_robot/install/starnus_rmf:/home/starnus/starnus/starnus_robot_sim/starnus_robot/install/starnus_navigation_behaviours:/home/starnus/starnus/starnus_robot_sim/starnus_robot/install/starnus_navigation:/home/starnus/starnus/starnus_robot_sim/starnus_robot/install/starnus_msgs:/home/starnus/starnus/starnus_robot_sim/starnus_robot/install/starnus_maps:/home/starnus/starnus/starnus_robot_sim/starnus_robot/install/starnus_behavior_tree:/home/starnus/starnus/starnus_robot_sim/starnus_robot/install/path_tracking_pid:/home/starnus/starnus/starnus_robot_sim/starnus_robot/install/canopen_tests:/home/starnus/starnus/starnus_robot_sim/starnus_robot/install/canopen_ros2_controllers:/home/starnus/starnus/starnus_robot_sim/starnus_robot/install/canopen_ros2_control:/home/starnus/starnus/starnus_robot_sim/starnus_robot/install/canopen:/home/starnus/starnus/starnus_robot_sim/starnus_robot/install/canopen_402_driver:/home/starnus/starnus/starnus_robot_sim/starnus_robot/install/canopen_proxy_driver:/home/starnus/starnus/starnus_robot_sim/starnus_robot/install/canopen_master_driver:/home/starnus/starnus/starnus_robot_sim/starnus_robot/install/canopen_fake_slaves:/home/starnus/starnus/starnus_robot_sim/starnus_robot/install/canopen_base_driver:/home/starnus/starnus/starnus_robot_sim/starnus_robot/install/canopen_core:/home/starnus/starnus/starnus_robot_sim/starnus_robot/install/lely_core_libraries:/home/starnus/starnus/starnus_robot_sim/starnus_robot/install/ira_laser_tools:/home/starnus/starnus/starnus_robot_sim/starnus_robot/install/canopen_interfaces:/home/starnus/starnus_robot/install/starnus_rmf_dashboard:/home/starnus/starnus_robot/install/starnus_rmf:/home/starnus/starnus_robot/install/starnus_navigation_behaviours:/home/starnus/starnus_robot/install/starnus_msgs:/home/starnus/starnus_robot/install/starnus_maps:/home/starnus/starnus_robot/install/starnus_hardware_interfaces:/home/starnus/starnus/starnus_robot_sim/starnus_robot/install/starnus_viz:/home/starnus/starnus/starnus_robot_sim/starnus_robot/install/starnus_slam:/home/starnus/starnus/starnus_robot_sim/starnus_robot/install/starnus_rmf_panel:/home/starnus/starnus/starnus_robot_sim/starnus_robot/install/starnus_rmf_fleet_adapter:/home/starnus/starnus/starnus_robot_sim/starnus_robot/install/starnus_pallet_localisation:/home/starnus/starnus/starnus_robot_sim/starnus_robot/install/starnus_driver:/home/starnus/starnus/starnus_robot_sim/starnus_robot/install/starnus_description:/home/starnus/starnus/starnus_robot_sim/starnus_robot/install/starnus_bringup:/home/starnus/starnus/starnus_robot_sim/starnus_robot/install/starnus:/home/starnus/starnus/starnus_robot_sim/starnus_robot/install/canopen_utils:/home/starnus/starnus_robot/install/wms_bridge:/home/starnus/starnus_robot/install/starnus_viz:/home/starnus/starnus_robot/install/starnus_slam:/home/starnus/starnus_robot/install/starnus_sim:/home/starnus/starnus_robot/install/starnus_rmf_panel:/home/starnus/starnus_robot/install/starnus_rmf_fleet_adapter:/home/starnus/starnus_robot/install/starnus_pallet_localisation:/home/starnus/starnus_robot/install/starnus_navigation:/home/starnus/starnus_robot/install/starnus_driver:/home/starnus/starnus_robot/install/starnus_description:/home/starnus/starnus_robot/install/starnus_bringup:/home/starnus/starnus_robot/install/starnus_arduino_comms:/home/starnus/starnus_robot/install/starnus:/opt/ros/humble LD_LIBRARY_PATH=/home/starnus/starnus/starnus_robot_sim/starnus_robot/src/ros2_canopen/install/lely_core_libraries/lib:/home/starnus/starnus/starnus_robot_sim/starnus_robot/src/ros2_canopen/install/canopen_interfaces/lib:${LD_LIBRARY_PATH} PATH=/home/starnus/starnus/starnus_robot_sim/starnus_robot/src/ros2_canopen/install/lely_core_libraries/bin:${PATH} PYTHONPATH=/home/starnus/starnus/starnus_robot_sim/starnus_robot/src/ros2_canopen/install/lely_core_libraries/local/lib/python3.10/dist-packages:/home/starnus/starnus/starnus_robot_sim/starnus_robot/src/ros2_canopen/install/lely_core_libraries/lib/python3.10/site-packages:/home/starnus/starnus/starnus_robot_sim/starnus_robot/src/ros2_canopen/install/canopen_interfaces/local/lib/python3.10/dist-packages:${PYTHONPATH} /usr/bin/cmake /home/starnus/starnus/starnus_robot_sim/starnus_robot/src/ros2_canopen/canopen_core -DCMAKE_INSTALL_PREFIX=/home/starnus/starnus/starnus_robot_sim/starnus_robot/src/ros2_canopen/install/canopen_core
[0.045s] -- The C compiler identification is GNU 11.4.0
[0.077s] -- The CXX compiler identification is GNU 11.4.0
[0.081s] -- Detecting C compiler ABI info
[0.125s] -- Detecting C compiler ABI info - done
[0.129s] -- Check for working C compiler: /usr/bin/cc - skipped
[0.129s] -- Detecting C compile features
[0.129s] -- Detecting C compile features - done
[0.131s] -- Detecting CXX compiler ABI info
[0.180s] -- Detecting CXX compiler ABI info - done
[0.184s] -- Check for working CXX compiler: /usr/bin/c++ - skipped
[0.184s] -- Detecting CXX compile features
[0.184s] -- Detecting CXX compile features - done
[0.188s] -- Found ament_cmake: 1.3.5 (/opt/ros/humble/share/ament_cmake/cmake)
[0.331s] -- Found Python3: /usr/bin/python3.10 (found version "3.10.12") found components: Interpreter 
[0.421s] -- Found canopen_interfaces: 0.2.7 (/home/starnus/starnus/starnus_robot_sim/starnus_robot/src/ros2_canopen/install/canopen_interfaces/share/canopen_interfaces/cmake)
[0.461s] -- Found rosidl_generator_c: 3.1.5 (/opt/ros/humble/share/rosidl_generator_c/cmake)
[0.468s] -- Found rosidl_adapter: 3.1.5 (/opt/ros/humble/share/rosidl_adapter/cmake)
[0.477s] -- Found rosidl_generator_cpp: 3.1.5 (/opt/ros/humble/share/rosidl_generator_cpp/cmake)
[0.490s] -- Using all available rosidl_typesupport_c: rosidl_typesupport_fastrtps_c;rosidl_typesupport_introspection_c
[0.509s] -- Using all available rosidl_typesupport_cpp: rosidl_typesupport_fastrtps_cpp;rosidl_typesupport_introspection_cpp
[0.518s] -- Found lely_core_libraries: 0.2.7 (/home/starnus/starnus/starnus_robot_sim/starnus_robot/src/ros2_canopen/install/lely_core_libraries/share/lely_core_libraries/cmake)
[0.523s] -- Found lifecycle_msgs: 1.2.1 (/opt/ros/humble/share/lifecycle_msgs/cmake)
[0.540s] -- Found rclcpp: 16.0.6 (/opt/ros/humble/share/rclcpp/cmake)
[0.606s] -- Found rmw_implementation_cmake: 6.1.1 (/opt/ros/humble/share/rmw_implementation_cmake/cmake)
[0.611s] -- Found rmw_fastrtps_cpp: 6.2.4 (/opt/ros/humble/share/rmw_fastrtps_cpp/cmake)
[0.684s] -- Found OpenSSL: /usr/lib/x86_64-linux-gnu/libcrypto.so (found version "3.0.2")  
[0.705s] -- Found FastRTPS: /opt/ros/humble/include  
[0.740s] -- Using RMW implementation 'rmw_fastrtps_cpp' as default
[0.752s] -- Looking for pthread.h
[0.796s] -- Looking for pthread.h - found
[0.796s] -- Performing Test CMAKE_HAVE_LIBC_PTHREAD
[0.842s] -- Performing Test CMAKE_HAVE_LIBC_PTHREAD - Success
[0.843s] -- Found Threads: TRUE  
[0.943s] -- Found rclcpp_components: 16.0.6 (/opt/ros/humble/share/rclcpp_components/cmake)
[0.989s] -- Found rclcpp_lifecycle: 16.0.6 (/opt/ros/humble/share/rclcpp_lifecycle/cmake)
[1.005s] -- Found yaml_cpp_vendor: 8.0.2 (/opt/ros/humble/share/yaml_cpp_vendor/cmake)
[1.028s] -- Found Boost: /usr/lib/x86_64-linux-gnu/cmake/Boost-1.74.0/BoostConfig.cmake (found version "1.74.0") found components: system thread 
[1.051s] -- Found ament_cmake_gtest: 1.3.5 (/opt/ros/humble/share/ament_cmake_gtest/cmake)
[1.054s] -- Found ament_cmake_gmock: 1.3.5 (/opt/ros/humble/share/ament_cmake_gmock/cmake)
[1.059s] -- Found gmock sources under '/opt/ros/humble/src/gmock_vendor': C++ tests using 'Google Mock' will be built
[1.064s] -- Found gtest sources under '/opt/ros/humble/src/gtest_vendor': C++ tests using 'Google Test' will be built
[1.163s] -- Configuring done
[1.217s] -- Generating done
[1.218s] -- Build files have been written to: /home/starnus/starnus/starnus_robot_sim/starnus_robot/src/ros2_canopen/build/canopen_core
[1.227s] Invoked command in '/home/starnus/starnus/starnus_robot_sim/starnus_robot/src/ros2_canopen/build/canopen_core' returned '0': AMENT_PREFIX_PATH=/home/starnus/starnus/starnus_robot_sim/starnus_robot/src/ros2_canopen/install/lely_core_libraries:/home/starnus/starnus/starnus_robot_sim/starnus_robot/src/ros2_canopen/install/canopen_interfaces:${AMENT_PREFIX_PATH} CMAKE_PREFIX_PATH=/home/starnus/starnus/starnus_robot_sim/starnus_robot/src/ros2_canopen/install/lely_core_libraries:/home/starnus/starnus/starnus_robot_sim/starnus_robot/src/ros2_canopen/install/canopen_interfaces:/home/starnus/starnus/starnus_robot_sim/starnus_robot/install/starnus_sim:/home/starnus/starnus/starnus_robot_sim/starnus_robot/install/starnus_rmf_dashboard:/home/starnus/starnus/starnus_robot_sim/starnus_robot/install/starnus_rmf:/home/starnus/starnus/starnus_robot_sim/starnus_robot/install/starnus_navigation_behaviours:/home/starnus/starnus/starnus_robot_sim/starnus_robot/install/starnus_navigation:/home/starnus/starnus/starnus_robot_sim/starnus_robot/install/starnus_msgs:/home/starnus/starnus/starnus_robot_sim/starnus_robot/install/starnus_maps:/home/starnus/starnus/starnus_robot_sim/starnus_robot/install/starnus_behavior_tree:/home/starnus/starnus/starnus_robot_sim/starnus_robot/install/path_tracking_pid:/home/starnus/starnus/starnus_robot_sim/starnus_robot/install/canopen_tests:/home/starnus/starnus/starnus_robot_sim/starnus_robot/install/canopen_ros2_controllers:/home/starnus/starnus/starnus_robot_sim/starnus_robot/install/canopen_ros2_control:/home/starnus/starnus/starnus_robot_sim/starnus_robot/install/canopen:/home/starnus/starnus/starnus_robot_sim/starnus_robot/install/canopen_402_driver:/home/starnus/starnus/starnus_robot_sim/starnus_robot/install/canopen_proxy_driver:/home/starnus/starnus/starnus_robot_sim/starnus_robot/install/canopen_master_driver:/home/starnus/starnus/starnus_robot_sim/starnus_robot/install/canopen_fake_slaves:/home/starnus/starnus/starnus_robot_sim/starnus_robot/install/canopen_base_driver:/home/starnus/starnus/starnus_robot_sim/starnus_robot/install/canopen_core:/home/starnus/starnus/starnus_robot_sim/starnus_robot/install/lely_core_libraries:/home/starnus/starnus/starnus_robot_sim/starnus_robot/install/ira_laser_tools:/home/starnus/starnus/starnus_robot_sim/starnus_robot/install/canopen_interfaces:/home/starnus/starnus_robot/install/starnus_rmf_dashboard:/home/starnus/starnus_robot/install/starnus_rmf:/home/starnus/starnus_robot/install/starnus_navigation_behaviours:/home/starnus/starnus_robot/install/starnus_msgs:/home/starnus/starnus_robot/install/starnus_maps:/home/starnus/starnus_robot/install/starnus_hardware_interfaces:/home/starnus/starnus/starnus_robot_sim/starnus_robot/install/starnus_viz:/home/starnus/starnus/starnus_robot_sim/starnus_robot/install/starnus_slam:/home/starnus/starnus/starnus_robot_sim/starnus_robot/install/starnus_rmf_panel:/home/starnus/starnus/starnus_robot_sim/starnus_robot/install/starnus_rmf_fleet_adapter:/home/starnus/starnus/starnus_robot_sim/starnus_robot/install/starnus_pallet_localisation:/home/starnus/starnus/starnus_robot_sim/starnus_robot/install/starnus_driver:/home/starnus/starnus/starnus_robot_sim/starnus_robot/install/starnus_description:/home/starnus/starnus/starnus_robot_sim/starnus_robot/install/starnus_bringup:/home/starnus/starnus/starnus_robot_sim/starnus_robot/install/starnus:/home/starnus/starnus/starnus_robot_sim/starnus_robot/install/canopen_utils:/home/starnus/starnus_robot/install/wms_bridge:/home/starnus/starnus_robot/install/starnus_viz:/home/starnus/starnus_robot/install/starnus_slam:/home/starnus/starnus_robot/install/starnus_sim:/home/starnus/starnus_robot/install/starnus_rmf_panel:/home/starnus/starnus_robot/install/starnus_rmf_fleet_adapter:/home/starnus/starnus_robot/install/starnus_pallet_localisation:/home/starnus/starnus_robot/install/starnus_navigation:/home/starnus/starnus_robot/install/starnus_driver:/home/starnus/starnus_robot/install/starnus_description:/home/starnus/starnus_robot/install/starnus_bringup:/home/starnus/starnus_robot/install/starnus_arduino_comms:/home/starnus/starnus_robot/install/starnus:/opt/ros/humble LD_LIBRARY_PATH=/home/starnus/starnus/starnus_robot_sim/starnus_robot/src/ros2_canopen/install/lely_core_libraries/lib:/home/starnus/starnus/starnus_robot_sim/starnus_robot/src/ros2_canopen/install/canopen_interfaces/lib:${LD_LIBRARY_PATH} PATH=/home/starnus/starnus/starnus_robot_sim/starnus_robot/src/ros2_canopen/install/lely_core_libraries/bin:${PATH} PYTHONPATH=/home/starnus/starnus/starnus_robot_sim/starnus_robot/src/ros2_canopen/install/lely_core_libraries/local/lib/python3.10/dist-packages:/home/starnus/starnus/starnus_robot_sim/starnus_robot/src/ros2_canopen/install/lely_core_libraries/lib/python3.10/site-packages:/home/starnus/starnus/starnus_robot_sim/starnus_robot/src/ros2_canopen/install/canopen_interfaces/local/lib/python3.10/dist-packages:${PYTHONPATH} /usr/bin/cmake /home/starnus/starnus/starnus_robot_sim/starnus_robot/src/ros2_canopen/canopen_core -DCMAKE_INSTALL_PREFIX=/home/starnus/starnus/starnus_robot_sim/starnus_robot/src/ros2_canopen/install/canopen_core
[1.229s] Invoking command in '/home/starnus/starnus/starnus_robot_sim/starnus_robot/src/ros2_canopen/build/canopen_core': AMENT_PREFIX_PATH=/home/starnus/starnus/starnus_robot_sim/starnus_robot/src/ros2_canopen/install/lely_core_libraries:/home/starnus/starnus/starnus_robot_sim/starnus_robot/src/ros2_canopen/install/canopen_interfaces:${AMENT_PREFIX_PATH} CMAKE_PREFIX_PATH=/home/starnus/starnus/starnus_robot_sim/starnus_robot/src/ros2_canopen/install/lely_core_libraries:/home/starnus/starnus/starnus_robot_sim/starnus_robot/src/ros2_canopen/install/canopen_interfaces:/home/starnus/starnus/starnus_robot_sim/starnus_robot/install/starnus_sim:/home/starnus/starnus/starnus_robot_sim/starnus_robot/install/starnus_rmf_dashboard:/home/starnus/starnus/starnus_robot_sim/starnus_robot/install/starnus_rmf:/home/starnus/starnus/starnus_robot_sim/starnus_robot/install/starnus_navigation_behaviours:/home/starnus/starnus/starnus_robot_sim/starnus_robot/install/starnus_navigation:/home/starnus/starnus/starnus_robot_sim/starnus_robot/install/starnus_msgs:/home/starnus/starnus/starnus_robot_sim/starnus_robot/install/starnus_maps:/home/starnus/starnus/starnus_robot_sim/starnus_robot/install/starnus_behavior_tree:/home/starnus/starnus/starnus_robot_sim/starnus_robot/install/path_tracking_pid:/home/starnus/starnus/starnus_robot_sim/starnus_robot/install/canopen_tests:/home/starnus/starnus/starnus_robot_sim/starnus_robot/install/canopen_ros2_controllers:/home/starnus/starnus/starnus_robot_sim/starnus_robot/install/canopen_ros2_control:/home/starnus/starnus/starnus_robot_sim/starnus_robot/install/canopen:/home/starnus/starnus/starnus_robot_sim/starnus_robot/install/canopen_402_driver:/home/starnus/starnus/starnus_robot_sim/starnus_robot/install/canopen_proxy_driver:/home/starnus/starnus/starnus_robot_sim/starnus_robot/install/canopen_master_driver:/home/starnus/starnus/starnus_robot_sim/starnus_robot/install/canopen_fake_slaves:/home/starnus/starnus/starnus_robot_sim/starnus_robot/install/canopen_base_driver:/home/starnus/starnus/starnus_robot_sim/starnus_robot/install/canopen_core:/home/starnus/starnus/starnus_robot_sim/starnus_robot/install/lely_core_libraries:/home/starnus/starnus/starnus_robot_sim/starnus_robot/install/ira_laser_tools:/home/starnus/starnus/starnus_robot_sim/starnus_robot/install/canopen_interfaces:/home/starnus/starnus_robot/install/starnus_rmf_dashboard:/home/starnus/starnus_robot/install/starnus_rmf:/home/starnus/starnus_robot/install/starnus_navigation_behaviours:/home/starnus/starnus_robot/install/starnus_msgs:/home/starnus/starnus_robot/install/starnus_maps:/home/starnus/starnus_robot/install/starnus_hardware_interfaces:/home/starnus/starnus/starnus_robot_sim/starnus_robot/install/starnus_viz:/home/starnus/starnus/starnus_robot_sim/starnus_robot/install/starnus_slam:/home/starnus/starnus/starnus_robot_sim/starnus_robot/install/starnus_rmf_panel:/home/starnus/starnus/starnus_robot_sim/starnus_robot/install/starnus_rmf_fleet_adapter:/home/starnus/starnus/starnus_robot_sim/starnus_robot/install/starnus_pallet_localisation:/home/starnus/starnus/starnus_robot_sim/starnus_robot/install/starnus_driver:/home/starnus/starnus/starnus_robot_sim/starnus_robot/install/starnus_description:/home/starnus/starnus/starnus_robot_sim/starnus_robot/install/starnus_bringup:/home/starnus/starnus/starnus_robot_sim/starnus_robot/install/starnus:/home/starnus/starnus/starnus_robot_sim/starnus_robot/install/canopen_utils:/home/starnus/starnus_robot/install/wms_bridge:/home/starnus/starnus_robot/install/starnus_viz:/home/starnus/starnus_robot/install/starnus_slam:/home/starnus/starnus_robot/install/starnus_sim:/home/starnus/starnus_robot/install/starnus_rmf_panel:/home/starnus/starnus_robot/install/starnus_rmf_fleet_adapter:/home/starnus/starnus_robot/install/starnus_pallet_localisation:/home/starnus/starnus_robot/install/starnus_navigation:/home/starnus/starnus_robot/install/starnus_driver:/home/starnus/starnus_robot/install/starnus_description:/home/starnus/starnus_robot/install/starnus_bringup:/home/starnus/starnus_robot/install/starnus_arduino_comms:/home/starnus/starnus_robot/install/starnus:/opt/ros/humble LD_LIBRARY_PATH=/home/starnus/starnus/starnus_robot_sim/starnus_robot/src/ros2_canopen/install/lely_core_libraries/lib:/home/starnus/starnus/starnus_robot_sim/starnus_robot/src/ros2_canopen/install/canopen_interfaces/lib:${LD_LIBRARY_PATH} PATH=/home/starnus/starnus/starnus_robot_sim/starnus_robot/src/ros2_canopen/install/lely_core_libraries/bin:${PATH} PYTHONPATH=/home/starnus/starnus/starnus_robot_sim/starnus_robot/src/ros2_canopen/install/lely_core_libraries/local/lib/python3.10/dist-packages:/home/starnus/starnus/starnus_robot_sim/starnus_robot/src/ros2_canopen/install/lely_core_libraries/lib/python3.10/site-packages:/home/starnus/starnus/starnus_robot_sim/starnus_robot/src/ros2_canopen/install/canopen_interfaces/local/lib/python3.10/dist-packages:${PYTHONPATH} /usr/bin/cmake --build /home/starnus/starnus/starnus_robot_sim/starnus_robot/src/ros2_canopen/build/canopen_core -- -j20 -l20
[1.265s] [  5%] [32mBuilding CXX object gmock/CMakeFiles/gmock_main.dir/src/gmock_main.cc.o[0m
[1.265s] [  5%] [32mBuilding CXX object CMakeFiles/node_canopen_master.dir/src/node_interfaces/node_canopen_master.cpp.o[0m
[1.265s] [  8%] [32mBuilding CXX object CMakeFiles/node_canopen_driver.dir/src/node_interfaces/node_canopen_driver.cpp.o[0m
[1.268s] [ 19%] [32mBuilding CXX object CMakeFiles/node_canopen_master.dir/src/master_error.cpp.o[0m
[1.268s] [ 19%] [32mBuilding CXX object CMakeFiles/node_canopen_driver.dir/src/driver_error.cpp.o[0m
[1.268s] [ 19%] [32mBuilding CXX object CMakeFiles/node_canopen_master.dir/src/master_node.cpp.o[0m
[1.268s] [ 19%] [32mBuilding CXX object CMakeFiles/node_canopen_driver.dir/src/driver_node.cpp.o[0m
[1.270s] [ 25%] [32mBuilding CXX object gmock/CMakeFiles/gmock.dir/opt/ros/humble/src/gtest_vendor/src/gtest-all.cc.o[0m
[1.270s] [ 25%] [32mBuilding CXX object gmock/CMakeFiles/gmock.dir/src/gmock-all.cc.o[0m
[2.089s] [ 27%] [32m[1mLinking CXX static library libgmock_main.a[0m
[2.145s] [ 27%] Built target gmock_main
[4.319s] [ 30%] [32m[1mLinking CXX static library libgmock.a[0m
[4.387s] [ 30%] Built target gmock
[4.467s] [ 33%] [32m[1mLinking CXX shared library libnode_canopen_driver.so[0m
[4.523s] [ 36%] [32m[1mLinking CXX shared library libnode_canopen_master.so[0m
[4.571s] [ 36%] Built target node_canopen_driver
[4.587s] [ 44%] [32mBuilding CXX object test/CMakeFiles/test_lifecycle_canopen_driver.dir/test_lifecycle_canopen_driver.cpp.o[0m
[4.587s] [ 44%] [32mBuilding CXX object test/CMakeFiles/test_node_canopen_driver.dir/test_node_canopen_driver.cpp.o[0m
[4.587s] [ 44%] [32mBuilding CXX object test/CMakeFiles/test_canopen_driver.dir/test_canopen_driver.cpp.o[0m
[4.627s] [ 44%] Built target node_canopen_master
[4.643s] [ 50%] [32mBuilding CXX object CMakeFiles/device_container.dir/src/device_container.cpp.o[0m
[4.643s] [ 50%] [32mBuilding CXX object test/CMakeFiles/test_node_canopen_master.dir/test_node_canopen_master.cpp.o[0m
[4.646s] [ 52%] [32mBuilding CXX object CMakeFiles/device_container.dir/src/configuration_manager.cpp.o[0m
[4.646s] [ 58%] [32mBuilding CXX object CMakeFiles/device_container.dir/src/lifecycle_manager.cpp.o[0m
[4.646s] [ 58%] [32mBuilding CXX object CMakeFiles/device_container.dir/src/device_container_error.cpp.o[0m
[4.651s] [ 63%] [32mBuilding CXX object test/CMakeFiles/test_lifecycle_canopen_master.dir/test_lifecycle_canopen_master.cpp.o[0m
[4.651s] [ 63%] [32mBuilding CXX object test/CMakeFiles/test_canopen_master.dir/test_canopen_master.cpp.o[0m
[8.894s] [ 66%] [32m[1mLinking CXX executable test_lifecycle_canopen_driver[0m
[9.043s] [ 69%] [32m[1mLinking CXX executable test_node_canopen_master[0m
[9.136s] [ 72%] [32m[1mLinking CXX executable test_canopen_driver[0m
[9.149s] [ 72%] Built target test_lifecycle_canopen_driver
[9.301s] [ 72%] Built target test_node_canopen_master
[9.383s] [ 72%] Built target test_canopen_driver
[9.559s] [ 75%] [32m[1mLinking CXX executable test_canopen_master[0m
[9.600s] [ 77%] [32m[1mLinking CXX executable test_lifecycle_canopen_master[0m
[9.762s] [ 77%] Built target test_canopen_master
[9.825s] [ 80%] [32m[1mLinking CXX executable test_node_canopen_driver[0m
[9.828s] [ 80%] Built target test_lifecycle_canopen_master
[10.007s] [ 80%] Built target test_node_canopen_driver
[10.461s] [ 83%] [32m[1mLinking CXX shared library libdevice_container.so[0m
[10.625s] [ 83%] Built target device_container
[10.639s] [ 91%] [32mBuilding CXX object CMakeFiles/device_container_node.dir/src/device_container_node.cpp.o[0m
[10.639s] [ 91%] [32mBuilding CXX object test/CMakeFiles/test_lifecycle_manager.dir/test_lifecycle_manager.cpp.o[0m
[10.640s] [ 91%] [32mBuilding CXX object test/CMakeFiles/test_errors.dir/test_errors.cpp.o[0m
[11.428s] [ 94%] [32m[1mLinking CXX executable test_errors[0m
[11.616s] [ 94%] Built target test_errors
[13.641s] [ 97%] [32m[1mLinking CXX executable device_container_node[0m
[13.772s] [ 97%] Built target device_container_node
[14.164s] [100%] [32m[1mLinking CXX executable test_lifecycle_manager[0m
[14.370s] [100%] Built target test_lifecycle_manager
[14.377s] Invoked command in '/home/starnus/starnus/starnus_robot_sim/starnus_robot/src/ros2_canopen/build/canopen_core' returned '0': AMENT_PREFIX_PATH=/home/starnus/starnus/starnus_robot_sim/starnus_robot/src/ros2_canopen/install/lely_core_libraries:/home/starnus/starnus/starnus_robot_sim/starnus_robot/src/ros2_canopen/install/canopen_interfaces:${AMENT_PREFIX_PATH} CMAKE_PREFIX_PATH=/home/starnus/starnus/starnus_robot_sim/starnus_robot/src/ros2_canopen/install/lely_core_libraries:/home/starnus/starnus/starnus_robot_sim/starnus_robot/src/ros2_canopen/install/canopen_interfaces:/home/starnus/starnus/starnus_robot_sim/starnus_robot/install/starnus_sim:/home/starnus/starnus/starnus_robot_sim/starnus_robot/install/starnus_rmf_dashboard:/home/starnus/starnus/starnus_robot_sim/starnus_robot/install/starnus_rmf:/home/starnus/starnus/starnus_robot_sim/starnus_robot/install/starnus_navigation_behaviours:/home/starnus/starnus/starnus_robot_sim/starnus_robot/install/starnus_navigation:/home/starnus/starnus/starnus_robot_sim/starnus_robot/install/starnus_msgs:/home/starnus/starnus/starnus_robot_sim/starnus_robot/install/starnus_maps:/home/starnus/starnus/starnus_robot_sim/starnus_robot/install/starnus_behavior_tree:/home/starnus/starnus/starnus_robot_sim/starnus_robot/install/path_tracking_pid:/home/starnus/starnus/starnus_robot_sim/starnus_robot/install/canopen_tests:/home/starnus/starnus/starnus_robot_sim/starnus_robot/install/canopen_ros2_controllers:/home/starnus/starnus/starnus_robot_sim/starnus_robot/install/canopen_ros2_control:/home/starnus/starnus/starnus_robot_sim/starnus_robot/install/canopen:/home/starnus/starnus/starnus_robot_sim/starnus_robot/install/canopen_402_driver:/home/starnus/starnus/starnus_robot_sim/starnus_robot/install/canopen_proxy_driver:/home/starnus/starnus/starnus_robot_sim/starnus_robot/install/canopen_master_driver:/home/starnus/starnus/starnus_robot_sim/starnus_robot/install/canopen_fake_slaves:/home/starnus/starnus/starnus_robot_sim/starnus_robot/install/canopen_base_driver:/home/starnus/starnus/starnus_robot_sim/starnus_robot/install/canopen_core:/home/starnus/starnus/starnus_robot_sim/starnus_robot/install/lely_core_libraries:/home/starnus/starnus/starnus_robot_sim/starnus_robot/install/ira_laser_tools:/home/starnus/starnus/starnus_robot_sim/starnus_robot/install/canopen_interfaces:/home/starnus/starnus_robot/install/starnus_rmf_dashboard:/home/starnus/starnus_robot/install/starnus_rmf:/home/starnus/starnus_robot/install/starnus_navigation_behaviours:/home/starnus/starnus_robot/install/starnus_msgs:/home/starnus/starnus_robot/install/starnus_maps:/home/starnus/starnus_robot/install/starnus_hardware_interfaces:/home/starnus/starnus/starnus_robot_sim/starnus_robot/install/starnus_viz:/home/starnus/starnus/starnus_robot_sim/starnus_robot/install/starnus_slam:/home/starnus/starnus/starnus_robot_sim/starnus_robot/install/starnus_rmf_panel:/home/starnus/starnus/starnus_robot_sim/starnus_robot/install/starnus_rmf_fleet_adapter:/home/starnus/starnus/starnus_robot_sim/starnus_robot/install/starnus_pallet_localisation:/home/starnus/starnus/starnus_robot_sim/starnus_robot/install/starnus_driver:/home/starnus/starnus/starnus_robot_sim/starnus_robot/install/starnus_description:/home/starnus/starnus/starnus_robot_sim/starnus_robot/install/starnus_bringup:/home/starnus/starnus/starnus_robot_sim/starnus_robot/install/starnus:/home/starnus/starnus/starnus_robot_sim/starnus_robot/install/canopen_utils:/home/starnus/starnus_robot/install/wms_bridge:/home/starnus/starnus_robot/install/starnus_viz:/home/starnus/starnus_robot/install/starnus_slam:/home/starnus/starnus_robot/install/starnus_sim:/home/starnus/starnus_robot/install/starnus_rmf_panel:/home/starnus/starnus_robot/install/starnus_rmf_fleet_adapter:/home/starnus/starnus_robot/install/starnus_pallet_localisation:/home/starnus/starnus_robot/install/starnus_navigation:/home/starnus/starnus_robot/install/starnus_driver:/home/starnus/starnus_robot/install/starnus_description:/home/starnus/starnus_robot/install/starnus_bringup:/home/starnus/starnus_robot/install/starnus_arduino_comms:/home/starnus/starnus_robot/install/starnus:/opt/ros/humble LD_LIBRARY_PATH=/home/starnus/starnus/starnus_robot_sim/starnus_robot/src/ros2_canopen/install/lely_core_libraries/lib:/home/starnus/starnus/starnus_robot_sim/starnus_robot/src/ros2_canopen/install/canopen_interfaces/lib:${LD_LIBRARY_PATH} PATH=/home/starnus/starnus/starnus_robot_sim/starnus_robot/src/ros2_canopen/install/lely_core_libraries/bin:${PATH} PYTHONPATH=/home/starnus/starnus/starnus_robot_sim/starnus_robot/src/ros2_canopen/install/lely_core_libraries/local/lib/python3.10/dist-packages:/home/starnus/starnus/starnus_robot_sim/starnus_robot/src/ros2_canopen/install/lely_core_libraries/lib/python3.10/site-packages:/home/starnus/starnus/starnus_robot_sim/starnus_robot/src/ros2_canopen/install/canopen_interfaces/local/lib/python3.10/dist-packages:${PYTHONPATH} /usr/bin/cmake --build /home/starnus/starnus/starnus_robot_sim/starnus_robot/src/ros2_canopen/build/canopen_core -- -j20 -l20
[14.423s] Invoking command in '/home/starnus/starnus/starnus_robot_sim/starnus_robot/src/ros2_canopen/build/canopen_core': AMENT_PREFIX_PATH=/home/starnus/starnus/starnus_robot_sim/starnus_robot/src/ros2_canopen/install/lely_core_libraries:/home/starnus/starnus/starnus_robot_sim/starnus_robot/src/ros2_canopen/install/canopen_interfaces:${AMENT_PREFIX_PATH} CMAKE_PREFIX_PATH=/home/starnus/starnus/starnus_robot_sim/starnus_robot/src/ros2_canopen/install/lely_core_libraries:/home/starnus/starnus/starnus_robot_sim/starnus_robot/src/ros2_canopen/install/canopen_interfaces:/home/starnus/starnus/starnus_robot_sim/starnus_robot/install/starnus_sim:/home/starnus/starnus/starnus_robot_sim/starnus_robot/install/starnus_rmf_dashboard:/home/starnus/starnus/starnus_robot_sim/starnus_robot/install/starnus_rmf:/home/starnus/starnus/starnus_robot_sim/starnus_robot/install/starnus_navigation_behaviours:/home/starnus/starnus/starnus_robot_sim/starnus_robot/install/starnus_navigation:/home/starnus/starnus/starnus_robot_sim/starnus_robot/install/starnus_msgs:/home/starnus/starnus/starnus_robot_sim/starnus_robot/install/starnus_maps:/home/starnus/starnus/starnus_robot_sim/starnus_robot/install/starnus_behavior_tree:/home/starnus/starnus/starnus_robot_sim/starnus_robot/install/path_tracking_pid:/home/starnus/starnus/starnus_robot_sim/starnus_robot/install/canopen_tests:/home/starnus/starnus/starnus_robot_sim/starnus_robot/install/canopen_ros2_controllers:/home/starnus/starnus/starnus_robot_sim/starnus_robot/install/canopen_ros2_control:/home/starnus/starnus/starnus_robot_sim/starnus_robot/install/canopen:/home/starnus/starnus/starnus_robot_sim/starnus_robot/install/canopen_402_driver:/home/starnus/starnus/starnus_robot_sim/starnus_robot/install/canopen_proxy_driver:/home/starnus/starnus/starnus_robot_sim/starnus_robot/install/canopen_master_driver:/home/starnus/starnus/starnus_robot_sim/starnus_robot/install/canopen_fake_slaves:/home/starnus/starnus/starnus_robot_sim/starnus_robot/install/canopen_base_driver:/home/starnus/starnus/starnus_robot_sim/starnus_robot/install/canopen_core:/home/starnus/starnus/starnus_robot_sim/starnus_robot/install/lely_core_libraries:/home/starnus/starnus/starnus_robot_sim/starnus_robot/install/ira_laser_tools:/home/starnus/starnus/starnus_robot_sim/starnus_robot/install/canopen_interfaces:/home/starnus/starnus_robot/install/starnus_rmf_dashboard:/home/starnus/starnus_robot/install/starnus_rmf:/home/starnus/starnus_robot/install/starnus_navigation_behaviours:/home/starnus/starnus_robot/install/starnus_msgs:/home/starnus/starnus_robot/install/starnus_maps:/home/starnus/starnus_robot/install/starnus_hardware_interfaces:/home/starnus/starnus/starnus_robot_sim/starnus_robot/install/starnus_viz:/home/starnus/starnus/starnus_robot_sim/starnus_robot/install/starnus_slam:/home/starnus/starnus/starnus_robot_sim/starnus_robot/install/starnus_rmf_panel:/home/starnus/starnus/starnus_robot_sim/starnus_robot/install/starnus_rmf_fleet_adapter:/home/starnus/starnus/starnus_robot_sim/starnus_robot/install/starnus_pallet_localisation:/home/starnus/starnus/starnus_robot_sim/starnus_robot/install/starnus_driver:/home/starnus/starnus/starnus_robot_sim/starnus_robot/install/starnus_description:/home/starnus/starnus/starnus_robot_sim/starnus_robot/install/starnus_bringup:/home/starnus/starnus/starnus_robot_sim/starnus_robot/install/starnus:/home/starnus/starnus/starnus_robot_sim/starnus_robot/install/canopen_utils:/home/starnus/starnus_robot/install/wms_bridge:/home/starnus/starnus_robot/install/starnus_viz:/home/starnus/starnus_robot/install/starnus_slam:/home/starnus/starnus_robot/install/starnus_sim:/home/starnus/starnus_robot/install/starnus_rmf_panel:/home/starnus/starnus_robot/install/starnus_rmf_fleet_adapter:/home/starnus/starnus_robot/install/starnus_pallet_localisation:/home/starnus/starnus_robot/install/starnus_navigation:/home/starnus/starnus_robot/install/starnus_driver:/home/starnus/starnus_robot/install/starnus_description:/home/starnus/starnus_robot/install/starnus_bringup:/home/starnus/starnus_robot/install/starnus_arduino_comms:/home/starnus/starnus_robot/install/starnus:/opt/ros/humble LD_LIBRARY_PATH=/home/starnus/starnus/starnus_robot_sim/starnus_robot/src/ros2_canopen/install/lely_core_libraries/lib:/home/starnus/starnus/starnus_robot_sim/starnus_robot/src/ros2_canopen/install/canopen_interfaces/lib:${LD_LIBRARY_PATH} PATH=/home/starnus/starnus/starnus_robot_sim/starnus_robot/src/ros2_canopen/install/lely_core_libraries/bin:${PATH} PYTHONPATH=/home/starnus/starnus/starnus_robot_sim/starnus_robot/src/ros2_canopen/install/lely_core_libraries/local/lib/python3.10/dist-packages:/home/starnus/starnus/starnus_robot_sim/starnus_robot/src/ros2_canopen/install/lely_core_libraries/lib/python3.10/site-packages:/home/starnus/starnus/starnus_robot_sim/starnus_robot/src/ros2_canopen/install/canopen_interfaces/local/lib/python3.10/dist-packages:${PYTHONPATH} /usr/bin/cmake --install /home/starnus/starnus/starnus_robot_sim/starnus_robot/src/ros2_canopen/build/canopen_core
[14.428s] -- Install configuration: ""
[14.428s] -- Installing: /home/starnus/starnus/starnus_robot_sim/starnus_robot/src/ros2_canopen/install/canopen_core/include
[14.428s] -- Installing: /home/starnus/starnus/starnus_robot_sim/starnus_robot/src/ros2_canopen/install/canopen_core/include/canopen_core
[14.428s] -- Installing: /home/starnus/starnus/starnus_robot_sim/starnus_robot/src/ros2_canopen/install/canopen_core/include/canopen_core/node_interfaces
[14.428s] -- Installing: /home/starnus/starnus/starnus_robot_sim/starnus_robot/src/ros2_canopen/install/canopen_core/include/canopen_core/node_interfaces/node_canopen_master_interface.hpp
[14.428s] -- Installing: /home/starnus/starnus/starnus_robot_sim/starnus_robot/src/ros2_canopen/install/canopen_core/include/canopen_core/node_interfaces/node_canopen_driver.hpp
[14.428s] -- Installing: /home/starnus/starnus/starnus_robot_sim/starnus_robot/src/ros2_canopen/install/canopen_core/include/canopen_core/node_interfaces/node_canopen_driver_interface.hpp
[14.428s] -- Installing: /home/starnus/starnus/starnus_robot_sim/starnus_robot/src/ros2_canopen/install/canopen_core/include/canopen_core/node_interfaces/node_canopen_master.hpp
[14.428s] -- Installing: /home/starnus/starnus/starnus_robot_sim/starnus_robot/src/ros2_canopen/install/canopen_core/include/canopen_core/configuration_manager.hpp
[14.429s] -- Installing: /home/starnus/starnus/starnus_robot_sim/starnus_robot/src/ros2_canopen/install/canopen_core/include/canopen_core/driver_node.hpp
[14.429s] -- Installing: /home/starnus/starnus/starnus_robot_sim/starnus_robot/src/ros2_canopen/install/canopen_core/include/canopen_core/device_container.hpp
[14.429s] -- Installing: /home/starnus/starnus/starnus_robot_sim/starnus_robot/src/ros2_canopen/install/canopen_core/include/canopen_core/visibility_control.h
[14.429s] -- Installing: /home/starnus/starnus/starnus_robot_sim/starnus_robot/src/ros2_canopen/install/canopen_core/include/canopen_core/master_node.hpp
[14.429s] -- Installing: /home/starnus/starnus/starnus_robot_sim/starnus_robot/src/ros2_canopen/install/canopen_core/include/canopen_core/master_error.hpp
[14.429s] -- Installing: /home/starnus/starnus/starnus_robot_sim/starnus_robot/src/ros2_canopen/install/canopen_core/include/canopen_core/driver_error.hpp
[14.429s] -- Installing: /home/starnus/starnus/starnus_robot_sim/starnus_robot/src/ros2_canopen/install/canopen_core/include/canopen_core/exchange.hpp
[14.429s] -- Installing: /home/starnus/starnus/starnus_robot_sim/starnus_robot/src/ros2_canopen/install/canopen_core/include/canopen_core/device_container_error.hpp
[14.429s] -- Installing: /home/starnus/starnus/starnus_robot_sim/starnus_robot/src/ros2_canopen/install/canopen_core/include/canopen_core/lifecycle_manager.hpp
[14.429s] -- Installing: /home/starnus/starnus/starnus_robot_sim/starnus_robot/src/ros2_canopen/install/canopen_core/share/canopen_core/launch/
[14.429s] -- Installing: /home/starnus/starnus/starnus_robot_sim/starnus_robot/src/ros2_canopen/install/canopen_core/share/canopen_core/launch//canopen.launch.py
[14.429s] -- Installing: /home/starnus/starnus/starnus_robot_sim/starnus_robot/src/ros2_canopen/install/canopen_core/lib/libnode_canopen_driver.so
[14.430s] -- Set runtime path of "/home/starnus/starnus/starnus_robot_sim/starnus_robot/src/ros2_canopen/install/canopen_core/lib/libnode_canopen_driver.so" to ""
[14.430s] -- Installing: /home/starnus/starnus/starnus_robot_sim/starnus_robot/src/ros2_canopen/install/canopen_core/lib/libnode_canopen_master.so
[14.430s] -- Set runtime path of "/home/starnus/starnus/starnus_robot_sim/starnus_robot/src/ros2_canopen/install/canopen_core/lib/libnode_canopen_master.so" to ""
[14.430s] -- Installing: /home/starnus/starnus/starnus_robot_sim/starnus_robot/src/ros2_canopen/install/canopen_core/lib/libdevice_container.so
[14.432s] -- Set runtime path of "/home/starnus/starnus/starnus_robot_sim/starnus_robot/src/ros2_canopen/install/canopen_core/lib/libdevice_container.so" to ""
[14.432s] -- Installing: /home/starnus/starnus/starnus_robot_sim/starnus_robot/src/ros2_canopen/install/canopen_core/lib/canopen_core/device_container_node
[14.432s] -- Set runtime path of "/home/starnus/starnus/starnus_robot_sim/starnus_robot/src/ros2_canopen/install/canopen_core/lib/canopen_core/device_container_node" to ""
[14.432s] -- Installing: /home/starnus/starnus/starnus_robot_sim/starnus_robot/src/ros2_canopen/install/canopen_core/share/canopen_core/environment/library_path.sh
[14.432s] -- Installing: /home/starnus/starnus/starnus_robot_sim/starnus_robot/src/ros2_canopen/install/canopen_core/share/canopen_core/environment/library_path.dsv
[14.432s] -- Installing: /home/starnus/starnus/starnus_robot_sim/starnus_robot/src/ros2_canopen/install/canopen_core/share/ament_index/resource_index/package_run_dependencies/canopen_core
[14.432s] -- Installing: /home/starnus/starnus/starnus_robot_sim/starnus_robot/src/ros2_canopen/install/canopen_core/share/ament_index/resource_index/parent_prefix_path/canopen_core
[14.432s] -- Installing: /home/starnus/starnus/starnus_robot_sim/starnus_robot/src/ros2_canopen/install/canopen_core/share/canopen_core/environment/ament_prefix_path.sh
[14.432s] -- Installing: /home/starnus/starnus/starnus_robot_sim/starnus_robot/src/ros2_canopen/install/canopen_core/share/canopen_core/environment/ament_prefix_path.dsv
[14.432s] -- Installing: /home/starnus/starnus/starnus_robot_sim/starnus_robot/src/ros2_canopen/install/canopen_core/share/canopen_core/environment/path.sh
[14.432s] -- Installing: /home/starnus/starnus/starnus_robot_sim/starnus_robot/src/ros2_canopen/install/canopen_core/share/canopen_core/environment/path.dsv
[14.433s] -- Installing: /home/starnus/starnus/starnus_robot_sim/starnus_robot/src/ros2_canopen/install/canopen_core/share/canopen_core/local_setup.bash
[14.433s] -- Installing: /home/starnus/starnus/starnus_robot_sim/starnus_robot/src/ros2_canopen/install/canopen_core/share/canopen_core/local_setup.sh
[14.433s] -- Installing: /home/starnus/starnus/starnus_robot_sim/starnus_robot/src/ros2_canopen/install/canopen_core/share/canopen_core/local_setup.zsh
[14.433s] -- Installing: /home/starnus/starnus/starnus_robot_sim/starnus_robot/src/ros2_canopen/install/canopen_core/share/canopen_core/local_setup.dsv
[14.433s] -- Installing: /home/starnus/starnus/starnus_robot_sim/starnus_robot/src/ros2_canopen/install/canopen_core/share/canopen_core/package.dsv
[14.433s] -- Installing: /home/starnus/starnus/starnus_robot_sim/starnus_robot/src/ros2_canopen/install/canopen_core/share/ament_index/resource_index/packages/canopen_core
[14.433s] -- Installing: /home/starnus/starnus/starnus_robot_sim/starnus_robot/src/ros2_canopen/install/canopen_core/share/canopen_core/cmake/export_canopen_coreExport.cmake
[14.433s] -- Installing: /home/starnus/starnus/starnus_robot_sim/starnus_robot/src/ros2_canopen/install/canopen_core/share/canopen_core/cmake/export_canopen_coreExport-noconfig.cmake
[14.433s] -- Installing: /home/starnus/starnus/starnus_robot_sim/starnus_robot/src/ros2_canopen/install/canopen_core/share/canopen_core/cmake/ConfigExtras.cmake
[14.433s] -- Installing: /home/starnus/starnus/starnus_robot_sim/starnus_robot/src/ros2_canopen/install/canopen_core/share/canopen_core/cmake/ament_cmake_export_include_directories-extras.cmake
[14.433s] -- Installing: /home/starnus/starnus/starnus_robot_sim/starnus_robot/src/ros2_canopen/install/canopen_core/share/canopen_core/cmake/ament_cmake_export_libraries-extras.cmake
[14.433s] -- Installing: /home/starnus/starnus/starnus_robot_sim/starnus_robot/src/ros2_canopen/install/canopen_core/share/canopen_core/cmake/ament_cmake_export_targets-extras.cmake
[14.433s] -- Installing: /home/starnus/starnus/starnus_robot_sim/starnus_robot/src/ros2_canopen/install/canopen_core/share/canopen_core/cmake/ament_cmake_export_dependencies-extras.cmake
[14.433s] -- Installing: /home/starnus/starnus/starnus_robot_sim/starnus_robot/src/ros2_canopen/install/canopen_core/share/canopen_core/cmake/canopen_coreConfig.cmake
[14.433s] -- Installing: /home/starnus/starnus/starnus_robot_sim/starnus_robot/src/ros2_canopen/install/canopen_core/share/canopen_core/cmake/canopen_coreConfig-version.cmake
[14.433s] -- Installing: /home/starnus/starnus/starnus_robot_sim/starnus_robot/src/ros2_canopen/install/canopen_core/share/canopen_core/package.xml
[14.436s] Invoked command in '/home/starnus/starnus/starnus_robot_sim/starnus_robot/src/ros2_canopen/build/canopen_core' returned '0': AMENT_PREFIX_PATH=/home/starnus/starnus/starnus_robot_sim/starnus_robot/src/ros2_canopen/install/lely_core_libraries:/home/starnus/starnus/starnus_robot_sim/starnus_robot/src/ros2_canopen/install/canopen_interfaces:${AMENT_PREFIX_PATH} CMAKE_PREFIX_PATH=/home/starnus/starnus/starnus_robot_sim/starnus_robot/src/ros2_canopen/install/lely_core_libraries:/home/starnus/starnus/starnus_robot_sim/starnus_robot/src/ros2_canopen/install/canopen_interfaces:/home/starnus/starnus/starnus_robot_sim/starnus_robot/install/starnus_sim:/home/starnus/starnus/starnus_robot_sim/starnus_robot/install/starnus_rmf_dashboard:/home/starnus/starnus/starnus_robot_sim/starnus_robot/install/starnus_rmf:/home/starnus/starnus/starnus_robot_sim/starnus_robot/install/starnus_navigation_behaviours:/home/starnus/starnus/starnus_robot_sim/starnus_robot/install/starnus_navigation:/home/starnus/starnus/starnus_robot_sim/starnus_robot/install/starnus_msgs:/home/starnus/starnus/starnus_robot_sim/starnus_robot/install/starnus_maps:/home/starnus/starnus/starnus_robot_sim/starnus_robot/install/starnus_behavior_tree:/home/starnus/starnus/starnus_robot_sim/starnus_robot/install/path_tracking_pid:/home/starnus/starnus/starnus_robot_sim/starnus_robot/install/canopen_tests:/home/starnus/starnus/starnus_robot_sim/starnus_robot/install/canopen_ros2_controllers:/home/starnus/starnus/starnus_robot_sim/starnus_robot/install/canopen_ros2_control:/home/starnus/starnus/starnus_robot_sim/starnus_robot/install/canopen:/home/starnus/starnus/starnus_robot_sim/starnus_robot/install/canopen_402_driver:/home/starnus/starnus/starnus_robot_sim/starnus_robot/install/canopen_proxy_driver:/home/starnus/starnus/starnus_robot_sim/starnus_robot/install/canopen_master_driver:/home/starnus/starnus/starnus_robot_sim/starnus_robot/install/canopen_fake_slaves:/home/starnus/starnus/starnus_robot_sim/starnus_robot/install/canopen_base_driver:/home/starnus/starnus/starnus_robot_sim/starnus_robot/install/canopen_core:/home/starnus/starnus/starnus_robot_sim/starnus_robot/install/lely_core_libraries:/home/starnus/starnus/starnus_robot_sim/starnus_robot/install/ira_laser_tools:/home/starnus/starnus/starnus_robot_sim/starnus_robot/install/canopen_interfaces:/home/starnus/starnus_robot/install/starnus_rmf_dashboard:/home/starnus/starnus_robot/install/starnus_rmf:/home/starnus/starnus_robot/install/starnus_navigation_behaviours:/home/starnus/starnus_robot/install/starnus_msgs:/home/starnus/starnus_robot/install/starnus_maps:/home/starnus/starnus_robot/install/starnus_hardware_interfaces:/home/starnus/starnus/starnus_robot_sim/starnus_robot/install/starnus_viz:/home/starnus/starnus/starnus_robot_sim/starnus_robot/install/starnus_slam:/home/starnus/starnus/starnus_robot_sim/starnus_robot/install/starnus_rmf_panel:/home/starnus/starnus/starnus_robot_sim/starnus_robot/install/starnus_rmf_fleet_adapter:/home/starnus/starnus/starnus_robot_sim/starnus_robot/install/starnus_pallet_localisation:/home/starnus/starnus/starnus_robot_sim/starnus_robot/install/starnus_driver:/home/starnus/starnus/starnus_robot_sim/starnus_robot/install/starnus_description:/home/starnus/starnus/starnus_robot_sim/starnus_robot/install/starnus_bringup:/home/starnus/starnus/starnus_robot_sim/starnus_robot/install/starnus:/home/starnus/starnus/starnus_robot_sim/starnus_robot/install/canopen_utils:/home/starnus/starnus_robot/install/wms_bridge:/home/starnus/starnus_robot/install/starnus_viz:/home/starnus/starnus_robot/install/starnus_slam:/home/starnus/starnus_robot/install/starnus_sim:/home/starnus/starnus_robot/install/starnus_rmf_panel:/home/starnus/starnus_robot/install/starnus_rmf_fleet_adapter:/home/starnus/starnus_robot/install/starnus_pallet_localisation:/home/starnus/starnus_robot/install/starnus_navigation:/home/starnus/starnus_robot/install/starnus_driver:/home/starnus/starnus_robot/install/starnus_description:/home/starnus/starnus_robot/install/starnus_bringup:/home/starnus/starnus_robot/install/starnus_arduino_comms:/home/starnus/starnus_robot/install/starnus:/opt/ros/humble LD_LIBRARY_PATH=/home/starnus/starnus/starnus_robot_sim/starnus_robot/src/ros2_canopen/install/lely_core_libraries/lib:/home/starnus/starnus/starnus_robot_sim/starnus_robot/src/ros2_canopen/install/canopen_interfaces/lib:${LD_LIBRARY_PATH} PATH=/home/starnus/starnus/starnus_robot_sim/starnus_robot/src/ros2_canopen/install/lely_core_libraries/bin:${PATH} PYTHONPATH=/home/starnus/starnus/starnus_robot_sim/starnus_robot/src/ros2_canopen/install/lely_core_libraries/local/lib/python3.10/dist-packages:/home/starnus/starnus/starnus_robot_sim/starnus_robot/src/ros2_canopen/install/lely_core_libraries/lib/python3.10/site-packages:/home/starnus/starnus/starnus_robot_sim/starnus_robot/src/ros2_canopen/install/canopen_interfaces/local/lib/python3.10/dist-packages:${PYTHONPATH} /usr/bin/cmake --install /home/starnus/starnus/starnus_robot_sim/starnus_robot/src/ros2_canopen/build/canopen_core
