[0.010s] Invoking command in '/home/starnus/starnus/starnus_robot_sim/starnus_robot/src/ros2_canopen/config_package/build/config_package': CMAKE_PREFIX_PATH=${CMAKE_PREFIX_PATH}:/home/starnus/starnus/starnus_robot_sim/starnus_robot/install/starnus_viz:/home/starnus/starnus/starnus_robot_sim/starnus_robot/install/starnus_slam:/home/starnus/starnus/starnus_robot_sim/starnus_robot/install/starnus_rmf_panel:/home/starnus/starnus/starnus_robot_sim/starnus_robot/install/starnus_rmf_fleet_adapter:/home/starnus/starnus/starnus_robot_sim/starnus_robot/install/starnus_pallet_localisation:/home/starnus/starnus/starnus_robot_sim/starnus_robot/install/starnus_driver:/home/starnus/starnus/starnus_robot_sim/starnus_robot/install/starnus_description:/home/starnus/starnus/starnus_robot_sim/starnus_robot/install/starnus_bringup:/home/starnus/starnus/starnus_robot_sim/starnus_robot/install/starnus:/home/starnus/starnus/starnus_robot_sim/starnus_robot/install/canopen_utils:/home/starnus/starnus_robot/install/wms_bridge:/home/starnus/starnus_robot/install/starnus_viz:/home/starnus/starnus_robot/install/starnus_slam:/home/starnus/starnus_robot/install/starnus_sim:/home/starnus/starnus_robot/install/starnus_rmf_panel:/home/starnus/starnus_robot/install/starnus_rmf_fleet_adapter:/home/starnus/starnus_robot/install/starnus_pallet_localisation:/home/starnus/starnus_robot/install/starnus_navigation:/home/starnus/starnus_robot/install/starnus_driver:/home/starnus/starnus_robot/install/starnus_description:/home/starnus/starnus_robot/install/starnus_bringup:/home/starnus/starnus_robot/install/starnus_arduino_comms:/home/starnus/starnus_robot/install/starnus:/opt/ros/humble /usr/bin/cmake --build /home/starnus/starnus/starnus_robot_sim/starnus_robot/src/ros2_canopen/config_package/build/config_package -- -j20 -l20
[0.027s] -- Found ament_cmake: 1.3.5 (/opt/ros/humble/share/ament_cmake/cmake)
[0.133s] -- Found rclcpp: 16.0.6 (/opt/ros/humble/share/rclcpp/cmake)
[0.150s] -- Found rosidl_generator_c: 3.1.5 (/opt/ros/humble/share/rosidl_generator_c/cmake)
[0.152s] -- Found rosidl_adapter: 3.1.5 (/opt/ros/humble/share/rosidl_adapter/cmake)
[0.155s] -- Found rosidl_generator_cpp: 3.1.5 (/opt/ros/humble/share/rosidl_generator_cpp/cmake)
[0.162s] -- Using all available rosidl_typesupport_c: rosidl_typesupport_fastrtps_c;rosidl_typesupport_introspection_c
[0.172s] -- Using all available rosidl_typesupport_cpp: rosidl_typesupport_fastrtps_cpp;rosidl_typesupport_introspection_cpp
[0.204s] -- Found rmw_implementation_cmake: 6.1.1 (/opt/ros/humble/share/rmw_implementation_cmake/cmake)
[0.206s] -- Found rmw_fastrtps_cpp: 6.2.4 (/opt/ros/humble/share/rmw_fastrtps_cpp/cmake)
[0.282s] -- Using RMW implementation 'rmw_fastrtps_cpp' as default
[0.366s] -- Found std_srvs: 4.2.3 (/opt/ros/humble/share/std_srvs/cmake)
[0.374s] -- Found canopen: 0.2.7 (/home/starnus/starnus/starnus_robot_sim/starnus_robot/install/canopen/share/canopen/cmake)
[0.374s] -- Found lely_core_libraries: 0.2.7 (/home/starnus/starnus/starnus_robot_sim/starnus_robot/install/lely_core_libraries/share/lely_core_libraries/cmake)
[0.377s] -- Found canopen_interfaces: 0.2.7 (/home/starnus/starnus/starnus_robot_sim/starnus_robot/install/canopen_interfaces/share/canopen_interfaces/cmake)
[0.384s] -- Found canopen_core: 0.2.7 (/home/starnus/starnus/starnus_robot_sim/starnus_robot/install/canopen_core/share/canopen_core/cmake)
[0.451s] -- Found canopen_base_driver: 0.2.7 (/home/starnus/starnus/starnus_robot_sim/starnus_robot/install/canopen_base_driver/share/canopen_base_driver/cmake)
[0.518s] -- Found canopen_proxy_driver: 0.2.7 (/home/starnus/starnus/starnus_robot_sim/starnus_robot/install/canopen_proxy_driver/share/canopen_proxy_driver/cmake)
[0.559s] [31mCMake Error at CMakeLists.txt:35 (install):
[0.559s]   install TARGETS given target "position_tick_client" which does not exist.
[0.559s] 
[0.559s] [0m
[0.559s] -- Found ament_lint_auto: 0.12.8 (/opt/ros/humble/share/ament_lint_auto/cmake)
[0.604s] -- Added test 'copyright' to check source files copyright and LICENSE
[0.607s] -- Added test 'cppcheck' to perform static code analysis on C / C++ code
[0.607s] -- Configured cppcheck include dirs: 
[0.607s] -- Configured cppcheck exclude dirs and/or files: 
[0.611s] -- Added test 'cpplint' to check C / C++ code against the Google style
[0.611s] -- Configured cpplint exclude dirs and/or files: 
[0.611s] -- Added test 'flake8' to check Python code syntax and style conventions
[0.612s] -- Added test 'lint_cmake' to check CMake code style
[0.613s] -- Added test 'pep257' to check Python code against some of the docstring style conventions in PEP 257
[0.616s] -- Added test 'uncrustify' to check C / C++ code style
[0.616s] -- Configured uncrustify additional arguments: 
[0.617s] -- Added test 'xmllint' to check XML markup files
[0.617s] -- Configuring incomplete, errors occurred!
[0.617s] See also "/home/starnus/starnus/starnus_robot_sim/starnus_robot/src/ros2_canopen/config_package/build/config_package/CMakeFiles/CMakeOutput.log".
[0.623s] gmake: *** [Makefile:254: cmake_check_build_system] Error 1
[0.624s] Invoked command in '/home/starnus/starnus/starnus_robot_sim/starnus_robot/src/ros2_canopen/config_package/build/config_package' returned '2': CMAKE_PREFIX_PATH=${CMAKE_PREFIX_PATH}:/home/starnus/starnus/starnus_robot_sim/starnus_robot/install/starnus_viz:/home/starnus/starnus/starnus_robot_sim/starnus_robot/install/starnus_slam:/home/starnus/starnus/starnus_robot_sim/starnus_robot/install/starnus_rmf_panel:/home/starnus/starnus/starnus_robot_sim/starnus_robot/install/starnus_rmf_fleet_adapter:/home/starnus/starnus/starnus_robot_sim/starnus_robot/install/starnus_pallet_localisation:/home/starnus/starnus/starnus_robot_sim/starnus_robot/install/starnus_driver:/home/starnus/starnus/starnus_robot_sim/starnus_robot/install/starnus_description:/home/starnus/starnus/starnus_robot_sim/starnus_robot/install/starnus_bringup:/home/starnus/starnus/starnus_robot_sim/starnus_robot/install/starnus:/home/starnus/starnus/starnus_robot_sim/starnus_robot/install/canopen_utils:/home/starnus/starnus_robot/install/wms_bridge:/home/starnus/starnus_robot/install/starnus_viz:/home/starnus/starnus_robot/install/starnus_slam:/home/starnus/starnus_robot/install/starnus_sim:/home/starnus/starnus_robot/install/starnus_rmf_panel:/home/starnus/starnus_robot/install/starnus_rmf_fleet_adapter:/home/starnus/starnus_robot/install/starnus_pallet_localisation:/home/starnus/starnus_robot/install/starnus_navigation:/home/starnus/starnus_robot/install/starnus_driver:/home/starnus/starnus_robot/install/starnus_description:/home/starnus/starnus_robot/install/starnus_bringup:/home/starnus/starnus_robot/install/starnus_arduino_comms:/home/starnus/starnus_robot/install/starnus:/opt/ros/humble /usr/bin/cmake --build /home/starnus/starnus/starnus_robot_sim/starnus_robot/src/ros2_canopen/config_package/build/config_package -- -j20 -l20
