[35m[1mConsolidate compiler generated dependencies of target gtest_main[0m
[35m[1mConsolidate compiler generated dependencies of target gtest[0m
[35m[1mConsolidate compiler generated dependencies of target lely_motion_controller_bridge[0m
[ 23%] Built target gtest_main
[ 23%] Built target gtest
[35m[1mConsolidate compiler generated dependencies of target test_driver_component[0m
[ 29%] [32mBuilding CXX object CMakeFiles/lely_motion_controller_bridge.dir/src/motor.cpp.o[0m
[ 35%] [32mBuilding CXX object CMakeFiles/lely_motion_controller_bridge.dir/src/default_homing_mode.cpp.o[0m
[ 41%] [32mBuilding CXX object test/CMakeFiles/test_driver_component.dir/test_driver_component.cpp.o[0m
[ 47%] [32m[1mLinking CXX executable test_driver_component[0m
[ 47%] Built target test_driver_component
[ 52%] [32m[1mLinking CXX shared library liblely_motion_controller_bridge.so[0m
[ 64%] Built target lely_motion_controller_bridge
[35m[1mConsolidate compiler generated dependencies of target node_canopen_cia402_driver[0m
[ 70%] [32mBuilding CXX object CMakeFiles/node_canopen_cia402_driver.dir/src/node_interfaces/node_canopen_402_driver.cpp.o[0m
[ 76%] [32m[1mLinking CXX shared library libnode_canopen_cia402_driver.so[0m
[ 76%] Built target node_canopen_cia402_driver
[35m[1mConsolidate compiler generated dependencies of target lifecycle_cia402_driver[0m
[35m[1mConsolidate compiler generated dependencies of target cia402_driver[0m
[ 88%] [32mBuilding CXX object CMakeFiles/lifecycle_cia402_driver.dir/src/lifecycle_cia402_driver.cpp.o[0m
[ 88%] [32mBuilding CXX object CMakeFiles/cia402_driver.dir/src/cia402_driver.cpp.o[0m
[ 94%] [32m[1mLinking CXX shared library libcia402_driver.so[0m
[100%] [32m[1mLinking CXX shared library liblifecycle_cia402_driver.so[0m
[100%] Built target cia402_driver
[100%] Built target lifecycle_cia402_driver
-- Install configuration: ""
-- Up-to-date: /home/starnus/starnus/starnus_robot_sim/starnus_robot/src/ros2_canopen/install/canopen_402_driver/include
-- Up-to-date: /home/starnus/starnus/starnus_robot_sim/starnus_robot/src/ros2_canopen/install/canopen_402_driver/include/canopen_402_driver
-- Up-to-date: /home/starnus/starnus/starnus_robot_sim/starnus_robot/src/ros2_canopen/install/canopen_402_driver/include/canopen_402_driver/base.hpp
-- Up-to-date: /home/starnus/starnus/starnus_robot_sim/starnus_robot/src/ros2_canopen/install/canopen_402_driver/include/canopen_402_driver/node_interfaces
-- Up-to-date: /home/starnus/starnus/starnus_robot_sim/starnus_robot/src/ros2_canopen/install/canopen_402_driver/include/canopen_402_driver/node_interfaces/node_canopen_402_driver_impl.hpp
-- Up-to-date: /home/starnus/starnus/starnus_robot_sim/starnus_robot/src/ros2_canopen/install/canopen_402_driver/include/canopen_402_driver/node_interfaces/node_canopen_402_driver.hpp
-- Up-to-date: /home/starnus/starnus/starnus_robot_sim/starnus_robot/src/ros2_canopen/install/canopen_402_driver/include/canopen_402_driver/profiled_position_mode.hpp
-- Up-to-date: /home/starnus/starnus/starnus_robot_sim/starnus_robot/src/ros2_canopen/install/canopen_402_driver/include/canopen_402_driver/command.hpp
-- Up-to-date: /home/starnus/starnus/starnus_robot_sim/starnus_robot/src/ros2_canopen/install/canopen_402_driver/include/canopen_402_driver/visibility_control.h
-- Up-to-date: /home/starnus/starnus/starnus_robot_sim/starnus_robot/src/ros2_canopen/install/canopen_402_driver/include/canopen_402_driver/mode_forward_helper.hpp
-- Up-to-date: /home/starnus/starnus/starnus_robot_sim/starnus_robot/src/ros2_canopen/install/canopen_402_driver/include/canopen_402_driver/default_homing_mode.hpp
-- Up-to-date: /home/starnus/starnus/starnus_robot_sim/starnus_robot/src/ros2_canopen/install/canopen_402_driver/include/canopen_402_driver/state.hpp
-- Up-to-date: /home/starnus/starnus/starnus_robot_sim/starnus_robot/src/ros2_canopen/install/canopen_402_driver/include/canopen_402_driver/mode.hpp
-- Up-to-date: /home/starnus/starnus/starnus_robot_sim/starnus_robot/src/ros2_canopen/install/canopen_402_driver/include/canopen_402_driver/cia402_driver.hpp
-- Up-to-date: /home/starnus/starnus/starnus_robot_sim/starnus_robot/src/ros2_canopen/install/canopen_402_driver/include/canopen_402_driver/homing_mode.hpp
-- Up-to-date: /home/starnus/starnus/starnus_robot_sim/starnus_robot/src/ros2_canopen/install/canopen_402_driver/include/canopen_402_driver/mode_target_helper.hpp
-- Up-to-date: /home/starnus/starnus/starnus_robot_sim/starnus_robot/src/ros2_canopen/install/canopen_402_driver/include/canopen_402_driver/word_accessor.hpp
-- Up-to-date: /home/starnus/starnus/starnus_robot_sim/starnus_robot/src/ros2_canopen/install/canopen_402_driver/include/canopen_402_driver/lifecycle_cia402_driver.hpp
-- Up-to-date: /home/starnus/starnus/starnus_robot_sim/starnus_robot/src/ros2_canopen/install/canopen_402_driver/include/canopen_402_driver/motor.hpp
-- Installing: /home/starnus/starnus/starnus_robot_sim/starnus_robot/src/ros2_canopen/install/canopen_402_driver/lib/liblifecycle_cia402_driver.so
-- Set runtime path of "/home/starnus/starnus/starnus_robot_sim/starnus_robot/src/ros2_canopen/install/canopen_402_driver/lib/liblifecycle_cia402_driver.so" to ""
-- Installing: /home/starnus/starnus/starnus_robot_sim/starnus_robot/src/ros2_canopen/install/canopen_402_driver/lib/libcia402_driver.so
-- Set runtime path of "/home/starnus/starnus/starnus_robot_sim/starnus_robot/src/ros2_canopen/install/canopen_402_driver/lib/libcia402_driver.so" to ""
-- Installing: /home/starnus/starnus/starnus_robot_sim/starnus_robot/src/ros2_canopen/install/canopen_402_driver/lib/libnode_canopen_cia402_driver.so
-- Set runtime path of "/home/starnus/starnus/starnus_robot_sim/starnus_robot/src/ros2_canopen/install/canopen_402_driver/lib/libnode_canopen_cia402_driver.so" to ""
-- Installing: /home/starnus/starnus/starnus_robot_sim/starnus_robot/src/ros2_canopen/install/canopen_402_driver/lib/liblely_motion_controller_bridge.so
-- Set runtime path of "/home/starnus/starnus/starnus_robot_sim/starnus_robot/src/ros2_canopen/install/canopen_402_driver/lib/liblely_motion_controller_bridge.so" to ""
-- Up-to-date: /home/starnus/starnus/starnus_robot_sim/starnus_robot/src/ros2_canopen/install/canopen_402_driver/share/canopen_402_driver/environment/library_path.sh
-- Up-to-date: /home/starnus/starnus/starnus_robot_sim/starnus_robot/src/ros2_canopen/install/canopen_402_driver/share/canopen_402_driver/environment/library_path.dsv
-- Up-to-date: /home/starnus/starnus/starnus_robot_sim/starnus_robot/src/ros2_canopen/install/canopen_402_driver/share/ament_index/resource_index/package_run_dependencies/canopen_402_driver
-- Up-to-date: /home/starnus/starnus/starnus_robot_sim/starnus_robot/src/ros2_canopen/install/canopen_402_driver/share/ament_index/resource_index/parent_prefix_path/canopen_402_driver
-- Up-to-date: /home/starnus/starnus/starnus_robot_sim/starnus_robot/src/ros2_canopen/install/canopen_402_driver/share/canopen_402_driver/environment/ament_prefix_path.sh
-- Up-to-date: /home/starnus/starnus/starnus_robot_sim/starnus_robot/src/ros2_canopen/install/canopen_402_driver/share/canopen_402_driver/environment/ament_prefix_path.dsv
-- Up-to-date: /home/starnus/starnus/starnus_robot_sim/starnus_robot/src/ros2_canopen/install/canopen_402_driver/share/canopen_402_driver/environment/path.sh
-- Up-to-date: /home/starnus/starnus/starnus_robot_sim/starnus_robot/src/ros2_canopen/install/canopen_402_driver/share/canopen_402_driver/environment/path.dsv
-- Up-to-date: /home/starnus/starnus/starnus_robot_sim/starnus_robot/src/ros2_canopen/install/canopen_402_driver/share/canopen_402_driver/local_setup.bash
-- Up-to-date: /home/starnus/starnus/starnus_robot_sim/starnus_robot/src/ros2_canopen/install/canopen_402_driver/share/canopen_402_driver/local_setup.sh
-- Up-to-date: /home/starnus/starnus/starnus_robot_sim/starnus_robot/src/ros2_canopen/install/canopen_402_driver/share/canopen_402_driver/local_setup.zsh
-- Up-to-date: /home/starnus/starnus/starnus_robot_sim/starnus_robot/src/ros2_canopen/install/canopen_402_driver/share/canopen_402_driver/local_setup.dsv
-- Installing: /home/starnus/starnus/starnus_robot_sim/starnus_robot/src/ros2_canopen/install/canopen_402_driver/share/canopen_402_driver/package.dsv
-- Up-to-date: /home/starnus/starnus/starnus_robot_sim/starnus_robot/src/ros2_canopen/install/canopen_402_driver/share/ament_index/resource_index/packages/canopen_402_driver
-- Up-to-date: /home/starnus/starnus/starnus_robot_sim/starnus_robot/src/ros2_canopen/install/canopen_402_driver/share/ament_index/resource_index/rclcpp_components/canopen_402_driver
-- Up-to-date: /home/starnus/starnus/starnus_robot_sim/starnus_robot/src/ros2_canopen/install/canopen_402_driver/share/canopen_402_driver/cmake/export_canopen_402_driverExport.cmake
-- Up-to-date: /home/starnus/starnus/starnus_robot_sim/starnus_robot/src/ros2_canopen/install/canopen_402_driver/share/canopen_402_driver/cmake/export_canopen_402_driverExport-noconfig.cmake
-- Up-to-date: /home/starnus/starnus/starnus_robot_sim/starnus_robot/src/ros2_canopen/install/canopen_402_driver/share/canopen_402_driver/cmake/ament_cmake_export_include_directories-extras.cmake
-- Up-to-date: /home/starnus/starnus/starnus_robot_sim/starnus_robot/src/ros2_canopen/install/canopen_402_driver/share/canopen_402_driver/cmake/ament_cmake_export_libraries-extras.cmake
-- Up-to-date: /home/starnus/starnus/starnus_robot_sim/starnus_robot/src/ros2_canopen/install/canopen_402_driver/share/canopen_402_driver/cmake/ament_cmake_export_targets-extras.cmake
-- Up-to-date: /home/starnus/starnus/starnus_robot_sim/starnus_robot/src/ros2_canopen/install/canopen_402_driver/share/canopen_402_driver/cmake/ament_cmake_export_dependencies-extras.cmake
-- Up-to-date: /home/starnus/starnus/starnus_robot_sim/starnus_robot/src/ros2_canopen/install/canopen_402_driver/share/canopen_402_driver/cmake/canopen_402_driverConfig.cmake
-- Up-to-date: /home/starnus/starnus/starnus_robot_sim/starnus_robot/src/ros2_canopen/install/canopen_402_driver/share/canopen_402_driver/cmake/canopen_402_driverConfig-version.cmake
-- Up-to-date: /home/starnus/starnus/starnus_robot_sim/starnus_robot/src/ros2_canopen/install/canopen_402_driver/share/canopen_402_driver/package.xml
