[35m[1mConsolidate compiler generated dependencies of target basic_slave_node[0m
[35m[1mConsolidate compiler generated dependencies of target cia402_slave_node[0m
[ 20%] [32mBuilding CXX object CMakeFiles/basic_slave_node.dir/src/basic_slave.cpp.o[0m
[ 40%] [32mBuilding CXX object CMakeFiles/cia402_slave_node.dir/src/cia402_slave.cpp.o[0m
[ 60%] [32m[1mLinking CXX executable basic_slave_node[0m
[ 60%] Built target basic_slave_node
[ 80%] [32m[1mLinking CXX executable cia402_slave_node[0m
[100%] Built target cia402_slave_node
-- Install configuration: ""
-- Installing: /home/starnus/starnus/starnus_robot_sim/starnus_robot/src/ros2_canopen/install/canopen_fake_slaves/lib/canopen_fake_slaves/basic_slave_node
-- Set runtime path of "/home/starnus/starnus/starnus_robot_sim/starnus_robot/src/ros2_canopen/install/canopen_fake_slaves/lib/canopen_fake_slaves/basic_slave_node" to ""
-- Installing: /home/starnus/starnus/starnus_robot_sim/starnus_robot/src/ros2_canopen/install/canopen_fake_slaves/lib/canopen_fake_slaves/cia402_slave_node
-- Set runtime path of "/home/starnus/starnus/starnus_robot_sim/starnus_robot/src/ros2_canopen/install/canopen_fake_slaves/lib/canopen_fake_slaves/cia402_slave_node" to ""
-- Up-to-date: /home/starnus/starnus/starnus_robot_sim/starnus_robot/src/ros2_canopen/install/canopen_fake_slaves/share/canopen_fake_slaves/launch/
-- Installing: /home/starnus/starnus/starnus_robot_sim/starnus_robot/src/ros2_canopen/install/canopen_fake_slaves/share/canopen_fake_slaves/launch//cia402_slave.launch.py
-- Installing: /home/starnus/starnus/starnus_robot_sim/starnus_robot/src/ros2_canopen/install/canopen_fake_slaves/share/canopen_fake_slaves/launch//basic_slave.launch.py
-- Up-to-date: /home/starnus/starnus/starnus_robot_sim/starnus_robot/src/ros2_canopen/install/canopen_fake_slaves/share/canopen_fake_slaves/config/
-- Up-to-date: /home/starnus/starnus/starnus_robot_sim/starnus_robot/src/ros2_canopen/install/canopen_fake_slaves/share/canopen_fake_slaves/config//cia402_slave.eds
-- Up-to-date: /home/starnus/starnus/starnus_robot_sim/starnus_robot/src/ros2_canopen/install/canopen_fake_slaves/share/canopen_fake_slaves/config//simple_slave.eds
-- Up-to-date: /home/starnus/starnus/starnus_robot_sim/starnus_robot/src/ros2_canopen/install/canopen_fake_slaves/share/ament_index/resource_index/package_run_dependencies/canopen_fake_slaves
-- Up-to-date: /home/starnus/starnus/starnus_robot_sim/starnus_robot/src/ros2_canopen/install/canopen_fake_slaves/share/ament_index/resource_index/parent_prefix_path/canopen_fake_slaves
-- Up-to-date: /home/starnus/starnus/starnus_robot_sim/starnus_robot/src/ros2_canopen/install/canopen_fake_slaves/share/canopen_fake_slaves/environment/ament_prefix_path.sh
-- Up-to-date: /home/starnus/starnus/starnus_robot_sim/starnus_robot/src/ros2_canopen/install/canopen_fake_slaves/share/canopen_fake_slaves/environment/ament_prefix_path.dsv
-- Up-to-date: /home/starnus/starnus/starnus_robot_sim/starnus_robot/src/ros2_canopen/install/canopen_fake_slaves/share/canopen_fake_slaves/environment/path.sh
-- Up-to-date: /home/starnus/starnus/starnus_robot_sim/starnus_robot/src/ros2_canopen/install/canopen_fake_slaves/share/canopen_fake_slaves/environment/path.dsv
-- Up-to-date: /home/starnus/starnus/starnus_robot_sim/starnus_robot/src/ros2_canopen/install/canopen_fake_slaves/share/canopen_fake_slaves/local_setup.bash
-- Up-to-date: /home/starnus/starnus/starnus_robot_sim/starnus_robot/src/ros2_canopen/install/canopen_fake_slaves/share/canopen_fake_slaves/local_setup.sh
-- Up-to-date: /home/starnus/starnus/starnus_robot_sim/starnus_robot/src/ros2_canopen/install/canopen_fake_slaves/share/canopen_fake_slaves/local_setup.zsh
-- Up-to-date: /home/starnus/starnus/starnus_robot_sim/starnus_robot/src/ros2_canopen/install/canopen_fake_slaves/share/canopen_fake_slaves/local_setup.dsv
-- Installing: /home/starnus/starnus/starnus_robot_sim/starnus_robot/src/ros2_canopen/install/canopen_fake_slaves/share/canopen_fake_slaves/package.dsv
-- Up-to-date: /home/starnus/starnus/starnus_robot_sim/starnus_robot/src/ros2_canopen/install/canopen_fake_slaves/share/ament_index/resource_index/packages/canopen_fake_slaves
-- Up-to-date: /home/starnus/starnus/starnus_robot_sim/starnus_robot/src/ros2_canopen/install/canopen_fake_slaves/share/canopen_fake_slaves/cmake/ament_cmake_export_dependencies-extras.cmake
-- Up-to-date: /home/starnus/starnus/starnus_robot_sim/starnus_robot/src/ros2_canopen/install/canopen_fake_slaves/share/canopen_fake_slaves/cmake/canopen_fake_slavesConfig.cmake
-- Up-to-date: /home/starnus/starnus/starnus_robot_sim/starnus_robot/src/ros2_canopen/install/canopen_fake_slaves/share/canopen_fake_slaves/cmake/canopen_fake_slavesConfig-version.cmake
-- Up-to-date: /home/starnus/starnus/starnus_robot_sim/starnus_robot/src/ros2_canopen/install/canopen_fake_slaves/share/canopen_fake_slaves/package.xml
