[0.020s] Invoking command in '/home/starnus/starnus/starnus_robot_sim/starnus_robot/src/ros2_canopen/build/canopen_interfaces': CMAKE_PREFIX_PATH=${CMAKE_PREFIX_PATH}:/home/starnus/starnus/starnus_robot_sim/starnus_robot/install/starnus_viz:/home/starnus/starnus/starnus_robot_sim/starnus_robot/install/starnus_slam:/home/starnus/starnus/starnus_robot_sim/starnus_robot/install/starnus_rmf_panel:/home/starnus/starnus/starnus_robot_sim/starnus_robot/install/starnus_rmf_fleet_adapter:/home/starnus/starnus/starnus_robot_sim/starnus_robot/install/starnus_pallet_localisation:/home/starnus/starnus/starnus_robot_sim/starnus_robot/install/starnus_driver:/home/starnus/starnus/starnus_robot_sim/starnus_robot/install/starnus_description:/home/starnus/starnus/starnus_robot_sim/starnus_robot/install/starnus_bringup:/home/starnus/starnus/starnus_robot_sim/starnus_robot/install/starnus:/home/starnus/starnus/starnus_robot_sim/starnus_robot/install/canopen_utils:/home/starnus/starnus_robot/install/wms_bridge:/home/starnus/starnus_robot/install/starnus_viz:/home/starnus/starnus_robot/install/starnus_slam:/home/starnus/starnus_robot/install/starnus_sim:/home/starnus/starnus_robot/install/starnus_rmf_panel:/home/starnus/starnus_robot/install/starnus_rmf_fleet_adapter:/home/starnus/starnus_robot/install/starnus_pallet_localisation:/home/starnus/starnus_robot/install/starnus_navigation:/home/starnus/starnus_robot/install/starnus_driver:/home/starnus/starnus_robot/install/starnus_description:/home/starnus/starnus_robot/install/starnus_bringup:/home/starnus/starnus_robot/install/starnus_arduino_comms:/home/starnus/starnus_robot/install/starnus:/opt/ros/humble /usr/bin/cmake --build /home/starnus/starnus/starnus_robot_sim/starnus_robot/src/ros2_canopen/build/canopen_interfaces -- -j20 -l20
[0.053s] [35m[1mConsolidate compiler generated dependencies of target canopen_interfaces__rosidl_generator_c[0m
[0.058s] [  1%] Built target canopen_interfaces__cpp
[0.062s] [ 12%] Built target canopen_interfaces__rosidl_generator_c
[0.068s] [ 12%] Built target ament_cmake_python_copy_canopen_interfaces
[0.068s] [35m[1mConsolidate compiler generated dependencies of target canopen_interfaces__rosidl_typesupport_cpp[0m
[0.069s] [35m[1mConsolidate compiler generated dependencies of target canopen_interfaces__rosidl_typesupport_introspection_cpp[0m
[0.069s] [35m[1mConsolidate compiler generated dependencies of target canopen_interfaces__rosidl_typesupport_fastrtps_cpp[0m
[0.072s] [35m[1mConsolidate compiler generated dependencies of target canopen_interfaces__rosidl_typesupport_c[0m
[0.072s] [35m[1mConsolidate compiler generated dependencies of target canopen_interfaces__rosidl_typesupport_fastrtps_c[0m
[0.073s] [35m[1mConsolidate compiler generated dependencies of target canopen_interfaces__rosidl_typesupport_introspection_c[0m
[0.080s] [ 24%] Built target canopen_interfaces__rosidl_typesupport_c
[0.080s] [ 35%] Built target canopen_interfaces__rosidl_typesupport_cpp
[0.084s] [ 47%] Built target canopen_interfaces__rosidl_typesupport_fastrtps_c
[0.084s] [ 58%] Built target canopen_interfaces__rosidl_typesupport_fastrtps_cpp
[0.085s] [ 82%] Built target canopen_interfaces__rosidl_typesupport_introspection_c
[0.085s] [ 82%] Built target canopen_interfaces__rosidl_typesupport_introspection_cpp
[0.099s] [ 82%] Built target canopen_interfaces
[0.115s] [ 83%] Built target canopen_interfaces__py
[0.125s] [35m[1mConsolidate compiler generated dependencies of target canopen_interfaces__rosidl_generator_py[0m
[0.137s] [ 93%] Built target canopen_interfaces__rosidl_generator_py
[0.145s] [35m[1mConsolidate compiler generated dependencies of target canopen_interfaces__rosidl_typesupport_introspection_c__pyext[0m
[0.145s] [35m[1mConsolidate compiler generated dependencies of target canopen_interfaces__rosidl_typesupport_c__pyext[0m
[0.147s] [35m[1mConsolidate compiler generated dependencies of target canopen_interfaces__rosidl_typesupport_fastrtps_c__pyext[0m
[0.154s] [ 95%] Built target canopen_interfaces__rosidl_typesupport_introspection_c__pyext
[0.155s] [ 97%] Built target canopen_interfaces__rosidl_typesupport_fastrtps_c__pyext
[0.156s] [100%] Built target canopen_interfaces__rosidl_typesupport_c__pyext
[0.260s] running egg_info
[0.260s] writing canopen_interfaces.egg-info/PKG-INFO
[0.260s] writing dependency_links to canopen_interfaces.egg-info/dependency_links.txt
[0.260s] writing top-level names to canopen_interfaces.egg-info/top_level.txt
[0.262s] reading manifest file 'canopen_interfaces.egg-info/SOURCES.txt'
[0.262s] writing manifest file 'canopen_interfaces.egg-info/SOURCES.txt'
[0.279s] [100%] Built target ament_cmake_python_build_canopen_interfaces_egg
[0.287s] Invoked command in '/home/starnus/starnus/starnus_robot_sim/starnus_robot/src/ros2_canopen/build/canopen_interfaces' returned '0': CMAKE_PREFIX_PATH=${CMAKE_PREFIX_PATH}:/home/starnus/starnus/starnus_robot_sim/starnus_robot/install/starnus_viz:/home/starnus/starnus/starnus_robot_sim/starnus_robot/install/starnus_slam:/home/starnus/starnus/starnus_robot_sim/starnus_robot/install/starnus_rmf_panel:/home/starnus/starnus/starnus_robot_sim/starnus_robot/install/starnus_rmf_fleet_adapter:/home/starnus/starnus/starnus_robot_sim/starnus_robot/install/starnus_pallet_localisation:/home/starnus/starnus/starnus_robot_sim/starnus_robot/install/starnus_driver:/home/starnus/starnus/starnus_robot_sim/starnus_robot/install/starnus_description:/home/starnus/starnus/starnus_robot_sim/starnus_robot/install/starnus_bringup:/home/starnus/starnus/starnus_robot_sim/starnus_robot/install/starnus:/home/starnus/starnus/starnus_robot_sim/starnus_robot/install/canopen_utils:/home/starnus/starnus_robot/install/wms_bridge:/home/starnus/starnus_robot/install/starnus_viz:/home/starnus/starnus_robot/install/starnus_slam:/home/starnus/starnus_robot/install/starnus_sim:/home/starnus/starnus_robot/install/starnus_rmf_panel:/home/starnus/starnus_robot/install/starnus_rmf_fleet_adapter:/home/starnus/starnus_robot/install/starnus_pallet_localisation:/home/starnus/starnus_robot/install/starnus_navigation:/home/starnus/starnus_robot/install/starnus_driver:/home/starnus/starnus_robot/install/starnus_description:/home/starnus/starnus_robot/install/starnus_bringup:/home/starnus/starnus_robot/install/starnus_arduino_comms:/home/starnus/starnus_robot/install/starnus:/opt/ros/humble /usr/bin/cmake --build /home/starnus/starnus/starnus_robot_sim/starnus_robot/src/ros2_canopen/build/canopen_interfaces -- -j20 -l20
[0.582s] Invoking command in '/home/starnus/starnus/starnus_robot_sim/starnus_robot/src/ros2_canopen/build/canopen_interfaces': CMAKE_PREFIX_PATH=${CMAKE_PREFIX_PATH}:/home/starnus/starnus/starnus_robot_sim/starnus_robot/install/starnus_viz:/home/starnus/starnus/starnus_robot_sim/starnus_robot/install/starnus_slam:/home/starnus/starnus/starnus_robot_sim/starnus_robot/install/starnus_rmf_panel:/home/starnus/starnus/starnus_robot_sim/starnus_robot/install/starnus_rmf_fleet_adapter:/home/starnus/starnus/starnus_robot_sim/starnus_robot/install/starnus_pallet_localisation:/home/starnus/starnus/starnus_robot_sim/starnus_robot/install/starnus_driver:/home/starnus/starnus/starnus_robot_sim/starnus_robot/install/starnus_description:/home/starnus/starnus/starnus_robot_sim/starnus_robot/install/starnus_bringup:/home/starnus/starnus/starnus_robot_sim/starnus_robot/install/starnus:/home/starnus/starnus/starnus_robot_sim/starnus_robot/install/canopen_utils:/home/starnus/starnus_robot/install/wms_bridge:/home/starnus/starnus_robot/install/starnus_viz:/home/starnus/starnus_robot/install/starnus_slam:/home/starnus/starnus_robot/install/starnus_sim:/home/starnus/starnus_robot/install/starnus_rmf_panel:/home/starnus/starnus_robot/install/starnus_rmf_fleet_adapter:/home/starnus/starnus_robot/install/starnus_pallet_localisation:/home/starnus/starnus_robot/install/starnus_navigation:/home/starnus/starnus_robot/install/starnus_driver:/home/starnus/starnus_robot/install/starnus_description:/home/starnus/starnus_robot/install/starnus_bringup:/home/starnus/starnus_robot/install/starnus_arduino_comms:/home/starnus/starnus_robot/install/starnus:/opt/ros/humble /usr/bin/cmake --install /home/starnus/starnus/starnus_robot_sim/starnus_robot/src/ros2_canopen/build/canopen_interfaces
[0.592s] -- Install configuration: ""
[0.592s] -- Up-to-date: /home/starnus/starnus/starnus_robot_sim/starnus_robot/src/ros2_canopen/install/canopen_interfaces/share/ament_index/resource_index/rosidl_interfaces/canopen_interfaces
[0.592s] -- Up-to-date: /home/starnus/starnus/starnus_robot_sim/starnus_robot/src/ros2_canopen/install/canopen_interfaces/include/canopen_interfaces/canopen_interfaces
[0.592s] -- Up-to-date: /home/starnus/starnus/starnus_robot_sim/starnus_robot/src/ros2_canopen/install/canopen_interfaces/include/canopen_interfaces/canopen_interfaces/msg
[0.592s] -- Up-to-date: /home/starnus/starnus/starnus_robot_sim/starnus_robot/src/ros2_canopen/install/canopen_interfaces/include/canopen_interfaces/canopen_interfaces/msg/co_data.h
[0.592s] -- Up-to-date: /home/starnus/starnus/starnus_robot_sim/starnus_robot/src/ros2_canopen/install/canopen_interfaces/include/canopen_interfaces/canopen_interfaces/msg/detail
[0.592s] -- Up-to-date: /home/starnus/starnus/starnus_robot_sim/starnus_robot/src/ros2_canopen/install/canopen_interfaces/include/canopen_interfaces/canopen_interfaces/msg/detail/co_data__struct.h
[0.593s] -- Up-to-date: /home/starnus/starnus/starnus_robot_sim/starnus_robot/src/ros2_canopen/install/canopen_interfaces/include/canopen_interfaces/canopen_interfaces/msg/detail/co_data__functions.h
[0.593s] -- Up-to-date: /home/starnus/starnus/starnus_robot_sim/starnus_robot/src/ros2_canopen/install/canopen_interfaces/include/canopen_interfaces/canopen_interfaces/msg/detail/co_data__type_support.h
[0.593s] -- Up-to-date: /home/starnus/starnus/starnus_robot_sim/starnus_robot/src/ros2_canopen/install/canopen_interfaces/include/canopen_interfaces/canopen_interfaces/msg/detail/co_data__functions.c
[0.593s] -- Up-to-date: /home/starnus/starnus/starnus_robot_sim/starnus_robot/src/ros2_canopen/install/canopen_interfaces/include/canopen_interfaces/canopen_interfaces/msg/rosidl_generator_c__visibility_control.h
[0.593s] -- Up-to-date: /home/starnus/starnus/starnus_robot_sim/starnus_robot/src/ros2_canopen/install/canopen_interfaces/include/canopen_interfaces/canopen_interfaces/srv
[0.593s] -- Up-to-date: /home/starnus/starnus/starnus_robot_sim/starnus_robot/src/ros2_canopen/install/canopen_interfaces/include/canopen_interfaces/canopen_interfaces/srv/co_heartbeat_id.h
[0.593s] -- Up-to-date: /home/starnus/starnus/starnus_robot_sim/starnus_robot/src/ros2_canopen/install/canopen_interfaces/include/canopen_interfaces/canopen_interfaces/srv/co_write_id.h
[0.593s] -- Up-to-date: /home/starnus/starnus/starnus_robot_sim/starnus_robot/src/ros2_canopen/install/canopen_interfaces/include/canopen_interfaces/canopen_interfaces/srv/co_node.h
[0.593s] -- Up-to-date: /home/starnus/starnus/starnus_robot_sim/starnus_robot/src/ros2_canopen/install/canopen_interfaces/include/canopen_interfaces/canopen_interfaces/srv/co_nmt_id.h
[0.593s] -- Up-to-date: /home/starnus/starnus/starnus_robot_sim/starnus_robot/src/ros2_canopen/install/canopen_interfaces/include/canopen_interfaces/canopen_interfaces/srv/co_target_double.h
[0.593s] -- Up-to-date: /home/starnus/starnus/starnus_robot_sim/starnus_robot/src/ros2_canopen/install/canopen_interfaces/include/canopen_interfaces/canopen_interfaces/srv/detail
[0.593s] -- Up-to-date: /home/starnus/starnus/starnus_robot_sim/starnus_robot/src/ros2_canopen/install/canopen_interfaces/include/canopen_interfaces/canopen_interfaces/srv/detail/co_write__functions.h
[0.593s] -- Up-to-date: /home/starnus/starnus/starnus_robot_sim/starnus_robot/src/ros2_canopen/install/canopen_interfaces/include/canopen_interfaces/canopen_interfaces/srv/detail/co_write_id__type_support.h
[0.593s] -- Up-to-date: /home/starnus/starnus/starnus_robot_sim/starnus_robot/src/ros2_canopen/install/canopen_interfaces/include/canopen_interfaces/canopen_interfaces/srv/detail/co_read__functions.h
[0.593s] -- Up-to-date: /home/starnus/starnus/starnus_robot_sim/starnus_robot/src/ros2_canopen/install/canopen_interfaces/include/canopen_interfaces/canopen_interfaces/srv/detail/co_heartbeat_id__type_support.h
[0.593s] -- Up-to-date: /home/starnus/starnus/starnus_robot_sim/starnus_robot/src/ros2_canopen/install/canopen_interfaces/include/canopen_interfaces/canopen_interfaces/srv/detail/co_read_id__functions.h
[0.593s] -- Up-to-date: /home/starnus/starnus/starnus_robot_sim/starnus_robot/src/ros2_canopen/install/canopen_interfaces/include/canopen_interfaces/canopen_interfaces/srv/detail/co_read_id__type_support.h
[0.593s] -- Up-to-date: /home/starnus/starnus/starnus_robot_sim/starnus_robot/src/ros2_canopen/install/canopen_interfaces/include/canopen_interfaces/canopen_interfaces/srv/detail/co_target_double__functions.h
[0.593s] -- Up-to-date: /home/starnus/starnus/starnus_robot_sim/starnus_robot/src/ros2_canopen/install/canopen_interfaces/include/canopen_interfaces/canopen_interfaces/srv/detail/co_node__type_support.h
[0.593s] -- Up-to-date: /home/starnus/starnus/starnus_robot_sim/starnus_robot/src/ros2_canopen/install/canopen_interfaces/include/canopen_interfaces/canopen_interfaces/srv/detail/co_read__struct.h
[0.593s] -- Up-to-date: /home/starnus/starnus/starnus_robot_sim/starnus_robot/src/ros2_canopen/install/canopen_interfaces/include/canopen_interfaces/canopen_interfaces/srv/detail/co_write_id__struct.h
[0.593s] -- Up-to-date: /home/starnus/starnus/starnus_robot_sim/starnus_robot/src/ros2_canopen/install/canopen_interfaces/include/canopen_interfaces/canopen_interfaces/srv/detail/co_node__functions.h
[0.593s] -- Up-to-date: /home/starnus/starnus/starnus_robot_sim/starnus_robot/src/ros2_canopen/install/canopen_interfaces/include/canopen_interfaces/canopen_interfaces/srv/detail/co_read_id__functions.c
[0.593s] -- Up-to-date: /home/starnus/starnus/starnus_robot_sim/starnus_robot/src/ros2_canopen/install/canopen_interfaces/include/canopen_interfaces/canopen_interfaces/srv/detail/co_nmt_id__functions.c
[0.593s] -- Up-to-date: /home/starnus/starnus/starnus_robot_sim/starnus_robot/src/ros2_canopen/install/canopen_interfaces/include/canopen_interfaces/canopen_interfaces/srv/detail/co_node__functions.c
[0.593s] -- Up-to-date: /home/starnus/starnus/starnus_robot_sim/starnus_robot/src/ros2_canopen/install/canopen_interfaces/include/canopen_interfaces/canopen_interfaces/srv/detail/co_target_double__type_support.h
[0.593s] -- Up-to-date: /home/starnus/starnus/starnus_robot_sim/starnus_robot/src/ros2_canopen/install/canopen_interfaces/include/canopen_interfaces/canopen_interfaces/srv/detail/co_node__struct.h
[0.593s] -- Up-to-date: /home/starnus/starnus/starnus_robot_sim/starnus_robot/src/ros2_canopen/install/canopen_interfaces/include/canopen_interfaces/canopen_interfaces/srv/detail/co_heartbeat_id__struct.h
[0.594s] -- Up-to-date: /home/starnus/starnus/starnus_robot_sim/starnus_robot/src/ros2_canopen/install/canopen_interfaces/include/canopen_interfaces/canopen_interfaces/srv/detail/co_nmt_id__struct.h
[0.594s] -- Up-to-date: /home/starnus/starnus/starnus_robot_sim/starnus_robot/src/ros2_canopen/install/canopen_interfaces/include/canopen_interfaces/canopen_interfaces/srv/detail/co_write__type_support.h
[0.594s] -- Up-to-date: /home/starnus/starnus/starnus_robot_sim/starnus_robot/src/ros2_canopen/install/canopen_interfaces/include/canopen_interfaces/canopen_interfaces/srv/detail/co_write_id__functions.c
[0.594s] -- Up-to-date: /home/starnus/starnus/starnus_robot_sim/starnus_robot/src/ros2_canopen/install/canopen_interfaces/include/canopen_interfaces/canopen_interfaces/srv/detail/co_read__type_support.h
[0.594s] -- Up-to-date: /home/starnus/starnus/starnus_robot_sim/starnus_robot/src/ros2_canopen/install/canopen_interfaces/include/canopen_interfaces/canopen_interfaces/srv/detail/co_nmt_id__functions.h
[0.594s] -- Up-to-date: /home/starnus/starnus/starnus_robot_sim/starnus_robot/src/ros2_canopen/install/canopen_interfaces/include/canopen_interfaces/canopen_interfaces/srv/detail/co_write__functions.c
[0.594s] -- Up-to-date: /home/starnus/starnus/starnus_robot_sim/starnus_robot/src/ros2_canopen/install/canopen_interfaces/include/canopen_interfaces/canopen_interfaces/srv/detail/co_write__struct.h
[0.594s] -- Up-to-date: /home/starnus/starnus/starnus_robot_sim/starnus_robot/src/ros2_canopen/install/canopen_interfaces/include/canopen_interfaces/canopen_interfaces/srv/detail/co_heartbeat_id__functions.h
[0.594s] -- Up-to-date: /home/starnus/starnus/starnus_robot_sim/starnus_robot/src/ros2_canopen/install/canopen_interfaces/include/canopen_interfaces/canopen_interfaces/srv/detail/co_read_id__struct.h
[0.594s] -- Up-to-date: /home/starnus/starnus/starnus_robot_sim/starnus_robot/src/ros2_canopen/install/canopen_interfaces/include/canopen_interfaces/canopen_interfaces/srv/detail/co_target_double__struct.h
[0.594s] -- Up-to-date: /home/starnus/starnus/starnus_robot_sim/starnus_robot/src/ros2_canopen/install/canopen_interfaces/include/canopen_interfaces/canopen_interfaces/srv/detail/co_nmt_id__type_support.h
[0.594s] -- Up-to-date: /home/starnus/starnus/starnus_robot_sim/starnus_robot/src/ros2_canopen/install/canopen_interfaces/include/canopen_interfaces/canopen_interfaces/srv/detail/co_heartbeat_id__functions.c
[0.594s] -- Up-to-date: /home/starnus/starnus/starnus_robot_sim/starnus_robot/src/ros2_canopen/install/canopen_interfaces/include/canopen_interfaces/canopen_interfaces/srv/detail/co_read__functions.c
[0.594s] -- Up-to-date: /home/starnus/starnus/starnus_robot_sim/starnus_robot/src/ros2_canopen/install/canopen_interfaces/include/canopen_interfaces/canopen_interfaces/srv/detail/co_write_id__functions.h
[0.594s] -- Up-to-date: /home/starnus/starnus/starnus_robot_sim/starnus_robot/src/ros2_canopen/install/canopen_interfaces/include/canopen_interfaces/canopen_interfaces/srv/detail/co_target_double__functions.c
[0.594s] -- Up-to-date: /home/starnus/starnus/starnus_robot_sim/starnus_robot/src/ros2_canopen/install/canopen_interfaces/include/canopen_interfaces/canopen_interfaces/srv/co_read_id.h
[0.594s] -- Up-to-date: /home/starnus/starnus/starnus_robot_sim/starnus_robot/src/ros2_canopen/install/canopen_interfaces/include/canopen_interfaces/canopen_interfaces/srv/co_write.h
[0.594s] -- Up-to-date: /home/starnus/starnus/starnus_robot_sim/starnus_robot/src/ros2_canopen/install/canopen_interfaces/include/canopen_interfaces/canopen_interfaces/srv/co_read.h
[0.594s] -- Up-to-date: /home/starnus/starnus/starnus_robot_sim/starnus_robot/src/ros2_canopen/install/canopen_interfaces/share/canopen_interfaces/environment/library_path.sh
[0.594s] -- Up-to-date: /home/starnus/starnus/starnus_robot_sim/starnus_robot/src/ros2_canopen/install/canopen_interfaces/share/canopen_interfaces/environment/library_path.dsv
[0.594s] -- Up-to-date: /home/starnus/starnus/starnus_robot_sim/starnus_robot/src/ros2_canopen/install/canopen_interfaces/lib/libcanopen_interfaces__rosidl_generator_c.so
[0.594s] -- Up-to-date: /home/starnus/starnus/starnus_robot_sim/starnus_robot/src/ros2_canopen/install/canopen_interfaces/include/canopen_interfaces/canopen_interfaces
[0.594s] -- Up-to-date: /home/starnus/starnus/starnus_robot_sim/starnus_robot/src/ros2_canopen/install/canopen_interfaces/include/canopen_interfaces/canopen_interfaces/msg
[0.594s] -- Up-to-date: /home/starnus/starnus/starnus_robot_sim/starnus_robot/src/ros2_canopen/install/canopen_interfaces/include/canopen_interfaces/canopen_interfaces/msg/rosidl_typesupport_fastrtps_c__visibility_control.h
[0.594s] -- Up-to-date: /home/starnus/starnus/starnus_robot_sim/starnus_robot/src/ros2_canopen/install/canopen_interfaces/include/canopen_interfaces/canopen_interfaces/msg/detail
[0.594s] -- Up-to-date: /home/starnus/starnus/starnus_robot_sim/starnus_robot/src/ros2_canopen/install/canopen_interfaces/include/canopen_interfaces/canopen_interfaces/msg/detail/co_data__rosidl_typesupport_fastrtps_c.h
[0.594s] -- Up-to-date: /home/starnus/starnus/starnus_robot_sim/starnus_robot/src/ros2_canopen/install/canopen_interfaces/include/canopen_interfaces/canopen_interfaces/srv
[0.594s] -- Up-to-date: /home/starnus/starnus/starnus_robot_sim/starnus_robot/src/ros2_canopen/install/canopen_interfaces/include/canopen_interfaces/canopen_interfaces/srv/detail
[0.595s] -- Up-to-date: /home/starnus/starnus/starnus_robot_sim/starnus_robot/src/ros2_canopen/install/canopen_interfaces/include/canopen_interfaces/canopen_interfaces/srv/detail/co_read_id__rosidl_typesupport_fastrtps_c.h
[0.595s] -- Up-to-date: /home/starnus/starnus/starnus_robot_sim/starnus_robot/src/ros2_canopen/install/canopen_interfaces/include/canopen_interfaces/canopen_interfaces/srv/detail/co_write__rosidl_typesupport_fastrtps_c.h
[0.595s] -- Up-to-date: /home/starnus/starnus/starnus_robot_sim/starnus_robot/src/ros2_canopen/install/canopen_interfaces/include/canopen_interfaces/canopen_interfaces/srv/detail/co_nmt_id__rosidl_typesupport_fastrtps_c.h
[0.595s] -- Up-to-date: /home/starnus/starnus/starnus_robot_sim/starnus_robot/src/ros2_canopen/install/canopen_interfaces/include/canopen_interfaces/canopen_interfaces/srv/detail/co_read__rosidl_typesupport_fastrtps_c.h
[0.595s] -- Up-to-date: /home/starnus/starnus/starnus_robot_sim/starnus_robot/src/ros2_canopen/install/canopen_interfaces/include/canopen_interfaces/canopen_interfaces/srv/detail/co_heartbeat_id__rosidl_typesupport_fastrtps_c.h
[0.595s] -- Up-to-date: /home/starnus/starnus/starnus_robot_sim/starnus_robot/src/ros2_canopen/install/canopen_interfaces/include/canopen_interfaces/canopen_interfaces/srv/detail/co_write_id__rosidl_typesupport_fastrtps_c.h
[0.595s] -- Up-to-date: /home/starnus/starnus/starnus_robot_sim/starnus_robot/src/ros2_canopen/install/canopen_interfaces/include/canopen_interfaces/canopen_interfaces/srv/detail/co_node__rosidl_typesupport_fastrtps_c.h
[0.595s] -- Up-to-date: /home/starnus/starnus/starnus_robot_sim/starnus_robot/src/ros2_canopen/install/canopen_interfaces/include/canopen_interfaces/canopen_interfaces/srv/detail/co_target_double__rosidl_typesupport_fastrtps_c.h
[0.595s] -- Up-to-date: /home/starnus/starnus/starnus_robot_sim/starnus_robot/src/ros2_canopen/install/canopen_interfaces/lib/libcanopen_interfaces__rosidl_typesupport_fastrtps_c.so
[0.595s] -- Up-to-date: /home/starnus/starnus/starnus_robot_sim/starnus_robot/src/ros2_canopen/install/canopen_interfaces/include/canopen_interfaces/canopen_interfaces
[0.595s] -- Up-to-date: /home/starnus/starnus/starnus_robot_sim/starnus_robot/src/ros2_canopen/install/canopen_interfaces/include/canopen_interfaces/canopen_interfaces/msg
[0.595s] -- Up-to-date: /home/starnus/starnus/starnus_robot_sim/starnus_robot/src/ros2_canopen/install/canopen_interfaces/include/canopen_interfaces/canopen_interfaces/msg/rosidl_typesupport_introspection_c__visibility_control.h
[0.595s] -- Up-to-date: /home/starnus/starnus/starnus_robot_sim/starnus_robot/src/ros2_canopen/install/canopen_interfaces/include/canopen_interfaces/canopen_interfaces/msg/detail
[0.595s] -- Up-to-date: /home/starnus/starnus/starnus_robot_sim/starnus_robot/src/ros2_canopen/install/canopen_interfaces/include/canopen_interfaces/canopen_interfaces/msg/detail/co_data__rosidl_typesupport_introspection_c.h
[0.595s] -- Up-to-date: /home/starnus/starnus/starnus_robot_sim/starnus_robot/src/ros2_canopen/install/canopen_interfaces/include/canopen_interfaces/canopen_interfaces/msg/detail/co_data__type_support.c
[0.595s] -- Up-to-date: /home/starnus/starnus/starnus_robot_sim/starnus_robot/src/ros2_canopen/install/canopen_interfaces/include/canopen_interfaces/canopen_interfaces/srv
[0.595s] -- Up-to-date: /home/starnus/starnus/starnus_robot_sim/starnus_robot/src/ros2_canopen/install/canopen_interfaces/include/canopen_interfaces/canopen_interfaces/srv/detail
[0.595s] -- Up-to-date: /home/starnus/starnus/starnus_robot_sim/starnus_robot/src/ros2_canopen/install/canopen_interfaces/include/canopen_interfaces/canopen_interfaces/srv/detail/co_write_id__rosidl_typesupport_introspection_c.h
[0.595s] -- Up-to-date: /home/starnus/starnus/starnus_robot_sim/starnus_robot/src/ros2_canopen/install/canopen_interfaces/include/canopen_interfaces/canopen_interfaces/srv/detail/co_nmt_id__type_support.c
[0.595s] -- Up-to-date: /home/starnus/starnus/starnus_robot_sim/starnus_robot/src/ros2_canopen/install/canopen_interfaces/include/canopen_interfaces/canopen_interfaces/srv/detail/co_target_double__type_support.c
[0.595s] -- Up-to-date: /home/starnus/starnus/starnus_robot_sim/starnus_robot/src/ros2_canopen/install/canopen_interfaces/include/canopen_interfaces/canopen_interfaces/srv/detail/co_read__rosidl_typesupport_introspection_c.h
[0.595s] -- Up-to-date: /home/starnus/starnus/starnus_robot_sim/starnus_robot/src/ros2_canopen/install/canopen_interfaces/include/canopen_interfaces/canopen_interfaces/srv/detail/co_read_id__type_support.c
[0.595s] -- Up-to-date: /home/starnus/starnus/starnus_robot_sim/starnus_robot/src/ros2_canopen/install/canopen_interfaces/include/canopen_interfaces/canopen_interfaces/srv/detail/co_target_double__rosidl_typesupport_introspection_c.h
[0.595s] -- Up-to-date: /home/starnus/starnus/starnus_robot_sim/starnus_robot/src/ros2_canopen/install/canopen_interfaces/include/canopen_interfaces/canopen_interfaces/srv/detail/co_node__rosidl_typesupport_introspection_c.h
[0.595s] -- Up-to-date: /home/starnus/starnus/starnus_robot_sim/starnus_robot/src/ros2_canopen/install/canopen_interfaces/include/canopen_interfaces/canopen_interfaces/srv/detail/co_write__rosidl_typesupport_introspection_c.h
[0.595s] -- Up-to-date: /home/starnus/starnus/starnus_robot_sim/starnus_robot/src/ros2_canopen/install/canopen_interfaces/include/canopen_interfaces/canopen_interfaces/srv/detail/co_nmt_id__rosidl_typesupport_introspection_c.h
[0.595s] -- Up-to-date: /home/starnus/starnus/starnus_robot_sim/starnus_robot/src/ros2_canopen/install/canopen_interfaces/include/canopen_interfaces/canopen_interfaces/srv/detail/co_write__type_support.c
[0.595s] -- Up-to-date: /home/starnus/starnus/starnus_robot_sim/starnus_robot/src/ros2_canopen/install/canopen_interfaces/include/canopen_interfaces/canopen_interfaces/srv/detail/co_heartbeat_id__type_support.c
[0.595s] -- Up-to-date: /home/starnus/starnus/starnus_robot_sim/starnus_robot/src/ros2_canopen/install/canopen_interfaces/include/canopen_interfaces/canopen_interfaces/srv/detail/co_read_id__rosidl_typesupport_introspection_c.h
[0.595s] -- Up-to-date: /home/starnus/starnus/starnus_robot_sim/starnus_robot/src/ros2_canopen/install/canopen_interfaces/include/canopen_interfaces/canopen_interfaces/srv/detail/co_heartbeat_id__rosidl_typesupport_introspection_c.h
[0.595s] -- Up-to-date: /home/starnus/starnus/starnus_robot_sim/starnus_robot/src/ros2_canopen/install/canopen_interfaces/include/canopen_interfaces/canopen_interfaces/srv/detail/co_node__type_support.c
[0.595s] -- Up-to-date: /home/starnus/starnus/starnus_robot_sim/starnus_robot/src/ros2_canopen/install/canopen_interfaces/include/canopen_interfaces/canopen_interfaces/srv/detail/co_write_id__type_support.c
[0.595s] -- Up-to-date: /home/starnus/starnus/starnus_robot_sim/starnus_robot/src/ros2_canopen/install/canopen_interfaces/include/canopen_interfaces/canopen_interfaces/srv/detail/co_read__type_support.c
[0.595s] -- Up-to-date: /home/starnus/starnus/starnus_robot_sim/starnus_robot/src/ros2_canopen/install/canopen_interfaces/lib/libcanopen_interfaces__rosidl_typesupport_introspection_c.so
[0.595s] -- Up-to-date: /home/starnus/starnus/starnus_robot_sim/starnus_robot/src/ros2_canopen/install/canopen_interfaces/lib/libcanopen_interfaces__rosidl_typesupport_c.so
[0.595s] -- Up-to-date: /home/starnus/starnus/starnus_robot_sim/starnus_robot/src/ros2_canopen/install/canopen_interfaces/include/canopen_interfaces/canopen_interfaces
[0.596s] -- Up-to-date: /home/starnus/starnus/starnus_robot_sim/starnus_robot/src/ros2_canopen/install/canopen_interfaces/include/canopen_interfaces/canopen_interfaces/msg
[0.596s] -- Up-to-date: /home/starnus/starnus/starnus_robot_sim/starnus_robot/src/ros2_canopen/install/canopen_interfaces/include/canopen_interfaces/canopen_interfaces/msg/co_data.hpp
[0.596s] -- Up-to-date: /home/starnus/starnus/starnus_robot_sim/starnus_robot/src/ros2_canopen/install/canopen_interfaces/include/canopen_interfaces/canopen_interfaces/msg/detail
[0.596s] -- Up-to-date: /home/starnus/starnus/starnus_robot_sim/starnus_robot/src/ros2_canopen/install/canopen_interfaces/include/canopen_interfaces/canopen_interfaces/msg/detail/co_data__traits.hpp
[0.596s] -- Up-to-date: /home/starnus/starnus/starnus_robot_sim/starnus_robot/src/ros2_canopen/install/canopen_interfaces/include/canopen_interfaces/canopen_interfaces/msg/detail/co_data__builder.hpp
[0.596s] -- Up-to-date: /home/starnus/starnus/starnus_robot_sim/starnus_robot/src/ros2_canopen/install/canopen_interfaces/include/canopen_interfaces/canopen_interfaces/msg/detail/co_data__struct.hpp
[0.596s] -- Up-to-date: /home/starnus/starnus/starnus_robot_sim/starnus_robot/src/ros2_canopen/install/canopen_interfaces/include/canopen_interfaces/canopen_interfaces/srv
[0.596s] -- Up-to-date: /home/starnus/starnus/starnus_robot_sim/starnus_robot/src/ros2_canopen/install/canopen_interfaces/include/canopen_interfaces/canopen_interfaces/srv/co_nmt_id.hpp
[0.596s] -- Up-to-date: /home/starnus/starnus/starnus_robot_sim/starnus_robot/src/ros2_canopen/install/canopen_interfaces/include/canopen_interfaces/canopen_interfaces/srv/co_target_double.hpp
[0.596s] -- Up-to-date: /home/starnus/starnus/starnus_robot_sim/starnus_robot/src/ros2_canopen/install/canopen_interfaces/include/canopen_interfaces/canopen_interfaces/srv/co_read_id.hpp
[0.596s] -- Up-to-date: /home/starnus/starnus/starnus_robot_sim/starnus_robot/src/ros2_canopen/install/canopen_interfaces/include/canopen_interfaces/canopen_interfaces/srv/co_heartbeat_id.hpp
[0.596s] -- Up-to-date: /home/starnus/starnus/starnus_robot_sim/starnus_robot/src/ros2_canopen/install/canopen_interfaces/include/canopen_interfaces/canopen_interfaces/srv/detail
[0.596s] -- Up-to-date: /home/starnus/starnus/starnus_robot_sim/starnus_robot/src/ros2_canopen/install/canopen_interfaces/include/canopen_interfaces/canopen_interfaces/srv/detail/co_target_double__struct.hpp
[0.596s] -- Up-to-date: /home/starnus/starnus/starnus_robot_sim/starnus_robot/src/ros2_canopen/install/canopen_interfaces/include/canopen_interfaces/canopen_interfaces/srv/detail/co_read_id__builder.hpp
[0.596s] -- Up-to-date: /home/starnus/starnus/starnus_robot_sim/starnus_robot/src/ros2_canopen/install/canopen_interfaces/include/canopen_interfaces/canopen_interfaces/srv/detail/co_write__traits.hpp
[0.596s] -- Up-to-date: /home/starnus/starnus/starnus_robot_sim/starnus_robot/src/ros2_canopen/install/canopen_interfaces/include/canopen_interfaces/canopen_interfaces/srv/detail/co_node__struct.hpp
[0.596s] -- Up-to-date: /home/starnus/starnus/starnus_robot_sim/starnus_robot/src/ros2_canopen/install/canopen_interfaces/include/canopen_interfaces/canopen_interfaces/srv/detail/co_read_id__traits.hpp
[0.596s] -- Up-to-date: /home/starnus/starnus/starnus_robot_sim/starnus_robot/src/ros2_canopen/install/canopen_interfaces/include/canopen_interfaces/canopen_interfaces/srv/detail/co_heartbeat_id__builder.hpp
[0.596s] -- Up-to-date: /home/starnus/starnus/starnus_robot_sim/starnus_robot/src/ros2_canopen/install/canopen_interfaces/include/canopen_interfaces/canopen_interfaces/srv/detail/co_node__builder.hpp
[0.596s] -- Up-to-date: /home/starnus/starnus/starnus_robot_sim/starnus_robot/src/ros2_canopen/install/canopen_interfaces/include/canopen_interfaces/canopen_interfaces/srv/detail/co_read_id__struct.hpp
[0.596s] -- Up-to-date: /home/starnus/starnus/starnus_robot_sim/starnus_robot/src/ros2_canopen/install/canopen_interfaces/include/canopen_interfaces/canopen_interfaces/srv/detail/co_heartbeat_id__traits.hpp
[0.596s] -- Up-to-date: /home/starnus/starnus/starnus_robot_sim/starnus_robot/src/ros2_canopen/install/canopen_interfaces/include/canopen_interfaces/canopen_interfaces/srv/detail/co_node__traits.hpp
[0.596s] -- Up-to-date: /home/starnus/starnus/starnus_robot_sim/starnus_robot/src/ros2_canopen/install/canopen_interfaces/include/canopen_interfaces/canopen_interfaces/srv/detail/co_write__builder.hpp
[0.596s] -- Up-to-date: /home/starnus/starnus/starnus_robot_sim/starnus_robot/src/ros2_canopen/install/canopen_interfaces/include/canopen_interfaces/canopen_interfaces/srv/detail/co_nmt_id__struct.hpp
[0.596s] -- Up-to-date: /home/starnus/starnus/starnus_robot_sim/starnus_robot/src/ros2_canopen/install/canopen_interfaces/include/canopen_interfaces/canopen_interfaces/srv/detail/co_nmt_id__builder.hpp
[0.596s] -- Up-to-date: /home/starnus/starnus/starnus_robot_sim/starnus_robot/src/ros2_canopen/install/canopen_interfaces/include/canopen_interfaces/canopen_interfaces/srv/detail/co_heartbeat_id__struct.hpp
[0.596s] -- Up-to-date: /home/starnus/starnus/starnus_robot_sim/starnus_robot/src/ros2_canopen/install/canopen_interfaces/include/canopen_interfaces/canopen_interfaces/srv/detail/co_read__builder.hpp
[0.596s] -- Up-to-date: /home/starnus/starnus/starnus_robot_sim/starnus_robot/src/ros2_canopen/install/canopen_interfaces/include/canopen_interfaces/canopen_interfaces/srv/detail/co_write__struct.hpp
[0.596s] -- Up-to-date: /home/starnus/starnus/starnus_robot_sim/starnus_robot/src/ros2_canopen/install/canopen_interfaces/include/canopen_interfaces/canopen_interfaces/srv/detail/co_target_double__traits.hpp
[0.596s] -- Up-to-date: /home/starnus/starnus/starnus_robot_sim/starnus_robot/src/ros2_canopen/install/canopen_interfaces/include/canopen_interfaces/canopen_interfaces/srv/detail/co_read__traits.hpp
[0.596s] -- Up-to-date: /home/starnus/starnus/starnus_robot_sim/starnus_robot/src/ros2_canopen/install/canopen_interfaces/include/canopen_interfaces/canopen_interfaces/srv/detail/co_nmt_id__traits.hpp
[0.597s] -- Up-to-date: /home/starnus/starnus/starnus_robot_sim/starnus_robot/src/ros2_canopen/install/canopen_interfaces/include/canopen_interfaces/canopen_interfaces/srv/detail/co_write_id__struct.hpp
[0.597s] -- Up-to-date: /home/starnus/starnus/starnus_robot_sim/starnus_robot/src/ros2_canopen/install/canopen_interfaces/include/canopen_interfaces/canopen_interfaces/srv/detail/co_write_id__builder.hpp
[0.597s] -- Up-to-date: /home/starnus/starnus/starnus_robot_sim/starnus_robot/src/ros2_canopen/install/canopen_interfaces/include/canopen_interfaces/canopen_interfaces/srv/detail/co_read__struct.hpp
[0.597s] -- Up-to-date: /home/starnus/starnus/starnus_robot_sim/starnus_robot/src/ros2_canopen/install/canopen_interfaces/include/canopen_interfaces/canopen_interfaces/srv/detail/co_target_double__builder.hpp
[0.597s] -- Up-to-date: /home/starnus/starnus/starnus_robot_sim/starnus_robot/src/ros2_canopen/install/canopen_interfaces/include/canopen_interfaces/canopen_interfaces/srv/detail/co_write_id__traits.hpp
[0.597s] -- Up-to-date: /home/starnus/starnus/starnus_robot_sim/starnus_robot/src/ros2_canopen/install/canopen_interfaces/include/canopen_interfaces/canopen_interfaces/srv/co_write.hpp
[0.597s] -- Up-to-date: /home/starnus/starnus/starnus_robot_sim/starnus_robot/src/ros2_canopen/install/canopen_interfaces/include/canopen_interfaces/canopen_interfaces/srv/co_write_id.hpp
[0.597s] -- Up-to-date: /home/starnus/starnus/starnus_robot_sim/starnus_robot/src/ros2_canopen/install/canopen_interfaces/include/canopen_interfaces/canopen_interfaces/srv/co_node.hpp
[0.597s] -- Up-to-date: /home/starnus/starnus/starnus_robot_sim/starnus_robot/src/ros2_canopen/install/canopen_interfaces/include/canopen_interfaces/canopen_interfaces/srv/co_read.hpp
[0.597s] -- Up-to-date: /home/starnus/starnus/starnus_robot_sim/starnus_robot/src/ros2_canopen/install/canopen_interfaces/include/canopen_interfaces/canopen_interfaces
[0.597s] -- Up-to-date: /home/starnus/starnus/starnus_robot_sim/starnus_robot/src/ros2_canopen/install/canopen_interfaces/include/canopen_interfaces/canopen_interfaces/msg
[0.597s] -- Up-to-date: /home/starnus/starnus/starnus_robot_sim/starnus_robot/src/ros2_canopen/install/canopen_interfaces/include/canopen_interfaces/canopen_interfaces/msg/detail
[0.597s] -- Up-to-date: /home/starnus/starnus/starnus_robot_sim/starnus_robot/src/ros2_canopen/install/canopen_interfaces/include/canopen_interfaces/canopen_interfaces/msg/detail/dds_fastrtps
[0.597s] -- Up-to-date: /home/starnus/starnus/starnus_robot_sim/starnus_robot/src/ros2_canopen/install/canopen_interfaces/include/canopen_interfaces/canopen_interfaces/msg/detail/co_data__rosidl_typesupport_fastrtps_cpp.hpp
[0.597s] -- Up-to-date: /home/starnus/starnus/starnus_robot_sim/starnus_robot/src/ros2_canopen/install/canopen_interfaces/include/canopen_interfaces/canopen_interfaces/msg/rosidl_typesupport_fastrtps_cpp__visibility_control.h
[0.597s] -- Up-to-date: /home/starnus/starnus/starnus_robot_sim/starnus_robot/src/ros2_canopen/install/canopen_interfaces/include/canopen_interfaces/canopen_interfaces/srv
[0.597s] -- Up-to-date: /home/starnus/starnus/starnus_robot_sim/starnus_robot/src/ros2_canopen/install/canopen_interfaces/include/canopen_interfaces/canopen_interfaces/srv/detail
[0.597s] -- Up-to-date: /home/starnus/starnus/starnus_robot_sim/starnus_robot/src/ros2_canopen/install/canopen_interfaces/include/canopen_interfaces/canopen_interfaces/srv/detail/dds_fastrtps
[0.597s] -- Up-to-date: /home/starnus/starnus/starnus_robot_sim/starnus_robot/src/ros2_canopen/install/canopen_interfaces/include/canopen_interfaces/canopen_interfaces/srv/detail/co_read__rosidl_typesupport_fastrtps_cpp.hpp
[0.597s] -- Up-to-date: /home/starnus/starnus/starnus_robot_sim/starnus_robot/src/ros2_canopen/install/canopen_interfaces/include/canopen_interfaces/canopen_interfaces/srv/detail/co_nmt_id__rosidl_typesupport_fastrtps_cpp.hpp
[0.597s] -- Up-to-date: /home/starnus/starnus/starnus_robot_sim/starnus_robot/src/ros2_canopen/install/canopen_interfaces/include/canopen_interfaces/canopen_interfaces/srv/detail/co_target_double__rosidl_typesupport_fastrtps_cpp.hpp
[0.597s] -- Up-to-date: /home/starnus/starnus/starnus_robot_sim/starnus_robot/src/ros2_canopen/install/canopen_interfaces/include/canopen_interfaces/canopen_interfaces/srv/detail/co_read_id__rosidl_typesupport_fastrtps_cpp.hpp
[0.597s] -- Up-to-date: /home/starnus/starnus/starnus_robot_sim/starnus_robot/src/ros2_canopen/install/canopen_interfaces/include/canopen_interfaces/canopen_interfaces/srv/detail/co_write_id__rosidl_typesupport_fastrtps_cpp.hpp
[0.597s] -- Up-to-date: /home/starnus/starnus/starnus_robot_sim/starnus_robot/src/ros2_canopen/install/canopen_interfaces/include/canopen_interfaces/canopen_interfaces/srv/detail/co_heartbeat_id__rosidl_typesupport_fastrtps_cpp.hpp
[0.597s] -- Up-to-date: /home/starnus/starnus/starnus_robot_sim/starnus_robot/src/ros2_canopen/install/canopen_interfaces/include/canopen_interfaces/canopen_interfaces/srv/detail/co_node__rosidl_typesupport_fastrtps_cpp.hpp
[0.597s] -- Up-to-date: /home/starnus/starnus/starnus_robot_sim/starnus_robot/src/ros2_canopen/install/canopen_interfaces/include/canopen_interfaces/canopen_interfaces/srv/detail/co_write__rosidl_typesupport_fastrtps_cpp.hpp
[0.597s] -- Up-to-date: /home/starnus/starnus/starnus_robot_sim/starnus_robot/src/ros2_canopen/install/canopen_interfaces/lib/libcanopen_interfaces__rosidl_typesupport_fastrtps_cpp.so
[0.597s] -- Up-to-date: /home/starnus/starnus/starnus_robot_sim/starnus_robot/src/ros2_canopen/install/canopen_interfaces/include/canopen_interfaces/canopen_interfaces
[0.597s] -- Up-to-date: /home/starnus/starnus/starnus_robot_sim/starnus_robot/src/ros2_canopen/install/canopen_interfaces/include/canopen_interfaces/canopen_interfaces/msg
[0.598s] -- Up-to-date: /home/starnus/starnus/starnus_robot_sim/starnus_robot/src/ros2_canopen/install/canopen_interfaces/include/canopen_interfaces/canopen_interfaces/msg/detail
[0.598s] -- Up-to-date: /home/starnus/starnus/starnus_robot_sim/starnus_robot/src/ros2_canopen/install/canopen_interfaces/include/canopen_interfaces/canopen_interfaces/msg/detail/co_data__type_support.cpp
[0.598s] -- Up-to-date: /home/starnus/starnus/starnus_robot_sim/starnus_robot/src/ros2_canopen/install/canopen_interfaces/include/canopen_interfaces/canopen_interfaces/msg/detail/co_data__rosidl_typesupport_introspection_cpp.hpp
[0.598s] -- Up-to-date: /home/starnus/starnus/starnus_robot_sim/starnus_robot/src/ros2_canopen/install/canopen_interfaces/include/canopen_interfaces/canopen_interfaces/srv
[0.598s] -- Up-to-date: /home/starnus/starnus/starnus_robot_sim/starnus_robot/src/ros2_canopen/install/canopen_interfaces/include/canopen_interfaces/canopen_interfaces/srv/detail
[0.598s] -- Up-to-date: /home/starnus/starnus/starnus_robot_sim/starnus_robot/src/ros2_canopen/install/canopen_interfaces/include/canopen_interfaces/canopen_interfaces/srv/detail/co_heartbeat_id__rosidl_typesupport_introspection_cpp.hpp
[0.598s] -- Up-to-date: /home/starnus/starnus/starnus_robot_sim/starnus_robot/src/ros2_canopen/install/canopen_interfaces/include/canopen_interfaces/canopen_interfaces/srv/detail/co_nmt_id__type_support.cpp
[0.598s] -- Up-to-date: /home/starnus/starnus/starnus_robot_sim/starnus_robot/src/ros2_canopen/install/canopen_interfaces/include/canopen_interfaces/canopen_interfaces/srv/detail/co_read_id__rosidl_typesupport_introspection_cpp.hpp
[0.598s] -- Up-to-date: /home/starnus/starnus/starnus_robot_sim/starnus_robot/src/ros2_canopen/install/canopen_interfaces/include/canopen_interfaces/canopen_interfaces/srv/detail/co_heartbeat_id__type_support.cpp
[0.598s] -- Up-to-date: /home/starnus/starnus/starnus_robot_sim/starnus_robot/src/ros2_canopen/install/canopen_interfaces/include/canopen_interfaces/canopen_interfaces/srv/detail/co_nmt_id__rosidl_typesupport_introspection_cpp.hpp
[0.598s] -- Up-to-date: /home/starnus/starnus/starnus_robot_sim/starnus_robot/src/ros2_canopen/install/canopen_interfaces/include/canopen_interfaces/canopen_interfaces/srv/detail/co_node__rosidl_typesupport_introspection_cpp.hpp
[0.598s] -- Up-to-date: /home/starnus/starnus/starnus_robot_sim/starnus_robot/src/ros2_canopen/install/canopen_interfaces/include/canopen_interfaces/canopen_interfaces/srv/detail/co_write_id__rosidl_typesupport_introspection_cpp.hpp
[0.598s] -- Up-to-date: /home/starnus/starnus/starnus_robot_sim/starnus_robot/src/ros2_canopen/install/canopen_interfaces/include/canopen_interfaces/canopen_interfaces/srv/detail/co_target_double__rosidl_typesupport_introspection_cpp.hpp
[0.598s] -- Up-to-date: /home/starnus/starnus/starnus_robot_sim/starnus_robot/src/ros2_canopen/install/canopen_interfaces/include/canopen_interfaces/canopen_interfaces/srv/detail/co_read_id__type_support.cpp
[0.598s] -- Up-to-date: /home/starnus/starnus/starnus_robot_sim/starnus_robot/src/ros2_canopen/install/canopen_interfaces/include/canopen_interfaces/canopen_interfaces/srv/detail/co_node__type_support.cpp
[0.598s] -- Up-to-date: /home/starnus/starnus/starnus_robot_sim/starnus_robot/src/ros2_canopen/install/canopen_interfaces/include/canopen_interfaces/canopen_interfaces/srv/detail/co_read__rosidl_typesupport_introspection_cpp.hpp
[0.598s] -- Up-to-date: /home/starnus/starnus/starnus_robot_sim/starnus_robot/src/ros2_canopen/install/canopen_interfaces/include/canopen_interfaces/canopen_interfaces/srv/detail/co_write__rosidl_typesupport_introspection_cpp.hpp
[0.598s] -- Up-to-date: /home/starnus/starnus/starnus_robot_sim/starnus_robot/src/ros2_canopen/install/canopen_interfaces/include/canopen_interfaces/canopen_interfaces/srv/detail/co_write__type_support.cpp
[0.598s] -- Up-to-date: /home/starnus/starnus/starnus_robot_sim/starnus_robot/src/ros2_canopen/install/canopen_interfaces/include/canopen_interfaces/canopen_interfaces/srv/detail/co_target_double__type_support.cpp
[0.598s] -- Up-to-date: /home/starnus/starnus/starnus_robot_sim/starnus_robot/src/ros2_canopen/install/canopen_interfaces/include/canopen_interfaces/canopen_interfaces/srv/detail/co_write_id__type_support.cpp
[0.598s] -- Up-to-date: /home/starnus/starnus/starnus_robot_sim/starnus_robot/src/ros2_canopen/install/canopen_interfaces/include/canopen_interfaces/canopen_interfaces/srv/detail/co_read__type_support.cpp
[0.598s] -- Up-to-date: /home/starnus/starnus/starnus_robot_sim/starnus_robot/src/ros2_canopen/install/canopen_interfaces/lib/libcanopen_interfaces__rosidl_typesupport_introspection_cpp.so
[0.598s] -- Up-to-date: /home/starnus/starnus/starnus_robot_sim/starnus_robot/src/ros2_canopen/install/canopen_interfaces/lib/libcanopen_interfaces__rosidl_typesupport_cpp.so
[0.599s] -- Up-to-date: /home/starnus/starnus/starnus_robot_sim/starnus_robot/src/ros2_canopen/install/canopen_interfaces/share/canopen_interfaces/environment/pythonpath.sh
[0.599s] -- Up-to-date: /home/starnus/starnus/starnus_robot_sim/starnus_robot/src/ros2_canopen/install/canopen_interfaces/share/canopen_interfaces/environment/pythonpath.dsv
[0.599s] -- Up-to-date: /home/starnus/starnus/starnus_robot_sim/starnus_robot/src/ros2_canopen/install/canopen_interfaces/local/lib/python3.10/dist-packages/canopen_interfaces-0.2.7-py3.10.egg-info
[0.599s] -- Installing: /home/starnus/starnus/starnus_robot_sim/starnus_robot/src/ros2_canopen/install/canopen_interfaces/local/lib/python3.10/dist-packages/canopen_interfaces-0.2.7-py3.10.egg-info/dependency_links.txt
[0.599s] -- Installing: /home/starnus/starnus/starnus_robot_sim/starnus_robot/src/ros2_canopen/install/canopen_interfaces/local/lib/python3.10/dist-packages/canopen_interfaces-0.2.7-py3.10.egg-info/top_level.txt
[0.599s] -- Installing: /home/starnus/starnus/starnus_robot_sim/starnus_robot/src/ros2_canopen/install/canopen_interfaces/local/lib/python3.10/dist-packages/canopen_interfaces-0.2.7-py3.10.egg-info/SOURCES.txt
[0.599s] -- Installing: /home/starnus/starnus/starnus_robot_sim/starnus_robot/src/ros2_canopen/install/canopen_interfaces/local/lib/python3.10/dist-packages/canopen_interfaces-0.2.7-py3.10.egg-info/PKG-INFO
[0.599s] -- Up-to-date: /home/starnus/starnus/starnus_robot_sim/starnus_robot/src/ros2_canopen/install/canopen_interfaces/local/lib/python3.10/dist-packages/canopen_interfaces
[0.599s] -- Up-to-date: /home/starnus/starnus/starnus_robot_sim/starnus_robot/src/ros2_canopen/install/canopen_interfaces/local/lib/python3.10/dist-packages/canopen_interfaces/canopen_interfaces_s__rosidl_typesupport_introspection_c.cpython-310-x86_64-linux-gnu.so
[0.599s] -- Up-to-date: /home/starnus/starnus/starnus_robot_sim/starnus_robot/src/ros2_canopen/install/canopen_interfaces/local/lib/python3.10/dist-packages/canopen_interfaces/libcanopen_interfaces__rosidl_generator_py.so
[0.599s] -- Up-to-date: /home/starnus/starnus/starnus_robot_sim/starnus_robot/src/ros2_canopen/install/canopen_interfaces/local/lib/python3.10/dist-packages/canopen_interfaces/canopen_interfaces_s__rosidl_typesupport_c.cpython-310-x86_64-linux-gnu.so
[0.599s] -- Up-to-date: /home/starnus/starnus/starnus_robot_sim/starnus_robot/src/ros2_canopen/install/canopen_interfaces/local/lib/python3.10/dist-packages/canopen_interfaces/msg
[0.599s] -- Up-to-date: /home/starnus/starnus/starnus_robot_sim/starnus_robot/src/ros2_canopen/install/canopen_interfaces/local/lib/python3.10/dist-packages/canopen_interfaces/msg/_co_data.py
[0.599s] -- Up-to-date: /home/starnus/starnus/starnus_robot_sim/starnus_robot/src/ros2_canopen/install/canopen_interfaces/local/lib/python3.10/dist-packages/canopen_interfaces/msg/_co_data_s.c
[0.599s] -- Up-to-date: /home/starnus/starnus/starnus_robot_sim/starnus_robot/src/ros2_canopen/install/canopen_interfaces/local/lib/python3.10/dist-packages/canopen_interfaces/msg/__init__.py
[0.599s] -- Up-to-date: /home/starnus/starnus/starnus_robot_sim/starnus_robot/src/ros2_canopen/install/canopen_interfaces/local/lib/python3.10/dist-packages/canopen_interfaces/__init__.py
[0.599s] -- Up-to-date: /home/starnus/starnus/starnus_robot_sim/starnus_robot/src/ros2_canopen/install/canopen_interfaces/local/lib/python3.10/dist-packages/canopen_interfaces/srv
[0.599s] -- Up-to-date: /home/starnus/starnus/starnus_robot_sim/starnus_robot/src/ros2_canopen/install/canopen_interfaces/local/lib/python3.10/dist-packages/canopen_interfaces/srv/_co_nmt_id.py
[0.599s] -- Up-to-date: /home/starnus/starnus/starnus_robot_sim/starnus_robot/src/ros2_canopen/install/canopen_interfaces/local/lib/python3.10/dist-packages/canopen_interfaces/srv/_co_read.py
[0.599s] -- Up-to-date: /home/starnus/starnus/starnus_robot_sim/starnus_robot/src/ros2_canopen/install/canopen_interfaces/local/lib/python3.10/dist-packages/canopen_interfaces/srv/_co_read_id.py
[0.599s] -- Up-to-date: /home/starnus/starnus/starnus_robot_sim/starnus_robot/src/ros2_canopen/install/canopen_interfaces/local/lib/python3.10/dist-packages/canopen_interfaces/srv/_co_read_id_s.c
[0.599s] -- Up-to-date: /home/starnus/starnus/starnus_robot_sim/starnus_robot/src/ros2_canopen/install/canopen_interfaces/local/lib/python3.10/dist-packages/canopen_interfaces/srv/_co_node.py
[0.599s] -- Up-to-date: /home/starnus/starnus/starnus_robot_sim/starnus_robot/src/ros2_canopen/install/canopen_interfaces/local/lib/python3.10/dist-packages/canopen_interfaces/srv/__init__.py
[0.599s] -- Up-to-date: /home/starnus/starnus/starnus_robot_sim/starnus_robot/src/ros2_canopen/install/canopen_interfaces/local/lib/python3.10/dist-packages/canopen_interfaces/srv/_co_write_id_s.c
[0.599s] -- Up-to-date: /home/starnus/starnus/starnus_robot_sim/starnus_robot/src/ros2_canopen/install/canopen_interfaces/local/lib/python3.10/dist-packages/canopen_interfaces/srv/_co_write.py
[0.599s] -- Up-to-date: /home/starnus/starnus/starnus_robot_sim/starnus_robot/src/ros2_canopen/install/canopen_interfaces/local/lib/python3.10/dist-packages/canopen_interfaces/srv/_co_nmt_id_s.c
[0.600s] -- Up-to-date: /home/starnus/starnus/starnus_robot_sim/starnus_robot/src/ros2_canopen/install/canopen_interfaces/local/lib/python3.10/dist-packages/canopen_interfaces/srv/_co_write_s.c
[0.600s] -- Up-to-date: /home/starnus/starnus/starnus_robot_sim/starnus_robot/src/ros2_canopen/install/canopen_interfaces/local/lib/python3.10/dist-packages/canopen_interfaces/srv/_co_target_double.py
[0.600s] -- Up-to-date: /home/starnus/starnus/starnus_robot_sim/starnus_robot/src/ros2_canopen/install/canopen_interfaces/local/lib/python3.10/dist-packages/canopen_interfaces/srv/_co_heartbeat_id.py
[0.600s] -- Up-to-date: /home/starnus/starnus/starnus_robot_sim/starnus_robot/src/ros2_canopen/install/canopen_interfaces/local/lib/python3.10/dist-packages/canopen_interfaces/srv/_co_write_id.py
[0.600s] -- Up-to-date: /home/starnus/starnus/starnus_robot_sim/starnus_robot/src/ros2_canopen/install/canopen_interfaces/local/lib/python3.10/dist-packages/canopen_interfaces/srv/_co_heartbeat_id_s.c
[0.600s] -- Up-to-date: /home/starnus/starnus/starnus_robot_sim/starnus_robot/src/ros2_canopen/install/canopen_interfaces/local/lib/python3.10/dist-packages/canopen_interfaces/srv/_co_node_s.c
[0.600s] -- Up-to-date: /home/starnus/starnus/starnus_robot_sim/starnus_robot/src/ros2_canopen/install/canopen_interfaces/local/lib/python3.10/dist-packages/canopen_interfaces/srv/_co_read_s.c
[0.600s] -- Up-to-date: /home/starnus/starnus/starnus_robot_sim/starnus_robot/src/ros2_canopen/install/canopen_interfaces/local/lib/python3.10/dist-packages/canopen_interfaces/srv/_co_target_double_s.c
[0.600s] -- Up-to-date: /home/starnus/starnus/starnus_robot_sim/starnus_robot/src/ros2_canopen/install/canopen_interfaces/local/lib/python3.10/dist-packages/canopen_interfaces/_canopen_interfaces_s.ep.rosidl_typesupport_fastrtps_c.c
[0.600s] -- Up-to-date: /home/starnus/starnus/starnus_robot_sim/starnus_robot/src/ros2_canopen/install/canopen_interfaces/local/lib/python3.10/dist-packages/canopen_interfaces/_canopen_interfaces_s.ep.rosidl_typesupport_introspection_c.c
[0.600s] -- Up-to-date: /home/starnus/starnus/starnus_robot_sim/starnus_robot/src/ros2_canopen/install/canopen_interfaces/local/lib/python3.10/dist-packages/canopen_interfaces/_canopen_interfaces_s.ep.rosidl_typesupport_c.c
[0.600s] -- Up-to-date: /home/starnus/starnus/starnus_robot_sim/starnus_robot/src/ros2_canopen/install/canopen_interfaces/local/lib/python3.10/dist-packages/canopen_interfaces/canopen_interfaces_s__rosidl_typesupport_fastrtps_c.cpython-310-x86_64-linux-gnu.so
[0.626s] Listing '/home/starnus/starnus/starnus_robot_sim/starnus_robot/src/ros2_canopen/install/canopen_interfaces/local/lib/python3.10/dist-packages/canopen_interfaces'...
[0.626s] Listing '/home/starnus/starnus/starnus_robot_sim/starnus_robot/src/ros2_canopen/install/canopen_interfaces/local/lib/python3.10/dist-packages/canopen_interfaces/msg'...
[0.626s] Listing '/home/starnus/starnus/starnus_robot_sim/starnus_robot/src/ros2_canopen/install/canopen_interfaces/local/lib/python3.10/dist-packages/canopen_interfaces/srv'...
[0.629s] -- Up-to-date: /home/starnus/starnus/starnus_robot_sim/starnus_robot/src/ros2_canopen/install/canopen_interfaces/local/lib/python3.10/dist-packages/canopen_interfaces/canopen_interfaces_s__rosidl_typesupport_fastrtps_c.cpython-310-x86_64-linux-gnu.so
[0.629s] -- Up-to-date: /home/starnus/starnus/starnus_robot_sim/starnus_robot/src/ros2_canopen/install/canopen_interfaces/local/lib/python3.10/dist-packages/canopen_interfaces/canopen_interfaces_s__rosidl_typesupport_introspection_c.cpython-310-x86_64-linux-gnu.so
[0.629s] -- Up-to-date: /home/starnus/starnus/starnus_robot_sim/starnus_robot/src/ros2_canopen/install/canopen_interfaces/local/lib/python3.10/dist-packages/canopen_interfaces/canopen_interfaces_s__rosidl_typesupport_c.cpython-310-x86_64-linux-gnu.so
[0.630s] -- Up-to-date: /home/starnus/starnus/starnus_robot_sim/starnus_robot/src/ros2_canopen/install/canopen_interfaces/lib/libcanopen_interfaces__rosidl_generator_py.so
[0.630s] -- Up-to-date: /home/starnus/starnus/starnus_robot_sim/starnus_robot/src/ros2_canopen/install/canopen_interfaces/share/canopen_interfaces/srv/COHeartbeatID.idl
[0.630s] -- Up-to-date: /home/starnus/starnus/starnus_robot_sim/starnus_robot/src/ros2_canopen/install/canopen_interfaces/share/canopen_interfaces/srv/CONmtID.idl
[0.630s] -- Up-to-date: /home/starnus/starnus/starnus_robot_sim/starnus_robot/src/ros2_canopen/install/canopen_interfaces/share/canopen_interfaces/srv/CORead.idl
[0.630s] -- Up-to-date: /home/starnus/starnus/starnus_robot_sim/starnus_robot/src/ros2_canopen/install/canopen_interfaces/share/canopen_interfaces/srv/COReadID.idl
[0.630s] -- Up-to-date: /home/starnus/starnus/starnus_robot_sim/starnus_robot/src/ros2_canopen/install/canopen_interfaces/share/canopen_interfaces/srv/COWrite.idl
[0.630s] -- Up-to-date: /home/starnus/starnus/starnus_robot_sim/starnus_robot/src/ros2_canopen/install/canopen_interfaces/share/canopen_interfaces/srv/COWriteID.idl
[0.630s] -- Up-to-date: /home/starnus/starnus/starnus_robot_sim/starnus_robot/src/ros2_canopen/install/canopen_interfaces/share/canopen_interfaces/srv/COTargetDouble.idl
[0.630s] -- Up-to-date: /home/starnus/starnus/starnus_robot_sim/starnus_robot/src/ros2_canopen/install/canopen_interfaces/share/canopen_interfaces/srv/CONode.idl
[0.630s] -- Up-to-date: /home/starnus/starnus/starnus_robot_sim/starnus_robot/src/ros2_canopen/install/canopen_interfaces/share/canopen_interfaces/msg/COData.idl
[0.630s] -- Up-to-date: /home/starnus/starnus/starnus_robot_sim/starnus_robot/src/ros2_canopen/install/canopen_interfaces/share/canopen_interfaces/srv/COHeartbeatID.srv
[0.630s] -- Up-to-date: /home/starnus/starnus/starnus_robot_sim/starnus_robot/src/ros2_canopen/install/canopen_interfaces/share/canopen_interfaces/srv/COHeartbeatID_Request.msg
[0.630s] -- Up-to-date: /home/starnus/starnus/starnus_robot_sim/starnus_robot/src/ros2_canopen/install/canopen_interfaces/share/canopen_interfaces/srv/COHeartbeatID_Response.msg
[0.630s] -- Up-to-date: /home/starnus/starnus/starnus_robot_sim/starnus_robot/src/ros2_canopen/install/canopen_interfaces/share/canopen_interfaces/srv/CONmtID.srv
[0.630s] -- Up-to-date: /home/starnus/starnus/starnus_robot_sim/starnus_robot/src/ros2_canopen/install/canopen_interfaces/share/canopen_interfaces/srv/CONmtID_Request.msg
[0.630s] -- Up-to-date: /home/starnus/starnus/starnus_robot_sim/starnus_robot/src/ros2_canopen/install/canopen_interfaces/share/canopen_interfaces/srv/CONmtID_Response.msg
[0.630s] -- Up-to-date: /home/starnus/starnus/starnus_robot_sim/starnus_robot/src/ros2_canopen/install/canopen_interfaces/share/canopen_interfaces/srv/CORead.srv
[0.630s] -- Up-to-date: /home/starnus/starnus/starnus_robot_sim/starnus_robot/src/ros2_canopen/install/canopen_interfaces/share/canopen_interfaces/srv/CORead_Request.msg
[0.630s] -- Up-to-date: /home/starnus/starnus/starnus_robot_sim/starnus_robot/src/ros2_canopen/install/canopen_interfaces/share/canopen_interfaces/srv/CORead_Response.msg
[0.630s] -- Up-to-date: /home/starnus/starnus/starnus_robot_sim/starnus_robot/src/ros2_canopen/install/canopen_interfaces/share/canopen_interfaces/srv/COReadID.srv
[0.630s] -- Up-to-date: /home/starnus/starnus/starnus_robot_sim/starnus_robot/src/ros2_canopen/install/canopen_interfaces/share/canopen_interfaces/srv/COReadID_Request.msg
[0.630s] -- Up-to-date: /home/starnus/starnus/starnus_robot_sim/starnus_robot/src/ros2_canopen/install/canopen_interfaces/share/canopen_interfaces/srv/COReadID_Response.msg
[0.630s] -- Up-to-date: /home/starnus/starnus/starnus_robot_sim/starnus_robot/src/ros2_canopen/install/canopen_interfaces/share/canopen_interfaces/srv/COWrite.srv
[0.630s] -- Up-to-date: /home/starnus/starnus/starnus_robot_sim/starnus_robot/src/ros2_canopen/install/canopen_interfaces/share/canopen_interfaces/srv/COWrite_Request.msg
[0.630s] -- Up-to-date: /home/starnus/starnus/starnus_robot_sim/starnus_robot/src/ros2_canopen/install/canopen_interfaces/share/canopen_interfaces/srv/COWrite_Response.msg
[0.630s] -- Up-to-date: /home/starnus/starnus/starnus_robot_sim/starnus_robot/src/ros2_canopen/install/canopen_interfaces/share/canopen_interfaces/srv/COWriteID.srv
[0.631s] -- Up-to-date: /home/starnus/starnus/starnus_robot_sim/starnus_robot/src/ros2_canopen/install/canopen_interfaces/share/canopen_interfaces/srv/COWriteID_Request.msg
[0.631s] -- Up-to-date: /home/starnus/starnus/starnus_robot_sim/starnus_robot/src/ros2_canopen/install/canopen_interfaces/share/canopen_interfaces/srv/COWriteID_Response.msg
[0.631s] -- Up-to-date: /home/starnus/starnus/starnus_robot_sim/starnus_robot/src/ros2_canopen/install/canopen_interfaces/share/canopen_interfaces/srv/COTargetDouble.srv
[0.631s] -- Up-to-date: /home/starnus/starnus/starnus_robot_sim/starnus_robot/src/ros2_canopen/install/canopen_interfaces/share/canopen_interfaces/srv/COTargetDouble_Request.msg
[0.631s] -- Up-to-date: /home/starnus/starnus/starnus_robot_sim/starnus_robot/src/ros2_canopen/install/canopen_interfaces/share/canopen_interfaces/srv/COTargetDouble_Response.msg
[0.631s] -- Up-to-date: /home/starnus/starnus/starnus_robot_sim/starnus_robot/src/ros2_canopen/install/canopen_interfaces/share/canopen_interfaces/srv/CONode.srv
[0.631s] -- Up-to-date: /home/starnus/starnus/starnus_robot_sim/starnus_robot/src/ros2_canopen/install/canopen_interfaces/share/canopen_interfaces/srv/CONode_Request.msg
[0.631s] -- Up-to-date: /home/starnus/starnus/starnus_robot_sim/starnus_robot/src/ros2_canopen/install/canopen_interfaces/share/canopen_interfaces/srv/CONode_Response.msg
[0.631s] -- Up-to-date: /home/starnus/starnus/starnus_robot_sim/starnus_robot/src/ros2_canopen/install/canopen_interfaces/share/canopen_interfaces/msg/COData.msg
[0.631s] -- Up-to-date: /home/starnus/starnus/starnus_robot_sim/starnus_robot/src/ros2_canopen/install/canopen_interfaces/share/ament_index/resource_index/package_run_dependencies/canopen_interfaces
[0.631s] -- Up-to-date: /home/starnus/starnus/starnus_robot_sim/starnus_robot/src/ros2_canopen/install/canopen_interfaces/share/ament_index/resource_index/parent_prefix_path/canopen_interfaces
[0.631s] -- Up-to-date: /home/starnus/starnus/starnus_robot_sim/starnus_robot/src/ros2_canopen/install/canopen_interfaces/share/canopen_interfaces/environment/ament_prefix_path.sh
[0.631s] -- Up-to-date: /home/starnus/starnus/starnus_robot_sim/starnus_robot/src/ros2_canopen/install/canopen_interfaces/share/canopen_interfaces/environment/ament_prefix_path.dsv
[0.631s] -- Up-to-date: /home/starnus/starnus/starnus_robot_sim/starnus_robot/src/ros2_canopen/install/canopen_interfaces/share/canopen_interfaces/environment/path.sh
[0.631s] -- Up-to-date: /home/starnus/starnus/starnus_robot_sim/starnus_robot/src/ros2_canopen/install/canopen_interfaces/share/canopen_interfaces/environment/path.dsv
[0.631s] -- Up-to-date: /home/starnus/starnus/starnus_robot_sim/starnus_robot/src/ros2_canopen/install/canopen_interfaces/share/canopen_interfaces/local_setup.bash
[0.631s] -- Up-to-date: /home/starnus/starnus/starnus_robot_sim/starnus_robot/src/ros2_canopen/install/canopen_interfaces/share/canopen_interfaces/local_setup.sh
[0.631s] -- Up-to-date: /home/starnus/starnus/starnus_robot_sim/starnus_robot/src/ros2_canopen/install/canopen_interfaces/share/canopen_interfaces/local_setup.zsh
[0.631s] -- Up-to-date: /home/starnus/starnus/starnus_robot_sim/starnus_robot/src/ros2_canopen/install/canopen_interfaces/share/canopen_interfaces/local_setup.dsv
[0.631s] -- Installing: /home/starnus/starnus/starnus_robot_sim/starnus_robot/src/ros2_canopen/install/canopen_interfaces/share/canopen_interfaces/package.dsv
[0.631s] -- Up-to-date: /home/starnus/starnus/starnus_robot_sim/starnus_robot/src/ros2_canopen/install/canopen_interfaces/share/ament_index/resource_index/packages/canopen_interfaces
[0.631s] -- Up-to-date: /home/starnus/starnus/starnus_robot_sim/starnus_robot/src/ros2_canopen/install/canopen_interfaces/share/canopen_interfaces/cmake/export_canopen_interfaces__rosidl_generator_cExport.cmake
[0.631s] -- Up-to-date: /home/starnus/starnus/starnus_robot_sim/starnus_robot/src/ros2_canopen/install/canopen_interfaces/share/canopen_interfaces/cmake/export_canopen_interfaces__rosidl_generator_cExport-noconfig.cmake
[0.632s] -- Up-to-date: /home/starnus/starnus/starnus_robot_sim/starnus_robot/src/ros2_canopen/install/canopen_interfaces/share/canopen_interfaces/cmake/export_canopen_interfaces__rosidl_typesupport_fastrtps_cExport.cmake
[0.632s] -- Up-to-date: /home/starnus/starnus/starnus_robot_sim/starnus_robot/src/ros2_canopen/install/canopen_interfaces/share/canopen_interfaces/cmake/export_canopen_interfaces__rosidl_typesupport_fastrtps_cExport-noconfig.cmake
[0.632s] -- Up-to-date: /home/starnus/starnus/starnus_robot_sim/starnus_robot/src/ros2_canopen/install/canopen_interfaces/share/canopen_interfaces/cmake/canopen_interfaces__rosidl_typesupport_introspection_cExport.cmake
[0.632s] -- Up-to-date: /home/starnus/starnus/starnus_robot_sim/starnus_robot/src/ros2_canopen/install/canopen_interfaces/share/canopen_interfaces/cmake/canopen_interfaces__rosidl_typesupport_introspection_cExport-noconfig.cmake
[0.632s] -- Up-to-date: /home/starnus/starnus/starnus_robot_sim/starnus_robot/src/ros2_canopen/install/canopen_interfaces/share/canopen_interfaces/cmake/canopen_interfaces__rosidl_typesupport_cExport.cmake
[0.632s] -- Up-to-date: /home/starnus/starnus/starnus_robot_sim/starnus_robot/src/ros2_canopen/install/canopen_interfaces/share/canopen_interfaces/cmake/canopen_interfaces__rosidl_typesupport_cExport-noconfig.cmake
[0.632s] -- Up-to-date: /home/starnus/starnus/starnus_robot_sim/starnus_robot/src/ros2_canopen/install/canopen_interfaces/share/canopen_interfaces/cmake/export_canopen_interfaces__rosidl_generator_cppExport.cmake
[0.632s] -- Up-to-date: /home/starnus/starnus/starnus_robot_sim/starnus_robot/src/ros2_canopen/install/canopen_interfaces/share/canopen_interfaces/cmake/export_canopen_interfaces__rosidl_typesupport_fastrtps_cppExport.cmake
[0.632s] -- Up-to-date: /home/starnus/starnus/starnus_robot_sim/starnus_robot/src/ros2_canopen/install/canopen_interfaces/share/canopen_interfaces/cmake/export_canopen_interfaces__rosidl_typesupport_fastrtps_cppExport-noconfig.cmake
[0.633s] -- Up-to-date: /home/starnus/starnus/starnus_robot_sim/starnus_robot/src/ros2_canopen/install/canopen_interfaces/share/canopen_interfaces/cmake/canopen_interfaces__rosidl_typesupport_introspection_cppExport.cmake
[0.633s] -- Up-to-date: /home/starnus/starnus/starnus_robot_sim/starnus_robot/src/ros2_canopen/install/canopen_interfaces/share/canopen_interfaces/cmake/canopen_interfaces__rosidl_typesupport_introspection_cppExport-noconfig.cmake
[0.633s] -- Up-to-date: /home/starnus/starnus/starnus_robot_sim/starnus_robot/src/ros2_canopen/install/canopen_interfaces/share/canopen_interfaces/cmake/canopen_interfaces__rosidl_typesupport_cppExport.cmake
[0.633s] -- Up-to-date: /home/starnus/starnus/starnus_robot_sim/starnus_robot/src/ros2_canopen/install/canopen_interfaces/share/canopen_interfaces/cmake/canopen_interfaces__rosidl_typesupport_cppExport-noconfig.cmake
[0.633s] -- Up-to-date: /home/starnus/starnus/starnus_robot_sim/starnus_robot/src/ros2_canopen/install/canopen_interfaces/share/canopen_interfaces/cmake/export_canopen_interfaces__rosidl_generator_pyExport.cmake
[0.633s] -- Up-to-date: /home/starnus/starnus/starnus_robot_sim/starnus_robot/src/ros2_canopen/install/canopen_interfaces/share/canopen_interfaces/cmake/export_canopen_interfaces__rosidl_generator_pyExport-noconfig.cmake
[0.633s] -- Up-to-date: /home/starnus/starnus/starnus_robot_sim/starnus_robot/src/ros2_canopen/install/canopen_interfaces/share/canopen_interfaces/cmake/rosidl_cmake-extras.cmake
[0.633s] -- Up-to-date: /home/starnus/starnus/starnus_robot_sim/starnus_robot/src/ros2_canopen/install/canopen_interfaces/share/canopen_interfaces/cmake/ament_cmake_export_include_directories-extras.cmake
[0.633s] -- Up-to-date: /home/starnus/starnus/starnus_robot_sim/starnus_robot/src/ros2_canopen/install/canopen_interfaces/share/canopen_interfaces/cmake/ament_cmake_export_libraries-extras.cmake
[0.633s] -- Up-to-date: /home/starnus/starnus/starnus_robot_sim/starnus_robot/src/ros2_canopen/install/canopen_interfaces/share/canopen_interfaces/cmake/ament_cmake_export_targets-extras.cmake
[0.633s] -- Up-to-date: /home/starnus/starnus/starnus_robot_sim/starnus_robot/src/ros2_canopen/install/canopen_interfaces/share/canopen_interfaces/cmake/rosidl_cmake_export_typesupport_targets-extras.cmake
[0.633s] -- Up-to-date: /home/starnus/starnus/starnus_robot_sim/starnus_robot/src/ros2_canopen/install/canopen_interfaces/share/canopen_interfaces/cmake/ament_cmake_export_dependencies-extras.cmake
[0.633s] -- Up-to-date: /home/starnus/starnus/starnus_robot_sim/starnus_robot/src/ros2_canopen/install/canopen_interfaces/share/canopen_interfaces/cmake/rosidl_cmake_export_typesupport_libraries-extras.cmake
[0.633s] -- Up-to-date: /home/starnus/starnus/starnus_robot_sim/starnus_robot/src/ros2_canopen/install/canopen_interfaces/share/canopen_interfaces/cmake/canopen_interfacesConfig.cmake
[0.633s] -- Up-to-date: /home/starnus/starnus/starnus_robot_sim/starnus_robot/src/ros2_canopen/install/canopen_interfaces/share/canopen_interfaces/cmake/canopen_interfacesConfig-version.cmake
[0.633s] -- Up-to-date: /home/starnus/starnus/starnus_robot_sim/starnus_robot/src/ros2_canopen/install/canopen_interfaces/share/canopen_interfaces/package.xml
[0.635s] Invoked command in '/home/starnus/starnus/starnus_robot_sim/starnus_robot/src/ros2_canopen/build/canopen_interfaces' returned '0': CMAKE_PREFIX_PATH=${CMAKE_PREFIX_PATH}:/home/starnus/starnus/starnus_robot_sim/starnus_robot/install/starnus_viz:/home/starnus/starnus/starnus_robot_sim/starnus_robot/install/starnus_slam:/home/starnus/starnus/starnus_robot_sim/starnus_robot/install/starnus_rmf_panel:/home/starnus/starnus/starnus_robot_sim/starnus_robot/install/starnus_rmf_fleet_adapter:/home/starnus/starnus/starnus_robot_sim/starnus_robot/install/starnus_pallet_localisation:/home/starnus/starnus/starnus_robot_sim/starnus_robot/install/starnus_driver:/home/starnus/starnus/starnus_robot_sim/starnus_robot/install/starnus_description:/home/starnus/starnus/starnus_robot_sim/starnus_robot/install/starnus_bringup:/home/starnus/starnus/starnus_robot_sim/starnus_robot/install/starnus:/home/starnus/starnus/starnus_robot_sim/starnus_robot/install/canopen_utils:/home/starnus/starnus_robot/install/wms_bridge:/home/starnus/starnus_robot/install/starnus_viz:/home/starnus/starnus_robot/install/starnus_slam:/home/starnus/starnus_robot/install/starnus_sim:/home/starnus/starnus_robot/install/starnus_rmf_panel:/home/starnus/starnus_robot/install/starnus_rmf_fleet_adapter:/home/starnus/starnus_robot/install/starnus_pallet_localisation:/home/starnus/starnus_robot/install/starnus_navigation:/home/starnus/starnus_robot/install/starnus_driver:/home/starnus/starnus_robot/install/starnus_description:/home/starnus/starnus_robot/install/starnus_bringup:/home/starnus/starnus_robot/install/starnus_arduino_comms:/home/starnus/starnus_robot/install/starnus:/opt/ros/humble /usr/bin/cmake --install /home/starnus/starnus/starnus_robot_sim/starnus_robot/src/ros2_canopen/build/canopen_interfaces
