running egg_info
writing ../build/canopen_utils/canopen_utils.egg-info/PKG-INFO
writing dependency_links to ../build/canopen_utils/canopen_utils.egg-info/dependency_links.txt
writing entry points to ../build/canopen_utils/canopen_utils.egg-info/entry_points.txt
writing requirements to ../build/canopen_utils/canopen_utils.egg-info/requires.txt
writing top-level names to ../build/canopen_utils/canopen_utils.egg-info/top_level.txt
reading manifest file '../build/canopen_utils/canopen_utils.egg-info/SOURCES.txt'
adding license file 'LICENSE'
writing manifest file '../build/canopen_utils/canopen_utils.egg-info/SOURCES.txt'
running build
running build_py
copying canopen_utils/launch_test_node.py -> /home/starnus/starnus/starnus_robot_sim/starnus_robot/src/ros2_canopen/build/canopen_utils/build/lib/canopen_utils
copying canopen_utils/test_node.py -> /home/starnus/starnus/starnus_robot_sim/starnus_robot/src/ros2_canopen/build/canopen_utils/build/lib/canopen_utils
copying canopen_utils/simple_rpdo_tpdo_tester.py -> /home/starnus/starnus/starnus_robot_sim/starnus_robot/src/ros2_canopen/build/canopen_utils/build/lib/canopen_utils
copying canopen_utils/cyclic_tester.py -> /home/starnus/starnus/starnus_robot_sim/starnus_robot/src/ros2_canopen/build/canopen_utils/build/lib/canopen_utils
running install
running install_lib
copying /home/starnus/starnus/starnus_robot_sim/starnus_robot/src/ros2_canopen/build/canopen_utils/build/lib/canopen_utils/launch_test_node.py -> /home/starnus/starnus/starnus_robot_sim/starnus_robot/src/ros2_canopen/install/canopen_utils/lib/python3.10/site-packages/canopen_utils
copying /home/starnus/starnus/starnus_robot_sim/starnus_robot/src/ros2_canopen/build/canopen_utils/build/lib/canopen_utils/test_node.py -> /home/starnus/starnus/starnus_robot_sim/starnus_robot/src/ros2_canopen/install/canopen_utils/lib/python3.10/site-packages/canopen_utils
copying /home/starnus/starnus/starnus_robot_sim/starnus_robot/src/ros2_canopen/build/canopen_utils/build/lib/canopen_utils/simple_rpdo_tpdo_tester.py -> /home/starnus/starnus/starnus_robot_sim/starnus_robot/src/ros2_canopen/install/canopen_utils/lib/python3.10/site-packages/canopen_utils
copying /home/starnus/starnus/starnus_robot_sim/starnus_robot/src/ros2_canopen/build/canopen_utils/build/lib/canopen_utils/cyclic_tester.py -> /home/starnus/starnus/starnus_robot_sim/starnus_robot/src/ros2_canopen/install/canopen_utils/lib/python3.10/site-packages/canopen_utils
byte-compiling /home/starnus/starnus/starnus_robot_sim/starnus_robot/src/ros2_canopen/install/canopen_utils/lib/python3.10/site-packages/canopen_utils/launch_test_node.py to launch_test_node.cpython-310.pyc
byte-compiling /home/starnus/starnus/starnus_robot_sim/starnus_robot/src/ros2_canopen/install/canopen_utils/lib/python3.10/site-packages/canopen_utils/test_node.py to test_node.cpython-310.pyc
byte-compiling /home/starnus/starnus/starnus_robot_sim/starnus_robot/src/ros2_canopen/install/canopen_utils/lib/python3.10/site-packages/canopen_utils/simple_rpdo_tpdo_tester.py to simple_rpdo_tpdo_tester.cpython-310.pyc
byte-compiling /home/starnus/starnus/starnus_robot_sim/starnus_robot/src/ros2_canopen/install/canopen_utils/lib/python3.10/site-packages/canopen_utils/cyclic_tester.py to cyclic_tester.cpython-310.pyc
running install_data
running install_egg_info
removing '/home/starnus/starnus/starnus_robot_sim/starnus_robot/src/ros2_canopen/install/canopen_utils/lib/python3.10/site-packages/canopen_utils-0.2.7-py3.10.egg-info' (and everything under it)
Copying ../build/canopen_utils/canopen_utils.egg-info to /home/starnus/starnus/starnus_robot_sim/starnus_robot/src/ros2_canopen/install/canopen_utils/lib/python3.10/site-packages/canopen_utils-0.2.7-py3.10.egg-info
running install_scripts
Installing cyclic_tester script to /home/starnus/starnus/starnus_robot_sim/starnus_robot/src/ros2_canopen/install/canopen_utils/lib/canopen_utils
Installing simple_tester script to /home/starnus/starnus/starnus_robot_sim/starnus_robot/src/ros2_canopen/install/canopen_utils/lib/canopen_utils
writing list of installed files to '/home/starnus/starnus/starnus_robot_sim/starnus_robot/src/ros2_canopen/build/canopen_utils/install.log'
