[0.643s] Invoking command in '/home/starnus/starnus/starnus_robot_sim/starnus_robot/src/ros2_canopen/canopen_utils': AMENT_PREFIX_PATH=/home/starnus/starnus/starnus_robot_sim/starnus_robot/src/ros2_canopen/install/canopen_interfaces:${AMENT_PREFIX_PATH} CMAKE_PREFIX_PATH=/home/starnus/starnus/starnus_robot_sim/starnus_robot/src/ros2_canopen/install/canopen_interfaces:${CMAKE_PREFIX_PATH} LD_LIBRARY_PATH=/home/starnus/starnus/starnus_robot_sim/starnus_robot/src/ros2_canopen/install/canopen_interfaces/lib:${LD_LIBRARY_PATH} PYTHONPATH=/home/starnus/starnus/starnus_robot_sim/starnus_robot/src/ros2_canopen/build/canopen_utils/prefix_override:/home/starnus/starnus/starnus_robot_sim/starnus_robot/src/ros2_canopen/install/canopen_utils/lib/python3.10/site-packages:/home/starnus/starnus/starnus_robot_sim/starnus_robot/src/ros2_canopen/install/canopen_interfaces/local/lib/python3.10/dist-packages:${PYTHONPATH} /usr/bin/python3 setup.py egg_info --egg-base ../build/canopen_utils build --build-base /home/starnus/starnus/starnus_robot_sim/starnus_robot/src/ros2_canopen/build/canopen_utils/build install --record /home/starnus/starnus/starnus_robot_sim/starnus_robot/src/ros2_canopen/build/canopen_utils/install.log --single-version-externally-managed
[0.856s] running egg_info
[0.856s] writing ../build/canopen_utils/canopen_utils.egg-info/PKG-INFO
[0.856s] writing dependency_links to ../build/canopen_utils/canopen_utils.egg-info/dependency_links.txt
[0.856s] writing entry points to ../build/canopen_utils/canopen_utils.egg-info/entry_points.txt
[0.856s] writing requirements to ../build/canopen_utils/canopen_utils.egg-info/requires.txt
[0.856s] writing top-level names to ../build/canopen_utils/canopen_utils.egg-info/top_level.txt
[0.858s] reading manifest file '../build/canopen_utils/canopen_utils.egg-info/SOURCES.txt'
[0.859s] adding license file 'LICENSE'
[0.859s] writing manifest file '../build/canopen_utils/canopen_utils.egg-info/SOURCES.txt'
[0.859s] running build
[0.859s] running build_py
[0.859s] copying canopen_utils/launch_test_node.py -> /home/starnus/starnus/starnus_robot_sim/starnus_robot/src/ros2_canopen/build/canopen_utils/build/lib/canopen_utils
[0.859s] copying canopen_utils/test_node.py -> /home/starnus/starnus/starnus_robot_sim/starnus_robot/src/ros2_canopen/build/canopen_utils/build/lib/canopen_utils
[0.860s] copying canopen_utils/simple_rpdo_tpdo_tester.py -> /home/starnus/starnus/starnus_robot_sim/starnus_robot/src/ros2_canopen/build/canopen_utils/build/lib/canopen_utils
[0.860s] copying canopen_utils/cyclic_tester.py -> /home/starnus/starnus/starnus_robot_sim/starnus_robot/src/ros2_canopen/build/canopen_utils/build/lib/canopen_utils
[0.860s] running install
[0.860s] running install_lib
[0.860s] copying /home/starnus/starnus/starnus_robot_sim/starnus_robot/src/ros2_canopen/build/canopen_utils/build/lib/canopen_utils/launch_test_node.py -> /home/starnus/starnus/starnus_robot_sim/starnus_robot/src/ros2_canopen/install/canopen_utils/lib/python3.10/site-packages/canopen_utils
[0.860s] copying /home/starnus/starnus/starnus_robot_sim/starnus_robot/src/ros2_canopen/build/canopen_utils/build/lib/canopen_utils/test_node.py -> /home/starnus/starnus/starnus_robot_sim/starnus_robot/src/ros2_canopen/install/canopen_utils/lib/python3.10/site-packages/canopen_utils
[0.860s] copying /home/starnus/starnus/starnus_robot_sim/starnus_robot/src/ros2_canopen/build/canopen_utils/build/lib/canopen_utils/simple_rpdo_tpdo_tester.py -> /home/starnus/starnus/starnus_robot_sim/starnus_robot/src/ros2_canopen/install/canopen_utils/lib/python3.10/site-packages/canopen_utils
[0.861s] copying /home/starnus/starnus/starnus_robot_sim/starnus_robot/src/ros2_canopen/build/canopen_utils/build/lib/canopen_utils/cyclic_tester.py -> /home/starnus/starnus/starnus_robot_sim/starnus_robot/src/ros2_canopen/install/canopen_utils/lib/python3.10/site-packages/canopen_utils
[0.861s] byte-compiling /home/starnus/starnus/starnus_robot_sim/starnus_robot/src/ros2_canopen/install/canopen_utils/lib/python3.10/site-packages/canopen_utils/launch_test_node.py to launch_test_node.cpython-310.pyc
[0.862s] byte-compiling /home/starnus/starnus/starnus_robot_sim/starnus_robot/src/ros2_canopen/install/canopen_utils/lib/python3.10/site-packages/canopen_utils/test_node.py to test_node.cpython-310.pyc
[0.862s] byte-compiling /home/starnus/starnus/starnus_robot_sim/starnus_robot/src/ros2_canopen/install/canopen_utils/lib/python3.10/site-packages/canopen_utils/simple_rpdo_tpdo_tester.py to simple_rpdo_tpdo_tester.cpython-310.pyc
[0.863s] byte-compiling /home/starnus/starnus/starnus_robot_sim/starnus_robot/src/ros2_canopen/install/canopen_utils/lib/python3.10/site-packages/canopen_utils/cyclic_tester.py to cyclic_tester.cpython-310.pyc
[0.863s] running install_data
[0.864s] running install_egg_info
[0.865s] removing '/home/starnus/starnus/starnus_robot_sim/starnus_robot/src/ros2_canopen/install/canopen_utils/lib/python3.10/site-packages/canopen_utils-0.2.7-py3.10.egg-info' (and everything under it)
[0.865s] Copying ../build/canopen_utils/canopen_utils.egg-info to /home/starnus/starnus/starnus_robot_sim/starnus_robot/src/ros2_canopen/install/canopen_utils/lib/python3.10/site-packages/canopen_utils-0.2.7-py3.10.egg-info
[0.866s] running install_scripts
[0.881s] Installing cyclic_tester script to /home/starnus/starnus/starnus_robot_sim/starnus_robot/src/ros2_canopen/install/canopen_utils/lib/canopen_utils
[0.881s] Installing simple_tester script to /home/starnus/starnus/starnus_robot_sim/starnus_robot/src/ros2_canopen/install/canopen_utils/lib/canopen_utils
[0.882s] writing list of installed files to '/home/starnus/starnus/starnus_robot_sim/starnus_robot/src/ros2_canopen/build/canopen_utils/install.log'
[0.902s] Invoked command in '/home/starnus/starnus/starnus_robot_sim/starnus_robot/src/ros2_canopen/canopen_utils' returned '0': AMENT_PREFIX_PATH=/home/starnus/starnus/starnus_robot_sim/starnus_robot/src/ros2_canopen/install/canopen_interfaces:${AMENT_PREFIX_PATH} CMAKE_PREFIX_PATH=/home/starnus/starnus/starnus_robot_sim/starnus_robot/src/ros2_canopen/install/canopen_interfaces:${CMAKE_PREFIX_PATH} LD_LIBRARY_PATH=/home/starnus/starnus/starnus_robot_sim/starnus_robot/src/ros2_canopen/install/canopen_interfaces/lib:${LD_LIBRARY_PATH} PYTHONPATH=/home/starnus/starnus/starnus_robot_sim/starnus_robot/src/ros2_canopen/build/canopen_utils/prefix_override:/home/starnus/starnus/starnus_robot_sim/starnus_robot/src/ros2_canopen/install/canopen_utils/lib/python3.10/site-packages:/home/starnus/starnus/starnus_robot_sim/starnus_robot/src/ros2_canopen/install/canopen_interfaces/local/lib/python3.10/dist-packages:${PYTHONPATH} /usr/bin/python3 setup.py egg_info --egg-base ../build/canopen_utils build --build-base /home/starnus/starnus/starnus_robot_sim/starnus_robot/src/ros2_canopen/build/canopen_utils/build install --record /home/starnus/starnus/starnus_robot_sim/starnus_robot/src/ros2_canopen/build/canopen_utils/install.log --single-version-externally-managed
