Checking patch configure.ac...
Checking patch python/dcf-tools/Makefile.am...
Applied patch configure.ac cleanly.
Applied patch python/dcf-tools/Makefile.am cleanly.
configure.ac:17: warning: The macro `AC_PROG_CC_STDC' is obsolete.
configure.ac:17: You should run autoupdate.
./lib/autoconf/c.m4:1666: AC_PROG_CC_STDC is expanded from...
configure.ac:17: the top level
configure.ac:81: warning: $as_echo is obsolete; use AS_ECHO(["message"]) instead
lib/m4sugar/m4sh.m4:692: _AS_IF_ELSE is expanded from...
lib/m4sugar/m4sh.m4:699: AS_IF is expanded from...
./lib/autoconf/general.m4:2249: AC_CACHE_VAL is expanded from...
./lib/autoconf/general.m4:2270: AC_CACHE_CHECK is expanded from...
m4/ax_pthread.m4:88: AX_PTHREAD is expanded from...
lib/m4sugar/m4sh.m4:699: AS_IF is expanded from...
configure.ac:81: the top level
configure.ac:434: warning: AC_CHECK_HEADERS($ixxat_header): you should use literals
./lib/autoconf/headers.m4:217: AC_CHECK_HEADERS is expanded from...
lib/m4sugar/m4sh.m4:699: AS_IF is expanded from...
lib/m4sugar/m4sh.m4:699: AS_IF is expanded from...
configure.ac:434: the top level
libtool: warning: relinking 'liblely-tap.la'
libtool: warning: relinking 'liblely-util.la'
libtool: warning: relinking 'liblely-can.la'
libtool: warning: relinking 'liblely-co.la'
libtool: warning: relinking 'liblely-io.la'
libtool: warning: relinking 'liblely-ev.la'
libtool: warning: relinking 'liblely-io2.la'
libtool: warning: relinking 'liblely-coapp.la'
