[ 12%] [34m[1mPerforming update step for 'upstr_lely_core_libraries'[0m
[ 12%] Built target ament_cmake_python_copy_cogen
[ 12%] Built target ament_cmake_python_copy_cogen_setup
HEAD is now at 7824cbb2 release v2.3.2
[ 25%] [34m[1mNo patch step for 'upstr_lely_core_libraries'[0m
[ 37%] [34m[1mPerforming configure step for 'upstr_lely_core_libraries'[0m
running install_scripts
running egg_info
writing cogen.egg-info/PKG-INFO
writing dependency_links to cogen.egg-info/dependency_links.txt
writing entry points to cogen.egg-info/entry_points.txt
writing top-level names to cogen.egg-info/top_level.txt
reading manifest file 'cogen.egg-info/SOURCES.txt'
writing manifest file 'cogen.egg-info/SOURCES.txt'
running egg_info
writing cogen.egg-info/PKG-INFO
writing dependency_links to cogen.egg-info/dependency_links.txt
writing entry points to cogen.egg-info/entry_points.txt
writing top-level names to cogen.egg-info/top_level.txt
reading manifest file 'cogen.egg-info/SOURCES.txt'
writing manifest file 'cogen.egg-info/SOURCES.txt'
Installing cogen script to scripts
[ 37%] Built target ament_cmake_python_build_cogen_egg
[ 37%] Built target ament_cmake_python_build_cogen_scripts
checking build system type... x86_64-pc-linux-gnu
checking host system type... x86_64-pc-linux-gnu
checking target system type... x86_64-pc-linux-gnu
checking for a BSD-compatible install... /usr/bin/install -c
checking whether build environment is sane... yes
checking for a race-free mkdir -p... /usr/bin/mkdir -p
checking for gawk... no
checking for mawk... mawk
checking whether make sets $(MAKE)... yes
checking whether make supports nested variables... yes
checking whether to enable maintainer-specific portions of Makefiles... yes
checking whether make supports nested variables... (cached) yes
checking for a sed that does not truncate output... /usr/bin/sed
checking whether to build with code coverage support... no
checking for valgrind... no
checking whether make supports the include directive... yes (GNU style)
checking for gcc... gcc
checking whether the C compiler works... yes
checking for C compiler default output file name... a.out
checking for suffix of executables... 
checking whether we are cross compiling... no
checking for suffix of object files... o
checking whether the compiler supports GNU C... yes
checking whether gcc accepts -g... yes
checking for gcc option to enable C11 features... none needed
checking whether gcc understands -c and -o together... yes
checking dependency style of gcc... gcc3
checking for stdio.h... yes
checking for stdlib.h... yes
checking for string.h... yes
checking for inttypes.h... yes
checking for stdint.h... yes
checking for strings.h... yes
checking for sys/stat.h... yes
checking for sys/types.h... yes
checking for unistd.h... yes
checking for wchar.h... yes
checking for minix/config.h... no
checking whether it is safe to define __EXTENSIONS__... yes
checking whether _XOPEN_SOURCE should be defined... no
checking for g++... g++
checking whether the compiler supports GNU C++... yes
checking whether g++ accepts -g... yes
checking for g++ option to enable C++11 features... none needed
checking dependency style of g++... gcc3
checking whether g++ supports C++11 features with -std=gnu++11... yes
checking how to print strings... printf
checking for a sed that does not truncate output... (cached) /usr/bin/sed
checking for grep that handles long lines and -e... /usr/bin/grep
checking for egrep... /usr/bin/grep -E
checking for fgrep... /usr/bin/grep -F
checking for ld used by gcc... /usr/bin/ld
checking if the linker (/usr/bin/ld) is GNU ld... yes
checking for BSD- or MS-compatible name lister (nm)... /usr/bin/nm -B
checking the name lister (/usr/bin/nm -B) interface... BSD nm
checking whether ln -s works... yes
checking the maximum length of command line arguments... 1572864
checking how to convert x86_64-pc-linux-gnu file names to x86_64-pc-linux-gnu format... func_convert_file_noop
checking how to convert x86_64-pc-linux-gnu file names to toolchain format... func_convert_file_noop
checking for /usr/bin/ld option to reload object files... -r
checking for objdump... objdump
checking how to recognize dependent libraries... pass_all
checking for dlltool... no
checking how to associate runtime and link libraries... printf %s\n
checking for ar... ar
checking for archiver @FILE support... @
checking for strip... strip
checking for ranlib... ranlib
checking command to parse /usr/bin/nm -B output from gcc object... ok
checking for sysroot... no
checking for a working dd... /usr/bin/dd
checking how to truncate binary pipes... /usr/bin/dd bs=4096 count=1
checking for mt... mt
checking if mt is a manifest tool... no
checking for dlfcn.h... yes
checking for objdir... .libs
checking if gcc supports -fno-rtti -fno-exceptions... no
checking for gcc option to produce PIC... -fPIC -DPIC
checking if gcc PIC flag -fPIC -DPIC works... yes
checking if gcc static flag -static works... yes
checking if gcc supports -c -o file.o... yes
checking if gcc supports -c -o file.o... (cached) yes
checking whether the gcc linker (/usr/bin/ld -m elf_x86_64) supports shared libraries... yes
checking whether -lc should be explicitly linked in... no
checking dynamic linker characteristics... GNU/Linux ld.so
checking how to hardcode library paths into programs... immediate
checking whether stripping libraries is possible... yes
checking if libtool supports shared libraries... yes
checking whether to build shared libraries... yes
checking whether to build static libraries... no
checking how to run the C++ preprocessor... g++ -std=gnu++11 -E
checking for ld used by g++ -std=gnu++11... /usr/bin/ld -m elf_x86_64
checking if the linker (/usr/bin/ld -m elf_x86_64) is GNU ld... yes
checking whether the g++ -std=gnu++11 linker (/usr/bin/ld -m elf_x86_64) supports shared libraries... yes
checking for g++ -std=gnu++11 option to produce PIC... -fPIC -DPIC
checking if g++ -std=gnu++11 PIC flag -fPIC -DPIC works... yes
checking if g++ -std=gnu++11 static flag -static works... yes
checking if g++ -std=gnu++11 supports -c -o file.o... yes
checking if g++ -std=gnu++11 supports -c -o file.o... (cached) yes
checking whether the g++ -std=gnu++11 linker (/usr/bin/ld -m elf_x86_64) supports shared libraries... yes
checking dynamic linker characteristics... (cached) GNU/Linux ld.so
checking how to hardcode library paths into programs... immediate
checking for windres... no
checking for timer_create in -lrt... yes
checking how to run the C preprocessor... gcc -E
checking whether gcc is Clang... no
checking whether pthreads work with -pthread... yes
checking for joinable pthread attribute... PTHREAD_CREATE_JOINABLE
checking whether more special flags are required for pthreads... no
checking for PTHREAD_PRIO_INHERIT... yes
checking for pkg-config... /usr/bin/pkg-config
checking pkg-config is at least version 0.9.0... yes
checking for cpputest >= 4... no
checking for valgrind/valgrind.h... no
checking for linux/can.h... yes
checking for linux/can/error.h... yes
checking for bluetooth/bluetooth.h... no
checking for bluetooth/rfcomm.h... no
checking for library containing str2ba... no
checking for ifaddrs.h... yes
checking for linux/can/netlink.h... yes
checking for linux/can/raw.h... yes
checking for linux/rtnetlink.h... yes
checking for sys/epoll.h... yes
checking for sys/ioctl.h... yes
checking for a Python interpreter with version >= 3.3... python3
checking for python3... /usr/bin/python3
checking for python3 version... 3.10
checking for python3 platform... linux
checking for GNU default python3 prefix... ${prefix}
checking for GNU default python3 exec_prefix... ${exec_prefix}
checking for python3 script directory (pythondir)... ${PYTHON_PREFIX}/lib/python3.10/site-packages
checking for python3 extension module directory (pyexecdir)... ${PYTHON_EXEC_PREFIX}/lib/python3.10/site-packages
checking for gawk... (cached) mawk
checking that generated files are newer than configure... done
configure: creating ./config.status
config.status: creating doc/Doxyfile
config.status: creating doc/Makefile
config.status: creating include/Makefile
config.status: creating pkgconfig/liblely-can.pc
config.status: creating pkgconfig/liblely-co.pc
config.status: creating pkgconfig/liblely-coapp.pc
config.status: creating pkgconfig/liblely-ev.pc
config.status: creating pkgconfig/liblely-io.pc
config.status: creating pkgconfig/liblely-io2.pc
config.status: creating pkgconfig/liblely-libc.pc
config.status: creating pkgconfig/liblely-libc_rt.pc
config.status: creating pkgconfig/liblely-tap.pc
config.status: creating pkgconfig/liblely-util.pc
config.status: creating pkgconfig/Makefile
config.status: creating python/can/Makefile
config.status: creating python/dcf-tools/Makefile
config.status: creating python/io/Makefile
config.status: creating python/Makefile
config.status: creating src/can/Makefile
config.status: creating src/co/Makefile
config.status: creating src/co/version.rc
config.status: creating src/coapp/Makefile
config.status: creating src/coapp/version.rc
config.status: creating src/ev/Makefile
config.status: creating src/ev/version.rc
config.status: creating src/io/Makefile
config.status: creating src/io2/Makefile
config.status: creating src/io2/version.rc
config.status: creating src/libc/Makefile
config.status: creating src/libc/version.rc
config.status: creating src/tap/Makefile
config.status: creating src/tap/version.rc
config.status: creating src/util/Makefile
config.status: creating src/util/version.rc
config.status: creating src/Makefile
config.status: creating tools/Makefile
config.status: creating tools/version.dcf2c.rc
config.status: creating test/co-nmt-master.dcf
config.status: creating test/Makefile
config.status: creating unit-tests/Makefile
config.status: creating exec-wrapper.sh
config.status: creating lcov-wrapper.sh
config.status: creating Makefile
config.status: creating config.h
config.status: config.h is unchanged
config.status: executing depfiles commands
config.status: executing libtool commands
[ 50%] [34m[1mPerforming build step for 'upstr_lely_core_libraries'[0m
config.status: creating config.h
config.status: config.h is unchanged
Making all in doc
Making all in include
Making all in src
Making all in libc
Making all in tap
Making all in util
Making all in can
Making all in co
Making all in io
Making all in ev
Making all in io2
Making all in coapp
Making all in python
Making all in dcf-tools
Making all in pkgconfig
[ 62%] [34m[1mNo install step for 'upstr_lely_core_libraries'[0m
[ 75%] [34m[1mCompleted 'upstr_lely_core_libraries'[0m
[100%] Built target upstr_lely_core_libraries
-- Install configuration: ""
Making install in doc
gmake[1]: Entering directory '/home/starnus/starnus/starnus_robot_sim/starnus_robot/src/ros2_canopen/build/lely_core_libraries/build/doc'
gmake[2]: Entering directory '/home/starnus/starnus/starnus_robot_sim/starnus_robot/src/ros2_canopen/build/lely_core_libraries/build/doc'
gmake[2]: Nothing to be done for 'install-exec-am'.
gmake[2]: Nothing to be done for 'install-data-am'.
gmake[2]: Leaving directory '/home/starnus/starnus/starnus_robot_sim/starnus_robot/src/ros2_canopen/build/lely_core_libraries/build/doc'
gmake[1]: Leaving directory '/home/starnus/starnus/starnus_robot_sim/starnus_robot/src/ros2_canopen/build/lely_core_libraries/build/doc'
Making install in include
gmake[1]: Entering directory '/home/starnus/starnus/starnus_robot_sim/starnus_robot/src/ros2_canopen/build/lely_core_libraries/build/include'
gmake[2]: Entering directory '/home/starnus/starnus/starnus_robot_sim/starnus_robot/src/ros2_canopen/build/lely_core_libraries/build/include'
gmake[2]: Nothing to be done for 'install-exec-am'.
 /usr/bin/mkdir -p '/home/starnus/starnus/starnus_robot_sim/starnus_robot/src/ros2_canopen/install/lely_core_libraries/include'
 /usr/bin/mkdir -p '/home/starnus/starnus/starnus_robot_sim/starnus_robot/src/ros2_canopen/install/lely_core_libraries/include/lely/co'
 /usr/bin/install -c -m 644  /home/starnus/starnus/starnus_robot_sim/starnus_robot/src/ros2_canopen/build/lely_core_libraries/upstream/include/lely/co/co.h /home/starnus/starnus/starnus_robot_sim/starnus_robot/src/ros2_canopen/build/lely_core_libraries/upstream/include/lely/co/crc.h /home/starnus/starnus/starnus_robot_sim/starnus_robot/src/ros2_canopen/build/lely_core_libraries/upstream/include/lely/co/csdo.h /home/starnus/starnus/starnus_robot_sim/starnus_robot/src/ros2_canopen/build/lely_core_libraries/upstream/include/lely/co/csdo.hpp /home/starnus/starnus/starnus_robot_sim/starnus_robot/src/ros2_canopen/build/lely_core_libraries/upstream/include/lely/co/dcf.h /home/starnus/starnus/starnus_robot_sim/starnus_robot/src/ros2_canopen/build/lely_core_libraries/upstream/include/lely/co/dcf.hpp /home/starnus/starnus/starnus_robot_sim/starnus_robot/src/ros2_canopen/build/lely_core_libraries/upstream/include/lely/co/dev.h /home/starnus/starnus/starnus_robot_sim/starnus_robot/src/ros2_canopen/build/lely_core_libraries/upstream/include/lely/co/dev.hpp /home/starnus/starnus/starnus_robot_sim/starnus_robot/src/ros2_canopen/build/lely_core_libraries/upstream/include/lely/co/emcy.h /home/starnus/starnus/starnus_robot_sim/starnus_robot/src/ros2_canopen/build/lely_core_libraries/upstream/include/lely/co/emcy.hpp /home/starnus/starnus/starnus_robot_sim/starnus_robot/src/ros2_canopen/build/lely_core_libraries/upstream/include/lely/co/gw.h /home/starnus/starnus/starnus_robot_sim/starnus_robot/src/ros2_canopen/build/lely_core_libraries/upstream/include/lely/co/gw.hpp /home/starnus/starnus/starnus_robot_sim/starnus_robot/src/ros2_canopen/build/lely_core_libraries/upstream/include/lely/co/gw_txt.h /home/starnus/starnus/starnus_robot_sim/starnus_robot/src/ros2_canopen/build/lely_core_libraries/upstream/include/lely/co/gw_txt.hpp /home/starnus/starnus/starnus_robot_sim/starnus_robot/src/ros2_canopen/build/lely_core_libraries/upstream/include/lely/co/lss.h /home/starnus/starnus/starnus_robot_sim/starnus_robot/src/ros2_canopen/build/lely_core_libraries/upstream/include/lely/co/lss.hpp /home/starnus/starnus/starnus_robot_sim/starnus_robot/src/ros2_canopen/build/lely_core_libraries/upstream/include/lely/co/nmt.h /home/starnus/starnus/starnus_robot_sim/starnus_robot/src/ros2_canopen/build/lely_core_libraries/upstream/include/lely/co/nmt.hpp /home/starnus/starnus/starnus_robot_sim/starnus_robot/src/ros2_canopen/build/lely_core_libraries/upstream/include/lely/co/obj.h /home/starnus/starnus/starnus_robot_sim/starnus_robot/src/ros2_canopen/build/lely_core_libraries/upstream/include/lely/co/obj.hpp /home/starnus/starnus/starnus_robot_sim/starnus_robot/src/ros2_canopen/build/lely_core_libraries/upstream/include/lely/co/pdo.h /home/starnus/starnus/starnus_robot_sim/starnus_robot/src/ros2_canopen/build/lely_core_libraries/upstream/include/lely/co/rpdo.h /home/starnus/starnus/starnus_robot_sim/starnus_robot/src/ros2_canopen/build/lely_core_libraries/upstream/include/lely/co/rpdo.hpp /home/starnus/starnus/starnus_robot_sim/starnus_robot/src/ros2_canopen/build/lely_core_libraries/upstream/include/lely/co/sdev.h /home/starnus/starnus/starnus_robot_sim/starnus_robot/src/ros2_canopen/build/lely_core_libraries/upstream/include/lely/co/sdev.hpp /home/starnus/starnus/starnus_robot_sim/starnus_robot/src/ros2_canopen/build/lely_core_libraries/upstream/include/lely/co/sdo.h /home/starnus/starnus/starnus_robot_sim/starnus_robot/src/ros2_canopen/build/lely_core_libraries/upstream/include/lely/co/ssdo.h /home/starnus/starnus/starnus_robot_sim/starnus_robot/src/ros2_canopen/build/lely_core_libraries/upstream/include/lely/co/ssdo.hpp /home/starnus/starnus/starnus_robot_sim/starnus_robot/src/ros2_canopen/build/lely_core_libraries/upstream/include/lely/co/sync.h /home/starnus/starnus/starnus_robot_sim/starnus_robot/src/ros2_canopen/build/lely_core_libraries/upstream/include/lely/co/sync.hpp /home/starnus/starnus/starnus_robot_sim/starnus_robot/src/ros2_canopen/build/lely_core_libraries/upstream/include/lely/co/time.h /home/starnus/starnus/starnus_robot_sim/starnus_robot/src/ros2_canopen/build/lely_core_libraries/upstream/include/lely/co/time.hpp /home/starnus/starnus/starnus_robot_sim/starnus_robot/src/ros2_canopen/build/lely_core_libraries/upstream/include/lely/co/tpdo.h /home/starnus/starnus/starnus_robot_sim/starnus_robot/src/ros2_canopen/build/lely_core_libraries/upstream/include/lely/co/tpdo.hpp /home/starnus/starnus/starnus_robot_sim/starnus_robot/src/ros2_canopen/build/lely_core_libraries/upstream/include/lely/co/type.h /home/starnus/starnus/starnus_robot_sim/starnus_robot/src/ros2_canopen/build/lely_core_libraries/upstream/include/lely/co/type.hpp /home/starnus/starnus/starnus_robot_sim/starnus_robot/src/ros2_canopen/build/lely_core_libraries/upstream/include/lely/co/val.h /home/starnus/starnus/starnus_robot_sim/starnus_robot/src/ros2_canopen/build/lely_core_libraries/upstream/include/lely/co/val.hpp /home/starnus/starnus/starnus_robot_sim/starnus_robot/src/ros2_canopen/build/lely_core_libraries/upstream/include/lely/co/wtm.h /home/starnus/starnus/starnus_robot_sim/starnus_robot/src/ros2_canopen/build/lely_core_libraries/upstream/include/lely/co/wtm.hpp '/home/starnus/starnus/starnus_robot_sim/starnus_robot/src/ros2_canopen/install/lely_core_libraries/include/lely/co'
 /usr/bin/mkdir -p '/home/starnus/starnus/starnus_robot_sim/starnus_robot/src/ros2_canopen/install/lely_core_libraries/include/lely/io2/posix'
 /usr/bin/install -c -m 644  /home/starnus/starnus/starnus_robot_sim/starnus_robot/src/ros2_canopen/build/lely_core_libraries/upstream/include/lely/io2/posix/poll.h /home/starnus/starnus/starnus_robot_sim/starnus_robot/src/ros2_canopen/build/lely_core_libraries/upstream/include/lely/io2/posix/poll.hpp '/home/starnus/starnus/starnus_robot_sim/starnus_robot/src/ros2_canopen/install/lely_core_libraries/include/lely/io2/posix'
 /usr/bin/mkdir -p '/home/starnus/starnus/starnus_robot_sim/starnus_robot/src/ros2_canopen/install/lely_core_libraries/include/lely/can'
 /usr/bin/install -c -m 644  /home/starnus/starnus/starnus_robot_sim/starnus_robot/src/ros2_canopen/build/lely_core_libraries/upstream/include/lely/can/buf.h /home/starnus/starnus/starnus_robot_sim/starnus_robot/src/ros2_canopen/build/lely_core_libraries/upstream/include/lely/can/buf.hpp /home/starnus/starnus/starnus_robot_sim/starnus_robot/src/ros2_canopen/build/lely_core_libraries/upstream/include/lely/can/err.h /home/starnus/starnus/starnus_robot_sim/starnus_robot/src/ros2_canopen/build/lely_core_libraries/upstream/include/lely/can/msg.h /home/starnus/starnus/starnus_robot_sim/starnus_robot/src/ros2_canopen/build/lely_core_libraries/upstream/include/lely/can/net.h /home/starnus/starnus/starnus_robot_sim/starnus_robot/src/ros2_canopen/build/lely_core_libraries/upstream/include/lely/can/net.hpp /home/starnus/starnus/starnus_robot_sim/starnus_robot/src/ros2_canopen/build/lely_core_libraries/upstream/include/lely/can/socket.h '/home/starnus/starnus/starnus_robot_sim/starnus_robot/src/ros2_canopen/install/lely_core_libraries/include/lely/can'
 /usr/bin/mkdir -p '/home/starnus/starnus/starnus_robot_sim/starnus_robot/src/ros2_canopen/install/lely_core_libraries/include/lely/ev'
 /usr/bin/install -c -m 644  /home/starnus/starnus/starnus_robot_sim/starnus_robot/src/ros2_canopen/build/lely_core_libraries/upstream/include/lely/ev/co_task.hpp /home/starnus/starnus/starnus_robot_sim/starnus_robot/src/ros2_canopen/build/lely_core_libraries/upstream/include/lely/ev/ev.h /home/starnus/starnus/starnus_robot_sim/starnus_robot/src/ros2_canopen/build/lely_core_libraries/upstream/include/lely/ev/exec.h /home/starnus/starnus/starnus_robot_sim/starnus_robot/src/ros2_canopen/build/lely_core_libraries/upstream/include/lely/ev/exec.hpp /home/starnus/starnus/starnus_robot_sim/starnus_robot/src/ros2_canopen/build/lely_core_libraries/upstream/include/lely/ev/fiber_exec.h /home/starnus/starnus/starnus_robot_sim/starnus_robot/src/ros2_canopen/build/lely_core_libraries/upstream/include/lely/ev/fiber_exec.hpp /home/starnus/starnus/starnus_robot_sim/starnus_robot/src/ros2_canopen/build/lely_core_libraries/upstream/include/lely/ev/future.h /home/starnus/starnus/starnus_robot_sim/starnus_robot/src/ros2_canopen/build/lely_core_libraries/upstream/include/lely/ev/future.hpp /home/starnus/starnus/starnus_robot_sim/starnus_robot/src/ros2_canopen/build/lely_core_libraries/upstream/include/lely/ev/loop.h /home/starnus/starnus/starnus_robot_sim/starnus_robot/src/ros2_canopen/build/lely_core_libraries/upstream/include/lely/ev/loop.hpp /home/starnus/starnus/starnus_robot_sim/starnus_robot/src/ros2_canopen/build/lely_core_libraries/upstream/include/lely/ev/poll.h /home/starnus/starnus/starnus_robot_sim/starnus_robot/src/ros2_canopen/build/lely_core_libraries/upstream/include/lely/ev/poll.hpp /home/starnus/starnus/starnus_robot_sim/starnus_robot/src/ros2_canopen/build/lely_core_libraries/upstream/include/lely/ev/std_exec.h /home/starnus/starnus/starnus_robot_sim/starnus_robot/src/ros2_canopen/build/lely_core_libraries/upstream/include/lely/ev/strand.h /home/starnus/starnus/starnus_robot_sim/starnus_robot/src/ros2_canopen/build/lely_core_libraries/upstream/include/lely/ev/strand.hpp /home/starnus/starnus/starnus_robot_sim/starnus_robot/src/ros2_canopen/build/lely_core_libraries/upstream/include/lely/ev/task.h /home/starnus/starnus/starnus_robot_sim/starnus_robot/src/ros2_canopen/build/lely_core_libraries/upstream/include/lely/ev/task.hpp /home/starnus/starnus/starnus_robot_sim/starnus_robot/src/ros2_canopen/build/lely_core_libraries/upstream/include/lely/ev/thrd_loop.h /home/starnus/starnus/starnus_robot_sim/starnus_robot/src/ros2_canopen/build/lely_core_libraries/upstream/include/lely/ev/thrd_loop.hpp '/home/starnus/starnus/starnus_robot_sim/starnus_robot/src/ros2_canopen/install/lely_core_libraries/include/lely/ev'
 /usr/bin/mkdir -p '/home/starnus/starnus/starnus_robot_sim/starnus_robot/src/ros2_canopen/install/lely_core_libraries/include/lely/co/def'
 /usr/bin/install -c -m 644  /home/starnus/starnus/starnus_robot_sim/starnus_robot/src/ros2_canopen/build/lely_core_libraries/upstream/include/lely/co/def/array.def /home/starnus/starnus/starnus_robot_sim/starnus_robot/src/ros2_canopen/build/lely_core_libraries/upstream/include/lely/co/def/basic.def /home/starnus/starnus/starnus_robot_sim/starnus_robot/src/ros2_canopen/build/lely_core_libraries/upstream/include/lely/co/def/cxx.def /home/starnus/starnus/starnus_robot_sim/starnus_robot/src/ros2_canopen/build/lely_core_libraries/upstream/include/lely/co/def/time.def /home/starnus/starnus/starnus_robot_sim/starnus_robot/src/ros2_canopen/build/lely_core_libraries/upstream/include/lely/co/def/type.def '/home/starnus/starnus/starnus_robot_sim/starnus_robot/src/ros2_canopen/install/lely_core_libraries/include/lely/co/def'
 /usr/bin/mkdir -p '/home/starnus/starnus/starnus_robot_sim/starnus_robot/src/ros2_canopen/install/lely_core_libraries/include/lely'
 /usr/bin/install -c -m 644  /home/starnus/starnus/starnus_robot_sim/starnus_robot/src/ros2_canopen/build/lely_core_libraries/upstream/include/lely/features.h '/home/starnus/starnus/starnus_robot_sim/starnus_robot/src/ros2_canopen/install/lely_core_libraries/include/lely'
 /usr/bin/mkdir -p '/home/starnus/starnus/starnus_robot_sim/starnus_robot/src/ros2_canopen/install/lely_core_libraries/include/lely/io'
 /usr/bin/install -c -m 644  /home/starnus/starnus/starnus_robot_sim/starnus_robot/src/ros2_canopen/build/lely_core_libraries/upstream/include/lely/io/addr.h /home/starnus/starnus/starnus_robot_sim/starnus_robot/src/ros2_canopen/build/lely_core_libraries/upstream/include/lely/io/attr.h /home/starnus/starnus/starnus_robot_sim/starnus_robot/src/ros2_canopen/build/lely_core_libraries/upstream/include/lely/io/can.h /home/starnus/starnus/starnus_robot_sim/starnus_robot/src/ros2_canopen/build/lely_core_libraries/upstream/include/lely/io/can.hpp /home/starnus/starnus/starnus_robot_sim/starnus_robot/src/ros2_canopen/build/lely_core_libraries/upstream/include/lely/io/file.h /home/starnus/starnus/starnus_robot_sim/starnus_robot/src/ros2_canopen/build/lely_core_libraries/upstream/include/lely/io/file.hpp /home/starnus/starnus/starnus_robot_sim/starnus_robot/src/ros2_canopen/build/lely_core_libraries/upstream/include/lely/io/if.h /home/starnus/starnus/starnus_robot_sim/starnus_robot/src/ros2_canopen/build/lely_core_libraries/upstream/include/lely/io/io.h /home/starnus/starnus/starnus_robot_sim/starnus_robot/src/ros2_canopen/build/lely_core_libraries/upstream/include/lely/io/io.hpp /home/starnus/starnus/starnus_robot_sim/starnus_robot/src/ros2_canopen/build/lely_core_libraries/upstream/include/lely/io/pipe.h /home/starnus/starnus/starnus_robot_sim/starnus_robot/src/ros2_canopen/build/lely_core_libraries/upstream/include/lely/io/pipe.hpp /home/starnus/starnus/starnus_robot_sim/starnus_robot/src/ros2_canopen/build/lely_core_libraries/upstream/include/lely/io/poll.h /home/starnus/starnus/starnus_robot_sim/starnus_robot/src/ros2_canopen/build/lely_core_libraries/upstream/include/lely/io/poll.hpp /home/starnus/starnus/starnus_robot_sim/starnus_robot/src/ros2_canopen/build/lely_core_libraries/upstream/include/lely/io/serial.h /home/starnus/starnus/starnus_robot_sim/starnus_robot/src/ros2_canopen/build/lely_core_libraries/upstream/include/lely/io/serial.hpp /home/starnus/starnus/starnus_robot_sim/starnus_robot/src/ros2_canopen/build/lely_core_libraries/upstream/include/lely/io/sock.h /home/starnus/starnus/starnus_robot_sim/starnus_robot/src/ros2_canopen/build/lely_core_libraries/upstream/include/lely/io/sock.hpp '/home/starnus/starnus/starnus_robot_sim/starnus_robot/src/ros2_canopen/install/lely_core_libraries/include/lely/io'
 /usr/bin/mkdir -p '/home/starnus/starnus/starnus_robot_sim/starnus_robot/src/ros2_canopen/install/lely_core_libraries/include/lely/util/def'
 /usr/bin/install -c -m 644  /home/starnus/starnus/starnus_robot_sim/starnus_robot/src/ros2_canopen/build/lely_core_libraries/upstream/include/lely/util/def/type.def '/home/starnus/starnus/starnus_robot_sim/starnus_robot/src/ros2_canopen/install/lely_core_libraries/include/lely/util/def'
 /usr/bin/mkdir -p '/home/starnus/starnus/starnus_robot_sim/starnus_robot/src/ros2_canopen/install/lely_core_libraries/include/lely/co/detail'
 /usr/bin/install -c -m 644  /home/starnus/starnus/starnus_robot_sim/starnus_robot/src/ros2_canopen/build/lely_core_libraries/upstream/include/lely/co/detail/dev.h /home/starnus/starnus/starnus_robot_sim/starnus_robot/src/ros2_canopen/build/lely_core_libraries/upstream/include/lely/co/detail/obj.h '/home/starnus/starnus/starnus_robot_sim/starnus_robot/src/ros2_canopen/install/lely_core_libraries/include/lely/co/detail'
 /usr/bin/mkdir -p '/home/starnus/starnus/starnus_robot_sim/starnus_robot/src/ros2_canopen/install/lely_core_libraries/include/lely/io2/can'
 /usr/bin/install -c -m 644  /home/starnus/starnus/starnus_robot_sim/starnus_robot/src/ros2_canopen/build/lely_core_libraries/upstream/include/lely/io2/can/err.h /home/starnus/starnus/starnus_robot_sim/starnus_robot/src/ros2_canopen/build/lely_core_libraries/upstream/include/lely/io2/can/err.hpp /home/starnus/starnus/starnus_robot_sim/starnus_robot/src/ros2_canopen/build/lely_core_libraries/upstream/include/lely/io2/can/msg.h /home/starnus/starnus/starnus_robot_sim/starnus_robot/src/ros2_canopen/build/lely_core_libraries/upstream/include/lely/io2/can/msg.hpp '/home/starnus/starnus/starnus_robot_sim/starnus_robot/src/ros2_canopen/install/lely_core_libraries/include/lely/io2/can'
 /usr/bin/mkdir -p '/home/starnus/starnus/starnus_robot_sim/starnus_robot/src/ros2_canopen/install/lely_core_libraries/include/lely/coapp'
 /usr/bin/install -c -m 644  /home/starnus/starnus/starnus_robot_sim/starnus_robot/src/ros2_canopen/build/lely_core_libraries/upstream/include/lely/coapp/type_traits.hpp /home/starnus/starnus/starnus_robot_sim/starnus_robot/src/ros2_canopen/build/lely_core_libraries/upstream/include/lely/coapp/device.hpp /home/starnus/starnus/starnus_robot_sim/starnus_robot/src/ros2_canopen/build/lely_core_libraries/upstream/include/lely/coapp/driver.hpp /home/starnus/starnus/starnus_robot_sim/starnus_robot/src/ros2_canopen/build/lely_core_libraries/upstream/include/lely/coapp/fiber_driver.hpp /home/starnus/starnus/starnus_robot_sim/starnus_robot/src/ros2_canopen/build/lely_core_libraries/upstream/include/lely/coapp/logical_driver.hpp /home/starnus/starnus/starnus_robot_sim/starnus_robot/src/ros2_canopen/build/lely_core_libraries/upstream/include/lely/coapp/loop_driver.hpp /home/starnus/starnus/starnus_robot_sim/starnus_robot/src/ros2_canopen/build/lely_core_libraries/upstream/include/lely/coapp/lss_master.hpp /home/starnus/starnus/starnus_robot_sim/starnus_robot/src/ros2_canopen/build/lely_core_libraries/upstream/include/lely/coapp/master.hpp /home/starnus/starnus/starnus_robot_sim/starnus_robot/src/ros2_canopen/build/lely_core_libraries/upstream/include/lely/coapp/node.hpp /home/starnus/starnus/starnus_robot_sim/starnus_robot/src/ros2_canopen/build/lely_core_libraries/upstream/include/lely/coapp/sdo.hpp /home/starnus/starnus/starnus_robot_sim/starnus_robot/src/ros2_canopen/build/lely_core_libraries/upstream/include/lely/coapp/sdo_error.hpp /home/starnus/starnus/starnus_robot_sim/starnus_robot/src/ros2_canopen/build/lely_core_libraries/upstream/include/lely/coapp/slave.hpp '/home/starnus/starnus/starnus_robot_sim/starnus_robot/src/ros2_canopen/install/lely_core_libraries/include/lely/coapp'
 /usr/bin/mkdir -p '/home/starnus/starnus/starnus_robot_sim/starnus_robot/src/ros2_canopen/install/lely_core_libraries/include/lely/io2'
 /usr/bin/install -c -m 644  /home/starnus/starnus/starnus_robot_sim/starnus_robot/src/ros2_canopen/build/lely_core_libraries/upstream/include/lely/io2/can.h /home/starnus/starnus/starnus_robot_sim/starnus_robot/src/ros2_canopen/build/lely_core_libraries/upstream/include/lely/io2/can.hpp /home/starnus/starnus/starnus_robot_sim/starnus_robot/src/ros2_canopen/build/lely_core_libraries/upstream/include/lely/io2/can_net.h /home/starnus/starnus/starnus_robot_sim/starnus_robot/src/ros2_canopen/build/lely_core_libraries/upstream/include/lely/io2/can_net.hpp /home/starnus/starnus/starnus_robot_sim/starnus_robot/src/ros2_canopen/build/lely_core_libraries/upstream/include/lely/io2/can_rt.h /home/starnus/starnus/starnus_robot_sim/starnus_robot/src/ros2_canopen/build/lely_core_libraries/upstream/include/lely/io2/can_rt.hpp /home/starnus/starnus/starnus_robot_sim/starnus_robot/src/ros2_canopen/build/lely_core_libraries/upstream/include/lely/io2/clock.h /home/starnus/starnus/starnus_robot_sim/starnus_robot/src/ros2_canopen/build/lely_core_libraries/upstream/include/lely/io2/clock.hpp /home/starnus/starnus/starnus_robot_sim/starnus_robot/src/ros2_canopen/build/lely_core_libraries/upstream/include/lely/io2/co_can.hpp /home/starnus/starnus/starnus_robot_sim/starnus_robot/src/ros2_canopen/build/lely_core_libraries/upstream/include/lely/io2/co_can_rt.hpp /home/starnus/starnus/starnus_robot_sim/starnus_robot/src/ros2_canopen/build/lely_core_libraries/upstream/include/lely/io2/co_sigset.hpp /home/starnus/starnus/starnus_robot_sim/starnus_robot/src/ros2_canopen/build/lely_core_libraries/upstream/include/lely/io2/co_timer.hpp /home/starnus/starnus/starnus_robot_sim/starnus_robot/src/ros2_canopen/build/lely_core_libraries/upstream/include/lely/io2/co_tqueue.hpp /home/starnus/starnus/starnus_robot_sim/starnus_robot/src/ros2_canopen/build/lely_core_libraries/upstream/include/lely/io2/ctx.h /home/starnus/starnus/starnus_robot_sim/starnus_robot/src/ros2_canopen/build/lely_core_libraries/upstream/include/lely/io2/ctx.hpp /home/starnus/starnus/starnus_robot_sim/starnus_robot/src/ros2_canopen/build/lely_core_libraries/upstream/include/lely/io2/dev.h /home/starnus/starnus/starnus_robot_sim/starnus_robot/src/ros2_canopen/build/lely_core_libraries/upstream/include/lely/io2/dev.hpp /home/starnus/starnus/starnus_robot_sim/starnus_robot/src/ros2_canopen/build/lely_core_libraries/upstream/include/lely/io2/event.h /home/starnus/starnus/starnus_robot_sim/starnus_robot/src/ros2_canopen/build/lely_core_libraries/upstream/include/lely/io2/event.hpp /home/starnus/starnus/starnus_robot_sim/starnus_robot/src/ros2_canopen/build/lely_core_libraries/upstream/include/lely/io2/io2.h /home/starnus/starnus/starnus_robot_sim/starnus_robot/src/ros2_canopen/build/lely_core_libraries/upstream/include/lely/io2/sigset.h /home/starnus/starnus/starnus_robot_sim/starnus_robot/src/ros2_canopen/build/lely_core_libraries/upstream/include/lely/io2/sigset.hpp /home/starnus/starnus/starnus_robot_sim/starnus_robot/src/ros2_canopen/build/lely_core_libraries/upstream/include/lely/io2/timer.h /home/starnus/starnus/starnus_robot_sim/starnus_robot/src/ros2_canopen/build/lely_core_libraries/upstream/include/lely/io2/timer.hpp /home/starnus/starnus/starnus_robot_sim/starnus_robot/src/ros2_canopen/build/lely_core_libraries/upstream/include/lely/io2/tqueue.h /home/starnus/starnus/starnus_robot_sim/starnus_robot/src/ros2_canopen/build/lely_core_libraries/upstream/include/lely/io2/tqueue.hpp /home/starnus/starnus/starnus_robot_sim/starnus_robot/src/ros2_canopen/build/lely_core_libraries/upstream/include/lely/io2/vcan.h /home/starnus/starnus/starnus_robot_sim/starnus_robot/src/ros2_canopen/build/lely_core_libraries/upstream/include/lely/io2/vcan.hpp '/home/starnus/starnus/starnus_robot_sim/starnus_robot/src/ros2_canopen/install/lely_core_libraries/include/lely/io2'
 /usr/bin/mkdir -p '/home/starnus/starnus/starnus_robot_sim/starnus_robot/src/ros2_canopen/install/lely_core_libraries/include/lely/io2/linux'
 /usr/bin/install -c -m 644  /home/starnus/starnus/starnus_robot_sim/starnus_robot/src/ros2_canopen/build/lely_core_libraries/upstream/include/lely/io2/linux/can.h /home/starnus/starnus/starnus_robot_sim/starnus_robot/src/ros2_canopen/build/lely_core_libraries/upstream/include/lely/io2/linux/can.hpp '/home/starnus/starnus/starnus_robot_sim/starnus_robot/src/ros2_canopen/install/lely_core_libraries/include/lely/io2/linux'
 /usr/bin/mkdir -p '/home/starnus/starnus/starnus_robot_sim/starnus_robot/src/ros2_canopen/install/lely_core_libraries/include/lely/libc/sys'
 /usr/bin/install -c -m 644  /home/starnus/starnus/starnus_robot_sim/starnus_robot/src/ros2_canopen/build/lely_core_libraries/upstream/include/lely/libc/sys/types.h '/home/starnus/starnus/starnus_robot_sim/starnus_robot/src/ros2_canopen/install/lely_core_libraries/include/lely/libc/sys'
 /usr/bin/mkdir -p '/home/starnus/starnus/starnus_robot_sim/starnus_robot/src/ros2_canopen/install/lely_core_libraries/include/lely/io2/user'
 /usr/bin/install -c -m 644  /home/starnus/starnus/starnus_robot_sim/starnus_robot/src/ros2_canopen/build/lely_core_libraries/upstream/include/lely/io2/user/can.h /home/starnus/starnus/starnus_robot_sim/starnus_robot/src/ros2_canopen/build/lely_core_libraries/upstream/include/lely/io2/user/can.hpp /home/starnus/starnus/starnus_robot_sim/starnus_robot/src/ros2_canopen/build/lely_core_libraries/upstream/include/lely/io2/user/timer.h /home/starnus/starnus/starnus_robot_sim/starnus_robot/src/ros2_canopen/build/lely_core_libraries/upstream/include/lely/io2/user/timer.hpp '/home/starnus/starnus/starnus_robot_sim/starnus_robot/src/ros2_canopen/install/lely_core_libraries/include/lely/io2/user'
 /usr/bin/mkdir -p '/home/starnus/starnus/starnus_robot_sim/starnus_robot/src/ros2_canopen/install/lely_core_libraries/include/lely/io2/sys'
 /usr/bin/install -c -m 644  /home/starnus/starnus/starnus_robot_sim/starnus_robot/src/ros2_canopen/build/lely_core_libraries/upstream/include/lely/io2/sys/clock.h /home/starnus/starnus/starnus_robot_sim/starnus_robot/src/ros2_canopen/build/lely_core_libraries/upstream/include/lely/io2/sys/clock.hpp /home/starnus/starnus/starnus_robot_sim/starnus_robot/src/ros2_canopen/build/lely_core_libraries/upstream/include/lely/io2/sys/io.h /home/starnus/starnus/starnus_robot_sim/starnus_robot/src/ros2_canopen/build/lely_core_libraries/upstream/include/lely/io2/sys/io.hpp /home/starnus/starnus/starnus_robot_sim/starnus_robot/src/ros2_canopen/build/lely_core_libraries/upstream/include/lely/io2/sys/sigset.h /home/starnus/starnus/starnus_robot_sim/starnus_robot/src/ros2_canopen/build/lely_core_libraries/upstream/include/lely/io2/sys/sigset.hpp /home/starnus/starnus/starnus_robot_sim/starnus_robot/src/ros2_canopen/build/lely_core_libraries/upstream/include/lely/io2/sys/timer.h /home/starnus/starnus/starnus_robot_sim/starnus_robot/src/ros2_canopen/build/lely_core_libraries/upstream/include/lely/io2/sys/timer.hpp '/home/starnus/starnus/starnus_robot_sim/starnus_robot/src/ros2_canopen/install/lely_core_libraries/include/lely/io2/sys'
 /usr/bin/mkdir -p '/home/starnus/starnus/starnus_robot_sim/starnus_robot/src/ros2_canopen/install/lely_core_libraries/include/lely/tap'
 /usr/bin/install -c -m 644  /home/starnus/starnus/starnus_robot_sim/starnus_robot/src/ros2_canopen/build/lely_core_libraries/upstream/include/lely/tap/tap.h '/home/starnus/starnus/starnus_robot_sim/starnus_robot/src/ros2_canopen/install/lely_core_libraries/include/lely/tap'
 /usr/bin/mkdir -p '/home/starnus/starnus/starnus_robot_sim/starnus_robot/src/ros2_canopen/install/lely_core_libraries/include/lely/util'
 /usr/bin/install -c -m 644  /home/starnus/starnus/starnus_robot_sim/starnus_robot/src/ros2_canopen/build/lely_core_libraries/upstream/include/lely/util/bimap.h /home/starnus/starnus/starnus_robot_sim/starnus_robot/src/ros2_canopen/build/lely_core_libraries/upstream/include/lely/util/coroutine.h /home/starnus/starnus/starnus_robot_sim/starnus_robot/src/ros2_canopen/build/lely_core_libraries/upstream/include/lely/util/coroutine.hpp /home/starnus/starnus/starnus_robot_sim/starnus_robot/src/ros2_canopen/build/lely_core_libraries/upstream/include/lely/util/mkjmp.h /home/starnus/starnus/starnus_robot_sim/starnus_robot/src/ros2_canopen/build/lely_core_libraries/upstream/include/lely/util/sllist.h /home/starnus/starnus/starnus_robot_sim/starnus_robot/src/ros2_canopen/build/lely_core_libraries/upstream/include/lely/util/spscring.h /home/starnus/starnus/starnus_robot_sim/starnus_robot/src/ros2_canopen/build/lely_core_libraries/upstream/include/lely/util/bits.h /home/starnus/starnus/starnus_robot_sim/starnus_robot/src/ros2_canopen/build/lely_core_libraries/upstream/include/lely/util/bitset.h /home/starnus/starnus/starnus_robot_sim/starnus_robot/src/ros2_canopen/build/lely_core_libraries/upstream/include/lely/util/c_call.hpp /home/starnus/starnus/starnus_robot_sim/starnus_robot/src/ros2_canopen/build/lely_core_libraries/upstream/include/lely/util/c_type.hpp /home/starnus/starnus/starnus_robot_sim/starnus_robot/src/ros2_canopen/build/lely_core_libraries/upstream/include/lely/util/chrono.hpp /home/starnus/starnus/starnus_robot_sim/starnus_robot/src/ros2_canopen/build/lely_core_libraries/upstream/include/lely/util/cmp.h /home/starnus/starnus/starnus_robot_sim/starnus_robot/src/ros2_canopen/build/lely_core_libraries/upstream/include/lely/util/config.h /home/starnus/starnus/starnus_robot_sim/starnus_robot/src/ros2_canopen/build/lely_core_libraries/upstream/include/lely/util/daemon.h /home/starnus/starnus/starnus_robot_sim/starnus_robot/src/ros2_canopen/build/lely_core_libraries/upstream/include/lely/util/diag.h /home/starnus/starnus/starnus_robot_sim/starnus_robot/src/ros2_canopen/build/lely_core_libraries/upstream/include/lely/util/dllist.h /home/starnus/starnus/starnus_robot_sim/starnus_robot/src/ros2_canopen/build/lely_core_libraries/upstream/include/lely/util/endian.h /home/starnus/starnus/starnus_robot_sim/starnus_robot/src/ros2_canopen/build/lely_core_libraries/upstream/include/lely/util/errnum.h /home/starnus/starnus/starnus_robot_sim/starnus_robot/src/ros2_canopen/build/lely_core_libraries/upstream/include/lely/util/error.hpp /home/starnus/starnus/starnus_robot_sim/starnus_robot/src/ros2_canopen/build/lely_core_libraries/upstream/include/lely/util/exception.hpp /home/starnus/starnus/starnus_robot_sim/starnus_robot/src/ros2_canopen/build/lely_core_libraries/upstream/include/lely/util/fiber.h /home/starnus/starnus/starnus_robot_sim/starnus_robot/src/ros2_canopen/build/lely_core_libraries/upstream/include/lely/util/fiber.hpp /home/starnus/starnus/starnus_robot_sim/starnus_robot/src/ros2_canopen/build/lely_core_libraries/upstream/include/lely/util/float.h /home/starnus/starnus/starnus_robot_sim/starnus_robot/src/ros2_canopen/build/lely_core_libraries/upstream/include/lely/util/frbuf.h /home/starnus/starnus/starnus_robot_sim/starnus_robot/src/ros2_canopen/build/lely_core_libraries/upstream/include/lely/util/fwbuf.h /home/starnus/starnus/starnus_robot_sim/starnus_robot/src/ros2_canopen/build/lely_core_libraries/upstream/include/lely/util/invoker.hpp /home/starnus/starnus/starnus_robot_sim/starnus_robot/src/ros2_canopen/build/lely_core_libraries/upstream/include/lely/util/lex.h /home/starnus/starnus/starnus_robot_sim/starnus_robot/src/ros2_canopen/build/lely_core_libraries/upstream/include/lely/util/membuf.h /home/starnus/starnus/starnus_robot_sim/starnus_robot/src/ros2_canopen/build/lely_core_libraries/upstream/include/lely/util/mutex.hpp /home/starnus/starnus/starnus_robot_sim/starnus_robot/src/ros2_canopen/build/lely_core_libraries/upstream/include/lely/util/pheap.h /home/starnus/starnus/starnus_robot_sim/starnus_robot/src/ros2_canopen/build/lely_core_libraries/upstream/include/lely/util/print.h /home/starnus/starnus/starnus_robot_sim/starnus_robot/src/ros2_canopen/build/lely_core_libraries/upstream/include/lely/util/rbtree.h /home/starnus/starnus/starnus_robot_sim/starnus_robot/src/ros2_canopen/build/lely_core_libraries/upstream/include/lely/util/result.hpp /home/starnus/starnus/starnus_robot_sim/starnus_robot/src/ros2_canopen/build/lely_core_libraries/upstream/include/lely/util/stop.h /home/starnus/starnus/starnus_robot_sim/starnus_robot/src/ros2_canopen/build/lely_core_libraries/upstream/include/lely/util/stop.hpp /home/starnus/starnus/starnus_robot_sim/starnus_robot/src/ros2_canopen/build/lely_core_libraries/upstream/include/lely/util/time.h /home/starnus/starnus/starnus_robot_sim/starnus_robot/src/ros2_canopen/build/lely_core_libraries/upstream/include/lely/util/ustring.h /home/starnus/starnus/starnus_robot_sim/starnus_robot/src/ros2_canopen/build/lely_core_libraries/upstream/include/lely/util/util.h '/home/starnus/starnus/starnus_robot_sim/starnus_robot/src/ros2_canopen/install/lely_core_libraries/include/lely/util'
 /usr/bin/mkdir -p '/home/starnus/starnus/starnus_robot_sim/starnus_robot/src/ros2_canopen/install/lely_core_libraries/include/lely/libc'
 /usr/bin/install -c -m 644  /home/starnus/starnus/starnus_robot_sim/starnus_robot/src/ros2_canopen/build/lely_core_libraries/upstream/include/lely/libc/chrono.hpp /home/starnus/starnus/starnus_robot_sim/starnus_robot/src/ros2_canopen/build/lely_core_libraries/upstream/include/lely/libc/functional.hpp /home/starnus/starnus/starnus_robot_sim/starnus_robot/src/ros2_canopen/build/lely_core_libraries/upstream/include/lely/libc/stdatomic.h /home/starnus/starnus/starnus_robot_sim/starnus_robot/src/ros2_canopen/build/lely_core_libraries/upstream/include/lely/libc/stddef.h /home/starnus/starnus/starnus_robot_sim/starnus_robot/src/ros2_canopen/build/lely_core_libraries/upstream/include/lely/libc/stdint.h /home/starnus/starnus/starnus_robot_sim/starnus_robot/src/ros2_canopen/build/lely_core_libraries/upstream/include/lely/libc/stdio.h /home/starnus/starnus/starnus_robot_sim/starnus_robot/src/ros2_canopen/build/lely_core_libraries/upstream/include/lely/libc/stdlib.h /home/starnus/starnus/starnus_robot_sim/starnus_robot/src/ros2_canopen/build/lely_core_libraries/upstream/include/lely/libc/string.h /home/starnus/starnus/starnus_robot_sim/starnus_robot/src/ros2_canopen/build/lely_core_libraries/upstream/include/lely/libc/strings.h /home/starnus/starnus/starnus_robot_sim/starnus_robot/src/ros2_canopen/build/lely_core_libraries/upstream/include/lely/libc/threads.h /home/starnus/starnus/starnus_robot_sim/starnus_robot/src/ros2_canopen/build/lely_core_libraries/upstream/include/lely/libc/time.h /home/starnus/starnus/starnus_robot_sim/starnus_robot/src/ros2_canopen/build/lely_core_libraries/upstream/include/lely/libc/type_traits.hpp /home/starnus/starnus/starnus_robot_sim/starnus_robot/src/ros2_canopen/build/lely_core_libraries/upstream/include/lely/libc/uchar.h /home/starnus/starnus/starnus_robot_sim/starnus_robot/src/ros2_canopen/build/lely_core_libraries/upstream/include/lely/libc/unistd.h /home/starnus/starnus/starnus_robot_sim/starnus_robot/src/ros2_canopen/build/lely_core_libraries/upstream/include/lely/libc/utility.hpp '/home/starnus/starnus/starnus_robot_sim/starnus_robot/src/ros2_canopen/install/lely_core_libraries/include/lely/libc'
gmake[2]: Leaving directory '/home/starnus/starnus/starnus_robot_sim/starnus_robot/src/ros2_canopen/build/lely_core_libraries/build/include'
gmake[1]: Leaving directory '/home/starnus/starnus/starnus_robot_sim/starnus_robot/src/ros2_canopen/build/lely_core_libraries/build/include'
Making install in src
gmake[1]: Entering directory '/home/starnus/starnus/starnus_robot_sim/starnus_robot/src/ros2_canopen/build/lely_core_libraries/build/src'
Making install in libc
gmake[2]: Entering directory '/home/starnus/starnus/starnus_robot_sim/starnus_robot/src/ros2_canopen/build/lely_core_libraries/build/src/libc'
gmake[3]: Entering directory '/home/starnus/starnus/starnus_robot_sim/starnus_robot/src/ros2_canopen/build/lely_core_libraries/build/src/libc'
 /usr/bin/mkdir -p '/home/starnus/starnus/starnus_robot_sim/starnus_robot/src/ros2_canopen/install/lely_core_libraries/lib'
 /bin/bash ../../libtool   --mode=install /usr/bin/install -c   liblely-libc.la '/home/starnus/starnus/starnus_robot_sim/starnus_robot/src/ros2_canopen/install/lely_core_libraries/lib'
libtool: install: /usr/bin/install -c .libs/liblely-libc.so.2.3.2 /home/starnus/starnus/starnus_robot_sim/starnus_robot/src/ros2_canopen/install/lely_core_libraries/lib/liblely-libc.so.2.3.2
libtool: install: (cd /home/starnus/starnus/starnus_robot_sim/starnus_robot/src/ros2_canopen/install/lely_core_libraries/lib && { ln -s -f liblely-libc.so.2.3.2 liblely-libc.so.2 || { rm -f liblely-libc.so.2 && ln -s liblely-libc.so.2.3.2 liblely-libc.so.2; }; })
libtool: install: (cd /home/starnus/starnus/starnus_robot_sim/starnus_robot/src/ros2_canopen/install/lely_core_libraries/lib && { ln -s -f liblely-libc.so.2.3.2 liblely-libc.so || { rm -f liblely-libc.so && ln -s liblely-libc.so.2.3.2 liblely-libc.so; }; })
libtool: install: /usr/bin/install -c .libs/liblely-libc.lai /home/starnus/starnus/starnus_robot_sim/starnus_robot/src/ros2_canopen/install/lely_core_libraries/lib/liblely-libc.la
libtool: finish: PATH="/home/starnus/starnus/starnus_robot_sim/starnus_robot/install/lely_core_libraries/bin:/opt/ros/humble/bin:/home/starnus/.local/bin:/usr/local/sbin:/usr/local/bin:/usr/sbin:/usr/bin:/sbin:/bin:/usr/games:/usr/local/games:/snap/bin:/snap/bin:/sbin" ldconfig -n /home/starnus/starnus/starnus_robot_sim/starnus_robot/src/ros2_canopen/install/lely_core_libraries/lib
----------------------------------------------------------------------
Libraries have been installed in:
   /home/starnus/starnus/starnus_robot_sim/starnus_robot/src/ros2_canopen/install/lely_core_libraries/lib

If you ever happen to want to link against installed libraries
in a given directory, LIBDIR, you must either use libtool, and
specify the full pathname of the library, or use the '-LLIBDIR'
flag during linking and do at least one of the following:
   - add LIBDIR to the 'LD_LIBRARY_PATH' environment variable
     during execution
   - add LIBDIR to the 'LD_RUN_PATH' environment variable
     during linking
   - use the '-Wl,-rpath -Wl,LIBDIR' linker flag
   - have your system administrator add LIBDIR to '/etc/ld.so.conf'

See any operating system documentation about shared libraries for
more information, such as the ld(1) and ld.so(8) manual pages.
----------------------------------------------------------------------
gmake[3]: Leaving directory '/home/starnus/starnus/starnus_robot_sim/starnus_robot/src/ros2_canopen/build/lely_core_libraries/build/src/libc'
gmake[2]: Leaving directory '/home/starnus/starnus/starnus_robot_sim/starnus_robot/src/ros2_canopen/build/lely_core_libraries/build/src/libc'
Making install in tap
gmake[2]: Entering directory '/home/starnus/starnus/starnus_robot_sim/starnus_robot/src/ros2_canopen/build/lely_core_libraries/build/src/tap'
gmake[3]: Entering directory '/home/starnus/starnus/starnus_robot_sim/starnus_robot/src/ros2_canopen/build/lely_core_libraries/build/src/tap'
 /usr/bin/mkdir -p '/home/starnus/starnus/starnus_robot_sim/starnus_robot/src/ros2_canopen/install/lely_core_libraries/lib'
 /bin/bash ../../libtool   --mode=install /usr/bin/install -c   liblely-tap.la '/home/starnus/starnus/starnus_robot_sim/starnus_robot/src/ros2_canopen/install/lely_core_libraries/lib'
libtool: install: (cd /home/starnus/starnus/starnus_robot_sim/starnus_robot/src/ros2_canopen/build/lely_core_libraries/build/src/tap; /bin/bash "/home/starnus/starnus/starnus_robot_sim/starnus_robot/src/ros2_canopen/build/lely_core_libraries/build/libtool"  --silent --tag CC --mode=relink gcc -pthread -g -O2 -Wall -Wextra -pedantic -Werror -Wno-static-in-inline -no-undefined -version-number 2:3:2 -Wl,--as-needed -o liblely-tap.la -rpath /home/starnus/starnus/starnus_robot_sim/starnus_robot/src/ros2_canopen/install/lely_core_libraries/lib liblely_tap_la-tap.lo ../../src/libc/liblely-libc.la )
libtool: install: /usr/bin/install -c .libs/liblely-tap.so.2.3.2T /home/starnus/starnus/starnus_robot_sim/starnus_robot/src/ros2_canopen/install/lely_core_libraries/lib/liblely-tap.so.2.3.2
libtool: install: (cd /home/starnus/starnus/starnus_robot_sim/starnus_robot/src/ros2_canopen/install/lely_core_libraries/lib && { ln -s -f liblely-tap.so.2.3.2 liblely-tap.so.2 || { rm -f liblely-tap.so.2 && ln -s liblely-tap.so.2.3.2 liblely-tap.so.2; }; })
libtool: install: (cd /home/starnus/starnus/starnus_robot_sim/starnus_robot/src/ros2_canopen/install/lely_core_libraries/lib && { ln -s -f liblely-tap.so.2.3.2 liblely-tap.so || { rm -f liblely-tap.so && ln -s liblely-tap.so.2.3.2 liblely-tap.so; }; })
libtool: install: /usr/bin/install -c .libs/liblely-tap.lai /home/starnus/starnus/starnus_robot_sim/starnus_robot/src/ros2_canopen/install/lely_core_libraries/lib/liblely-tap.la
libtool: finish: PATH="/home/starnus/starnus/starnus_robot_sim/starnus_robot/install/lely_core_libraries/bin:/opt/ros/humble/bin:/home/starnus/.local/bin:/usr/local/sbin:/usr/local/bin:/usr/sbin:/usr/bin:/sbin:/bin:/usr/games:/usr/local/games:/snap/bin:/snap/bin:/sbin" ldconfig -n /home/starnus/starnus/starnus_robot_sim/starnus_robot/src/ros2_canopen/install/lely_core_libraries/lib
----------------------------------------------------------------------
Libraries have been installed in:
   /home/starnus/starnus/starnus_robot_sim/starnus_robot/src/ros2_canopen/install/lely_core_libraries/lib

If you ever happen to want to link against installed libraries
in a given directory, LIBDIR, you must either use libtool, and
specify the full pathname of the library, or use the '-LLIBDIR'
flag during linking and do at least one of the following:
   - add LIBDIR to the 'LD_LIBRARY_PATH' environment variable
     during execution
   - add LIBDIR to the 'LD_RUN_PATH' environment variable
     during linking
   - use the '-Wl,-rpath -Wl,LIBDIR' linker flag
   - have your system administrator add LIBDIR to '/etc/ld.so.conf'

See any operating system documentation about shared libraries for
more information, such as the ld(1) and ld.so(8) manual pages.
----------------------------------------------------------------------
gmake[3]: Leaving directory '/home/starnus/starnus/starnus_robot_sim/starnus_robot/src/ros2_canopen/build/lely_core_libraries/build/src/tap'
gmake[2]: Leaving directory '/home/starnus/starnus/starnus_robot_sim/starnus_robot/src/ros2_canopen/build/lely_core_libraries/build/src/tap'
Making install in util
gmake[2]: Entering directory '/home/starnus/starnus/starnus_robot_sim/starnus_robot/src/ros2_canopen/build/lely_core_libraries/build/src/util'
gmake[3]: Entering directory '/home/starnus/starnus/starnus_robot_sim/starnus_robot/src/ros2_canopen/build/lely_core_libraries/build/src/util'
 /usr/bin/mkdir -p '/home/starnus/starnus/starnus_robot_sim/starnus_robot/src/ros2_canopen/install/lely_core_libraries/lib'
 /bin/bash ../../libtool   --mode=install /usr/bin/install -c   liblely-util.la '/home/starnus/starnus/starnus_robot_sim/starnus_robot/src/ros2_canopen/install/lely_core_libraries/lib'
libtool: install: (cd /home/starnus/starnus/starnus_robot_sim/starnus_robot/src/ros2_canopen/build/lely_core_libraries/build/src/util; /bin/bash "/home/starnus/starnus/starnus_robot_sim/starnus_robot/src/ros2_canopen/build/lely_core_libraries/build/libtool"  --silent --tag CXX --mode=relink g++ -std=gnu++11 -g -O2 -Wall -Wextra -pedantic -Werror -no-undefined -version-number 2:3:2 -Wl,--as-needed -o liblely-util.la -rpath /home/starnus/starnus/starnus_robot_sim/starnus_robot/src/ros2_canopen/install/lely_core_libraries/lib liblely_util_la-bimap.lo liblely_util_la-mkjmp.lo liblely_util_la-sllist.lo liblely_util_la-spscring.lo liblely_util_la-bits.lo liblely_util_la-bitset.lo liblely_util_la-cmp.lo liblely_util_la-config.lo liblely_util_la-config_ini.lo liblely_util_la-daemon.lo liblely_util_la-diag.lo liblely_util_la-dllist.lo liblely_util_la-endian.lo liblely_util_la-errnum.lo liblely_util_la-exception.lo liblely_util_la-fiber.lo liblely_util_la-frbuf.lo liblely_util_la-fwbuf.lo liblely_util_la-lex.lo liblely_util_la-membuf.lo liblely_util_la-pheap.lo liblely_util_la-print.lo liblely_util_la-rbtree.lo liblely_util_la-stop.lo liblely_util_la-time.lo liblely_util_la-ustring.lo ../../src/libc/liblely-libc.la -lm )
libtool: install: /usr/bin/install -c .libs/liblely-util.so.2.3.2T /home/starnus/starnus/starnus_robot_sim/starnus_robot/src/ros2_canopen/install/lely_core_libraries/lib/liblely-util.so.2.3.2
libtool: install: (cd /home/starnus/starnus/starnus_robot_sim/starnus_robot/src/ros2_canopen/install/lely_core_libraries/lib && { ln -s -f liblely-util.so.2.3.2 liblely-util.so.2 || { rm -f liblely-util.so.2 && ln -s liblely-util.so.2.3.2 liblely-util.so.2; }; })
libtool: install: (cd /home/starnus/starnus/starnus_robot_sim/starnus_robot/src/ros2_canopen/install/lely_core_libraries/lib && { ln -s -f liblely-util.so.2.3.2 liblely-util.so || { rm -f liblely-util.so && ln -s liblely-util.so.2.3.2 liblely-util.so; }; })
libtool: install: /usr/bin/install -c .libs/liblely-util.lai /home/starnus/starnus/starnus_robot_sim/starnus_robot/src/ros2_canopen/install/lely_core_libraries/lib/liblely-util.la
libtool: finish: PATH="/home/starnus/starnus/starnus_robot_sim/starnus_robot/install/lely_core_libraries/bin:/opt/ros/humble/bin:/home/starnus/.local/bin:/usr/local/sbin:/usr/local/bin:/usr/sbin:/usr/bin:/sbin:/bin:/usr/games:/usr/local/games:/snap/bin:/snap/bin:/sbin" ldconfig -n /home/starnus/starnus/starnus_robot_sim/starnus_robot/src/ros2_canopen/install/lely_core_libraries/lib
----------------------------------------------------------------------
Libraries have been installed in:
   /home/starnus/starnus/starnus_robot_sim/starnus_robot/src/ros2_canopen/install/lely_core_libraries/lib

If you ever happen to want to link against installed libraries
in a given directory, LIBDIR, you must either use libtool, and
specify the full pathname of the library, or use the '-LLIBDIR'
flag during linking and do at least one of the following:
   - add LIBDIR to the 'LD_LIBRARY_PATH' environment variable
     during execution
   - add LIBDIR to the 'LD_RUN_PATH' environment variable
     during linking
   - use the '-Wl,-rpath -Wl,LIBDIR' linker flag
   - have your system administrator add LIBDIR to '/etc/ld.so.conf'

See any operating system documentation about shared libraries for
more information, such as the ld(1) and ld.so(8) manual pages.
----------------------------------------------------------------------
gmake[3]: Leaving directory '/home/starnus/starnus/starnus_robot_sim/starnus_robot/src/ros2_canopen/build/lely_core_libraries/build/src/util'
gmake[2]: Leaving directory '/home/starnus/starnus/starnus_robot_sim/starnus_robot/src/ros2_canopen/build/lely_core_libraries/build/src/util'
Making install in can
gmake[2]: Entering directory '/home/starnus/starnus/starnus_robot_sim/starnus_robot/src/ros2_canopen/build/lely_core_libraries/build/src/can'
gmake[3]: Entering directory '/home/starnus/starnus/starnus_robot_sim/starnus_robot/src/ros2_canopen/build/lely_core_libraries/build/src/can'
 /usr/bin/mkdir -p '/home/starnus/starnus/starnus_robot_sim/starnus_robot/src/ros2_canopen/install/lely_core_libraries/lib'
 /bin/bash ../../libtool   --mode=install /usr/bin/install -c   liblely-can.la '/home/starnus/starnus/starnus_robot_sim/starnus_robot/src/ros2_canopen/install/lely_core_libraries/lib'
libtool: install: (cd /home/starnus/starnus/starnus_robot_sim/starnus_robot/src/ros2_canopen/build/lely_core_libraries/build/src/can; /bin/bash "/home/starnus/starnus/starnus_robot_sim/starnus_robot/src/ros2_canopen/build/lely_core_libraries/build/libtool"  --silent --tag CC --mode=relink gcc -pthread -g -O2 -Wall -Wextra -pedantic -Werror -Wno-static-in-inline -no-undefined -version-number 1:9:2 -Wl,--as-needed -o liblely-can.la -rpath /home/starnus/starnus/starnus_robot_sim/starnus_robot/src/ros2_canopen/install/lely_core_libraries/lib liblely_can_la-buf.lo liblely_can_la-msg.lo liblely_can_la-net.lo liblely_can_la-socket.lo ../../src/libc/liblely-libc.la ../../src/util/liblely-util.la )
libtool: install: /usr/bin/install -c .libs/liblely-can.so.1.9.2T /home/starnus/starnus/starnus_robot_sim/starnus_robot/src/ros2_canopen/install/lely_core_libraries/lib/liblely-can.so.1.9.2
libtool: install: (cd /home/starnus/starnus/starnus_robot_sim/starnus_robot/src/ros2_canopen/install/lely_core_libraries/lib && { ln -s -f liblely-can.so.1.9.2 liblely-can.so.1 || { rm -f liblely-can.so.1 && ln -s liblely-can.so.1.9.2 liblely-can.so.1; }; })
libtool: install: (cd /home/starnus/starnus/starnus_robot_sim/starnus_robot/src/ros2_canopen/install/lely_core_libraries/lib && { ln -s -f liblely-can.so.1.9.2 liblely-can.so || { rm -f liblely-can.so && ln -s liblely-can.so.1.9.2 liblely-can.so; }; })
libtool: install: /usr/bin/install -c .libs/liblely-can.lai /home/starnus/starnus/starnus_robot_sim/starnus_robot/src/ros2_canopen/install/lely_core_libraries/lib/liblely-can.la
libtool: finish: PATH="/home/starnus/starnus/starnus_robot_sim/starnus_robot/install/lely_core_libraries/bin:/opt/ros/humble/bin:/home/starnus/.local/bin:/usr/local/sbin:/usr/local/bin:/usr/sbin:/usr/bin:/sbin:/bin:/usr/games:/usr/local/games:/snap/bin:/snap/bin:/sbin" ldconfig -n /home/starnus/starnus/starnus_robot_sim/starnus_robot/src/ros2_canopen/install/lely_core_libraries/lib
----------------------------------------------------------------------
Libraries have been installed in:
   /home/starnus/starnus/starnus_robot_sim/starnus_robot/src/ros2_canopen/install/lely_core_libraries/lib

If you ever happen to want to link against installed libraries
in a given directory, LIBDIR, you must either use libtool, and
specify the full pathname of the library, or use the '-LLIBDIR'
flag during linking and do at least one of the following:
   - add LIBDIR to the 'LD_LIBRARY_PATH' environment variable
     during execution
   - add LIBDIR to the 'LD_RUN_PATH' environment variable
     during linking
   - use the '-Wl,-rpath -Wl,LIBDIR' linker flag
   - have your system administrator add LIBDIR to '/etc/ld.so.conf'

See any operating system documentation about shared libraries for
more information, such as the ld(1) and ld.so(8) manual pages.
----------------------------------------------------------------------
gmake[3]: Leaving directory '/home/starnus/starnus/starnus_robot_sim/starnus_robot/src/ros2_canopen/build/lely_core_libraries/build/src/can'
gmake[2]: Leaving directory '/home/starnus/starnus/starnus_robot_sim/starnus_robot/src/ros2_canopen/build/lely_core_libraries/build/src/can'
Making install in co
gmake[2]: Entering directory '/home/starnus/starnus/starnus_robot_sim/starnus_robot/src/ros2_canopen/build/lely_core_libraries/build/src/co'
gmake[3]: Entering directory '/home/starnus/starnus/starnus_robot_sim/starnus_robot/src/ros2_canopen/build/lely_core_libraries/build/src/co'
 /usr/bin/mkdir -p '/home/starnus/starnus/starnus_robot_sim/starnus_robot/src/ros2_canopen/install/lely_core_libraries/lib'
 /bin/bash ../../libtool   --mode=install /usr/bin/install -c   liblely-co.la '/home/starnus/starnus/starnus_robot_sim/starnus_robot/src/ros2_canopen/install/lely_core_libraries/lib'
libtool: install: (cd /home/starnus/starnus/starnus_robot_sim/starnus_robot/src/ros2_canopen/build/lely_core_libraries/build/src/co; /bin/bash "/home/starnus/starnus/starnus_robot_sim/starnus_robot/src/ros2_canopen/build/lely_core_libraries/build/libtool"  --silent --tag CC --mode=relink gcc -pthread -g -O2 -Wall -Wextra -pedantic -Werror -Wno-static-in-inline -no-undefined -version-number 2:3:2 -Wl,--as-needed -o liblely-co.la -rpath /home/starnus/starnus/starnus_robot_sim/starnus_robot/src/ros2_canopen/install/lely_core_libraries/lib liblely_co_la-crc.lo liblely_co_la-csdo.lo liblely_co_la-dcf.lo liblely_co_la-dev.lo liblely_co_la-emcy.lo liblely_co_la-gw.lo liblely_co_la-gw_txt.lo liblely_co_la-lss.lo liblely_co_la-nmt.lo liblely_co_la-nmt_boot.lo liblely_co_la-nmt_cfg.lo liblely_co_la-nmt_hb.lo liblely_co_la-nmt_srv.lo liblely_co_la-obj.lo liblely_co_la-pdo.lo liblely_co_la-rpdo.lo liblely_co_la-sdev.lo liblely_co_la-sdo.lo liblely_co_la-ssdo.lo liblely_co_la-sync.lo liblely_co_la-time.lo liblely_co_la-tpdo.lo liblely_co_la-type.lo liblely_co_la-val.lo liblely_co_la-wtm.lo ../../src/libc/liblely-libc.la ../../src/util/liblely-util.la ../../src/can/liblely-can.la )
libtool: install: /usr/bin/install -c .libs/liblely-co.so.2.3.2T /home/starnus/starnus/starnus_robot_sim/starnus_robot/src/ros2_canopen/install/lely_core_libraries/lib/liblely-co.so.2.3.2
libtool: install: (cd /home/starnus/starnus/starnus_robot_sim/starnus_robot/src/ros2_canopen/install/lely_core_libraries/lib && { ln -s -f liblely-co.so.2.3.2 liblely-co.so.2 || { rm -f liblely-co.so.2 && ln -s liblely-co.so.2.3.2 liblely-co.so.2; }; })
libtool: install: (cd /home/starnus/starnus/starnus_robot_sim/starnus_robot/src/ros2_canopen/install/lely_core_libraries/lib && { ln -s -f liblely-co.so.2.3.2 liblely-co.so || { rm -f liblely-co.so && ln -s liblely-co.so.2.3.2 liblely-co.so; }; })
libtool: install: /usr/bin/install -c .libs/liblely-co.lai /home/starnus/starnus/starnus_robot_sim/starnus_robot/src/ros2_canopen/install/lely_core_libraries/lib/liblely-co.la
libtool: finish: PATH="/home/starnus/starnus/starnus_robot_sim/starnus_robot/install/lely_core_libraries/bin:/opt/ros/humble/bin:/home/starnus/.local/bin:/usr/local/sbin:/usr/local/bin:/usr/sbin:/usr/bin:/sbin:/bin:/usr/games:/usr/local/games:/snap/bin:/snap/bin:/sbin" ldconfig -n /home/starnus/starnus/starnus_robot_sim/starnus_robot/src/ros2_canopen/install/lely_core_libraries/lib
----------------------------------------------------------------------
Libraries have been installed in:
   /home/starnus/starnus/starnus_robot_sim/starnus_robot/src/ros2_canopen/install/lely_core_libraries/lib

If you ever happen to want to link against installed libraries
in a given directory, LIBDIR, you must either use libtool, and
specify the full pathname of the library, or use the '-LLIBDIR'
flag during linking and do at least one of the following:
   - add LIBDIR to the 'LD_LIBRARY_PATH' environment variable
     during execution
   - add LIBDIR to the 'LD_RUN_PATH' environment variable
     during linking
   - use the '-Wl,-rpath -Wl,LIBDIR' linker flag
   - have your system administrator add LIBDIR to '/etc/ld.so.conf'

See any operating system documentation about shared libraries for
more information, such as the ld(1) and ld.so(8) manual pages.
----------------------------------------------------------------------
gmake[3]: Leaving directory '/home/starnus/starnus/starnus_robot_sim/starnus_robot/src/ros2_canopen/build/lely_core_libraries/build/src/co'
gmake[2]: Leaving directory '/home/starnus/starnus/starnus_robot_sim/starnus_robot/src/ros2_canopen/build/lely_core_libraries/build/src/co'
Making install in io
gmake[2]: Entering directory '/home/starnus/starnus/starnus_robot_sim/starnus_robot/src/ros2_canopen/build/lely_core_libraries/build/src/io'
gmake[3]: Entering directory '/home/starnus/starnus/starnus_robot_sim/starnus_robot/src/ros2_canopen/build/lely_core_libraries/build/src/io'
 /usr/bin/mkdir -p '/home/starnus/starnus/starnus_robot_sim/starnus_robot/src/ros2_canopen/install/lely_core_libraries/lib'
 /bin/bash ../../libtool   --mode=install /usr/bin/install -c   liblely-io.la '/home/starnus/starnus/starnus_robot_sim/starnus_robot/src/ros2_canopen/install/lely_core_libraries/lib'
libtool: install: (cd /home/starnus/starnus/starnus_robot_sim/starnus_robot/src/ros2_canopen/build/lely_core_libraries/build/src/io; /bin/bash "/home/starnus/starnus/starnus_robot_sim/starnus_robot/src/ros2_canopen/build/lely_core_libraries/build/libtool"  --silent --tag CC --mode=relink gcc -pthread -g -O2 -Wall -Wextra -pedantic -Werror -Wno-static-in-inline -no-undefined -version-number 1:9:2 -Wl,--as-needed -o liblely-io.la -rpath /home/starnus/starnus/starnus_robot_sim/starnus_robot/src/ros2_canopen/install/lely_core_libraries/lib liblely_io_la-addr.lo liblely_io_la-attr.lo liblely_io_la-can.lo liblely_io_la-file.lo liblely_io_la-handle.lo liblely_io_la-if.lo liblely_io_la-io.lo liblely_io_la-pipe.lo liblely_io_la-poll.lo liblely_io_la-rtnl.lo liblely_io_la-serial.lo liblely_io_la-sock.lo ../../src/libc/liblely-libc.la ../../src/util/liblely-util.la ../../src/can/liblely-can.la )
libtool: install: /usr/bin/install -c .libs/liblely-io.so.1.9.2T /home/starnus/starnus/starnus_robot_sim/starnus_robot/src/ros2_canopen/install/lely_core_libraries/lib/liblely-io.so.1.9.2
libtool: install: (cd /home/starnus/starnus/starnus_robot_sim/starnus_robot/src/ros2_canopen/install/lely_core_libraries/lib && { ln -s -f liblely-io.so.1.9.2 liblely-io.so.1 || { rm -f liblely-io.so.1 && ln -s liblely-io.so.1.9.2 liblely-io.so.1; }; })
libtool: install: (cd /home/starnus/starnus/starnus_robot_sim/starnus_robot/src/ros2_canopen/install/lely_core_libraries/lib && { ln -s -f liblely-io.so.1.9.2 liblely-io.so || { rm -f liblely-io.so && ln -s liblely-io.so.1.9.2 liblely-io.so; }; })
libtool: install: /usr/bin/install -c .libs/liblely-io.lai /home/starnus/starnus/starnus_robot_sim/starnus_robot/src/ros2_canopen/install/lely_core_libraries/lib/liblely-io.la
libtool: finish: PATH="/home/starnus/starnus/starnus_robot_sim/starnus_robot/install/lely_core_libraries/bin:/opt/ros/humble/bin:/home/starnus/.local/bin:/usr/local/sbin:/usr/local/bin:/usr/sbin:/usr/bin:/sbin:/bin:/usr/games:/usr/local/games:/snap/bin:/snap/bin:/sbin" ldconfig -n /home/starnus/starnus/starnus_robot_sim/starnus_robot/src/ros2_canopen/install/lely_core_libraries/lib
----------------------------------------------------------------------
Libraries have been installed in:
   /home/starnus/starnus/starnus_robot_sim/starnus_robot/src/ros2_canopen/install/lely_core_libraries/lib

If you ever happen to want to link against installed libraries
in a given directory, LIBDIR, you must either use libtool, and
specify the full pathname of the library, or use the '-LLIBDIR'
flag during linking and do at least one of the following:
   - add LIBDIR to the 'LD_LIBRARY_PATH' environment variable
     during execution
   - add LIBDIR to the 'LD_RUN_PATH' environment variable
     during linking
   - use the '-Wl,-rpath -Wl,LIBDIR' linker flag
   - have your system administrator add LIBDIR to '/etc/ld.so.conf'

See any operating system documentation about shared libraries for
more information, such as the ld(1) and ld.so(8) manual pages.
----------------------------------------------------------------------
gmake[3]: Leaving directory '/home/starnus/starnus/starnus_robot_sim/starnus_robot/src/ros2_canopen/build/lely_core_libraries/build/src/io'
gmake[2]: Leaving directory '/home/starnus/starnus/starnus_robot_sim/starnus_robot/src/ros2_canopen/build/lely_core_libraries/build/src/io'
Making install in ev
gmake[2]: Entering directory '/home/starnus/starnus/starnus_robot_sim/starnus_robot/src/ros2_canopen/build/lely_core_libraries/build/src/ev'
gmake[3]: Entering directory '/home/starnus/starnus/starnus_robot_sim/starnus_robot/src/ros2_canopen/build/lely_core_libraries/build/src/ev'
 /usr/bin/mkdir -p '/home/starnus/starnus/starnus_robot_sim/starnus_robot/src/ros2_canopen/install/lely_core_libraries/lib'
 /bin/bash ../../libtool   --mode=install /usr/bin/install -c   liblely-ev.la '/home/starnus/starnus/starnus_robot_sim/starnus_robot/src/ros2_canopen/install/lely_core_libraries/lib'
libtool: install: (cd /home/starnus/starnus/starnus_robot_sim/starnus_robot/src/ros2_canopen/build/lely_core_libraries/build/src/ev; /bin/bash "/home/starnus/starnus/starnus_robot_sim/starnus_robot/src/ros2_canopen/build/lely_core_libraries/build/libtool"  --silent --tag CC --mode=relink gcc -pthread -g -O2 -Wall -Wextra -pedantic -Werror -Wno-static-in-inline -no-undefined -version-number 2:3:2 -Wl,--as-needed -o liblely-ev.la -rpath /home/starnus/starnus/starnus_robot_sim/starnus_robot/src/ros2_canopen/install/lely_core_libraries/lib liblely_ev_la-exec.lo liblely_ev_la-fiber_exec.lo liblely_ev_la-future.lo liblely_ev_la-loop.lo liblely_ev_la-poll.lo liblely_ev_la-std_exec.lo liblely_ev_la-strand.lo liblely_ev_la-task.lo liblely_ev_la-thrd_loop.lo ../../src/libc/liblely-libc.la ../../src/util/liblely-util.la )
libtool: install: /usr/bin/install -c .libs/liblely-ev.so.2.3.2T /home/starnus/starnus/starnus_robot_sim/starnus_robot/src/ros2_canopen/install/lely_core_libraries/lib/liblely-ev.so.2.3.2
libtool: install: (cd /home/starnus/starnus/starnus_robot_sim/starnus_robot/src/ros2_canopen/install/lely_core_libraries/lib && { ln -s -f liblely-ev.so.2.3.2 liblely-ev.so.2 || { rm -f liblely-ev.so.2 && ln -s liblely-ev.so.2.3.2 liblely-ev.so.2; }; })
libtool: install: (cd /home/starnus/starnus/starnus_robot_sim/starnus_robot/src/ros2_canopen/install/lely_core_libraries/lib && { ln -s -f liblely-ev.so.2.3.2 liblely-ev.so || { rm -f liblely-ev.so && ln -s liblely-ev.so.2.3.2 liblely-ev.so; }; })
libtool: install: /usr/bin/install -c .libs/liblely-ev.lai /home/starnus/starnus/starnus_robot_sim/starnus_robot/src/ros2_canopen/install/lely_core_libraries/lib/liblely-ev.la
libtool: finish: PATH="/home/starnus/starnus/starnus_robot_sim/starnus_robot/install/lely_core_libraries/bin:/opt/ros/humble/bin:/home/starnus/.local/bin:/usr/local/sbin:/usr/local/bin:/usr/sbin:/usr/bin:/sbin:/bin:/usr/games:/usr/local/games:/snap/bin:/snap/bin:/sbin" ldconfig -n /home/starnus/starnus/starnus_robot_sim/starnus_robot/src/ros2_canopen/install/lely_core_libraries/lib
----------------------------------------------------------------------
Libraries have been installed in:
   /home/starnus/starnus/starnus_robot_sim/starnus_robot/src/ros2_canopen/install/lely_core_libraries/lib

If you ever happen to want to link against installed libraries
in a given directory, LIBDIR, you must either use libtool, and
specify the full pathname of the library, or use the '-LLIBDIR'
flag during linking and do at least one of the following:
   - add LIBDIR to the 'LD_LIBRARY_PATH' environment variable
     during execution
   - add LIBDIR to the 'LD_RUN_PATH' environment variable
     during linking
   - use the '-Wl,-rpath -Wl,LIBDIR' linker flag
   - have your system administrator add LIBDIR to '/etc/ld.so.conf'

See any operating system documentation about shared libraries for
more information, such as the ld(1) and ld.so(8) manual pages.
----------------------------------------------------------------------
gmake[3]: Leaving directory '/home/starnus/starnus/starnus_robot_sim/starnus_robot/src/ros2_canopen/build/lely_core_libraries/build/src/ev'
gmake[2]: Leaving directory '/home/starnus/starnus/starnus_robot_sim/starnus_robot/src/ros2_canopen/build/lely_core_libraries/build/src/ev'
Making install in io2
gmake[2]: Entering directory '/home/starnus/starnus/starnus_robot_sim/starnus_robot/src/ros2_canopen/build/lely_core_libraries/build/src/io2'
gmake[3]: Entering directory '/home/starnus/starnus/starnus_robot_sim/starnus_robot/src/ros2_canopen/build/lely_core_libraries/build/src/io2'
 /usr/bin/mkdir -p '/home/starnus/starnus/starnus_robot_sim/starnus_robot/src/ros2_canopen/install/lely_core_libraries/lib'
 /bin/bash ../../libtool   --mode=install /usr/bin/install -c   liblely-io2.la '/home/starnus/starnus/starnus_robot_sim/starnus_robot/src/ros2_canopen/install/lely_core_libraries/lib'
libtool: install: (cd /home/starnus/starnus/starnus_robot_sim/starnus_robot/src/ros2_canopen/build/lely_core_libraries/build/src/io2; /bin/bash "/home/starnus/starnus/starnus_robot_sim/starnus_robot/src/ros2_canopen/build/lely_core_libraries/build/libtool"  --silent --tag CC --mode=relink gcc -pthread -g -O2 -Wall -Wextra -pedantic -Werror -Wno-static-in-inline -no-undefined -version-number 2:3:2 -Wl,--as-needed -o liblely-io2.la -rpath /home/starnus/starnus/starnus_robot_sim/starnus_robot/src/ros2_canopen/install/lely_core_libraries/lib can/liblely_io2_la-msg.lo linux/liblely_io2_la-can_chan.lo linux/liblely_io2_la-can_ctrl.lo linux/liblely_io2_la-poll.lo linux/liblely_io2_la-timer.lo posix/liblely_io2_la-fd.lo posix/liblely_io2_la-io.lo posix/liblely_io2_la-sigset.lo sys/liblely_io2_la-clock.lo sys/liblely_io2_la-io.lo user/liblely_io2_la-can.lo user/liblely_io2_la-timer.lo liblely_io2_la-can.lo liblely_io2_la-can_net.lo liblely_io2_la-can_rt.lo liblely_io2_la-clock.lo liblely_io2_la-ctx.lo liblely_io2_la-dev.lo liblely_io2_la-sigset.lo liblely_io2_la-timer.lo liblely_io2_la-tqueue.lo liblely_io2_la-vcan.lo ../../src/libc/liblely-libc.la ../../src/util/liblely-util.la ../../src/can/liblely-can.la ../../src/ev/liblely-ev.la -lrt )
libtool: install: /usr/bin/install -c .libs/liblely-io2.so.2.3.2T /home/starnus/starnus/starnus_robot_sim/starnus_robot/src/ros2_canopen/install/lely_core_libraries/lib/liblely-io2.so.2.3.2
libtool: install: (cd /home/starnus/starnus/starnus_robot_sim/starnus_robot/src/ros2_canopen/install/lely_core_libraries/lib && { ln -s -f liblely-io2.so.2.3.2 liblely-io2.so.2 || { rm -f liblely-io2.so.2 && ln -s liblely-io2.so.2.3.2 liblely-io2.so.2; }; })
libtool: install: (cd /home/starnus/starnus/starnus_robot_sim/starnus_robot/src/ros2_canopen/install/lely_core_libraries/lib && { ln -s -f liblely-io2.so.2.3.2 liblely-io2.so || { rm -f liblely-io2.so && ln -s liblely-io2.so.2.3.2 liblely-io2.so; }; })
libtool: install: /usr/bin/install -c .libs/liblely-io2.lai /home/starnus/starnus/starnus_robot_sim/starnus_robot/src/ros2_canopen/install/lely_core_libraries/lib/liblely-io2.la
libtool: finish: PATH="/home/starnus/starnus/starnus_robot_sim/starnus_robot/install/lely_core_libraries/bin:/opt/ros/humble/bin:/home/starnus/.local/bin:/usr/local/sbin:/usr/local/bin:/usr/sbin:/usr/bin:/sbin:/bin:/usr/games:/usr/local/games:/snap/bin:/snap/bin:/sbin" ldconfig -n /home/starnus/starnus/starnus_robot_sim/starnus_robot/src/ros2_canopen/install/lely_core_libraries/lib
----------------------------------------------------------------------
Libraries have been installed in:
   /home/starnus/starnus/starnus_robot_sim/starnus_robot/src/ros2_canopen/install/lely_core_libraries/lib

If you ever happen to want to link against installed libraries
in a given directory, LIBDIR, you must either use libtool, and
specify the full pathname of the library, or use the '-LLIBDIR'
flag during linking and do at least one of the following:
   - add LIBDIR to the 'LD_LIBRARY_PATH' environment variable
     during execution
   - add LIBDIR to the 'LD_RUN_PATH' environment variable
     during linking
   - use the '-Wl,-rpath -Wl,LIBDIR' linker flag
   - have your system administrator add LIBDIR to '/etc/ld.so.conf'

See any operating system documentation about shared libraries for
more information, such as the ld(1) and ld.so(8) manual pages.
----------------------------------------------------------------------
gmake[3]: Leaving directory '/home/starnus/starnus/starnus_robot_sim/starnus_robot/src/ros2_canopen/build/lely_core_libraries/build/src/io2'
gmake[2]: Leaving directory '/home/starnus/starnus/starnus_robot_sim/starnus_robot/src/ros2_canopen/build/lely_core_libraries/build/src/io2'
Making install in coapp
gmake[2]: Entering directory '/home/starnus/starnus/starnus_robot_sim/starnus_robot/src/ros2_canopen/build/lely_core_libraries/build/src/coapp'
gmake[3]: Entering directory '/home/starnus/starnus/starnus_robot_sim/starnus_robot/src/ros2_canopen/build/lely_core_libraries/build/src/coapp'
 /usr/bin/mkdir -p '/home/starnus/starnus/starnus_robot_sim/starnus_robot/src/ros2_canopen/install/lely_core_libraries/lib'
 /bin/bash ../../libtool   --mode=install /usr/bin/install -c   liblely-coapp.la '/home/starnus/starnus/starnus_robot_sim/starnus_robot/src/ros2_canopen/install/lely_core_libraries/lib'
libtool: install: (cd /home/starnus/starnus/starnus_robot_sim/starnus_robot/src/ros2_canopen/build/lely_core_libraries/build/src/coapp; /bin/bash "/home/starnus/starnus/starnus_robot_sim/starnus_robot/src/ros2_canopen/build/lely_core_libraries/build/libtool"  --silent --tag CXX --mode=relink g++ -std=gnu++11 -g -O2 -Wall -Wextra -pedantic -Werror -no-undefined -version-number 2:3:2 -Wl,--as-needed -o liblely-coapp.la -rpath /home/starnus/starnus/starnus_robot_sim/starnus_robot/src/ros2_canopen/install/lely_core_libraries/lib liblely_coapp_la-device.lo liblely_coapp_la-driver.lo liblely_coapp_la-fiber_driver.lo liblely_coapp_la-logical_driver.lo liblely_coapp_la-loop_driver.lo liblely_coapp_la-lss_master.lo liblely_coapp_la-master.lo liblely_coapp_la-node.lo liblely_coapp_la-sdo.lo liblely_coapp_la-sdo_error.lo liblely_coapp_la-slave.lo liblely_coapp_la-type_traits.lo ../../src/libc/liblely-libc.la ../../src/util/liblely-util.la ../../src/can/liblely-can.la ../../src/ev/liblely-ev.la ../../src/io2/liblely-io2.la ../../src/co/liblely-co.la )
libtool: install: /usr/bin/install -c .libs/liblely-coapp.so.2.3.2T /home/starnus/starnus/starnus_robot_sim/starnus_robot/src/ros2_canopen/install/lely_core_libraries/lib/liblely-coapp.so.2.3.2
libtool: install: (cd /home/starnus/starnus/starnus_robot_sim/starnus_robot/src/ros2_canopen/install/lely_core_libraries/lib && { ln -s -f liblely-coapp.so.2.3.2 liblely-coapp.so.2 || { rm -f liblely-coapp.so.2 && ln -s liblely-coapp.so.2.3.2 liblely-coapp.so.2; }; })
libtool: install: (cd /home/starnus/starnus/starnus_robot_sim/starnus_robot/src/ros2_canopen/install/lely_core_libraries/lib && { ln -s -f liblely-coapp.so.2.3.2 liblely-coapp.so || { rm -f liblely-coapp.so && ln -s liblely-coapp.so.2.3.2 liblely-coapp.so; }; })
libtool: install: /usr/bin/install -c .libs/liblely-coapp.lai /home/starnus/starnus/starnus_robot_sim/starnus_robot/src/ros2_canopen/install/lely_core_libraries/lib/liblely-coapp.la
libtool: finish: PATH="/home/starnus/starnus/starnus_robot_sim/starnus_robot/install/lely_core_libraries/bin:/opt/ros/humble/bin:/home/starnus/.local/bin:/usr/local/sbin:/usr/local/bin:/usr/sbin:/usr/bin:/sbin:/bin:/usr/games:/usr/local/games:/snap/bin:/snap/bin:/sbin" ldconfig -n /home/starnus/starnus/starnus_robot_sim/starnus_robot/src/ros2_canopen/install/lely_core_libraries/lib
----------------------------------------------------------------------
Libraries have been installed in:
   /home/starnus/starnus/starnus_robot_sim/starnus_robot/src/ros2_canopen/install/lely_core_libraries/lib

If you ever happen to want to link against installed libraries
in a given directory, LIBDIR, you must either use libtool, and
specify the full pathname of the library, or use the '-LLIBDIR'
flag during linking and do at least one of the following:
   - add LIBDIR to the 'LD_LIBRARY_PATH' environment variable
     during execution
   - add LIBDIR to the 'LD_RUN_PATH' environment variable
     during linking
   - use the '-Wl,-rpath -Wl,LIBDIR' linker flag
   - have your system administrator add LIBDIR to '/etc/ld.so.conf'

See any operating system documentation about shared libraries for
more information, such as the ld(1) and ld.so(8) manual pages.
----------------------------------------------------------------------
gmake[3]: Leaving directory '/home/starnus/starnus/starnus_robot_sim/starnus_robot/src/ros2_canopen/build/lely_core_libraries/build/src/coapp'
gmake[2]: Leaving directory '/home/starnus/starnus/starnus_robot_sim/starnus_robot/src/ros2_canopen/build/lely_core_libraries/build/src/coapp'
gmake[2]: Entering directory '/home/starnus/starnus/starnus_robot_sim/starnus_robot/src/ros2_canopen/build/lely_core_libraries/build/src'
gmake[3]: Entering directory '/home/starnus/starnus/starnus_robot_sim/starnus_robot/src/ros2_canopen/build/lely_core_libraries/build/src'
gmake[3]: Nothing to be done for 'install-exec-am'.
gmake[3]: Nothing to be done for 'install-data-am'.
gmake[3]: Leaving directory '/home/starnus/starnus/starnus_robot_sim/starnus_robot/src/ros2_canopen/build/lely_core_libraries/build/src'
gmake[2]: Leaving directory '/home/starnus/starnus/starnus_robot_sim/starnus_robot/src/ros2_canopen/build/lely_core_libraries/build/src'
gmake[1]: Leaving directory '/home/starnus/starnus/starnus_robot_sim/starnus_robot/src/ros2_canopen/build/lely_core_libraries/build/src'
Making install in python
gmake[1]: Entering directory '/home/starnus/starnus/starnus_robot_sim/starnus_robot/src/ros2_canopen/build/lely_core_libraries/build/python'
Making install in dcf-tools
gmake[2]: Entering directory '/home/starnus/starnus/starnus_robot_sim/starnus_robot/src/ros2_canopen/build/lely_core_libraries/build/python/dcf-tools'
gmake[3]: Entering directory '/home/starnus/starnus/starnus_robot_sim/starnus_robot/src/ros2_canopen/build/lely_core_libraries/build/python/dcf-tools'
running egg_info
writing dcf_tools.egg-info/PKG-INFO
writing dependency_links to dcf_tools.egg-info/dependency_links.txt
writing entry points to dcf_tools.egg-info/entry_points.txt
writing requirements to dcf_tools.egg-info/requires.txt
writing top-level names to dcf_tools.egg-info/top_level.txt
reading manifest file 'dcf_tools.egg-info/SOURCES.txt'
writing manifest file 'dcf_tools.egg-info/SOURCES.txt'
running build
running build_py
running install
running install_lib
running install_egg_info
removing '/home/starnus/starnus/starnus_robot_sim/starnus_robot/src/ros2_canopen/install/lely_core_libraries/lib/python3.10/site-packages/dcf_tools-2.3.2-py3.10.egg-info' (and everything under it)
Copying dcf_tools.egg-info to /home/starnus/starnus/starnus_robot_sim/starnus_robot/src/ros2_canopen/install/lely_core_libraries/lib/python3.10/site-packages/dcf_tools-2.3.2-py3.10.egg-info
running install_scripts
Installing dcf2dev script to /home/starnus/starnus/starnus_robot_sim/starnus_robot/src/ros2_canopen/install/lely_core_libraries/bin/
Installing dcfchk script to /home/starnus/starnus/starnus_robot_sim/starnus_robot/src/ros2_canopen/install/lely_core_libraries/bin/
Installing dcfgen script to /home/starnus/starnus/starnus_robot_sim/starnus_robot/src/ros2_canopen/install/lely_core_libraries/bin/
writing list of installed files to 'install.log'
gmake[3]: Nothing to be done for 'install-data-am'.
gmake[3]: Leaving directory '/home/starnus/starnus/starnus_robot_sim/starnus_robot/src/ros2_canopen/build/lely_core_libraries/build/python/dcf-tools'
gmake[2]: Leaving directory '/home/starnus/starnus/starnus_robot_sim/starnus_robot/src/ros2_canopen/build/lely_core_libraries/build/python/dcf-tools'
gmake[2]: Entering directory '/home/starnus/starnus/starnus_robot_sim/starnus_robot/src/ros2_canopen/build/lely_core_libraries/build/python'
gmake[3]: Entering directory '/home/starnus/starnus/starnus_robot_sim/starnus_robot/src/ros2_canopen/build/lely_core_libraries/build/python'
gmake[3]: Nothing to be done for 'install-exec-am'.
gmake[3]: Nothing to be done for 'install-data-am'.
gmake[3]: Leaving directory '/home/starnus/starnus/starnus_robot_sim/starnus_robot/src/ros2_canopen/build/lely_core_libraries/build/python'
gmake[2]: Leaving directory '/home/starnus/starnus/starnus_robot_sim/starnus_robot/src/ros2_canopen/build/lely_core_libraries/build/python'
gmake[1]: Leaving directory '/home/starnus/starnus/starnus_robot_sim/starnus_robot/src/ros2_canopen/build/lely_core_libraries/build/python'
Making install in pkgconfig
gmake[1]: Entering directory '/home/starnus/starnus/starnus_robot_sim/starnus_robot/src/ros2_canopen/build/lely_core_libraries/build/pkgconfig'
gmake[2]: Entering directory '/home/starnus/starnus/starnus_robot_sim/starnus_robot/src/ros2_canopen/build/lely_core_libraries/build/pkgconfig'
gmake[2]: Nothing to be done for 'install-exec-am'.
 /usr/bin/mkdir -p '/home/starnus/starnus/starnus_robot_sim/starnus_robot/src/ros2_canopen/install/lely_core_libraries/lib/pkgconfig'
 /usr/bin/install -c -m 644 liblely-can.pc liblely-co.pc liblely-coapp.pc liblely-ev.pc liblely-io.pc liblely-io2.pc liblely-libc.pc liblely-libc_rt.pc liblely-tap.pc liblely-util.pc '/home/starnus/starnus/starnus_robot_sim/starnus_robot/src/ros2_canopen/install/lely_core_libraries/lib/pkgconfig'
gmake[2]: Leaving directory '/home/starnus/starnus/starnus_robot_sim/starnus_robot/src/ros2_canopen/build/lely_core_libraries/build/pkgconfig'
gmake[1]: Leaving directory '/home/starnus/starnus/starnus_robot_sim/starnus_robot/src/ros2_canopen/build/lely_core_libraries/build/pkgconfig'
gmake[1]: Entering directory '/home/starnus/starnus/starnus_robot_sim/starnus_robot/src/ros2_canopen/build/lely_core_libraries/build'
gmake[2]: Entering directory '/home/starnus/starnus/starnus_robot_sim/starnus_robot/src/ros2_canopen/build/lely_core_libraries/build'
gmake[2]: Nothing to be done for 'install-exec-am'.
gmake[2]: Nothing to be done for 'install-data-am'.
gmake[2]: Leaving directory '/home/starnus/starnus/starnus_robot_sim/starnus_robot/src/ros2_canopen/build/lely_core_libraries/build'
gmake[1]: Leaving directory '/home/starnus/starnus/starnus_robot_sim/starnus_robot/src/ros2_canopen/build/lely_core_libraries/build'
-- Up-to-date: /home/starnus/starnus/starnus_robot_sim/starnus_robot/src/ros2_canopen/install/lely_core_libraries/share/lely_core_libraries/cmake
-- Up-to-date: /home/starnus/starnus/starnus_robot_sim/starnus_robot/src/ros2_canopen/install/lely_core_libraries/share/lely_core_libraries/cmake/lely_core_libraries-extras.cmake
-- Up-to-date: /home/starnus/starnus/starnus_robot_sim/starnus_robot/src/ros2_canopen/install/lely_core_libraries/share/lely_core_libraries/environment/pythonpath.sh
-- Up-to-date: /home/starnus/starnus/starnus_robot_sim/starnus_robot/src/ros2_canopen/install/lely_core_libraries/share/lely_core_libraries/environment/pythonpath.dsv
-- Up-to-date: /home/starnus/starnus/starnus_robot_sim/starnus_robot/src/ros2_canopen/install/lely_core_libraries/local/lib/python3.10/dist-packages/cogen-0.2.7-py3.10.egg-info
-- Installing: /home/starnus/starnus/starnus_robot_sim/starnus_robot/src/ros2_canopen/install/lely_core_libraries/local/lib/python3.10/dist-packages/cogen-0.2.7-py3.10.egg-info/dependency_links.txt
-- Installing: /home/starnus/starnus/starnus_robot_sim/starnus_robot/src/ros2_canopen/install/lely_core_libraries/local/lib/python3.10/dist-packages/cogen-0.2.7-py3.10.egg-info/top_level.txt
-- Installing: /home/starnus/starnus/starnus_robot_sim/starnus_robot/src/ros2_canopen/install/lely_core_libraries/local/lib/python3.10/dist-packages/cogen-0.2.7-py3.10.egg-info/SOURCES.txt
-- Installing: /home/starnus/starnus/starnus_robot_sim/starnus_robot/src/ros2_canopen/install/lely_core_libraries/local/lib/python3.10/dist-packages/cogen-0.2.7-py3.10.egg-info/PKG-INFO
-- Installing: /home/starnus/starnus/starnus_robot_sim/starnus_robot/src/ros2_canopen/install/lely_core_libraries/local/lib/python3.10/dist-packages/cogen-0.2.7-py3.10.egg-info/entry_points.txt
-- Up-to-date: /home/starnus/starnus/starnus_robot_sim/starnus_robot/src/ros2_canopen/install/lely_core_libraries/lib/cogen/
-- Installing: /home/starnus/starnus/starnus_robot_sim/starnus_robot/src/ros2_canopen/install/lely_core_libraries/lib/cogen//cogen
-- Up-to-date: /home/starnus/starnus/starnus_robot_sim/starnus_robot/src/ros2_canopen/install/lely_core_libraries/local/lib/python3.10/dist-packages/cogen
-- Up-to-date: /home/starnus/starnus/starnus_robot_sim/starnus_robot/src/ros2_canopen/install/lely_core_libraries/local/lib/python3.10/dist-packages/cogen/cogen.py
-- Up-to-date: /home/starnus/starnus/starnus_robot_sim/starnus_robot/src/ros2_canopen/install/lely_core_libraries/local/lib/python3.10/dist-packages/cogen/__init__.py
Listing '/home/starnus/starnus/starnus_robot_sim/starnus_robot/src/ros2_canopen/install/lely_core_libraries/local/lib/python3.10/dist-packages/cogen'...
-- Up-to-date: /home/starnus/starnus/starnus_robot_sim/starnus_robot/src/ros2_canopen/install/lely_core_libraries/bin/
-- Installing: /home/starnus/starnus/starnus_robot_sim/starnus_robot/src/ros2_canopen/install/lely_core_libraries/bin//cogen
-- Up-to-date: /home/starnus/starnus/starnus_robot_sim/starnus_robot/src/ros2_canopen/install/lely_core_libraries/share/lely_core_libraries/environment/library_path.sh
-- Up-to-date: /home/starnus/starnus/starnus_robot_sim/starnus_robot/src/ros2_canopen/install/lely_core_libraries/share/lely_core_libraries/environment/library_path.dsv
-- Up-to-date: /home/starnus/starnus/starnus_robot_sim/starnus_robot/src/ros2_canopen/install/lely_core_libraries/share/ament_index/resource_index/package_run_dependencies/lely_core_libraries
-- Up-to-date: /home/starnus/starnus/starnus_robot_sim/starnus_robot/src/ros2_canopen/install/lely_core_libraries/share/ament_index/resource_index/parent_prefix_path/lely_core_libraries
-- Up-to-date: /home/starnus/starnus/starnus_robot_sim/starnus_robot/src/ros2_canopen/install/lely_core_libraries/share/lely_core_libraries/environment/ament_prefix_path.sh
-- Up-to-date: /home/starnus/starnus/starnus_robot_sim/starnus_robot/src/ros2_canopen/install/lely_core_libraries/share/lely_core_libraries/environment/ament_prefix_path.dsv
-- Up-to-date: /home/starnus/starnus/starnus_robot_sim/starnus_robot/src/ros2_canopen/install/lely_core_libraries/share/lely_core_libraries/environment/path.sh
-- Up-to-date: /home/starnus/starnus/starnus_robot_sim/starnus_robot/src/ros2_canopen/install/lely_core_libraries/share/lely_core_libraries/environment/path.dsv
-- Up-to-date: /home/starnus/starnus/starnus_robot_sim/starnus_robot/src/ros2_canopen/install/lely_core_libraries/share/lely_core_libraries/local_setup.bash
-- Up-to-date: /home/starnus/starnus/starnus_robot_sim/starnus_robot/src/ros2_canopen/install/lely_core_libraries/share/lely_core_libraries/local_setup.sh
-- Up-to-date: /home/starnus/starnus/starnus_robot_sim/starnus_robot/src/ros2_canopen/install/lely_core_libraries/share/lely_core_libraries/local_setup.zsh
-- Up-to-date: /home/starnus/starnus/starnus_robot_sim/starnus_robot/src/ros2_canopen/install/lely_core_libraries/share/lely_core_libraries/local_setup.dsv
-- Installing: /home/starnus/starnus/starnus_robot_sim/starnus_robot/src/ros2_canopen/install/lely_core_libraries/share/lely_core_libraries/package.dsv
-- Up-to-date: /home/starnus/starnus/starnus_robot_sim/starnus_robot/src/ros2_canopen/install/lely_core_libraries/share/ament_index/resource_index/packages/lely_core_libraries
-- Up-to-date: /home/starnus/starnus/starnus_robot_sim/starnus_robot/src/ros2_canopen/install/lely_core_libraries/share/lely_core_libraries/cmake/lely_core_libraries-extras.cmake
-- Up-to-date: /home/starnus/starnus/starnus_robot_sim/starnus_robot/src/ros2_canopen/install/lely_core_libraries/share/lely_core_libraries/cmake/ament_cmake_export_include_directories-extras.cmake
-- Up-to-date: /home/starnus/starnus/starnus_robot_sim/starnus_robot/src/ros2_canopen/install/lely_core_libraries/share/lely_core_libraries/cmake/ament_cmake_export_libraries-extras.cmake
-- Up-to-date: /home/starnus/starnus/starnus_robot_sim/starnus_robot/src/ros2_canopen/install/lely_core_libraries/share/lely_core_libraries/cmake/lely_core_librariesConfig.cmake
-- Up-to-date: /home/starnus/starnus/starnus_robot_sim/starnus_robot/src/ros2_canopen/install/lely_core_libraries/share/lely_core_libraries/cmake/lely_core_librariesConfig-version.cmake
-- Up-to-date: /home/starnus/starnus/starnus_robot_sim/starnus_robot/src/ros2_canopen/install/lely_core_libraries/share/lely_core_libraries/package.xml
