[35m[1mConsolidate compiler generated dependencies of target gtest_main[0m
[35m[1mConsolidate compiler generated dependencies of target gtest[0m
[35m[1mConsolidate compiler generated dependencies of target lely_master_bridge[0m
[ 16%] Built target gtest
[ 22%] Built target gtest_main
[ 27%] [32mBuilding CXX object CMakeFiles/lely_master_bridge.dir/src/lely_master_bridge.cpp.o[0m
[ 33%] [32m[1mLinking CXX shared library liblely_master_bridge.so[0m
[ 33%] Built target lely_master_bridge
[35m[1mConsolidate compiler generated dependencies of target node_canopen_basic_master[0m
[ 38%] [32mBuilding CXX object CMakeFiles/node_canopen_basic_master.dir/src/node_interfaces/node_canopen_basic_master.cpp.o[0m
[ 44%] [32m[1mLinking CXX shared library libnode_canopen_basic_master.so[0m
[ 44%] Built target node_canopen_basic_master
[35m[1mConsolidate compiler generated dependencies of target master_driver[0m
[35m[1mConsolidate compiler generated dependencies of target lifecycle_master_driver[0m
[ 55%] [32mBuilding CXX object CMakeFiles/master_driver.dir/src/master_driver.cpp.o[0m
[ 55%] [32mBuilding CXX object CMakeFiles/lifecycle_master_driver.dir/src/lifecycle_master_driver.cpp.o[0m
[ 61%] [32m[1mLinking CXX shared library liblifecycle_master_driver.so[0m
[ 66%] [32m[1mLinking CXX shared library libmaster_driver.so[0m
[ 66%] Built target lifecycle_master_driver
[ 66%] Built target master_driver
[35m[1mConsolidate compiler generated dependencies of target test_node_canopen_basic_driver_ros[0m
[35m[1mConsolidate compiler generated dependencies of target test_master_driver_component[0m
[35m[1mConsolidate compiler generated dependencies of target test_node_canopen_basic_driver[0m
[ 83%] [32mBuilding CXX object test/CMakeFiles/test_master_driver_component.dir/test_master_driver_component.cpp.o[0m
[ 83%] [32mBuilding CXX object test/CMakeFiles/test_node_canopen_basic_driver.dir/test_node_canopen_basic_master.cpp.o[0m
[ 83%] [32mBuilding CXX object test/CMakeFiles/test_node_canopen_basic_driver_ros.dir/test_node_canopen_basic_master_ros.cpp.o[0m
[ 88%] [32m[1mLinking CXX executable test_master_driver_component[0m
[ 94%] [32m[1mLinking CXX executable test_node_canopen_basic_driver[0m
[ 94%] Built target test_master_driver_component
[100%] [32m[1mLinking CXX executable test_node_canopen_basic_driver_ros[0m
[100%] Built target test_node_canopen_basic_driver
[100%] Built target test_node_canopen_basic_driver_ros
-- Install configuration: ""
-- Up-to-date: /home/starnus/starnus/starnus_robot_sim/starnus_robot/src/ros2_canopen/install/canopen_master_driver/include
-- Up-to-date: /home/starnus/starnus/starnus_robot_sim/starnus_robot/src/ros2_canopen/install/canopen_master_driver/include/canopen_master_driver
-- Up-to-date: /home/starnus/starnus/starnus_robot_sim/starnus_robot/src/ros2_canopen/install/canopen_master_driver/include/canopen_master_driver/node_interfaces
-- Up-to-date: /home/starnus/starnus/starnus_robot_sim/starnus_robot/src/ros2_canopen/install/canopen_master_driver/include/canopen_master_driver/node_interfaces/node_canopen_basic_master.hpp
-- Up-to-date: /home/starnus/starnus/starnus_robot_sim/starnus_robot/src/ros2_canopen/install/canopen_master_driver/include/canopen_master_driver/node_interfaces/node_canopen_basic_master_impl.hpp
-- Up-to-date: /home/starnus/starnus/starnus_robot_sim/starnus_robot/src/ros2_canopen/install/canopen_master_driver/include/canopen_master_driver/visibility_control.h
-- Up-to-date: /home/starnus/starnus/starnus_robot_sim/starnus_robot/src/ros2_canopen/install/canopen_master_driver/include/canopen_master_driver/master_driver.hpp
-- Up-to-date: /home/starnus/starnus/starnus_robot_sim/starnus_robot/src/ros2_canopen/install/canopen_master_driver/include/canopen_master_driver/lely_master_bridge.hpp
-- Up-to-date: /home/starnus/starnus/starnus_robot_sim/starnus_robot/src/ros2_canopen/install/canopen_master_driver/include/canopen_master_driver/lifecycle_master_driver.hpp
-- Installing: /home/starnus/starnus/starnus_robot_sim/starnus_robot/src/ros2_canopen/install/canopen_master_driver/lib/liblifecycle_master_driver.so
-- Set runtime path of "/home/starnus/starnus/starnus_robot_sim/starnus_robot/src/ros2_canopen/install/canopen_master_driver/lib/liblifecycle_master_driver.so" to ""
-- Installing: /home/starnus/starnus/starnus_robot_sim/starnus_robot/src/ros2_canopen/install/canopen_master_driver/lib/libmaster_driver.so
-- Set runtime path of "/home/starnus/starnus/starnus_robot_sim/starnus_robot/src/ros2_canopen/install/canopen_master_driver/lib/libmaster_driver.so" to ""
-- Installing: /home/starnus/starnus/starnus_robot_sim/starnus_robot/src/ros2_canopen/install/canopen_master_driver/lib/libnode_canopen_basic_master.so
-- Set runtime path of "/home/starnus/starnus/starnus_robot_sim/starnus_robot/src/ros2_canopen/install/canopen_master_driver/lib/libnode_canopen_basic_master.so" to ""
-- Installing: /home/starnus/starnus/starnus_robot_sim/starnus_robot/src/ros2_canopen/install/canopen_master_driver/lib/liblely_master_bridge.so
-- Set runtime path of "/home/starnus/starnus/starnus_robot_sim/starnus_robot/src/ros2_canopen/install/canopen_master_driver/lib/liblely_master_bridge.so" to ""
-- Up-to-date: /home/starnus/starnus/starnus_robot_sim/starnus_robot/src/ros2_canopen/install/canopen_master_driver/share/canopen_master_driver/environment/library_path.sh
-- Up-to-date: /home/starnus/starnus/starnus_robot_sim/starnus_robot/src/ros2_canopen/install/canopen_master_driver/share/canopen_master_driver/environment/library_path.dsv
-- Up-to-date: /home/starnus/starnus/starnus_robot_sim/starnus_robot/src/ros2_canopen/install/canopen_master_driver/share/ament_index/resource_index/package_run_dependencies/canopen_master_driver
-- Up-to-date: /home/starnus/starnus/starnus_robot_sim/starnus_robot/src/ros2_canopen/install/canopen_master_driver/share/ament_index/resource_index/parent_prefix_path/canopen_master_driver
-- Up-to-date: /home/starnus/starnus/starnus_robot_sim/starnus_robot/src/ros2_canopen/install/canopen_master_driver/share/canopen_master_driver/environment/ament_prefix_path.sh
-- Up-to-date: /home/starnus/starnus/starnus_robot_sim/starnus_robot/src/ros2_canopen/install/canopen_master_driver/share/canopen_master_driver/environment/ament_prefix_path.dsv
-- Up-to-date: /home/starnus/starnus/starnus_robot_sim/starnus_robot/src/ros2_canopen/install/canopen_master_driver/share/canopen_master_driver/environment/path.sh
-- Up-to-date: /home/starnus/starnus/starnus_robot_sim/starnus_robot/src/ros2_canopen/install/canopen_master_driver/share/canopen_master_driver/environment/path.dsv
-- Up-to-date: /home/starnus/starnus/starnus_robot_sim/starnus_robot/src/ros2_canopen/install/canopen_master_driver/share/canopen_master_driver/local_setup.bash
-- Up-to-date: /home/starnus/starnus/starnus_robot_sim/starnus_robot/src/ros2_canopen/install/canopen_master_driver/share/canopen_master_driver/local_setup.sh
-- Up-to-date: /home/starnus/starnus/starnus_robot_sim/starnus_robot/src/ros2_canopen/install/canopen_master_driver/share/canopen_master_driver/local_setup.zsh
-- Up-to-date: /home/starnus/starnus/starnus_robot_sim/starnus_robot/src/ros2_canopen/install/canopen_master_driver/share/canopen_master_driver/local_setup.dsv
-- Installing: /home/starnus/starnus/starnus_robot_sim/starnus_robot/src/ros2_canopen/install/canopen_master_driver/share/canopen_master_driver/package.dsv
-- Up-to-date: /home/starnus/starnus/starnus_robot_sim/starnus_robot/src/ros2_canopen/install/canopen_master_driver/share/ament_index/resource_index/packages/canopen_master_driver
-- Up-to-date: /home/starnus/starnus/starnus_robot_sim/starnus_robot/src/ros2_canopen/install/canopen_master_driver/share/ament_index/resource_index/rclcpp_components/canopen_master_driver
-- Up-to-date: /home/starnus/starnus/starnus_robot_sim/starnus_robot/src/ros2_canopen/install/canopen_master_driver/share/canopen_master_driver/cmake/export_canopen_master_driverExport.cmake
-- Up-to-date: /home/starnus/starnus/starnus_robot_sim/starnus_robot/src/ros2_canopen/install/canopen_master_driver/share/canopen_master_driver/cmake/export_canopen_master_driverExport-noconfig.cmake
-- Up-to-date: /home/starnus/starnus/starnus_robot_sim/starnus_robot/src/ros2_canopen/install/canopen_master_driver/share/canopen_master_driver/cmake/ament_cmake_export_include_directories-extras.cmake
-- Up-to-date: /home/starnus/starnus/starnus_robot_sim/starnus_robot/src/ros2_canopen/install/canopen_master_driver/share/canopen_master_driver/cmake/ament_cmake_export_libraries-extras.cmake
-- Up-to-date: /home/starnus/starnus/starnus_robot_sim/starnus_robot/src/ros2_canopen/install/canopen_master_driver/share/canopen_master_driver/cmake/ament_cmake_export_targets-extras.cmake
-- Up-to-date: /home/starnus/starnus/starnus_robot_sim/starnus_robot/src/ros2_canopen/install/canopen_master_driver/share/canopen_master_driver/cmake/ament_cmake_export_dependencies-extras.cmake
-- Up-to-date: /home/starnus/starnus/starnus_robot_sim/starnus_robot/src/ros2_canopen/install/canopen_master_driver/share/canopen_master_driver/cmake/canopen_master_driverConfig.cmake
-- Up-to-date: /home/starnus/starnus/starnus_robot_sim/starnus_robot/src/ros2_canopen/install/canopen_master_driver/share/canopen_master_driver/cmake/canopen_master_driverConfig-version.cmake
-- Up-to-date: /home/starnus/starnus/starnus_robot_sim/starnus_robot/src/ros2_canopen/install/canopen_master_driver/share/canopen_master_driver/package.xml
