[0.016s] Invoking command in '/home/starnus/starnus/starnus_robot_sim/starnus_robot/src/ros2_canopen/build/canopen_core': AMENT_PREFIX_PATH=/home/starnus/starnus/starnus_robot_sim/starnus_robot/src/ros2_canopen/install/lely_core_libraries:/home/starnus/starnus/starnus_robot_sim/starnus_robot/src/ros2_canopen/install/canopen_interfaces:${AMENT_PREFIX_PATH} CMAKE_PREFIX_PATH=/home/starnus/starnus/starnus_robot_sim/starnus_robot/src/ros2_canopen/install/lely_core_libraries:/home/starnus/starnus/starnus_robot_sim/starnus_robot/src/ros2_canopen/install/canopen_interfaces:/home/starnus/starnus/starnus_robot_sim/starnus_robot/install/starnus_sim:/home/starnus/starnus/starnus_robot_sim/starnus_robot/install/starnus_rmf_dashboard:/home/starnus/starnus/starnus_robot_sim/starnus_robot/install/starnus_rmf:/home/starnus/starnus/starnus_robot_sim/starnus_robot/install/starnus_navigation_behaviours:/home/starnus/starnus/starnus_robot_sim/starnus_robot/install/starnus_navigation:/home/starnus/starnus/starnus_robot_sim/starnus_robot/install/starnus_msgs:/home/starnus/starnus/starnus_robot_sim/starnus_robot/install/starnus_maps:/home/starnus/starnus/starnus_robot_sim/starnus_robot/install/starnus_behavior_tree:/home/starnus/starnus/starnus_robot_sim/starnus_robot/install/path_tracking_pid:/home/starnus/starnus/starnus_robot_sim/starnus_robot/install/lely_core_libraries:/home/starnus/starnus/starnus_robot_sim/starnus_robot/install/ira_laser_tools:/home/starnus/starnus_robot/install/starnus_rmf_dashboard:/home/starnus/starnus_robot/install/starnus_rmf:/home/starnus/starnus_robot/install/starnus_navigation_behaviours:/home/starnus/starnus_robot/install/starnus_msgs:/home/starnus/starnus_robot/install/starnus_maps:/home/starnus/starnus_robot/install/starnus_hardware_interfaces:/home/starnus/starnus/starnus_robot_sim/starnus_robot/install/starnus_viz:/home/starnus/starnus/starnus_robot_sim/starnus_robot/install/starnus_slam:/home/starnus/starnus/starnus_robot_sim/starnus_robot/install/starnus_rmf_panel:/home/starnus/starnus/starnus_robot_sim/starnus_robot/install/starnus_rmf_fleet_adapter:/home/starnus/starnus/starnus_robot_sim/starnus_robot/install/starnus_pallet_localisation:/home/starnus/starnus/starnus_robot_sim/starnus_robot/install/starnus_driver:/home/starnus/starnus/starnus_robot_sim/starnus_robot/install/starnus_description:/home/starnus/starnus/starnus_robot_sim/starnus_robot/install/starnus_bringup:/home/starnus/starnus/starnus_robot_sim/starnus_robot/install/starnus:/home/starnus/starnus_robot/install/wms_bridge:/home/starnus/starnus_robot/install/starnus_viz:/home/starnus/starnus_robot/install/starnus_slam:/home/starnus/starnus_robot/install/starnus_sim:/home/starnus/starnus_robot/install/starnus_rmf_panel:/home/starnus/starnus_robot/install/starnus_rmf_fleet_adapter:/home/starnus/starnus_robot/install/starnus_pallet_localisation:/home/starnus/starnus_robot/install/starnus_navigation:/home/starnus/starnus_robot/install/starnus_driver:/home/starnus/starnus_robot/install/starnus_description:/home/starnus/starnus_robot/install/starnus_bringup:/home/starnus/starnus_robot/install/starnus_arduino_comms:/home/starnus/starnus_robot/install/starnus:/opt/ros/humble LD_LIBRARY_PATH=/home/starnus/starnus/starnus_robot_sim/starnus_robot/src/ros2_canopen/install/lely_core_libraries/lib:/home/starnus/starnus/starnus_robot_sim/starnus_robot/src/ros2_canopen/install/canopen_interfaces/lib:${LD_LIBRARY_PATH} PATH=/home/starnus/starnus/starnus_robot_sim/starnus_robot/src/ros2_canopen/install/lely_core_libraries/bin:${PATH} PYTHONPATH=/home/starnus/starnus/starnus_robot_sim/starnus_robot/src/ros2_canopen/install/lely_core_libraries/local/lib/python3.10/dist-packages:/home/starnus/starnus/starnus_robot_sim/starnus_robot/src/ros2_canopen/install/lely_core_libraries/lib/python3.10/site-packages:/home/starnus/starnus/starnus_robot_sim/starnus_robot/src/ros2_canopen/install/canopen_interfaces/local/lib/python3.10/dist-packages:${PYTHONPATH} /usr/bin/cmake --build /home/starnus/starnus/starnus_robot_sim/starnus_robot/src/ros2_canopen/build/canopen_core -- -j20 -l20
[0.049s] [35m[1mConsolidate compiler generated dependencies of target gmock_main[0m
[0.049s] [35m[1mConsolidate compiler generated dependencies of target gmock[0m
[0.049s] [35m[1mConsolidate compiler generated dependencies of target node_canopen_driver[0m
[0.050s] [35m[1mConsolidate compiler generated dependencies of target node_canopen_master[0m
[0.060s] [  5%] Built target gmock_main
[0.063s] [ 13%] Built target gmock
[0.069s] [ 19%] [32mBuilding CXX object CMakeFiles/node_canopen_driver.dir/src/driver_node.cpp.o[0m
[0.070s] [ 19%] [32mBuilding CXX object CMakeFiles/node_canopen_master.dir/src/master_node.cpp.o[0m
[0.070s] [ 22%] [32mBuilding CXX object CMakeFiles/node_canopen_driver.dir/src/node_interfaces/node_canopen_driver.cpp.o[0m
[0.072s] [ 25%] [32mBuilding CXX object CMakeFiles/node_canopen_master.dir/src/node_interfaces/node_canopen_master.cpp.o[0m
[3.480s] [ 27%] [32m[1mLinking CXX shared library libnode_canopen_driver.so[0m
[3.585s] [ 30%] Built target node_canopen_driver
[3.595s] [35m[1mConsolidate compiler generated dependencies of target test_node_canopen_driver[0m
[3.595s] [35m[1mConsolidate compiler generated dependencies of target test_canopen_driver[0m
[3.595s] [35m[1mConsolidate compiler generated dependencies of target test_lifecycle_canopen_driver[0m
[3.613s] [ 36%] [32mBuilding CXX object test/CMakeFiles/test_canopen_driver.dir/test_canopen_driver.cpp.o[0m
[3.613s] [ 38%] [32mBuilding CXX object test/CMakeFiles/test_node_canopen_driver.dir/test_node_canopen_driver.cpp.o[0m
[3.613s] [ 38%] [32mBuilding CXX object test/CMakeFiles/test_lifecycle_canopen_driver.dir/test_lifecycle_canopen_driver.cpp.o[0m
[3.959s] [ 41%] [32m[1mLinking CXX shared library libnode_canopen_master.so[0m
[4.093s] [ 44%] Built target node_canopen_master
[4.106s] [35m[1mConsolidate compiler generated dependencies of target device_container[0m
[4.108s] [35m[1mConsolidate compiler generated dependencies of target test_canopen_master[0m
[4.108s] [35m[1mConsolidate compiler generated dependencies of target test_node_canopen_master[0m
[4.109s] [35m[1mConsolidate compiler generated dependencies of target test_lifecycle_canopen_master[0m
[4.130s] [ 47%] [32mBuilding CXX object test/CMakeFiles/test_canopen_master.dir/test_canopen_master.cpp.o[0m
[4.132s] [ 50%] [32mBuilding CXX object CMakeFiles/device_container.dir/src/device_container.cpp.o[0m
[4.139s] [ 55%] [32mBuilding CXX object test/CMakeFiles/test_node_canopen_master.dir/test_node_canopen_master.cpp.o[0m
[4.139s] [ 55%] [32mBuilding CXX object test/CMakeFiles/test_lifecycle_canopen_master.dir/test_lifecycle_canopen_master.cpp.o[0m
[8.127s] [ 58%] [32m[1mLinking CXX executable test_canopen_driver[0m
[8.161s] [ 61%] [32m[1mLinking CXX executable test_lifecycle_canopen_driver[0m
[8.184s] [ 63%] [32m[1mLinking CXX executable test_node_canopen_driver[0m
[8.410s] [ 63%] Built target test_canopen_driver
[8.458s] [ 63%] Built target test_node_canopen_driver
[8.522s] [ 63%] Built target test_lifecycle_canopen_driver
[8.860s] [ 66%] [32m[1mLinking CXX executable test_canopen_master[0m
[8.885s] [ 69%] [32m[1mLinking CXX shared library libdevice_container.so[0m
[9.054s] [ 72%] [32m[1mLinking CXX executable test_lifecycle_canopen_master[0m
[9.079s] [ 72%] Built target test_canopen_master
[9.104s] [ 80%] Built target device_container
[9.114s] [35m[1mConsolidate compiler generated dependencies of target test_errors[0m
[9.114s] [35m[1mConsolidate compiler generated dependencies of target test_lifecycle_manager[0m
[9.114s] [35m[1mConsolidate compiler generated dependencies of target device_container_node[0m
[9.127s] [ 83%] [32m[1mLinking CXX executable test_errors[0m
[9.131s] [ 86%] [32m[1mLinking CXX executable test_lifecycle_manager[0m
[9.132s] [ 88%] [32mBuilding CXX object CMakeFiles/device_container_node.dir/src/device_container_node.cpp.o[0m
[9.325s] [ 88%] Built target test_lifecycle_canopen_master
[9.368s] [ 91%] Built target test_errors
[9.430s] [ 94%] Built target test_lifecycle_manager
[9.568s] [ 97%] [32m[1mLinking CXX executable test_node_canopen_master[0m
[9.766s] [ 97%] Built target test_node_canopen_master
[12.177s] [100%] [32m[1mLinking CXX executable device_container_node[0m
[12.300s] [100%] Built target device_container_node
[12.308s] Invoked command in '/home/starnus/starnus/starnus_robot_sim/starnus_robot/src/ros2_canopen/build/canopen_core' returned '0': AMENT_PREFIX_PATH=/home/starnus/starnus/starnus_robot_sim/starnus_robot/src/ros2_canopen/install/lely_core_libraries:/home/starnus/starnus/starnus_robot_sim/starnus_robot/src/ros2_canopen/install/canopen_interfaces:${AMENT_PREFIX_PATH} CMAKE_PREFIX_PATH=/home/starnus/starnus/starnus_robot_sim/starnus_robot/src/ros2_canopen/install/lely_core_libraries:/home/starnus/starnus/starnus_robot_sim/starnus_robot/src/ros2_canopen/install/canopen_interfaces:/home/starnus/starnus/starnus_robot_sim/starnus_robot/install/starnus_sim:/home/starnus/starnus/starnus_robot_sim/starnus_robot/install/starnus_rmf_dashboard:/home/starnus/starnus/starnus_robot_sim/starnus_robot/install/starnus_rmf:/home/starnus/starnus/starnus_robot_sim/starnus_robot/install/starnus_navigation_behaviours:/home/starnus/starnus/starnus_robot_sim/starnus_robot/install/starnus_navigation:/home/starnus/starnus/starnus_robot_sim/starnus_robot/install/starnus_msgs:/home/starnus/starnus/starnus_robot_sim/starnus_robot/install/starnus_maps:/home/starnus/starnus/starnus_robot_sim/starnus_robot/install/starnus_behavior_tree:/home/starnus/starnus/starnus_robot_sim/starnus_robot/install/path_tracking_pid:/home/starnus/starnus/starnus_robot_sim/starnus_robot/install/lely_core_libraries:/home/starnus/starnus/starnus_robot_sim/starnus_robot/install/ira_laser_tools:/home/starnus/starnus_robot/install/starnus_rmf_dashboard:/home/starnus/starnus_robot/install/starnus_rmf:/home/starnus/starnus_robot/install/starnus_navigation_behaviours:/home/starnus/starnus_robot/install/starnus_msgs:/home/starnus/starnus_robot/install/starnus_maps:/home/starnus/starnus_robot/install/starnus_hardware_interfaces:/home/starnus/starnus/starnus_robot_sim/starnus_robot/install/starnus_viz:/home/starnus/starnus/starnus_robot_sim/starnus_robot/install/starnus_slam:/home/starnus/starnus/starnus_robot_sim/starnus_robot/install/starnus_rmf_panel:/home/starnus/starnus/starnus_robot_sim/starnus_robot/install/starnus_rmf_fleet_adapter:/home/starnus/starnus/starnus_robot_sim/starnus_robot/install/starnus_pallet_localisation:/home/starnus/starnus/starnus_robot_sim/starnus_robot/install/starnus_driver:/home/starnus/starnus/starnus_robot_sim/starnus_robot/install/starnus_description:/home/starnus/starnus/starnus_robot_sim/starnus_robot/install/starnus_bringup:/home/starnus/starnus/starnus_robot_sim/starnus_robot/install/starnus:/home/starnus/starnus_robot/install/wms_bridge:/home/starnus/starnus_robot/install/starnus_viz:/home/starnus/starnus_robot/install/starnus_slam:/home/starnus/starnus_robot/install/starnus_sim:/home/starnus/starnus_robot/install/starnus_rmf_panel:/home/starnus/starnus_robot/install/starnus_rmf_fleet_adapter:/home/starnus/starnus_robot/install/starnus_pallet_localisation:/home/starnus/starnus_robot/install/starnus_navigation:/home/starnus/starnus_robot/install/starnus_driver:/home/starnus/starnus_robot/install/starnus_description:/home/starnus/starnus_robot/install/starnus_bringup:/home/starnus/starnus_robot/install/starnus_arduino_comms:/home/starnus/starnus_robot/install/starnus:/opt/ros/humble LD_LIBRARY_PATH=/home/starnus/starnus/starnus_robot_sim/starnus_robot/src/ros2_canopen/install/lely_core_libraries/lib:/home/starnus/starnus/starnus_robot_sim/starnus_robot/src/ros2_canopen/install/canopen_interfaces/lib:${LD_LIBRARY_PATH} PATH=/home/starnus/starnus/starnus_robot_sim/starnus_robot/src/ros2_canopen/install/lely_core_libraries/bin:${PATH} PYTHONPATH=/home/starnus/starnus/starnus_robot_sim/starnus_robot/src/ros2_canopen/install/lely_core_libraries/local/lib/python3.10/dist-packages:/home/starnus/starnus/starnus_robot_sim/starnus_robot/src/ros2_canopen/install/lely_core_libraries/lib/python3.10/site-packages:/home/starnus/starnus/starnus_robot_sim/starnus_robot/src/ros2_canopen/install/canopen_interfaces/local/lib/python3.10/dist-packages:${PYTHONPATH} /usr/bin/cmake --build /home/starnus/starnus/starnus_robot_sim/starnus_robot/src/ros2_canopen/build/canopen_core -- -j20 -l20
[12.355s] Invoking command in '/home/starnus/starnus/starnus_robot_sim/starnus_robot/src/ros2_canopen/build/canopen_core': AMENT_PREFIX_PATH=/home/starnus/starnus/starnus_robot_sim/starnus_robot/src/ros2_canopen/install/lely_core_libraries:/home/starnus/starnus/starnus_robot_sim/starnus_robot/src/ros2_canopen/install/canopen_interfaces:${AMENT_PREFIX_PATH} CMAKE_PREFIX_PATH=/home/starnus/starnus/starnus_robot_sim/starnus_robot/src/ros2_canopen/install/lely_core_libraries:/home/starnus/starnus/starnus_robot_sim/starnus_robot/src/ros2_canopen/install/canopen_interfaces:/home/starnus/starnus/starnus_robot_sim/starnus_robot/install/starnus_sim:/home/starnus/starnus/starnus_robot_sim/starnus_robot/install/starnus_rmf_dashboard:/home/starnus/starnus/starnus_robot_sim/starnus_robot/install/starnus_rmf:/home/starnus/starnus/starnus_robot_sim/starnus_robot/install/starnus_navigation_behaviours:/home/starnus/starnus/starnus_robot_sim/starnus_robot/install/starnus_navigation:/home/starnus/starnus/starnus_robot_sim/starnus_robot/install/starnus_msgs:/home/starnus/starnus/starnus_robot_sim/starnus_robot/install/starnus_maps:/home/starnus/starnus/starnus_robot_sim/starnus_robot/install/starnus_behavior_tree:/home/starnus/starnus/starnus_robot_sim/starnus_robot/install/path_tracking_pid:/home/starnus/starnus/starnus_robot_sim/starnus_robot/install/lely_core_libraries:/home/starnus/starnus/starnus_robot_sim/starnus_robot/install/ira_laser_tools:/home/starnus/starnus_robot/install/starnus_rmf_dashboard:/home/starnus/starnus_robot/install/starnus_rmf:/home/starnus/starnus_robot/install/starnus_navigation_behaviours:/home/starnus/starnus_robot/install/starnus_msgs:/home/starnus/starnus_robot/install/starnus_maps:/home/starnus/starnus_robot/install/starnus_hardware_interfaces:/home/starnus/starnus/starnus_robot_sim/starnus_robot/install/starnus_viz:/home/starnus/starnus/starnus_robot_sim/starnus_robot/install/starnus_slam:/home/starnus/starnus/starnus_robot_sim/starnus_robot/install/starnus_rmf_panel:/home/starnus/starnus/starnus_robot_sim/starnus_robot/install/starnus_rmf_fleet_adapter:/home/starnus/starnus/starnus_robot_sim/starnus_robot/install/starnus_pallet_localisation:/home/starnus/starnus/starnus_robot_sim/starnus_robot/install/starnus_driver:/home/starnus/starnus/starnus_robot_sim/starnus_robot/install/starnus_description:/home/starnus/starnus/starnus_robot_sim/starnus_robot/install/starnus_bringup:/home/starnus/starnus/starnus_robot_sim/starnus_robot/install/starnus:/home/starnus/starnus_robot/install/wms_bridge:/home/starnus/starnus_robot/install/starnus_viz:/home/starnus/starnus_robot/install/starnus_slam:/home/starnus/starnus_robot/install/starnus_sim:/home/starnus/starnus_robot/install/starnus_rmf_panel:/home/starnus/starnus_robot/install/starnus_rmf_fleet_adapter:/home/starnus/starnus_robot/install/starnus_pallet_localisation:/home/starnus/starnus_robot/install/starnus_navigation:/home/starnus/starnus_robot/install/starnus_driver:/home/starnus/starnus_robot/install/starnus_description:/home/starnus/starnus_robot/install/starnus_bringup:/home/starnus/starnus_robot/install/starnus_arduino_comms:/home/starnus/starnus_robot/install/starnus:/opt/ros/humble LD_LIBRARY_PATH=/home/starnus/starnus/starnus_robot_sim/starnus_robot/src/ros2_canopen/install/lely_core_libraries/lib:/home/starnus/starnus/starnus_robot_sim/starnus_robot/src/ros2_canopen/install/canopen_interfaces/lib:${LD_LIBRARY_PATH} PATH=/home/starnus/starnus/starnus_robot_sim/starnus_robot/src/ros2_canopen/install/lely_core_libraries/bin:${PATH} PYTHONPATH=/home/starnus/starnus/starnus_robot_sim/starnus_robot/src/ros2_canopen/install/lely_core_libraries/local/lib/python3.10/dist-packages:/home/starnus/starnus/starnus_robot_sim/starnus_robot/src/ros2_canopen/install/lely_core_libraries/lib/python3.10/site-packages:/home/starnus/starnus/starnus_robot_sim/starnus_robot/src/ros2_canopen/install/canopen_interfaces/local/lib/python3.10/dist-packages:${PYTHONPATH} /usr/bin/cmake --install /home/starnus/starnus/starnus_robot_sim/starnus_robot/src/ros2_canopen/build/canopen_core
[12.360s] -- Install configuration: ""
[12.360s] -- Up-to-date: /home/starnus/starnus/starnus_robot_sim/starnus_robot/src/ros2_canopen/install/canopen_core/include
[12.361s] -- Up-to-date: /home/starnus/starnus/starnus_robot_sim/starnus_robot/src/ros2_canopen/install/canopen_core/include/canopen_core
[12.361s] -- Up-to-date: /home/starnus/starnus/starnus_robot_sim/starnus_robot/src/ros2_canopen/install/canopen_core/include/canopen_core/node_interfaces
[12.361s] -- Up-to-date: /home/starnus/starnus/starnus_robot_sim/starnus_robot/src/ros2_canopen/install/canopen_core/include/canopen_core/node_interfaces/node_canopen_master_interface.hpp
[12.361s] -- Up-to-date: /home/starnus/starnus/starnus_robot_sim/starnus_robot/src/ros2_canopen/install/canopen_core/include/canopen_core/node_interfaces/node_canopen_driver.hpp
[12.361s] -- Up-to-date: /home/starnus/starnus/starnus_robot_sim/starnus_robot/src/ros2_canopen/install/canopen_core/include/canopen_core/node_interfaces/node_canopen_driver_interface.hpp
[12.361s] -- Up-to-date: /home/starnus/starnus/starnus_robot_sim/starnus_robot/src/ros2_canopen/install/canopen_core/include/canopen_core/node_interfaces/node_canopen_master.hpp
[12.361s] -- Up-to-date: /home/starnus/starnus/starnus_robot_sim/starnus_robot/src/ros2_canopen/install/canopen_core/include/canopen_core/configuration_manager.hpp
[12.361s] -- Up-to-date: /home/starnus/starnus/starnus_robot_sim/starnus_robot/src/ros2_canopen/install/canopen_core/include/canopen_core/driver_node.hpp
[12.361s] -- Up-to-date: /home/starnus/starnus/starnus_robot_sim/starnus_robot/src/ros2_canopen/install/canopen_core/include/canopen_core/device_container.hpp
[12.361s] -- Up-to-date: /home/starnus/starnus/starnus_robot_sim/starnus_robot/src/ros2_canopen/install/canopen_core/include/canopen_core/visibility_control.h
[12.362s] -- Up-to-date: /home/starnus/starnus/starnus_robot_sim/starnus_robot/src/ros2_canopen/install/canopen_core/include/canopen_core/master_node.hpp
[12.362s] -- Up-to-date: /home/starnus/starnus/starnus_robot_sim/starnus_robot/src/ros2_canopen/install/canopen_core/include/canopen_core/master_error.hpp
[12.362s] -- Up-to-date: /home/starnus/starnus/starnus_robot_sim/starnus_robot/src/ros2_canopen/install/canopen_core/include/canopen_core/driver_error.hpp
[12.362s] -- Up-to-date: /home/starnus/starnus/starnus_robot_sim/starnus_robot/src/ros2_canopen/install/canopen_core/include/canopen_core/exchange.hpp
[12.362s] -- Up-to-date: /home/starnus/starnus/starnus_robot_sim/starnus_robot/src/ros2_canopen/install/canopen_core/include/canopen_core/device_container_error.hpp
[12.362s] -- Up-to-date: /home/starnus/starnus/starnus_robot_sim/starnus_robot/src/ros2_canopen/install/canopen_core/include/canopen_core/lifecycle_manager.hpp
[12.362s] -- Up-to-date: /home/starnus/starnus/starnus_robot_sim/starnus_robot/src/ros2_canopen/install/canopen_core/share/canopen_core/launch/
[12.362s] -- Installing: /home/starnus/starnus/starnus_robot_sim/starnus_robot/src/ros2_canopen/install/canopen_core/share/canopen_core/launch//canopen.launch.py
[12.362s] -- Installing: /home/starnus/starnus/starnus_robot_sim/starnus_robot/src/ros2_canopen/install/canopen_core/lib/libnode_canopen_driver.so
[12.362s] -- Set runtime path of "/home/starnus/starnus/starnus_robot_sim/starnus_robot/src/ros2_canopen/install/canopen_core/lib/libnode_canopen_driver.so" to ""
[12.362s] -- Installing: /home/starnus/starnus/starnus_robot_sim/starnus_robot/src/ros2_canopen/install/canopen_core/lib/libnode_canopen_master.so
[12.363s] -- Set runtime path of "/home/starnus/starnus/starnus_robot_sim/starnus_robot/src/ros2_canopen/install/canopen_core/lib/libnode_canopen_master.so" to ""
[12.363s] -- Installing: /home/starnus/starnus/starnus_robot_sim/starnus_robot/src/ros2_canopen/install/canopen_core/lib/libdevice_container.so
[12.365s] -- Set runtime path of "/home/starnus/starnus/starnus_robot_sim/starnus_robot/src/ros2_canopen/install/canopen_core/lib/libdevice_container.so" to ""
[12.365s] -- Installing: /home/starnus/starnus/starnus_robot_sim/starnus_robot/src/ros2_canopen/install/canopen_core/lib/canopen_core/device_container_node
[12.366s] -- Set runtime path of "/home/starnus/starnus/starnus_robot_sim/starnus_robot/src/ros2_canopen/install/canopen_core/lib/canopen_core/device_container_node" to ""
[12.366s] -- Up-to-date: /home/starnus/starnus/starnus_robot_sim/starnus_robot/src/ros2_canopen/install/canopen_core/share/canopen_core/environment/library_path.sh
[12.366s] -- Up-to-date: /home/starnus/starnus/starnus_robot_sim/starnus_robot/src/ros2_canopen/install/canopen_core/share/canopen_core/environment/library_path.dsv
[12.366s] -- Up-to-date: /home/starnus/starnus/starnus_robot_sim/starnus_robot/src/ros2_canopen/install/canopen_core/share/ament_index/resource_index/package_run_dependencies/canopen_core
[12.366s] -- Up-to-date: /home/starnus/starnus/starnus_robot_sim/starnus_robot/src/ros2_canopen/install/canopen_core/share/ament_index/resource_index/parent_prefix_path/canopen_core
[12.366s] -- Up-to-date: /home/starnus/starnus/starnus_robot_sim/starnus_robot/src/ros2_canopen/install/canopen_core/share/canopen_core/environment/ament_prefix_path.sh
[12.366s] -- Up-to-date: /home/starnus/starnus/starnus_robot_sim/starnus_robot/src/ros2_canopen/install/canopen_core/share/canopen_core/environment/ament_prefix_path.dsv
[12.366s] -- Up-to-date: /home/starnus/starnus/starnus_robot_sim/starnus_robot/src/ros2_canopen/install/canopen_core/share/canopen_core/environment/path.sh
[12.366s] -- Up-to-date: /home/starnus/starnus/starnus_robot_sim/starnus_robot/src/ros2_canopen/install/canopen_core/share/canopen_core/environment/path.dsv
[12.366s] -- Up-to-date: /home/starnus/starnus/starnus_robot_sim/starnus_robot/src/ros2_canopen/install/canopen_core/share/canopen_core/local_setup.bash
[12.366s] -- Up-to-date: /home/starnus/starnus/starnus_robot_sim/starnus_robot/src/ros2_canopen/install/canopen_core/share/canopen_core/local_setup.sh
[12.367s] -- Up-to-date: /home/starnus/starnus/starnus_robot_sim/starnus_robot/src/ros2_canopen/install/canopen_core/share/canopen_core/local_setup.zsh
[12.367s] -- Up-to-date: /home/starnus/starnus/starnus_robot_sim/starnus_robot/src/ros2_canopen/install/canopen_core/share/canopen_core/local_setup.dsv
[12.367s] -- Installing: /home/starnus/starnus/starnus_robot_sim/starnus_robot/src/ros2_canopen/install/canopen_core/share/canopen_core/package.dsv
[12.367s] -- Up-to-date: /home/starnus/starnus/starnus_robot_sim/starnus_robot/src/ros2_canopen/install/canopen_core/share/ament_index/resource_index/packages/canopen_core
[12.367s] -- Up-to-date: /home/starnus/starnus/starnus_robot_sim/starnus_robot/src/ros2_canopen/install/canopen_core/share/canopen_core/cmake/export_canopen_coreExport.cmake
[12.367s] -- Up-to-date: /home/starnus/starnus/starnus_robot_sim/starnus_robot/src/ros2_canopen/install/canopen_core/share/canopen_core/cmake/export_canopen_coreExport-noconfig.cmake
[12.367s] -- Up-to-date: /home/starnus/starnus/starnus_robot_sim/starnus_robot/src/ros2_canopen/install/canopen_core/share/canopen_core/cmake/ConfigExtras.cmake
[12.367s] -- Up-to-date: /home/starnus/starnus/starnus_robot_sim/starnus_robot/src/ros2_canopen/install/canopen_core/share/canopen_core/cmake/ament_cmake_export_include_directories-extras.cmake
[12.367s] -- Up-to-date: /home/starnus/starnus/starnus_robot_sim/starnus_robot/src/ros2_canopen/install/canopen_core/share/canopen_core/cmake/ament_cmake_export_libraries-extras.cmake
[12.367s] -- Up-to-date: /home/starnus/starnus/starnus_robot_sim/starnus_robot/src/ros2_canopen/install/canopen_core/share/canopen_core/cmake/ament_cmake_export_targets-extras.cmake
[12.367s] -- Up-to-date: /home/starnus/starnus/starnus_robot_sim/starnus_robot/src/ros2_canopen/install/canopen_core/share/canopen_core/cmake/ament_cmake_export_dependencies-extras.cmake
[12.367s] -- Up-to-date: /home/starnus/starnus/starnus_robot_sim/starnus_robot/src/ros2_canopen/install/canopen_core/share/canopen_core/cmake/canopen_coreConfig.cmake
[12.367s] -- Up-to-date: /home/starnus/starnus/starnus_robot_sim/starnus_robot/src/ros2_canopen/install/canopen_core/share/canopen_core/cmake/canopen_coreConfig-version.cmake
[12.367s] -- Up-to-date: /home/starnus/starnus/starnus_robot_sim/starnus_robot/src/ros2_canopen/install/canopen_core/share/canopen_core/package.xml
[12.369s] Invoked command in '/home/starnus/starnus/starnus_robot_sim/starnus_robot/src/ros2_canopen/build/canopen_core' returned '0': AMENT_PREFIX_PATH=/home/starnus/starnus/starnus_robot_sim/starnus_robot/src/ros2_canopen/install/lely_core_libraries:/home/starnus/starnus/starnus_robot_sim/starnus_robot/src/ros2_canopen/install/canopen_interfaces:${AMENT_PREFIX_PATH} CMAKE_PREFIX_PATH=/home/starnus/starnus/starnus_robot_sim/starnus_robot/src/ros2_canopen/install/lely_core_libraries:/home/starnus/starnus/starnus_robot_sim/starnus_robot/src/ros2_canopen/install/canopen_interfaces:/home/starnus/starnus/starnus_robot_sim/starnus_robot/install/starnus_sim:/home/starnus/starnus/starnus_robot_sim/starnus_robot/install/starnus_rmf_dashboard:/home/starnus/starnus/starnus_robot_sim/starnus_robot/install/starnus_rmf:/home/starnus/starnus/starnus_robot_sim/starnus_robot/install/starnus_navigation_behaviours:/home/starnus/starnus/starnus_robot_sim/starnus_robot/install/starnus_navigation:/home/starnus/starnus/starnus_robot_sim/starnus_robot/install/starnus_msgs:/home/starnus/starnus/starnus_robot_sim/starnus_robot/install/starnus_maps:/home/starnus/starnus/starnus_robot_sim/starnus_robot/install/starnus_behavior_tree:/home/starnus/starnus/starnus_robot_sim/starnus_robot/install/path_tracking_pid:/home/starnus/starnus/starnus_robot_sim/starnus_robot/install/lely_core_libraries:/home/starnus/starnus/starnus_robot_sim/starnus_robot/install/ira_laser_tools:/home/starnus/starnus_robot/install/starnus_rmf_dashboard:/home/starnus/starnus_robot/install/starnus_rmf:/home/starnus/starnus_robot/install/starnus_navigation_behaviours:/home/starnus/starnus_robot/install/starnus_msgs:/home/starnus/starnus_robot/install/starnus_maps:/home/starnus/starnus_robot/install/starnus_hardware_interfaces:/home/starnus/starnus/starnus_robot_sim/starnus_robot/install/starnus_viz:/home/starnus/starnus/starnus_robot_sim/starnus_robot/install/starnus_slam:/home/starnus/starnus/starnus_robot_sim/starnus_robot/install/starnus_rmf_panel:/home/starnus/starnus/starnus_robot_sim/starnus_robot/install/starnus_rmf_fleet_adapter:/home/starnus/starnus/starnus_robot_sim/starnus_robot/install/starnus_pallet_localisation:/home/starnus/starnus/starnus_robot_sim/starnus_robot/install/starnus_driver:/home/starnus/starnus/starnus_robot_sim/starnus_robot/install/starnus_description:/home/starnus/starnus/starnus_robot_sim/starnus_robot/install/starnus_bringup:/home/starnus/starnus/starnus_robot_sim/starnus_robot/install/starnus:/home/starnus/starnus_robot/install/wms_bridge:/home/starnus/starnus_robot/install/starnus_viz:/home/starnus/starnus_robot/install/starnus_slam:/home/starnus/starnus_robot/install/starnus_sim:/home/starnus/starnus_robot/install/starnus_rmf_panel:/home/starnus/starnus_robot/install/starnus_rmf_fleet_adapter:/home/starnus/starnus_robot/install/starnus_pallet_localisation:/home/starnus/starnus_robot/install/starnus_navigation:/home/starnus/starnus_robot/install/starnus_driver:/home/starnus/starnus_robot/install/starnus_description:/home/starnus/starnus_robot/install/starnus_bringup:/home/starnus/starnus_robot/install/starnus_arduino_comms:/home/starnus/starnus_robot/install/starnus:/opt/ros/humble LD_LIBRARY_PATH=/home/starnus/starnus/starnus_robot_sim/starnus_robot/src/ros2_canopen/install/lely_core_libraries/lib:/home/starnus/starnus/starnus_robot_sim/starnus_robot/src/ros2_canopen/install/canopen_interfaces/lib:${LD_LIBRARY_PATH} PATH=/home/starnus/starnus/starnus_robot_sim/starnus_robot/src/ros2_canopen/install/lely_core_libraries/bin:${PATH} PYTHONPATH=/home/starnus/starnus/starnus_robot_sim/starnus_robot/src/ros2_canopen/install/lely_core_libraries/local/lib/python3.10/dist-packages:/home/starnus/starnus/starnus_robot_sim/starnus_robot/src/ros2_canopen/install/lely_core_libraries/lib/python3.10/site-packages:/home/starnus/starnus/starnus_robot_sim/starnus_robot/src/ros2_canopen/install/canopen_interfaces/local/lib/python3.10/dist-packages:${PYTHONPATH} /usr/bin/cmake --install /home/starnus/starnus/starnus_robot_sim/starnus_robot/src/ros2_canopen/build/canopen_core
