[0.323s] DEBUG:colcon:Command line arguments: ['/usr/bin/colcon', 'build']
[0.323s] DEBUG:colcon:Parsed command line arguments: Namespace(log_base=None, log_level=None, verb_name='build', build_base='build', install_base='install', merge_install=False, symlink_install=False, test_result_base=None, continue_on_error=False, executor='parallel', parallel_workers=20, event_handlers=None, ignore_user_meta=False, metas=['./colcon.meta'], base_paths=['.'], packages_ignore=None, packages_ignore_regex=None, paths=None, packages_up_to=None, packages_up_to_regex=None, packages_above=None, packages_above_and_dependencies=None, packages_above_depth=None, packages_select_by_dep=None, packages_skip_by_dep=None, packages_skip_up_to=None, packages_select_build_failed=False, packages_skip_build_finished=False, packages_select_test_failures=False, packages_skip_test_passed=False, packages_select=None, packages_skip=None, packages_select_regex=None, packages_skip_regex=None, packages_start=None, packages_end=None, allow_overriding=[], cmake_args=None, cmake_target=None, cmake_target_skip_unavailable=False, cmake_clean_cache=False, cmake_clean_first=False, cmake_force_configure=False, meson_args=[], ament_cmake_args=None, catkin_cmake_args=None, catkin_skip_building_tests=False, mixin_files=None, mixin=None, verb_parser=<colcon_alias.argument_parser.alias.AliasArgumentDecorator object at 0x7f9a843a3b20>, verb_extension=<colcon_core.verb.build.BuildVerb object at 0x7f9a843a2d40>, main=<bound method BuildVerb.main of <colcon_core.verb.build.BuildVerb object at 0x7f9a843a2d40>>, mixin_verb=('build',))
[0.336s] Level 1:colcon.colcon_core.package_discovery:discover_packages(colcon_meta) check parameters
[0.336s] Level 1:colcon.colcon_core.package_discovery:discover_packages(recursive) check parameters
[0.336s] Level 1:colcon.colcon_core.package_discovery:discover_packages(ignore) check parameters
[0.336s] Level 1:colcon.colcon_core.package_discovery:discover_packages(path) check parameters
[0.336s] Level 1:colcon.colcon_core.package_discovery:discover_packages(colcon_meta) discover
[0.336s] Level 1:colcon.colcon_core.package_discovery:discover_packages(recursive) discover
[0.336s] INFO:colcon.colcon_core.package_discovery:Crawling recursively for packages in '/home/starnus/starnus/starnus_robot_sim/starnus_robot/src/ros2_canopen/config_package'
[0.336s] Level 1:colcon.colcon_core.package_identification:_identify(.) by extensions ['ignore', 'ignore_ament_install']
[0.336s] Level 1:colcon.colcon_core.package_identification:_identify(.) by extension 'ignore'
[0.336s] Level 1:colcon.colcon_core.package_identification:_identify(.) by extension 'ignore_ament_install'
[0.336s] Level 1:colcon.colcon_core.package_identification:_identify(.) by extensions ['colcon_pkg']
[0.337s] Level 1:colcon.colcon_core.package_identification:_identify(.) by extension 'colcon_pkg'
[0.337s] Level 1:colcon.colcon_core.package_identification:_identify(.) by extensions ['colcon_meta']
[0.337s] Level 1:colcon.colcon_core.package_identification:_identify(.) by extension 'colcon_meta'
[0.337s] Level 1:colcon.colcon_core.package_identification:_identify(.) by extensions ['ros']
[0.337s] Level 1:colcon.colcon_core.package_identification:_identify(.) by extension 'ros'
[0.344s] DEBUG:colcon.colcon_core.package_identification:Package '.' with type 'ros.ament_cmake' and name 'config_package'
[0.344s] Level 1:colcon.colcon_core.package_discovery:discover_packages(recursive) using defaults
[0.344s] Level 1:colcon.colcon_core.package_discovery:discover_packages(ignore) discover
[0.344s] Level 1:colcon.colcon_core.package_discovery:discover_packages(ignore) using defaults
[0.344s] Level 1:colcon.colcon_core.package_discovery:discover_packages(path) discover
[0.344s] Level 1:colcon.colcon_core.package_discovery:discover_packages(path) using defaults
[0.356s] Level 1:colcon.colcon_core.package_discovery:discover_packages(prefix_path) check parameters
[0.356s] Level 1:colcon.colcon_core.package_discovery:discover_packages(prefix_path) discover
[0.359s] DEBUG:colcon.colcon_installed_package_information.package_discovery:Found 33 installed packages in /home/starnus/starnus/starnus_robot_sim/starnus_robot/install
[0.359s] DEBUG:colcon.colcon_installed_package_information.package_discovery:Found 19 installed packages in /home/starnus/starnus_robot/install
[0.361s] DEBUG:colcon.colcon_installed_package_information.package_discovery:Found 400 installed packages in /opt/ros/humble
[0.362s] Level 1:colcon.colcon_core.package_discovery:discover_packages(prefix_path) using defaults
[0.415s] Level 5:colcon.colcon_core.verb:set package 'config_package' build argument 'cmake_args' from command line to 'None'
[0.415s] Level 5:colcon.colcon_core.verb:set package 'config_package' build argument 'cmake_target' from command line to 'None'
[0.415s] Level 5:colcon.colcon_core.verb:set package 'config_package' build argument 'cmake_target_skip_unavailable' from command line to 'False'
[0.415s] Level 5:colcon.colcon_core.verb:set package 'config_package' build argument 'cmake_clean_cache' from command line to 'False'
[0.415s] Level 5:colcon.colcon_core.verb:set package 'config_package' build argument 'cmake_clean_first' from command line to 'False'
[0.415s] Level 5:colcon.colcon_core.verb:set package 'config_package' build argument 'cmake_force_configure' from command line to 'False'
[0.415s] Level 5:colcon.colcon_core.verb:set package 'config_package' build argument 'meson_args' from command line to '[]'
[0.415s] Level 5:colcon.colcon_core.verb:set package 'config_package' build argument 'ament_cmake_args' from command line to 'None'
[0.415s] Level 5:colcon.colcon_core.verb:set package 'config_package' build argument 'catkin_cmake_args' from command line to 'None'
[0.415s] Level 5:colcon.colcon_core.verb:set package 'config_package' build argument 'catkin_skip_building_tests' from command line to 'False'
[0.415s] DEBUG:colcon.colcon_core.verb:Building package 'config_package' with the following arguments: {'ament_cmake_args': None, 'build_base': '/home/starnus/starnus/starnus_robot_sim/starnus_robot/src/ros2_canopen/config_package/build/config_package', 'catkin_cmake_args': None, 'catkin_skip_building_tests': False, 'cmake_args': None, 'cmake_clean_cache': False, 'cmake_clean_first': False, 'cmake_force_configure': False, 'cmake_target': None, 'cmake_target_skip_unavailable': False, 'install_base': '/home/starnus/starnus/starnus_robot_sim/starnus_robot/src/ros2_canopen/config_package/install/config_package', 'merge_install': False, 'meson_args': [], 'path': '/home/starnus/starnus/starnus_robot_sim/starnus_robot/src/ros2_canopen/config_package', 'symlink_install': False, 'test_result_base': None}
[0.416s] INFO:colcon.colcon_core.executor:Executing jobs using 'parallel' executor
[0.417s] DEBUG:colcon.colcon_parallel_executor.executor.parallel:run_until_complete
[0.418s] INFO:colcon.colcon_ros.task.ament_cmake.build:Building ROS package in '/home/starnus/starnus/starnus_robot_sim/starnus_robot/src/ros2_canopen/config_package' with build type 'ament_cmake'
[0.418s] INFO:colcon.colcon_cmake.task.cmake.build:Building CMake package in '/home/starnus/starnus/starnus_robot_sim/starnus_robot/src/ros2_canopen/config_package'
[0.420s] INFO:colcon.colcon_core.plugin_system:Skipping extension 'colcon_core.shell.bat': Not used on non-Windows systems
[0.420s] INFO:colcon.colcon_core.shell:Skip shell extension 'powershell' for command environment: Not usable outside of PowerShell
[0.420s] DEBUG:colcon.colcon_core.shell:Skip shell extension 'dsv' for command environment
[0.428s] DEBUG:colcon.colcon_core.event_handler.log_command:Invoking command in '/home/starnus/starnus/starnus_robot_sim/starnus_robot/src/ros2_canopen/config_package/build/config_package': CMAKE_PREFIX_PATH=${CMAKE_PREFIX_PATH}:/home/starnus/starnus/starnus_robot_sim/starnus_robot/install/starnus_viz:/home/starnus/starnus/starnus_robot_sim/starnus_robot/install/starnus_slam:/home/starnus/starnus/starnus_robot_sim/starnus_robot/install/starnus_rmf_panel:/home/starnus/starnus/starnus_robot_sim/starnus_robot/install/starnus_rmf_fleet_adapter:/home/starnus/starnus/starnus_robot_sim/starnus_robot/install/starnus_pallet_localisation:/home/starnus/starnus/starnus_robot_sim/starnus_robot/install/starnus_driver:/home/starnus/starnus/starnus_robot_sim/starnus_robot/install/starnus_description:/home/starnus/starnus/starnus_robot_sim/starnus_robot/install/starnus_bringup:/home/starnus/starnus/starnus_robot_sim/starnus_robot/install/starnus:/home/starnus/starnus/starnus_robot_sim/starnus_robot/install/canopen_utils:/home/starnus/starnus_robot/install/wms_bridge:/home/starnus/starnus_robot/install/starnus_viz:/home/starnus/starnus_robot/install/starnus_slam:/home/starnus/starnus_robot/install/starnus_sim:/home/starnus/starnus_robot/install/starnus_rmf_panel:/home/starnus/starnus_robot/install/starnus_rmf_fleet_adapter:/home/starnus/starnus_robot/install/starnus_pallet_localisation:/home/starnus/starnus_robot/install/starnus_navigation:/home/starnus/starnus_robot/install/starnus_driver:/home/starnus/starnus_robot/install/starnus_description:/home/starnus/starnus_robot/install/starnus_bringup:/home/starnus/starnus_robot/install/starnus_arduino_comms:/home/starnus/starnus_robot/install/starnus:/opt/ros/humble /usr/bin/cmake --build /home/starnus/starnus/starnus_robot_sim/starnus_robot/src/ros2_canopen/config_package/build/config_package -- -j20 -l20
[0.843s] DEBUG:colcon.colcon_core.event_handler.log_command:Invoked command in '/home/starnus/starnus/starnus_robot_sim/starnus_robot/src/ros2_canopen/config_package/build/config_package' returned '0': CMAKE_PREFIX_PATH=${CMAKE_PREFIX_PATH}:/home/starnus/starnus/starnus_robot_sim/starnus_robot/install/starnus_viz:/home/starnus/starnus/starnus_robot_sim/starnus_robot/install/starnus_slam:/home/starnus/starnus/starnus_robot_sim/starnus_robot/install/starnus_rmf_panel:/home/starnus/starnus/starnus_robot_sim/starnus_robot/install/starnus_rmf_fleet_adapter:/home/starnus/starnus/starnus_robot_sim/starnus_robot/install/starnus_pallet_localisation:/home/starnus/starnus/starnus_robot_sim/starnus_robot/install/starnus_driver:/home/starnus/starnus/starnus_robot_sim/starnus_robot/install/starnus_description:/home/starnus/starnus/starnus_robot_sim/starnus_robot/install/starnus_bringup:/home/starnus/starnus/starnus_robot_sim/starnus_robot/install/starnus:/home/starnus/starnus/starnus_robot_sim/starnus_robot/install/canopen_utils:/home/starnus/starnus_robot/install/wms_bridge:/home/starnus/starnus_robot/install/starnus_viz:/home/starnus/starnus_robot/install/starnus_slam:/home/starnus/starnus_robot/install/starnus_sim:/home/starnus/starnus_robot/install/starnus_rmf_panel:/home/starnus/starnus_robot/install/starnus_rmf_fleet_adapter:/home/starnus/starnus_robot/install/starnus_pallet_localisation:/home/starnus/starnus_robot/install/starnus_navigation:/home/starnus/starnus_robot/install/starnus_driver:/home/starnus/starnus_robot/install/starnus_description:/home/starnus/starnus_robot/install/starnus_bringup:/home/starnus/starnus_robot/install/starnus_arduino_comms:/home/starnus/starnus_robot/install/starnus:/opt/ros/humble /usr/bin/cmake --build /home/starnus/starnus/starnus_robot_sim/starnus_robot/src/ros2_canopen/config_package/build/config_package -- -j20 -l20
[0.867s] DEBUG:colcon.colcon_core.event_handler.log_command:Invoking command in '/home/starnus/starnus/starnus_robot_sim/starnus_robot/src/ros2_canopen/config_package/build/config_package': CMAKE_PREFIX_PATH=${CMAKE_PREFIX_PATH}:/home/starnus/starnus/starnus_robot_sim/starnus_robot/install/starnus_viz:/home/starnus/starnus/starnus_robot_sim/starnus_robot/install/starnus_slam:/home/starnus/starnus/starnus_robot_sim/starnus_robot/install/starnus_rmf_panel:/home/starnus/starnus/starnus_robot_sim/starnus_robot/install/starnus_rmf_fleet_adapter:/home/starnus/starnus/starnus_robot_sim/starnus_robot/install/starnus_pallet_localisation:/home/starnus/starnus/starnus_robot_sim/starnus_robot/install/starnus_driver:/home/starnus/starnus/starnus_robot_sim/starnus_robot/install/starnus_description:/home/starnus/starnus/starnus_robot_sim/starnus_robot/install/starnus_bringup:/home/starnus/starnus/starnus_robot_sim/starnus_robot/install/starnus:/home/starnus/starnus/starnus_robot_sim/starnus_robot/install/canopen_utils:/home/starnus/starnus_robot/install/wms_bridge:/home/starnus/starnus_robot/install/starnus_viz:/home/starnus/starnus_robot/install/starnus_slam:/home/starnus/starnus_robot/install/starnus_sim:/home/starnus/starnus_robot/install/starnus_rmf_panel:/home/starnus/starnus_robot/install/starnus_rmf_fleet_adapter:/home/starnus/starnus_robot/install/starnus_pallet_localisation:/home/starnus/starnus_robot/install/starnus_navigation:/home/starnus/starnus_robot/install/starnus_driver:/home/starnus/starnus_robot/install/starnus_description:/home/starnus/starnus_robot/install/starnus_bringup:/home/starnus/starnus_robot/install/starnus_arduino_comms:/home/starnus/starnus_robot/install/starnus:/opt/ros/humble /usr/bin/cmake --install /home/starnus/starnus/starnus_robot_sim/starnus_robot/src/ros2_canopen/config_package/build/config_package
[0.874s] Level 1:colcon.colcon_core.environment:create_environment_scripts_only(config_package)
[0.875s] DEBUG:colcon.colcon_core.event_handler.log_command:Invoked command in '/home/starnus/starnus/starnus_robot_sim/starnus_robot/src/ros2_canopen/config_package/build/config_package' returned '0': CMAKE_PREFIX_PATH=${CMAKE_PREFIX_PATH}:/home/starnus/starnus/starnus_robot_sim/starnus_robot/install/starnus_viz:/home/starnus/starnus/starnus_robot_sim/starnus_robot/install/starnus_slam:/home/starnus/starnus/starnus_robot_sim/starnus_robot/install/starnus_rmf_panel:/home/starnus/starnus/starnus_robot_sim/starnus_robot/install/starnus_rmf_fleet_adapter:/home/starnus/starnus/starnus_robot_sim/starnus_robot/install/starnus_pallet_localisation:/home/starnus/starnus/starnus_robot_sim/starnus_robot/install/starnus_driver:/home/starnus/starnus/starnus_robot_sim/starnus_robot/install/starnus_description:/home/starnus/starnus/starnus_robot_sim/starnus_robot/install/starnus_bringup:/home/starnus/starnus/starnus_robot_sim/starnus_robot/install/starnus:/home/starnus/starnus/starnus_robot_sim/starnus_robot/install/canopen_utils:/home/starnus/starnus_robot/install/wms_bridge:/home/starnus/starnus_robot/install/starnus_viz:/home/starnus/starnus_robot/install/starnus_slam:/home/starnus/starnus_robot/install/starnus_sim:/home/starnus/starnus_robot/install/starnus_rmf_panel:/home/starnus/starnus_robot/install/starnus_rmf_fleet_adapter:/home/starnus/starnus_robot/install/starnus_pallet_localisation:/home/starnus/starnus_robot/install/starnus_navigation:/home/starnus/starnus_robot/install/starnus_driver:/home/starnus/starnus_robot/install/starnus_description:/home/starnus/starnus_robot/install/starnus_bringup:/home/starnus/starnus_robot/install/starnus_arduino_comms:/home/starnus/starnus_robot/install/starnus:/opt/ros/humble /usr/bin/cmake --install /home/starnus/starnus/starnus_robot_sim/starnus_robot/src/ros2_canopen/config_package/build/config_package
[0.878s] Level 1:colcon.colcon_core.environment:checking '/home/starnus/starnus/starnus_robot_sim/starnus_robot/src/ros2_canopen/config_package/install/config_package' for CMake module files
[0.878s] Level 1:colcon.colcon_core.environment:checking '/home/starnus/starnus/starnus_robot_sim/starnus_robot/src/ros2_canopen/config_package/install/config_package' for CMake config files
[0.878s] Level 1:colcon.colcon_core.shell:create_environment_hook('config_package', 'cmake_prefix_path')
[0.879s] INFO:colcon.colcon_core.shell:Creating environment hook '/home/starnus/starnus/starnus_robot_sim/starnus_robot/src/ros2_canopen/config_package/install/config_package/share/config_package/hook/cmake_prefix_path.ps1'
[0.879s] INFO:colcon.colcon_core.shell:Creating environment descriptor '/home/starnus/starnus/starnus_robot_sim/starnus_robot/src/ros2_canopen/config_package/install/config_package/share/config_package/hook/cmake_prefix_path.dsv'
[0.879s] INFO:colcon.colcon_core.shell:Creating environment hook '/home/starnus/starnus/starnus_robot_sim/starnus_robot/src/ros2_canopen/config_package/install/config_package/share/config_package/hook/cmake_prefix_path.sh'
[0.879s] Level 1:colcon.colcon_core.environment:checking '/home/starnus/starnus/starnus_robot_sim/starnus_robot/src/ros2_canopen/config_package/install/config_package/lib'
[0.880s] Level 1:colcon.colcon_core.environment:checking '/home/starnus/starnus/starnus_robot_sim/starnus_robot/src/ros2_canopen/config_package/install/config_package/bin'
[0.880s] Level 1:colcon.colcon_core.environment:checking '/home/starnus/starnus/starnus_robot_sim/starnus_robot/src/ros2_canopen/config_package/install/config_package/lib/pkgconfig/config_package.pc'
[0.880s] Level 1:colcon.colcon_core.environment:checking '/home/starnus/starnus/starnus_robot_sim/starnus_robot/src/ros2_canopen/config_package/install/config_package/lib/python3.10/site-packages'
[0.880s] Level 1:colcon.colcon_core.environment:checking '/home/starnus/starnus/starnus_robot_sim/starnus_robot/src/ros2_canopen/config_package/install/config_package/bin'
[0.881s] INFO:colcon.colcon_core.shell:Creating package script '/home/starnus/starnus/starnus_robot_sim/starnus_robot/src/ros2_canopen/config_package/install/config_package/share/config_package/package.ps1'
[0.881s] INFO:colcon.colcon_core.shell:Creating package descriptor '/home/starnus/starnus/starnus_robot_sim/starnus_robot/src/ros2_canopen/config_package/install/config_package/share/config_package/package.dsv'
[0.881s] INFO:colcon.colcon_core.shell:Creating package script '/home/starnus/starnus/starnus_robot_sim/starnus_robot/src/ros2_canopen/config_package/install/config_package/share/config_package/package.sh'
[0.882s] INFO:colcon.colcon_core.shell:Creating package script '/home/starnus/starnus/starnus_robot_sim/starnus_robot/src/ros2_canopen/config_package/install/config_package/share/config_package/package.bash'
[0.882s] INFO:colcon.colcon_core.shell:Creating package script '/home/starnus/starnus/starnus_robot_sim/starnus_robot/src/ros2_canopen/config_package/install/config_package/share/config_package/package.zsh'
[0.882s] Level 1:colcon.colcon_core.environment:create_file_with_runtime_dependencies(/home/starnus/starnus/starnus_robot_sim/starnus_robot/src/ros2_canopen/config_package/install/config_package/share/colcon-core/packages/config_package)
[0.902s] Level 1:colcon.colcon_core.environment:create_environment_scripts_only(config_package)
[0.903s] Level 1:colcon.colcon_core.environment:checking '/home/starnus/starnus/starnus_robot_sim/starnus_robot/src/ros2_canopen/config_package/install/config_package' for CMake module files
[0.903s] Level 1:colcon.colcon_core.environment:checking '/home/starnus/starnus/starnus_robot_sim/starnus_robot/src/ros2_canopen/config_package/install/config_package' for CMake config files
[0.903s] Level 1:colcon.colcon_core.shell:create_environment_hook('config_package', 'cmake_prefix_path')
[0.904s] INFO:colcon.colcon_core.shell:Creating environment hook '/home/starnus/starnus/starnus_robot_sim/starnus_robot/src/ros2_canopen/config_package/install/config_package/share/config_package/hook/cmake_prefix_path.ps1'
[0.904s] INFO:colcon.colcon_core.shell:Creating environment descriptor '/home/starnus/starnus/starnus_robot_sim/starnus_robot/src/ros2_canopen/config_package/install/config_package/share/config_package/hook/cmake_prefix_path.dsv'
[0.904s] INFO:colcon.colcon_core.shell:Creating environment hook '/home/starnus/starnus/starnus_robot_sim/starnus_robot/src/ros2_canopen/config_package/install/config_package/share/config_package/hook/cmake_prefix_path.sh'
[0.905s] Level 1:colcon.colcon_core.environment:checking '/home/starnus/starnus/starnus_robot_sim/starnus_robot/src/ros2_canopen/config_package/install/config_package/lib'
[0.905s] Level 1:colcon.colcon_core.environment:checking '/home/starnus/starnus/starnus_robot_sim/starnus_robot/src/ros2_canopen/config_package/install/config_package/bin'
[0.905s] Level 1:colcon.colcon_core.environment:checking '/home/starnus/starnus/starnus_robot_sim/starnus_robot/src/ros2_canopen/config_package/install/config_package/lib/pkgconfig/config_package.pc'
[0.905s] Level 1:colcon.colcon_core.environment:checking '/home/starnus/starnus/starnus_robot_sim/starnus_robot/src/ros2_canopen/config_package/install/config_package/lib/python3.10/site-packages'
[0.905s] Level 1:colcon.colcon_core.environment:checking '/home/starnus/starnus/starnus_robot_sim/starnus_robot/src/ros2_canopen/config_package/install/config_package/bin'
[0.906s] INFO:colcon.colcon_core.shell:Creating package script '/home/starnus/starnus/starnus_robot_sim/starnus_robot/src/ros2_canopen/config_package/install/config_package/share/config_package/package.ps1'
[0.906s] INFO:colcon.colcon_core.shell:Creating package descriptor '/home/starnus/starnus/starnus_robot_sim/starnus_robot/src/ros2_canopen/config_package/install/config_package/share/config_package/package.dsv'
[0.906s] INFO:colcon.colcon_core.shell:Creating package script '/home/starnus/starnus/starnus_robot_sim/starnus_robot/src/ros2_canopen/config_package/install/config_package/share/config_package/package.sh'
[0.907s] INFO:colcon.colcon_core.shell:Creating package script '/home/starnus/starnus/starnus_robot_sim/starnus_robot/src/ros2_canopen/config_package/install/config_package/share/config_package/package.bash'
[0.907s] INFO:colcon.colcon_core.shell:Creating package script '/home/starnus/starnus/starnus_robot_sim/starnus_robot/src/ros2_canopen/config_package/install/config_package/share/config_package/package.zsh'
[0.907s] Level 1:colcon.colcon_core.environment:create_file_with_runtime_dependencies(/home/starnus/starnus/starnus_robot_sim/starnus_robot/src/ros2_canopen/config_package/install/config_package/share/colcon-core/packages/config_package)
[0.907s] DEBUG:colcon.colcon_parallel_executor.executor.parallel:closing loop
[0.907s] DEBUG:colcon.colcon_parallel_executor.executor.parallel:loop closed
[0.907s] DEBUG:colcon.colcon_parallel_executor.executor.parallel:run_until_complete finished with '0'
[0.907s] DEBUG:colcon.colcon_core.event_reactor:joining thread
[0.911s] INFO:colcon.colcon_core.plugin_system:Skipping extension 'colcon_notification.desktop_notification.terminal_notifier': Not used on non-Darwin systems
[0.911s] INFO:colcon.colcon_core.plugin_system:Skipping extension 'colcon_notification.desktop_notification.win32': Not used on non-Windows systems
[0.911s] INFO:colcon.colcon_notification.desktop_notification:Sending desktop notification using 'notify2'
[0.919s] DEBUG:colcon.colcon_core.event_reactor:joined thread
[0.920s] INFO:colcon.colcon_core.shell:Creating prefix script '/home/starnus/starnus/starnus_robot_sim/starnus_robot/src/ros2_canopen/config_package/install/local_setup.ps1'
[0.921s] INFO:colcon.colcon_core.shell:Creating prefix util module '/home/starnus/starnus/starnus_robot_sim/starnus_robot/src/ros2_canopen/config_package/install/_local_setup_util_ps1.py'
[0.922s] INFO:colcon.colcon_core.shell:Creating prefix chain script '/home/starnus/starnus/starnus_robot_sim/starnus_robot/src/ros2_canopen/config_package/install/setup.ps1'
[0.923s] INFO:colcon.colcon_core.shell:Creating prefix script '/home/starnus/starnus/starnus_robot_sim/starnus_robot/src/ros2_canopen/config_package/install/local_setup.sh'
[0.923s] INFO:colcon.colcon_core.shell:Creating prefix util module '/home/starnus/starnus/starnus_robot_sim/starnus_robot/src/ros2_canopen/config_package/install/_local_setup_util_sh.py'
[0.924s] INFO:colcon.colcon_core.shell:Creating prefix chain script '/home/starnus/starnus/starnus_robot_sim/starnus_robot/src/ros2_canopen/config_package/install/setup.sh'
[0.925s] INFO:colcon.colcon_core.shell:Creating prefix script '/home/starnus/starnus/starnus_robot_sim/starnus_robot/src/ros2_canopen/config_package/install/local_setup.bash'
[0.926s] INFO:colcon.colcon_core.shell:Creating prefix chain script '/home/starnus/starnus/starnus_robot_sim/starnus_robot/src/ros2_canopen/config_package/install/setup.bash'
[0.927s] INFO:colcon.colcon_core.shell:Creating prefix script '/home/starnus/starnus/starnus_robot_sim/starnus_robot/src/ros2_canopen/config_package/install/local_setup.zsh'
[0.927s] INFO:colcon.colcon_core.shell:Creating prefix chain script '/home/starnus/starnus/starnus_robot_sim/starnus_robot/src/ros2_canopen/config_package/install/setup.zsh'
