[0.025s] Invoking command in '/home/starnus/starnus/starnus_robot_sim/starnus_robot/src/ros2_canopen/build/config_pkg': AMENT_PREFIX_PATH=/home/starnus/starnus/starnus_robot_sim/starnus_robot/src/ros2_canopen/install/canopen:/home/starnus/starnus/starnus_robot_sim/starnus_robot/src/ros2_canopen/install/canopen_402_driver:/home/starnus/starnus/starnus_robot_sim/starnus_robot/src/ros2_canopen/install/canopen_proxy_driver:/home/starnus/starnus/starnus_robot_sim/starnus_robot/src/ros2_canopen/install/canopen_base_driver:/home/starnus/starnus/starnus_robot_sim/starnus_robot/src/ros2_canopen/install/canopen_core:/home/starnus/starnus/starnus_robot_sim/starnus_robot/src/ros2_canopen/install/lely_core_libraries:/home/starnus/starnus/starnus_robot_sim/starnus_robot/src/ros2_canopen/install/canopen_interfaces:${AMENT_PREFIX_PATH} CMAKE_PREFIX_PATH=/home/starnus/starnus/starnus_robot_sim/starnus_robot/src/ros2_canopen/install/canopen:/home/starnus/starnus/starnus_robot_sim/starnus_robot/src/ros2_canopen/install/canopen_402_driver:/home/starnus/starnus/starnus_robot_sim/starnus_robot/src/ros2_canopen/install/canopen_proxy_driver:/home/starnus/starnus/starnus_robot_sim/starnus_robot/src/ros2_canopen/install/canopen_base_driver:/home/starnus/starnus/starnus_robot_sim/starnus_robot/src/ros2_canopen/install/canopen_core:/home/starnus/starnus/starnus_robot_sim/starnus_robot/src/ros2_canopen/install/lely_core_libraries:/home/starnus/starnus/starnus_robot_sim/starnus_robot/src/ros2_canopen/install/canopen_interfaces:/home/starnus/starnus/starnus_robot_sim/starnus_robot/install/starnus_sim:/home/starnus/starnus/starnus_robot_sim/starnus_robot/install/starnus_rmf_dashboard:/home/starnus/starnus/starnus_robot_sim/starnus_robot/install/starnus_rmf:/home/starnus/starnus/starnus_robot_sim/starnus_robot/install/starnus_navigation_behaviours:/home/starnus/starnus/starnus_robot_sim/starnus_robot/install/starnus_navigation:/home/starnus/starnus/starnus_robot_sim/starnus_robot/install/starnus_msgs:/home/starnus/starnus/starnus_robot_sim/starnus_robot/install/starnus_maps:/home/starnus/starnus/starnus_robot_sim/starnus_robot/install/starnus_behavior_tree:/home/starnus/starnus/starnus_robot_sim/starnus_robot/install/path_tracking_pid:/home/starnus/starnus/starnus_robot_sim/starnus_robot/install/canopen_tests:/home/starnus/starnus/starnus_robot_sim/starnus_robot/install/canopen_ros2_controllers:/home/starnus/starnus/starnus_robot_sim/starnus_robot/install/canopen_ros2_control:/home/starnus/starnus/starnus_robot_sim/starnus_robot/install/canopen:/home/starnus/starnus/starnus_robot_sim/starnus_robot/install/canopen_402_driver:/home/starnus/starnus/starnus_robot_sim/starnus_robot/install/canopen_proxy_driver:/home/starnus/starnus/starnus_robot_sim/starnus_robot/install/canopen_master_driver:/home/starnus/starnus/starnus_robot_sim/starnus_robot/install/canopen_fake_slaves:/home/starnus/starnus/starnus_robot_sim/starnus_robot/install/canopen_base_driver:/home/starnus/starnus/starnus_robot_sim/starnus_robot/install/canopen_core:/home/starnus/starnus/starnus_robot_sim/starnus_robot/install/lely_core_libraries:/home/starnus/starnus/starnus_robot_sim/starnus_robot/install/ira_laser_tools:/home/starnus/starnus/starnus_robot_sim/starnus_robot/install/canopen_interfaces:/home/starnus/starnus_robot/install/starnus_rmf_dashboard:/home/starnus/starnus_robot/install/starnus_rmf:/home/starnus/starnus_robot/install/starnus_navigation_behaviours:/home/starnus/starnus_robot/install/starnus_msgs:/home/starnus/starnus_robot/install/starnus_maps:/home/starnus/starnus_robot/install/starnus_hardware_interfaces:/home/starnus/starnus/starnus_robot_sim/starnus_robot/install/starnus_viz:/home/starnus/starnus/starnus_robot_sim/starnus_robot/install/starnus_slam:/home/starnus/starnus/starnus_robot_sim/starnus_robot/install/starnus_rmf_panel:/home/starnus/starnus/starnus_robot_sim/starnus_robot/install/starnus_rmf_fleet_adapter:/home/starnus/starnus/starnus_robot_sim/starnus_robot/install/starnus_pallet_localisation:/home/starnus/starnus/starnus_robot_sim/starnus_robot/install/starnus_driver:/home/starnus/starnus/starnus_robot_sim/starnus_robot/install/starnus_description:/home/starnus/starnus/starnus_robot_sim/starnus_robot/install/starnus_bringup:/home/starnus/starnus/starnus_robot_sim/starnus_robot/install/starnus:/home/starnus/starnus/starnus_robot_sim/starnus_robot/install/canopen_utils:/home/starnus/starnus_robot/install/wms_bridge:/home/starnus/starnus_robot/install/starnus_viz:/home/starnus/starnus_robot/install/starnus_slam:/home/starnus/starnus_robot/install/starnus_sim:/home/starnus/starnus_robot/install/starnus_rmf_panel:/home/starnus/starnus_robot/install/starnus_rmf_fleet_adapter:/home/starnus/starnus_robot/install/starnus_pallet_localisation:/home/starnus/starnus_robot/install/starnus_navigation:/home/starnus/starnus_robot/install/starnus_driver:/home/starnus/starnus_robot/install/starnus_description:/home/starnus/starnus_robot/install/starnus_bringup:/home/starnus/starnus_robot/install/starnus_arduino_comms:/home/starnus/starnus_robot/install/starnus:/opt/ros/humble LD_LIBRARY_PATH=/home/starnus/starnus/starnus_robot_sim/starnus_robot/src/ros2_canopen/install/canopen_402_driver/lib:/home/starnus/starnus/starnus_robot_sim/starnus_robot/src/ros2_canopen/install/canopen_proxy_driver/lib:/home/starnus/starnus/starnus_robot_sim/starnus_robot/src/ros2_canopen/install/canopen_base_driver/lib:/home/starnus/starnus/starnus_robot_sim/starnus_robot/src/ros2_canopen/install/canopen_core/lib:/home/starnus/starnus/starnus_robot_sim/starnus_robot/src/ros2_canopen/install/lely_core_libraries/lib:/home/starnus/starnus/starnus_robot_sim/starnus_robot/src/ros2_canopen/install/canopen_interfaces/lib:${LD_LIBRARY_PATH} PATH=/home/starnus/starnus/starnus_robot_sim/starnus_robot/src/ros2_canopen/install/lely_core_libraries/bin:${PATH} PYTHONPATH=/home/starnus/starnus/starnus_robot_sim/starnus_robot/src/ros2_canopen/install/lely_core_libraries/local/lib/python3.10/dist-packages:/home/starnus/starnus/starnus_robot_sim/starnus_robot/src/ros2_canopen/install/lely_core_libraries/lib/python3.10/site-packages:/home/starnus/starnus/starnus_robot_sim/starnus_robot/src/ros2_canopen/install/canopen_interfaces/local/lib/python3.10/dist-packages:${PYTHONPATH} /usr/bin/cmake /home/starnus/starnus/starnus_robot_sim/starnus_robot/src/ros2_canopen/config_pkg -DCMAKE_INSTALL_PREFIX=/home/starnus/starnus/starnus_robot_sim/starnus_robot/src/ros2_canopen/install/config_pkg
[0.073s] -- The C compiler identification is GNU 11.4.0
[0.122s] -- The CXX compiler identification is GNU 11.4.0
[0.129s] -- Detecting C compiler ABI info
[0.195s] -- Detecting C compiler ABI info - done
[0.203s] -- Check for working C compiler: /usr/bin/cc - skipped
[0.203s] -- Detecting C compile features
[0.203s] -- Detecting C compile features - done
[0.206s] -- Detecting CXX compiler ABI info
[0.285s] -- Detecting CXX compiler ABI info - done
[0.293s] -- Check for working CXX compiler: /usr/bin/c++ - skipped
[0.293s] -- Detecting CXX compile features
[0.294s] -- Detecting CXX compile features - done
[0.301s] -- Found ament_cmake: 1.3.5 (/opt/ros/humble/share/ament_cmake/cmake)
[0.564s] -- Found Python3: /usr/bin/python3.10 (found version "3.10.12") found components: Interpreter 
[0.726s] -- Found canopen_core: 0.2.7 (/home/starnus/starnus/starnus_robot_sim/starnus_robot/src/ros2_canopen/install/canopen_core/share/canopen_core/cmake)
[0.850s] -- Found Boost: /usr/lib/x86_64-linux-gnu/cmake/Boost-1.74.0/BoostConfig.cmake (found version "1.74.0") found components: system thread 
[0.925s] -- Found rosidl_generator_c: 3.1.5 (/opt/ros/humble/share/rosidl_generator_c/cmake)
[0.938s] -- Found rosidl_adapter: 3.1.5 (/opt/ros/humble/share/rosidl_adapter/cmake)
[0.957s] -- Found rosidl_generator_cpp: 3.1.5 (/opt/ros/humble/share/rosidl_generator_cpp/cmake)
[0.982s] -- Using all available rosidl_typesupport_c: rosidl_typesupport_fastrtps_c;rosidl_typesupport_introspection_c
[1.018s] -- Using all available rosidl_typesupport_cpp: rosidl_typesupport_fastrtps_cpp;rosidl_typesupport_introspection_cpp
[1.152s] -- Found rmw_implementation_cmake: 6.1.1 (/opt/ros/humble/share/rmw_implementation_cmake/cmake)
[1.158s] -- Found rmw_fastrtps_cpp: 6.2.4 (/opt/ros/humble/share/rmw_fastrtps_cpp/cmake)
[1.244s] -- Found OpenSSL: /usr/lib/x86_64-linux-gnu/libcrypto.so (found version "3.0.2")  
[1.269s] -- Found FastRTPS: /opt/ros/humble/include  
[1.320s] -- Using RMW implementation 'rmw_fastrtps_cpp' as default
[1.342s] -- Found Threads: TRUE  
[1.556s] -- Found canopen_base_driver: 0.2.7 (/home/starnus/starnus/starnus_robot_sim/starnus_robot/src/ros2_canopen/install/canopen_base_driver/share/canopen_base_driver/cmake)
[1.706s] -- Found canopen_proxy_driver: 0.2.7 (/home/starnus/starnus/starnus_robot_sim/starnus_robot/src/ros2_canopen/install/canopen_proxy_driver/share/canopen_proxy_driver/cmake)
[1.786s] -- Found ament_lint_auto: 0.12.8 (/opt/ros/humble/share/ament_lint_auto/cmake)
[1.891s] -- Added test 'cppcheck' to perform static code analysis on C / C++ code
[1.891s] -- Configured cppcheck include dirs: 
[1.891s] -- Configured cppcheck exclude dirs and/or files: 
[1.893s] -- Added test 'flake8' to check Python code syntax and style conventions
[1.895s] -- Added test 'lint_cmake' to check CMake code style
[1.897s] -- Added test 'pep257' to check Python code against some of the docstring style conventions in PEP 257
[1.904s] -- Added test 'uncrustify' to check C / C++ code style
[1.904s] -- Configured uncrustify additional arguments: 
[1.906s] -- Added test 'xmllint' to check XML markup files
[1.909s] -- Configuring done
[1.914s] -- Generating done
[1.916s] -- Build files have been written to: /home/starnus/starnus/starnus_robot_sim/starnus_robot/src/ros2_canopen/build/config_pkg
