[35m[1mConsolidate compiler generated dependencies of target canopen_ros2_control[0m
[ 25%] [32mBuilding CXX object CMakeFiles/canopen_ros2_control.dir/src/canopen_system.cpp.o[0m
[ 50%] [32mBuilding CXX object CMakeFiles/canopen_ros2_control.dir/src/cia402_system.cpp.o[0m
[ 75%] [32mBuilding CXX object CMakeFiles/canopen_ros2_control.dir/src/robot_system.cpp.o[0m
[100%] [32m[1mLinking CXX shared library libcanopen_ros2_control.so[0m
[100%] Built target canopen_ros2_control
-- Install configuration: ""
-- Installing: /home/starnus/starnus/starnus_robot_sim/starnus_robot/src/ros2_canopen/install/canopen_ros2_control/share/canopen_ros2_control/canopen_ros2_control.xml
-- Installing: /home/starnus/starnus/starnus_robot_sim/starnus_robot/src/ros2_canopen/install/canopen_ros2_control/lib/libcanopen_ros2_control.so
-- Set runtime path of "/home/starnus/starnus/starnus_robot_sim/starnus_robot/src/ros2_canopen/install/canopen_ros2_control/lib/libcanopen_ros2_control.so" to ""
-- Installing: /home/starnus/starnus/starnus_robot_sim/starnus_robot/src/ros2_canopen/install/canopen_ros2_control/include
-- Installing: /home/starnus/starnus/starnus_robot_sim/starnus_robot/src/ros2_canopen/install/canopen_ros2_control/include/canopen_ros2_control
-- Installing: /home/starnus/starnus/starnus_robot_sim/starnus_robot/src/ros2_canopen/install/canopen_ros2_control/include/canopen_ros2_control/visibility_control.h
-- Installing: /home/starnus/starnus/starnus_robot_sim/starnus_robot/src/ros2_canopen/install/canopen_ros2_control/include/canopen_ros2_control/canopen_system.hpp
-- Installing: /home/starnus/starnus/starnus_robot_sim/starnus_robot/src/ros2_canopen/install/canopen_ros2_control/include/canopen_ros2_control/robot_system.hpp
-- Installing: /home/starnus/starnus/starnus_robot_sim/starnus_robot/src/ros2_canopen/install/canopen_ros2_control/include/canopen_ros2_control/cia402_system.hpp
-- Installing: /home/starnus/starnus/starnus_robot_sim/starnus_robot/src/ros2_canopen/install/canopen_ros2_control/include/canopen_ros2_control/cia402_data.hpp
-- Installing: /home/starnus/starnus/starnus_robot_sim/starnus_robot/src/ros2_canopen/install/canopen_ros2_control/include/canopen_ros2_control/helpers.hpp
-- Installing: /home/starnus/starnus/starnus_robot_sim/starnus_robot/src/ros2_canopen/install/canopen_ros2_control/share/canopen_ros2_control/environment/library_path.sh
-- Installing: /home/starnus/starnus/starnus_robot_sim/starnus_robot/src/ros2_canopen/install/canopen_ros2_control/share/canopen_ros2_control/environment/library_path.dsv
-- Installing: /home/starnus/starnus/starnus_robot_sim/starnus_robot/src/ros2_canopen/install/canopen_ros2_control/share/ament_index/resource_index/package_run_dependencies/canopen_ros2_control
-- Installing: /home/starnus/starnus/starnus_robot_sim/starnus_robot/src/ros2_canopen/install/canopen_ros2_control/share/ament_index/resource_index/parent_prefix_path/canopen_ros2_control
-- Installing: /home/starnus/starnus/starnus_robot_sim/starnus_robot/src/ros2_canopen/install/canopen_ros2_control/share/canopen_ros2_control/environment/ament_prefix_path.sh
-- Installing: /home/starnus/starnus/starnus_robot_sim/starnus_robot/src/ros2_canopen/install/canopen_ros2_control/share/canopen_ros2_control/environment/ament_prefix_path.dsv
-- Installing: /home/starnus/starnus/starnus_robot_sim/starnus_robot/src/ros2_canopen/install/canopen_ros2_control/share/canopen_ros2_control/environment/path.sh
-- Installing: /home/starnus/starnus/starnus_robot_sim/starnus_robot/src/ros2_canopen/install/canopen_ros2_control/share/canopen_ros2_control/environment/path.dsv
-- Installing: /home/starnus/starnus/starnus_robot_sim/starnus_robot/src/ros2_canopen/install/canopen_ros2_control/share/canopen_ros2_control/local_setup.bash
-- Installing: /home/starnus/starnus/starnus_robot_sim/starnus_robot/src/ros2_canopen/install/canopen_ros2_control/share/canopen_ros2_control/local_setup.sh
-- Installing: /home/starnus/starnus/starnus_robot_sim/starnus_robot/src/ros2_canopen/install/canopen_ros2_control/share/canopen_ros2_control/local_setup.zsh
-- Installing: /home/starnus/starnus/starnus_robot_sim/starnus_robot/src/ros2_canopen/install/canopen_ros2_control/share/canopen_ros2_control/local_setup.dsv
-- Installing: /home/starnus/starnus/starnus_robot_sim/starnus_robot/src/ros2_canopen/install/canopen_ros2_control/share/canopen_ros2_control/package.dsv
-- Installing: /home/starnus/starnus/starnus_robot_sim/starnus_robot/src/ros2_canopen/install/canopen_ros2_control/share/ament_index/resource_index/packages/canopen_ros2_control
-- Installing: /home/starnus/starnus/starnus_robot_sim/starnus_robot/src/ros2_canopen/install/canopen_ros2_control/share/ament_index/resource_index/hardware_interface__pluginlib__plugin/canopen_ros2_control
-- Installing: /home/starnus/starnus/starnus_robot_sim/starnus_robot/src/ros2_canopen/install/canopen_ros2_control/share/canopen_ros2_control/cmake/ament_cmake_export_include_directories-extras.cmake
-- Installing: /home/starnus/starnus/starnus_robot_sim/starnus_robot/src/ros2_canopen/install/canopen_ros2_control/share/canopen_ros2_control/cmake/ament_cmake_export_libraries-extras.cmake
-- Installing: /home/starnus/starnus/starnus_robot_sim/starnus_robot/src/ros2_canopen/install/canopen_ros2_control/share/canopen_ros2_control/cmake/ament_cmake_export_dependencies-extras.cmake
-- Installing: /home/starnus/starnus/starnus_robot_sim/starnus_robot/src/ros2_canopen/install/canopen_ros2_control/share/canopen_ros2_control/cmake/canopen_ros2_controlConfig.cmake
-- Installing: /home/starnus/starnus/starnus_robot_sim/starnus_robot/src/ros2_canopen/install/canopen_ros2_control/share/canopen_ros2_control/cmake/canopen_ros2_controlConfig-version.cmake
-- Installing: /home/starnus/starnus/starnus_robot_sim/starnus_robot/src/ros2_canopen/install/canopen_ros2_control/share/canopen_ros2_control/package.xml
