[0.014s] Invoking command in '/home/starnus/starnus/starnus_robot_sim/starnus_robot/src/ros2_canopen/build/canopen_interfaces': CMAKE_PREFIX_PATH=${CMAKE_PREFIX_PATH}:/home/starnus/starnus/starnus_robot_sim/starnus_robot/install/starnus_viz:/home/starnus/starnus/starnus_robot_sim/starnus_robot/install/starnus_slam:/home/starnus/starnus/starnus_robot_sim/starnus_robot/install/starnus_rmf_panel:/home/starnus/starnus/starnus_robot_sim/starnus_robot/install/starnus_rmf_fleet_adapter:/home/starnus/starnus/starnus_robot_sim/starnus_robot/install/starnus_pallet_localisation:/home/starnus/starnus/starnus_robot_sim/starnus_robot/install/starnus_navigation:/home/starnus/starnus/starnus_robot_sim/starnus_robot/install/starnus_driver:/home/starnus/starnus/starnus_robot_sim/starnus_robot/install/starnus_description:/home/starnus/starnus/starnus_robot_sim/starnus_robot/install/starnus_bringup:/home/starnus/starnus/starnus_robot_sim/starnus_robot/install/starnus:/home/starnus/starnus/starnus_robot_sim/starnus_robot/install/canopen_utils:/home/starnus/starnus_robot/install/wms_bridge:/home/starnus/starnus_robot/install/starnus_viz:/home/starnus/starnus_robot/install/starnus_slam:/home/starnus/starnus_robot/install/starnus_sim:/home/starnus/starnus_robot/install/starnus_rmf_panel:/home/starnus/starnus_robot/install/starnus_rmf_fleet_adapter:/home/starnus/starnus_robot/install/starnus_pallet_localisation:/home/starnus/starnus_robot/install/starnus_navigation:/home/starnus/starnus_robot/install/starnus_driver:/home/starnus/starnus_robot/install/starnus_description:/home/starnus/starnus_robot/install/starnus_bringup:/home/starnus/starnus_robot/install/starnus_arduino_comms:/home/starnus/starnus_robot/install/starnus:/opt/ros/humble /usr/bin/cmake /home/starnus/starnus/starnus_robot_sim/starnus_robot/src/ros2_canopen/canopen_interfaces -DCMAKE_INSTALL_PREFIX=/home/starnus/starnus/starnus_robot_sim/starnus_robot/src/ros2_canopen/install/canopen_interfaces
[0.048s] -- The C compiler identification is GNU 11.4.0
[0.080s] -- The CXX compiler identification is GNU 11.4.0
[0.085s] -- Detecting C compiler ABI info
[0.127s] -- Detecting C compiler ABI info - done
[0.131s] -- Check for working C compiler: /usr/bin/cc - skipped
[0.131s] -- Detecting C compile features
[0.131s] -- Detecting C compile features - done
[0.133s] -- Detecting CXX compiler ABI info
[0.182s] -- Detecting CXX compiler ABI info - done
[0.187s] -- Check for working CXX compiler: /usr/bin/c++ - skipped
[0.187s] -- Detecting CXX compile features
[0.187s] -- Detecting CXX compile features - done
[0.190s] -- Found ament_cmake: 1.3.5 (/opt/ros/humble/share/ament_cmake/cmake)
[0.333s] -- Found Python3: /usr/bin/python3.10 (found version "3.10.12") found components: Interpreter 
[0.425s] -- Found rosidl_default_generators: 1.2.0 (/opt/ros/humble/share/rosidl_default_generators/cmake)
[0.433s] -- Using all available rosidl_typesupport_c: rosidl_typesupport_fastrtps_c;rosidl_typesupport_introspection_c
[0.443s] -- Found rosidl_adapter: 3.1.5 (/opt/ros/humble/share/rosidl_adapter/cmake)
[0.486s] -- Using all available rosidl_typesupport_cpp: rosidl_typesupport_fastrtps_cpp;rosidl_typesupport_introspection_cpp
[0.744s] -- Found ament_cmake_ros: 0.10.0 (/opt/ros/humble/share/ament_cmake_ros/cmake)
[0.889s] -- Using all available rosidl_typesupport_c: rosidl_typesupport_fastrtps_c;rosidl_typesupport_introspection_c
[1.062s] -- Using all available rosidl_typesupport_cpp: rosidl_typesupport_fastrtps_cpp;rosidl_typesupport_introspection_cpp
[1.080s] -- Found PythonInterp: /usr/bin/python3 (found suitable version "3.10.12", minimum required is "3.6") 
[1.083s] -- Found python_cmake_module: 0.10.0 (/opt/ros/humble/share/python_cmake_module/cmake)
[1.104s] -- Found PythonLibs: /usr/lib/x86_64-linux-gnu/libpython3.10.so (found suitable version "3.10.12", minimum required is "3.5") 
[1.104s] -- Using PYTHON_EXECUTABLE: /usr/bin/python3
[1.104s] -- Using PYTHON_INCLUDE_DIRS: /usr/include/python3.10
[1.104s] -- Using PYTHON_LIBRARIES: /usr/lib/x86_64-linux-gnu/libpython3.10.so
[1.122s] -- Found PythonExtra: .so  
[1.161s] -- Found ament_lint_auto: 0.12.8 (/opt/ros/humble/share/ament_lint_auto/cmake)
[1.189s] -- Added test 'copyright' to check source files copyright and LICENSE
[1.190s] -- Added test 'lint_cmake' to check CMake code style
[1.191s] -- Added test 'xmllint' to check XML markup files
[1.193s] -- Configuring done
[1.217s] -- Generating done
[1.218s] -- Build files have been written to: /home/starnus/starnus/starnus_robot_sim/starnus_robot/src/ros2_canopen/build/canopen_interfaces
[1.222s] Invoked command in '/home/starnus/starnus/starnus_robot_sim/starnus_robot/src/ros2_canopen/build/canopen_interfaces' returned '0': CMAKE_PREFIX_PATH=${CMAKE_PREFIX_PATH}:/home/starnus/starnus/starnus_robot_sim/starnus_robot/install/starnus_viz:/home/starnus/starnus/starnus_robot_sim/starnus_robot/install/starnus_slam:/home/starnus/starnus/starnus_robot_sim/starnus_robot/install/starnus_rmf_panel:/home/starnus/starnus/starnus_robot_sim/starnus_robot/install/starnus_rmf_fleet_adapter:/home/starnus/starnus/starnus_robot_sim/starnus_robot/install/starnus_pallet_localisation:/home/starnus/starnus/starnus_robot_sim/starnus_robot/install/starnus_navigation:/home/starnus/starnus/starnus_robot_sim/starnus_robot/install/starnus_driver:/home/starnus/starnus/starnus_robot_sim/starnus_robot/install/starnus_description:/home/starnus/starnus/starnus_robot_sim/starnus_robot/install/starnus_bringup:/home/starnus/starnus/starnus_robot_sim/starnus_robot/install/starnus:/home/starnus/starnus/starnus_robot_sim/starnus_robot/install/canopen_utils:/home/starnus/starnus_robot/install/wms_bridge:/home/starnus/starnus_robot/install/starnus_viz:/home/starnus/starnus_robot/install/starnus_slam:/home/starnus/starnus_robot/install/starnus_sim:/home/starnus/starnus_robot/install/starnus_rmf_panel:/home/starnus/starnus_robot/install/starnus_rmf_fleet_adapter:/home/starnus/starnus_robot/install/starnus_pallet_localisation:/home/starnus/starnus_robot/install/starnus_navigation:/home/starnus/starnus_robot/install/starnus_driver:/home/starnus/starnus_robot/install/starnus_description:/home/starnus/starnus_robot/install/starnus_bringup:/home/starnus/starnus_robot/install/starnus_arduino_comms:/home/starnus/starnus_robot/install/starnus:/opt/ros/humble /usr/bin/cmake /home/starnus/starnus/starnus_robot_sim/starnus_robot/src/ros2_canopen/canopen_interfaces -DCMAKE_INSTALL_PREFIX=/home/starnus/starnus/starnus_robot_sim/starnus_robot/src/ros2_canopen/install/canopen_interfaces
[1.224s] Invoking command in '/home/starnus/starnus/starnus_robot_sim/starnus_robot/src/ros2_canopen/build/canopen_interfaces': CMAKE_PREFIX_PATH=${CMAKE_PREFIX_PATH}:/home/starnus/starnus/starnus_robot_sim/starnus_robot/install/starnus_viz:/home/starnus/starnus/starnus_robot_sim/starnus_robot/install/starnus_slam:/home/starnus/starnus/starnus_robot_sim/starnus_robot/install/starnus_rmf_panel:/home/starnus/starnus/starnus_robot_sim/starnus_robot/install/starnus_rmf_fleet_adapter:/home/starnus/starnus/starnus_robot_sim/starnus_robot/install/starnus_pallet_localisation:/home/starnus/starnus/starnus_robot_sim/starnus_robot/install/starnus_navigation:/home/starnus/starnus/starnus_robot_sim/starnus_robot/install/starnus_driver:/home/starnus/starnus/starnus_robot_sim/starnus_robot/install/starnus_description:/home/starnus/starnus/starnus_robot_sim/starnus_robot/install/starnus_bringup:/home/starnus/starnus/starnus_robot_sim/starnus_robot/install/starnus:/home/starnus/starnus/starnus_robot_sim/starnus_robot/install/canopen_utils:/home/starnus/starnus_robot/install/wms_bridge:/home/starnus/starnus_robot/install/starnus_viz:/home/starnus/starnus_robot/install/starnus_slam:/home/starnus/starnus_robot/install/starnus_sim:/home/starnus/starnus_robot/install/starnus_rmf_panel:/home/starnus/starnus_robot/install/starnus_rmf_fleet_adapter:/home/starnus/starnus_robot/install/starnus_pallet_localisation:/home/starnus/starnus_robot/install/starnus_navigation:/home/starnus/starnus_robot/install/starnus_driver:/home/starnus/starnus_robot/install/starnus_description:/home/starnus/starnus_robot/install/starnus_bringup:/home/starnus/starnus_robot/install/starnus_arduino_comms:/home/starnus/starnus_robot/install/starnus:/opt/ros/humble /usr/bin/cmake --build /home/starnus/starnus/starnus_robot_sim/starnus_robot/src/ros2_canopen/build/canopen_interfaces -- -j20 -l20
[1.250s] [  1%] [34m[1mGenerating C code for ROS interfaces[0m
[1.257s] [  2%] [34m[1mGenerating C++ code for ROS interfaces[0m
[1.261s] [  2%] Built target ament_cmake_python_copy_canopen_interfaces
[1.459s] running egg_info
[1.459s] creating canopen_interfaces.egg-info
[1.459s] writing canopen_interfaces.egg-info/PKG-INFO
[1.459s] writing dependency_links to canopen_interfaces.egg-info/dependency_links.txt
[1.460s] writing top-level names to canopen_interfaces.egg-info/top_level.txt
[1.460s] writing manifest file 'canopen_interfaces.egg-info/SOURCES.txt'
[1.462s] reading manifest file 'canopen_interfaces.egg-info/SOURCES.txt'
[1.462s] writing manifest file 'canopen_interfaces.egg-info/SOURCES.txt'
[1.479s] [  2%] Built target ament_cmake_python_build_canopen_interfaces_egg
[1.736s] [  2%] Built target canopen_interfaces__cpp
[1.742s] [  3%] [34m[1mGenerating C++ type support dispatch for ROS interfaces[0m
[1.743s] [  4%] [34m[1mGenerating C++ introspection for ROS interfaces[0m
[1.744s] [  5%] [34m[1mGenerating C++ type support for eProsima Fast-RTPS[0m
[1.751s] [  6%] [32mBuilding C object CMakeFiles/canopen_interfaces__rosidl_generator_c.dir/rosidl_generator_c/canopen_interfaces/srv/detail/co_heartbeat_id__functions.c.o[0m
[1.751s] [  7%] [32mBuilding C object CMakeFiles/canopen_interfaces__rosidl_generator_c.dir/rosidl_generator_c/canopen_interfaces/srv/detail/co_read__functions.c.o[0m
[1.751s] [  9%] [32mBuilding C object CMakeFiles/canopen_interfaces__rosidl_generator_c.dir/rosidl_generator_c/canopen_interfaces/srv/detail/co_write_id__functions.c.o[0m
[1.751s] [  9%] [32mBuilding C object CMakeFiles/canopen_interfaces__rosidl_generator_c.dir/rosidl_generator_c/canopen_interfaces/srv/detail/co_nmt_id__functions.c.o[0m
[1.753s] [ 10%] [32mBuilding C object CMakeFiles/canopen_interfaces__rosidl_generator_c.dir/rosidl_generator_c/canopen_interfaces/srv/detail/co_read_id__functions.c.o[0m
[1.753s] [ 11%] [32mBuilding C object CMakeFiles/canopen_interfaces__rosidl_generator_c.dir/rosidl_generator_c/canopen_interfaces/srv/detail/co_write__functions.c.o[0m
[1.753s] [ 12%] [32mBuilding C object CMakeFiles/canopen_interfaces__rosidl_generator_c.dir/rosidl_generator_c/canopen_interfaces/srv/detail/co_target_double__functions.c.o[0m
[1.754s] [ 13%] [32mBuilding C object CMakeFiles/canopen_interfaces__rosidl_generator_c.dir/rosidl_generator_c/canopen_interfaces/msg/detail/co_data__functions.c.o[0m
[1.755s] [ 14%] [32mBuilding C object CMakeFiles/canopen_interfaces__rosidl_generator_c.dir/rosidl_generator_c/canopen_interfaces/srv/detail/co_node__functions.c.o[0m
[1.802s] [ 15%] [32m[1mLinking C shared library libcanopen_interfaces__rosidl_generator_c.so[0m
[1.826s] [ 15%] Built target canopen_interfaces__rosidl_generator_c
[1.834s] [ 18%] [34m[1mGenerating C type support for eProsima Fast-RTPS[0m
[1.834s] [ 18%] [34m[1mGenerating C introspection for ROS interfaces[0m
[1.834s] [ 18%] [34m[1mGenerating C type support dispatch for ROS interfaces[0m
[2.070s] [ 20%] [32mBuilding CXX object CMakeFiles/canopen_interfaces__rosidl_typesupport_cpp.dir/rosidl_typesupport_cpp/canopen_interfaces/srv/co_node__type_support.cpp.o[0m
[2.072s] [ 22%] [32mBuilding CXX object CMakeFiles/canopen_interfaces__rosidl_typesupport_cpp.dir/rosidl_typesupport_cpp/canopen_interfaces/srv/co_read__type_support.cpp.o[0m
[2.072s] [ 22%] [32mBuilding CXX object CMakeFiles/canopen_interfaces__rosidl_typesupport_cpp.dir/rosidl_typesupport_cpp/canopen_interfaces/srv/co_heartbeat_id__type_support.cpp.o[0m
[2.072s] [ 24%] [32mBuilding CXX object CMakeFiles/canopen_interfaces__rosidl_typesupport_cpp.dir/rosidl_typesupport_cpp/canopen_interfaces/srv/co_read_id__type_support.cpp.o[0m
[2.072s] [ 24%] [32mBuilding CXX object CMakeFiles/canopen_interfaces__rosidl_typesupport_cpp.dir/rosidl_typesupport_cpp/canopen_interfaces/srv/co_nmt_id__type_support.cpp.o[0m
[2.072s] [ 25%] [32mBuilding CXX object CMakeFiles/canopen_interfaces__rosidl_typesupport_cpp.dir/rosidl_typesupport_cpp/canopen_interfaces/srv/co_write__type_support.cpp.o[0m
[2.072s] [ 26%] [32mBuilding CXX object CMakeFiles/canopen_interfaces__rosidl_typesupport_cpp.dir/rosidl_typesupport_cpp/canopen_interfaces/srv/co_target_double__type_support.cpp.o[0m
[2.072s] [ 27%] [32mBuilding CXX object CMakeFiles/canopen_interfaces__rosidl_typesupport_cpp.dir/rosidl_typesupport_cpp/canopen_interfaces/srv/co_write_id__type_support.cpp.o[0m
[2.073s] [ 28%] [32mBuilding CXX object CMakeFiles/canopen_interfaces__rosidl_typesupport_cpp.dir/rosidl_typesupport_cpp/canopen_interfaces/msg/co_data__type_support.cpp.o[0m
[2.167s] [ 29%] [32mBuilding CXX object CMakeFiles/canopen_interfaces__rosidl_typesupport_introspection_cpp.dir/rosidl_typesupport_introspection_cpp/canopen_interfaces/srv/detail/co_heartbeat_id__type_support.cpp.o[0m
[2.168s] [ 31%] [32mBuilding CXX object CMakeFiles/canopen_interfaces__rosidl_typesupport_introspection_cpp.dir/rosidl_typesupport_introspection_cpp/canopen_interfaces/srv/detail/co_nmt_id__type_support.cpp.o[0m
[2.168s] [ 32%] [32mBuilding CXX object CMakeFiles/canopen_interfaces__rosidl_typesupport_introspection_cpp.dir/rosidl_typesupport_introspection_cpp/canopen_interfaces/srv/detail/co_read__type_support.cpp.o[0m
[2.168s] [ 33%] [32mBuilding CXX object CMakeFiles/canopen_interfaces__rosidl_typesupport_introspection_cpp.dir/rosidl_typesupport_introspection_cpp/canopen_interfaces/srv/detail/co_read_id__type_support.cpp.o[0m
[2.168s] [ 33%] [32mBuilding CXX object CMakeFiles/canopen_interfaces__rosidl_typesupport_introspection_cpp.dir/rosidl_typesupport_introspection_cpp/canopen_interfaces/srv/detail/co_write__type_support.cpp.o[0m
[2.169s] [ 34%] [32mBuilding CXX object CMakeFiles/canopen_interfaces__rosidl_typesupport_introspection_cpp.dir/rosidl_typesupport_introspection_cpp/canopen_interfaces/srv/detail/co_target_double__type_support.cpp.o[0m
[2.178s] [ 35%] [32mBuilding CXX object CMakeFiles/canopen_interfaces__rosidl_typesupport_introspection_cpp.dir/rosidl_typesupport_introspection_cpp/canopen_interfaces/srv/detail/co_write_id__type_support.cpp.o[0m
[2.190s] [ 36%] [32mBuilding CXX object CMakeFiles/canopen_interfaces__rosidl_typesupport_c.dir/rosidl_typesupport_c/canopen_interfaces/srv/co_heartbeat_id__type_support.cpp.o[0m
[2.226s] [ 37%] [32mBuilding CXX object CMakeFiles/canopen_interfaces__rosidl_typesupport_c.dir/rosidl_typesupport_c/canopen_interfaces/srv/co_nmt_id__type_support.cpp.o[0m
[2.264s] [ 38%] [32mBuilding CXX object CMakeFiles/canopen_interfaces__rosidl_typesupport_c.dir/rosidl_typesupport_c/canopen_interfaces/srv/co_read__type_support.cpp.o[0m
[2.294s] [ 40%] [32mBuilding CXX object CMakeFiles/canopen_interfaces__rosidl_typesupport_introspection_cpp.dir/rosidl_typesupport_introspection_cpp/canopen_interfaces/srv/detail/co_node__type_support.cpp.o[0m
[2.301s] [ 41%] [32mBuilding CXX object CMakeFiles/canopen_interfaces__rosidl_typesupport_c.dir/rosidl_typesupport_c/canopen_interfaces/srv/co_read_id__type_support.cpp.o[0m
[2.322s] [ 42%] [32mBuilding CXX object CMakeFiles/canopen_interfaces__rosidl_typesupport_c.dir/rosidl_typesupport_c/canopen_interfaces/srv/co_write__type_support.cpp.o[0m
[2.352s] [ 43%] [32mBuilding CXX object CMakeFiles/canopen_interfaces__rosidl_typesupport_c.dir/rosidl_typesupport_c/canopen_interfaces/srv/co_write_id__type_support.cpp.o[0m
[2.355s] [ 44%] [32mBuilding CXX object CMakeFiles/canopen_interfaces__rosidl_typesupport_c.dir/rosidl_typesupport_c/canopen_interfaces/srv/co_target_double__type_support.cpp.o[0m
[2.359s] [ 45%] [32mBuilding CXX object CMakeFiles/canopen_interfaces__rosidl_typesupport_c.dir/rosidl_typesupport_c/canopen_interfaces/srv/co_node__type_support.cpp.o[0m
[2.364s] [ 46%] [32mBuilding CXX object CMakeFiles/canopen_interfaces__rosidl_typesupport_c.dir/rosidl_typesupport_c/canopen_interfaces/msg/co_data__type_support.cpp.o[0m
[2.385s] [ 47%] [32m[1mLinking CXX shared library libcanopen_interfaces__rosidl_typesupport_cpp.so[0m
[2.391s] [ 48%] [32mBuilding CXX object CMakeFiles/canopen_interfaces__rosidl_typesupport_introspection_cpp.dir/rosidl_typesupport_introspection_cpp/canopen_interfaces/msg/detail/co_data__type_support.cpp.o[0m
[2.395s] [ 49%] [32m[1mLinking CXX shared library libcanopen_interfaces__rosidl_typesupport_c.so[0m
[2.408s] [ 51%] [32mBuilding C object CMakeFiles/canopen_interfaces__rosidl_typesupport_introspection_c.dir/rosidl_typesupport_introspection_c/canopen_interfaces/srv/detail/co_nmt_id__type_support.c.o[0m
[2.408s] [ 54%] [32mBuilding C object CMakeFiles/canopen_interfaces__rosidl_typesupport_introspection_c.dir/rosidl_typesupport_introspection_c/canopen_interfaces/srv/detail/co_write_id__type_support.c.o[0m
[2.408s] [ 54%] [32mBuilding C object CMakeFiles/canopen_interfaces__rosidl_typesupport_introspection_c.dir/rosidl_typesupport_introspection_c/canopen_interfaces/srv/detail/co_read_id__type_support.c.o[0m
[2.408s] [ 54%] [32mBuilding C object CMakeFiles/canopen_interfaces__rosidl_typesupport_introspection_c.dir/rosidl_typesupport_introspection_c/canopen_interfaces/srv/detail/co_write__type_support.c.o[0m
[2.408s] [ 51%] [32mBuilding C object CMakeFiles/canopen_interfaces__rosidl_typesupport_introspection_c.dir/rosidl_typesupport_introspection_c/canopen_interfaces/srv/detail/co_heartbeat_id__type_support.c.o[0m
[2.410s] [ 55%] [32mBuilding C object CMakeFiles/canopen_interfaces__rosidl_typesupport_introspection_c.dir/rosidl_typesupport_introspection_c/canopen_interfaces/srv/detail/co_target_double__type_support.c.o[0m
[2.414s] [ 56%] [32mBuilding CXX object CMakeFiles/canopen_interfaces__rosidl_typesupport_fastrtps_cpp.dir/rosidl_typesupport_fastrtps_cpp/canopen_interfaces/srv/detail/dds_fastrtps/co_heartbeat_id__type_support.cpp.o[0m
[2.429s] [ 56%] Built target canopen_interfaces__rosidl_typesupport_cpp
[2.431s] [ 57%] [32mBuilding C object CMakeFiles/canopen_interfaces__rosidl_typesupport_introspection_c.dir/rosidl_typesupport_introspection_c/canopen_interfaces/srv/detail/co_read__type_support.c.o[0m
[2.444s] [ 62%] [32mBuilding CXX object CMakeFiles/canopen_interfaces__rosidl_typesupport_fastrtps_cpp.dir/rosidl_typesupport_fastrtps_cpp/canopen_interfaces/srv/detail/dds_fastrtps/co_read__type_support.cpp.o[0m
[2.444s] [ 62%] [32mBuilding C object CMakeFiles/canopen_interfaces__rosidl_typesupport_introspection_c.dir/rosidl_typesupport_introspection_c/canopen_interfaces/srv/detail/co_node__type_support.c.o[0m
[2.445s] [ 62%] [32mBuilding C object CMakeFiles/canopen_interfaces__rosidl_typesupport_introspection_c.dir/rosidl_typesupport_introspection_c/canopen_interfaces/msg/detail/co_data__type_support.c.o[0m
[2.445s] [ 62%] [32mBuilding CXX object CMakeFiles/canopen_interfaces__rosidl_typesupport_fastrtps_cpp.dir/rosidl_typesupport_fastrtps_cpp/canopen_interfaces/srv/detail/dds_fastrtps/co_nmt_id__type_support.cpp.o[0m
[2.446s] [ 62%] Built target canopen_interfaces__rosidl_typesupport_c
[2.457s] [ 63%] [32mBuilding CXX object CMakeFiles/canopen_interfaces__rosidl_typesupport_fastrtps_cpp.dir/rosidl_typesupport_fastrtps_cpp/canopen_interfaces/srv/detail/dds_fastrtps/co_read_id__type_support.cpp.o[0m
[2.462s] [ 64%] [32mBuilding CXX object CMakeFiles/canopen_interfaces__rosidl_typesupport_fastrtps_cpp.dir/rosidl_typesupport_fastrtps_cpp/canopen_interfaces/srv/detail/dds_fastrtps/co_write__type_support.cpp.o[0m
[2.470s] [ 65%] [32mBuilding CXX object CMakeFiles/canopen_interfaces__rosidl_typesupport_fastrtps_cpp.dir/rosidl_typesupport_fastrtps_cpp/canopen_interfaces/srv/detail/dds_fastrtps/co_write_id__type_support.cpp.o[0m
[2.478s] [ 66%] [32mBuilding CXX object CMakeFiles/canopen_interfaces__rosidl_typesupport_fastrtps_cpp.dir/rosidl_typesupport_fastrtps_cpp/canopen_interfaces/srv/detail/dds_fastrtps/co_target_double__type_support.cpp.o[0m
[2.487s] [ 67%] [32mBuilding CXX object CMakeFiles/canopen_interfaces__rosidl_typesupport_fastrtps_cpp.dir/rosidl_typesupport_fastrtps_cpp/canopen_interfaces/srv/detail/dds_fastrtps/co_node__type_support.cpp.o[0m
[2.519s] [ 68%] [32mBuilding CXX object CMakeFiles/canopen_interfaces__rosidl_typesupport_fastrtps_cpp.dir/rosidl_typesupport_fastrtps_cpp/canopen_interfaces/msg/detail/dds_fastrtps/co_data__type_support.cpp.o[0m
[2.527s] [ 69%] [32m[1mLinking C shared library libcanopen_interfaces__rosidl_typesupport_introspection_c.so[0m
[2.534s] [ 71%] [32mBuilding CXX object CMakeFiles/canopen_interfaces__rosidl_typesupport_fastrtps_c.dir/rosidl_typesupport_fastrtps_c/canopen_interfaces/srv/detail/co_nmt_id__type_support_c.cpp.o[0m
[2.534s] [ 71%] [32mBuilding CXX object CMakeFiles/canopen_interfaces__rosidl_typesupport_fastrtps_c.dir/rosidl_typesupport_fastrtps_c/canopen_interfaces/srv/detail/co_read__type_support_c.cpp.o[0m
[2.534s] [ 72%] [32mBuilding CXX object CMakeFiles/canopen_interfaces__rosidl_typesupport_fastrtps_c.dir/rosidl_typesupport_fastrtps_c/canopen_interfaces/srv/detail/co_heartbeat_id__type_support_c.cpp.o[0m
[2.542s] [ 73%] [32mBuilding CXX object CMakeFiles/canopen_interfaces__rosidl_typesupport_fastrtps_c.dir/rosidl_typesupport_fastrtps_c/canopen_interfaces/srv/detail/co_read_id__type_support_c.cpp.o[0m
[2.573s] [ 74%] [32mBuilding CXX object CMakeFiles/canopen_interfaces__rosidl_typesupport_fastrtps_c.dir/rosidl_typesupport_fastrtps_c/canopen_interfaces/srv/detail/co_write__type_support_c.cpp.o[0m
[2.586s] [ 75%] [32mBuilding CXX object CMakeFiles/canopen_interfaces__rosidl_typesupport_fastrtps_c.dir/rosidl_typesupport_fastrtps_c/canopen_interfaces/srv/detail/co_write_id__type_support_c.cpp.o[0m
[2.610s] [ 75%] Built target canopen_interfaces__rosidl_typesupport_introspection_c
[2.620s] [ 76%] [32mBuilding CXX object CMakeFiles/canopen_interfaces__rosidl_typesupport_fastrtps_c.dir/rosidl_typesupport_fastrtps_c/canopen_interfaces/srv/detail/co_target_double__type_support_c.cpp.o[0m
[2.629s] [ 77%] [32mBuilding CXX object CMakeFiles/canopen_interfaces__rosidl_typesupport_fastrtps_c.dir/rosidl_typesupport_fastrtps_c/canopen_interfaces/srv/detail/co_node__type_support_c.cpp.o[0m
[2.653s] [ 78%] [32mBuilding CXX object CMakeFiles/canopen_interfaces__rosidl_typesupport_fastrtps_c.dir/rosidl_typesupport_fastrtps_c/canopen_interfaces/msg/detail/co_data__type_support_c.cpp.o[0m
[2.813s] [ 80%] [32m[1mLinking CXX shared library libcanopen_interfaces__rosidl_typesupport_introspection_cpp.so[0m
[2.866s] [ 80%] Built target canopen_interfaces__rosidl_typesupport_introspection_cpp
[2.901s] [ 81%] [32m[1mLinking CXX shared library libcanopen_interfaces__rosidl_typesupport_fastrtps_cpp.so[0m
[2.949s] [ 81%] Built target canopen_interfaces__rosidl_typesupport_fastrtps_cpp
[2.953s] [ 82%] [32m[1mLinking CXX shared library libcanopen_interfaces__rosidl_typesupport_fastrtps_c.so[0m
[2.998s] [ 82%] Built target canopen_interfaces__rosidl_typesupport_fastrtps_c
[3.011s] [ 82%] Built target canopen_interfaces
[3.024s] [ 83%] [34m[1mGenerating Python code for ROS interfaces[0m
[3.792s] [ 83%] Built target canopen_interfaces__py
[3.808s] [ 84%] [32mBuilding C object CMakeFiles/canopen_interfaces__rosidl_generator_py.dir/rosidl_generator_py/canopen_interfaces/srv/_co_heartbeat_id_s.c.o[0m
[3.808s] [ 85%] [32mBuilding C object CMakeFiles/canopen_interfaces__rosidl_generator_py.dir/rosidl_generator_py/canopen_interfaces/srv/_co_nmt_id_s.c.o[0m
[3.808s] [ 86%] [32mBuilding C object CMakeFiles/canopen_interfaces__rosidl_generator_py.dir/rosidl_generator_py/canopen_interfaces/srv/_co_read_s.c.o[0m
[3.809s] [ 87%] [32mBuilding C object CMakeFiles/canopen_interfaces__rosidl_generator_py.dir/rosidl_generator_py/canopen_interfaces/srv/_co_read_id_s.c.o[0m
[3.809s] [ 88%] [32mBuilding C object CMakeFiles/canopen_interfaces__rosidl_generator_py.dir/rosidl_generator_py/canopen_interfaces/srv/_co_write_s.c.o[0m
[3.809s] [ 89%] [32mBuilding C object CMakeFiles/canopen_interfaces__rosidl_generator_py.dir/rosidl_generator_py/canopen_interfaces/srv/_co_write_id_s.c.o[0m
[3.815s] [ 90%] [32mBuilding C object CMakeFiles/canopen_interfaces__rosidl_generator_py.dir/rosidl_generator_py/canopen_interfaces/srv/_co_target_double_s.c.o[0m
[3.815s] [ 92%] [32mBuilding C object CMakeFiles/canopen_interfaces__rosidl_generator_py.dir/rosidl_generator_py/canopen_interfaces/srv/_co_node_s.c.o[0m
[3.816s] [ 92%] [32mBuilding C object CMakeFiles/canopen_interfaces__rosidl_generator_py.dir/rosidl_generator_py/canopen_interfaces/msg/_co_data_s.c.o[0m
[3.899s] [ 93%] [32m[1mLinking C shared library rosidl_generator_py/canopen_interfaces/libcanopen_interfaces__rosidl_generator_py.so[0m
[3.925s] [ 93%] Built target canopen_interfaces__rosidl_generator_py
[3.939s] [ 95%] [32mBuilding C object CMakeFiles/canopen_interfaces__rosidl_typesupport_fastrtps_c__pyext.dir/rosidl_generator_py/canopen_interfaces/_canopen_interfaces_s.ep.rosidl_typesupport_fastrtps_c.c.o[0m
[3.939s] [ 96%] [32mBuilding C object CMakeFiles/canopen_interfaces__rosidl_typesupport_introspection_c__pyext.dir/rosidl_generator_py/canopen_interfaces/_canopen_interfaces_s.ep.rosidl_typesupport_introspection_c.c.o[0m
[3.939s] [ 96%] [32mBuilding C object CMakeFiles/canopen_interfaces__rosidl_typesupport_c__pyext.dir/rosidl_generator_py/canopen_interfaces/_canopen_interfaces_s.ep.rosidl_typesupport_c.c.o[0m
[4.018s] [100%] [32m[1mLinking C shared library rosidl_generator_py/canopen_interfaces/canopen_interfaces_s__rosidl_typesupport_c.cpython-310-x86_64-linux-gnu.so[0m
[4.018s] [100%] [32m[1mLinking C shared library rosidl_generator_py/canopen_interfaces/canopen_interfaces_s__rosidl_typesupport_fastrtps_c.cpython-310-x86_64-linux-gnu.so[0m
[4.018s] [100%] [32m[1mLinking C shared library rosidl_generator_py/canopen_interfaces/canopen_interfaces_s__rosidl_typesupport_introspection_c.cpython-310-x86_64-linux-gnu.so[0m
[4.040s] [100%] Built target canopen_interfaces__rosidl_typesupport_fastrtps_c__pyext
[4.040s] [100%] Built target canopen_interfaces__rosidl_typesupport_c__pyext
[4.040s] [100%] Built target canopen_interfaces__rosidl_typesupport_introspection_c__pyext
[4.048s] Invoked command in '/home/starnus/starnus/starnus_robot_sim/starnus_robot/src/ros2_canopen/build/canopen_interfaces' returned '0': CMAKE_PREFIX_PATH=${CMAKE_PREFIX_PATH}:/home/starnus/starnus/starnus_robot_sim/starnus_robot/install/starnus_viz:/home/starnus/starnus/starnus_robot_sim/starnus_robot/install/starnus_slam:/home/starnus/starnus/starnus_robot_sim/starnus_robot/install/starnus_rmf_panel:/home/starnus/starnus/starnus_robot_sim/starnus_robot/install/starnus_rmf_fleet_adapter:/home/starnus/starnus/starnus_robot_sim/starnus_robot/install/starnus_pallet_localisation:/home/starnus/starnus/starnus_robot_sim/starnus_robot/install/starnus_navigation:/home/starnus/starnus/starnus_robot_sim/starnus_robot/install/starnus_driver:/home/starnus/starnus/starnus_robot_sim/starnus_robot/install/starnus_description:/home/starnus/starnus/starnus_robot_sim/starnus_robot/install/starnus_bringup:/home/starnus/starnus/starnus_robot_sim/starnus_robot/install/starnus:/home/starnus/starnus/starnus_robot_sim/starnus_robot/install/canopen_utils:/home/starnus/starnus_robot/install/wms_bridge:/home/starnus/starnus_robot/install/starnus_viz:/home/starnus/starnus_robot/install/starnus_slam:/home/starnus/starnus_robot/install/starnus_sim:/home/starnus/starnus_robot/install/starnus_rmf_panel:/home/starnus/starnus_robot/install/starnus_rmf_fleet_adapter:/home/starnus/starnus_robot/install/starnus_pallet_localisation:/home/starnus/starnus_robot/install/starnus_navigation:/home/starnus/starnus_robot/install/starnus_driver:/home/starnus/starnus_robot/install/starnus_description:/home/starnus/starnus_robot/install/starnus_bringup:/home/starnus/starnus_robot/install/starnus_arduino_comms:/home/starnus/starnus_robot/install/starnus:/opt/ros/humble /usr/bin/cmake --build /home/starnus/starnus/starnus_robot_sim/starnus_robot/src/ros2_canopen/build/canopen_interfaces -- -j20 -l20
[4.236s] Invoking command in '/home/starnus/starnus/starnus_robot_sim/starnus_robot/src/ros2_canopen/build/canopen_interfaces': CMAKE_PREFIX_PATH=${CMAKE_PREFIX_PATH}:/home/starnus/starnus/starnus_robot_sim/starnus_robot/install/starnus_viz:/home/starnus/starnus/starnus_robot_sim/starnus_robot/install/starnus_slam:/home/starnus/starnus/starnus_robot_sim/starnus_robot/install/starnus_rmf_panel:/home/starnus/starnus/starnus_robot_sim/starnus_robot/install/starnus_rmf_fleet_adapter:/home/starnus/starnus/starnus_robot_sim/starnus_robot/install/starnus_pallet_localisation:/home/starnus/starnus/starnus_robot_sim/starnus_robot/install/starnus_navigation:/home/starnus/starnus/starnus_robot_sim/starnus_robot/install/starnus_driver:/home/starnus/starnus/starnus_robot_sim/starnus_robot/install/starnus_description:/home/starnus/starnus/starnus_robot_sim/starnus_robot/install/starnus_bringup:/home/starnus/starnus/starnus_robot_sim/starnus_robot/install/starnus:/home/starnus/starnus/starnus_robot_sim/starnus_robot/install/canopen_utils:/home/starnus/starnus_robot/install/wms_bridge:/home/starnus/starnus_robot/install/starnus_viz:/home/starnus/starnus_robot/install/starnus_slam:/home/starnus/starnus_robot/install/starnus_sim:/home/starnus/starnus_robot/install/starnus_rmf_panel:/home/starnus/starnus_robot/install/starnus_rmf_fleet_adapter:/home/starnus/starnus_robot/install/starnus_pallet_localisation:/home/starnus/starnus_robot/install/starnus_navigation:/home/starnus/starnus_robot/install/starnus_driver:/home/starnus/starnus_robot/install/starnus_description:/home/starnus/starnus_robot/install/starnus_bringup:/home/starnus/starnus_robot/install/starnus_arduino_comms:/home/starnus/starnus_robot/install/starnus:/opt/ros/humble /usr/bin/cmake --install /home/starnus/starnus/starnus_robot_sim/starnus_robot/src/ros2_canopen/build/canopen_interfaces
[4.242s] -- Install configuration: ""
[4.242s] -- Installing: /home/starnus/starnus/starnus_robot_sim/starnus_robot/src/ros2_canopen/install/canopen_interfaces/share/ament_index/resource_index/rosidl_interfaces/canopen_interfaces
[4.242s] -- Installing: /home/starnus/starnus/starnus_robot_sim/starnus_robot/src/ros2_canopen/install/canopen_interfaces/include/canopen_interfaces/canopen_interfaces
[4.242s] -- Installing: /home/starnus/starnus/starnus_robot_sim/starnus_robot/src/ros2_canopen/install/canopen_interfaces/include/canopen_interfaces/canopen_interfaces/msg
[4.242s] -- Installing: /home/starnus/starnus/starnus_robot_sim/starnus_robot/src/ros2_canopen/install/canopen_interfaces/include/canopen_interfaces/canopen_interfaces/msg/co_data.h
[4.242s] -- Installing: /home/starnus/starnus/starnus_robot_sim/starnus_robot/src/ros2_canopen/install/canopen_interfaces/include/canopen_interfaces/canopen_interfaces/msg/detail
[4.242s] -- Installing: /home/starnus/starnus/starnus_robot_sim/starnus_robot/src/ros2_canopen/install/canopen_interfaces/include/canopen_interfaces/canopen_interfaces/msg/detail/co_data__struct.h
[4.242s] -- Installing: /home/starnus/starnus/starnus_robot_sim/starnus_robot/src/ros2_canopen/install/canopen_interfaces/include/canopen_interfaces/canopen_interfaces/msg/detail/co_data__functions.h
[4.242s] -- Installing: /home/starnus/starnus/starnus_robot_sim/starnus_robot/src/ros2_canopen/install/canopen_interfaces/include/canopen_interfaces/canopen_interfaces/msg/detail/co_data__type_support.h
[4.243s] -- Installing: /home/starnus/starnus/starnus_robot_sim/starnus_robot/src/ros2_canopen/install/canopen_interfaces/include/canopen_interfaces/canopen_interfaces/msg/detail/co_data__functions.c
[4.243s] -- Installing: /home/starnus/starnus/starnus_robot_sim/starnus_robot/src/ros2_canopen/install/canopen_interfaces/include/canopen_interfaces/canopen_interfaces/msg/rosidl_generator_c__visibility_control.h
[4.243s] -- Installing: /home/starnus/starnus/starnus_robot_sim/starnus_robot/src/ros2_canopen/install/canopen_interfaces/include/canopen_interfaces/canopen_interfaces/srv
[4.243s] -- Installing: /home/starnus/starnus/starnus_robot_sim/starnus_robot/src/ros2_canopen/install/canopen_interfaces/include/canopen_interfaces/canopen_interfaces/srv/co_heartbeat_id.h
[4.243s] -- Installing: /home/starnus/starnus/starnus_robot_sim/starnus_robot/src/ros2_canopen/install/canopen_interfaces/include/canopen_interfaces/canopen_interfaces/srv/co_write_id.h
[4.243s] -- Installing: /home/starnus/starnus/starnus_robot_sim/starnus_robot/src/ros2_canopen/install/canopen_interfaces/include/canopen_interfaces/canopen_interfaces/srv/co_node.h
[4.243s] -- Installing: /home/starnus/starnus/starnus_robot_sim/starnus_robot/src/ros2_canopen/install/canopen_interfaces/include/canopen_interfaces/canopen_interfaces/srv/co_nmt_id.h
[4.243s] -- Installing: /home/starnus/starnus/starnus_robot_sim/starnus_robot/src/ros2_canopen/install/canopen_interfaces/include/canopen_interfaces/canopen_interfaces/srv/co_target_double.h
[4.243s] -- Installing: /home/starnus/starnus/starnus_robot_sim/starnus_robot/src/ros2_canopen/install/canopen_interfaces/include/canopen_interfaces/canopen_interfaces/srv/detail
[4.243s] -- Installing: /home/starnus/starnus/starnus_robot_sim/starnus_robot/src/ros2_canopen/install/canopen_interfaces/include/canopen_interfaces/canopen_interfaces/srv/detail/co_write__functions.h
[4.243s] -- Installing: /home/starnus/starnus/starnus_robot_sim/starnus_robot/src/ros2_canopen/install/canopen_interfaces/include/canopen_interfaces/canopen_interfaces/srv/detail/co_write_id__type_support.h
[4.243s] -- Installing: /home/starnus/starnus/starnus_robot_sim/starnus_robot/src/ros2_canopen/install/canopen_interfaces/include/canopen_interfaces/canopen_interfaces/srv/detail/co_read__functions.h
[4.243s] -- Installing: /home/starnus/starnus/starnus_robot_sim/starnus_robot/src/ros2_canopen/install/canopen_interfaces/include/canopen_interfaces/canopen_interfaces/srv/detail/co_heartbeat_id__type_support.h
[4.243s] -- Installing: /home/starnus/starnus/starnus_robot_sim/starnus_robot/src/ros2_canopen/install/canopen_interfaces/include/canopen_interfaces/canopen_interfaces/srv/detail/co_read_id__functions.h
[4.243s] -- Installing: /home/starnus/starnus/starnus_robot_sim/starnus_robot/src/ros2_canopen/install/canopen_interfaces/include/canopen_interfaces/canopen_interfaces/srv/detail/co_read_id__type_support.h
[4.243s] -- Installing: /home/starnus/starnus/starnus_robot_sim/starnus_robot/src/ros2_canopen/install/canopen_interfaces/include/canopen_interfaces/canopen_interfaces/srv/detail/co_target_double__functions.h
[4.243s] -- Installing: /home/starnus/starnus/starnus_robot_sim/starnus_robot/src/ros2_canopen/install/canopen_interfaces/include/canopen_interfaces/canopen_interfaces/srv/detail/co_node__type_support.h
[4.243s] -- Installing: /home/starnus/starnus/starnus_robot_sim/starnus_robot/src/ros2_canopen/install/canopen_interfaces/include/canopen_interfaces/canopen_interfaces/srv/detail/co_read__struct.h
[4.243s] -- Installing: /home/starnus/starnus/starnus_robot_sim/starnus_robot/src/ros2_canopen/install/canopen_interfaces/include/canopen_interfaces/canopen_interfaces/srv/detail/co_write_id__struct.h
[4.243s] -- Installing: /home/starnus/starnus/starnus_robot_sim/starnus_robot/src/ros2_canopen/install/canopen_interfaces/include/canopen_interfaces/canopen_interfaces/srv/detail/co_node__functions.h
[4.243s] -- Installing: /home/starnus/starnus/starnus_robot_sim/starnus_robot/src/ros2_canopen/install/canopen_interfaces/include/canopen_interfaces/canopen_interfaces/srv/detail/co_read_id__functions.c
[4.243s] -- Installing: /home/starnus/starnus/starnus_robot_sim/starnus_robot/src/ros2_canopen/install/canopen_interfaces/include/canopen_interfaces/canopen_interfaces/srv/detail/co_nmt_id__functions.c
[4.243s] -- Installing: /home/starnus/starnus/starnus_robot_sim/starnus_robot/src/ros2_canopen/install/canopen_interfaces/include/canopen_interfaces/canopen_interfaces/srv/detail/co_node__functions.c
[4.243s] -- Installing: /home/starnus/starnus/starnus_robot_sim/starnus_robot/src/ros2_canopen/install/canopen_interfaces/include/canopen_interfaces/canopen_interfaces/srv/detail/co_target_double__type_support.h
[4.243s] -- Installing: /home/starnus/starnus/starnus_robot_sim/starnus_robot/src/ros2_canopen/install/canopen_interfaces/include/canopen_interfaces/canopen_interfaces/srv/detail/co_node__struct.h
[4.243s] -- Installing: /home/starnus/starnus/starnus_robot_sim/starnus_robot/src/ros2_canopen/install/canopen_interfaces/include/canopen_interfaces/canopen_interfaces/srv/detail/co_heartbeat_id__struct.h
[4.243s] -- Installing: /home/starnus/starnus/starnus_robot_sim/starnus_robot/src/ros2_canopen/install/canopen_interfaces/include/canopen_interfaces/canopen_interfaces/srv/detail/co_nmt_id__struct.h
[4.243s] -- Installing: /home/starnus/starnus/starnus_robot_sim/starnus_robot/src/ros2_canopen/install/canopen_interfaces/include/canopen_interfaces/canopen_interfaces/srv/detail/co_write__type_support.h
[4.243s] -- Installing: /home/starnus/starnus/starnus_robot_sim/starnus_robot/src/ros2_canopen/install/canopen_interfaces/include/canopen_interfaces/canopen_interfaces/srv/detail/co_write_id__functions.c
[4.243s] -- Installing: /home/starnus/starnus/starnus_robot_sim/starnus_robot/src/ros2_canopen/install/canopen_interfaces/include/canopen_interfaces/canopen_interfaces/srv/detail/co_read__type_support.h
[4.243s] -- Installing: /home/starnus/starnus/starnus_robot_sim/starnus_robot/src/ros2_canopen/install/canopen_interfaces/include/canopen_interfaces/canopen_interfaces/srv/detail/co_nmt_id__functions.h
[4.243s] -- Installing: /home/starnus/starnus/starnus_robot_sim/starnus_robot/src/ros2_canopen/install/canopen_interfaces/include/canopen_interfaces/canopen_interfaces/srv/detail/co_write__functions.c
[4.243s] -- Installing: /home/starnus/starnus/starnus_robot_sim/starnus_robot/src/ros2_canopen/install/canopen_interfaces/include/canopen_interfaces/canopen_interfaces/srv/detail/co_write__struct.h
[4.244s] -- Installing: /home/starnus/starnus/starnus_robot_sim/starnus_robot/src/ros2_canopen/install/canopen_interfaces/include/canopen_interfaces/canopen_interfaces/srv/detail/co_heartbeat_id__functions.h
[4.244s] -- Installing: /home/starnus/starnus/starnus_robot_sim/starnus_robot/src/ros2_canopen/install/canopen_interfaces/include/canopen_interfaces/canopen_interfaces/srv/detail/co_read_id__struct.h
[4.244s] -- Installing: /home/starnus/starnus/starnus_robot_sim/starnus_robot/src/ros2_canopen/install/canopen_interfaces/include/canopen_interfaces/canopen_interfaces/srv/detail/co_target_double__struct.h
[4.244s] -- Installing: /home/starnus/starnus/starnus_robot_sim/starnus_robot/src/ros2_canopen/install/canopen_interfaces/include/canopen_interfaces/canopen_interfaces/srv/detail/co_nmt_id__type_support.h
[4.244s] -- Installing: /home/starnus/starnus/starnus_robot_sim/starnus_robot/src/ros2_canopen/install/canopen_interfaces/include/canopen_interfaces/canopen_interfaces/srv/detail/co_heartbeat_id__functions.c
[4.244s] -- Installing: /home/starnus/starnus/starnus_robot_sim/starnus_robot/src/ros2_canopen/install/canopen_interfaces/include/canopen_interfaces/canopen_interfaces/srv/detail/co_read__functions.c
[4.244s] -- Installing: /home/starnus/starnus/starnus_robot_sim/starnus_robot/src/ros2_canopen/install/canopen_interfaces/include/canopen_interfaces/canopen_interfaces/srv/detail/co_write_id__functions.h
[4.244s] -- Installing: /home/starnus/starnus/starnus_robot_sim/starnus_robot/src/ros2_canopen/install/canopen_interfaces/include/canopen_interfaces/canopen_interfaces/srv/detail/co_target_double__functions.c
[4.244s] -- Installing: /home/starnus/starnus/starnus_robot_sim/starnus_robot/src/ros2_canopen/install/canopen_interfaces/include/canopen_interfaces/canopen_interfaces/srv/co_read_id.h
[4.244s] -- Installing: /home/starnus/starnus/starnus_robot_sim/starnus_robot/src/ros2_canopen/install/canopen_interfaces/include/canopen_interfaces/canopen_interfaces/srv/co_write.h
[4.244s] -- Installing: /home/starnus/starnus/starnus_robot_sim/starnus_robot/src/ros2_canopen/install/canopen_interfaces/include/canopen_interfaces/canopen_interfaces/srv/co_read.h
[4.244s] -- Installing: /home/starnus/starnus/starnus_robot_sim/starnus_robot/src/ros2_canopen/install/canopen_interfaces/share/canopen_interfaces/environment/library_path.sh
[4.244s] -- Installing: /home/starnus/starnus/starnus_robot_sim/starnus_robot/src/ros2_canopen/install/canopen_interfaces/share/canopen_interfaces/environment/library_path.dsv
[4.244s] -- Installing: /home/starnus/starnus/starnus_robot_sim/starnus_robot/src/ros2_canopen/install/canopen_interfaces/lib/libcanopen_interfaces__rosidl_generator_c.so
[4.244s] -- Set runtime path of "/home/starnus/starnus/starnus_robot_sim/starnus_robot/src/ros2_canopen/install/canopen_interfaces/lib/libcanopen_interfaces__rosidl_generator_c.so" to ""
[4.244s] -- Up-to-date: /home/starnus/starnus/starnus_robot_sim/starnus_robot/src/ros2_canopen/install/canopen_interfaces/include/canopen_interfaces/canopen_interfaces
[4.244s] -- Up-to-date: /home/starnus/starnus/starnus_robot_sim/starnus_robot/src/ros2_canopen/install/canopen_interfaces/include/canopen_interfaces/canopen_interfaces/msg
[4.244s] -- Installing: /home/starnus/starnus/starnus_robot_sim/starnus_robot/src/ros2_canopen/install/canopen_interfaces/include/canopen_interfaces/canopen_interfaces/msg/rosidl_typesupport_fastrtps_c__visibility_control.h
[4.244s] -- Up-to-date: /home/starnus/starnus/starnus_robot_sim/starnus_robot/src/ros2_canopen/install/canopen_interfaces/include/canopen_interfaces/canopen_interfaces/msg/detail
[4.244s] -- Installing: /home/starnus/starnus/starnus_robot_sim/starnus_robot/src/ros2_canopen/install/canopen_interfaces/include/canopen_interfaces/canopen_interfaces/msg/detail/co_data__rosidl_typesupport_fastrtps_c.h
[4.244s] -- Up-to-date: /home/starnus/starnus/starnus_robot_sim/starnus_robot/src/ros2_canopen/install/canopen_interfaces/include/canopen_interfaces/canopen_interfaces/srv
[4.245s] -- Up-to-date: /home/starnus/starnus/starnus_robot_sim/starnus_robot/src/ros2_canopen/install/canopen_interfaces/include/canopen_interfaces/canopen_interfaces/srv/detail
[4.245s] -- Installing: /home/starnus/starnus/starnus_robot_sim/starnus_robot/src/ros2_canopen/install/canopen_interfaces/include/canopen_interfaces/canopen_interfaces/srv/detail/co_read_id__rosidl_typesupport_fastrtps_c.h
[4.245s] -- Installing: /home/starnus/starnus/starnus_robot_sim/starnus_robot/src/ros2_canopen/install/canopen_interfaces/include/canopen_interfaces/canopen_interfaces/srv/detail/co_write__rosidl_typesupport_fastrtps_c.h
[4.245s] -- Installing: /home/starnus/starnus/starnus_robot_sim/starnus_robot/src/ros2_canopen/install/canopen_interfaces/include/canopen_interfaces/canopen_interfaces/srv/detail/co_nmt_id__rosidl_typesupport_fastrtps_c.h
[4.245s] -- Installing: /home/starnus/starnus/starnus_robot_sim/starnus_robot/src/ros2_canopen/install/canopen_interfaces/include/canopen_interfaces/canopen_interfaces/srv/detail/co_read__rosidl_typesupport_fastrtps_c.h
[4.245s] -- Installing: /home/starnus/starnus/starnus_robot_sim/starnus_robot/src/ros2_canopen/install/canopen_interfaces/include/canopen_interfaces/canopen_interfaces/srv/detail/co_heartbeat_id__rosidl_typesupport_fastrtps_c.h
[4.245s] -- Installing: /home/starnus/starnus/starnus_robot_sim/starnus_robot/src/ros2_canopen/install/canopen_interfaces/include/canopen_interfaces/canopen_interfaces/srv/detail/co_write_id__rosidl_typesupport_fastrtps_c.h
[4.245s] -- Installing: /home/starnus/starnus/starnus_robot_sim/starnus_robot/src/ros2_canopen/install/canopen_interfaces/include/canopen_interfaces/canopen_interfaces/srv/detail/co_node__rosidl_typesupport_fastrtps_c.h
[4.245s] -- Installing: /home/starnus/starnus/starnus_robot_sim/starnus_robot/src/ros2_canopen/install/canopen_interfaces/include/canopen_interfaces/canopen_interfaces/srv/detail/co_target_double__rosidl_typesupport_fastrtps_c.h
[4.245s] -- Installing: /home/starnus/starnus/starnus_robot_sim/starnus_robot/src/ros2_canopen/install/canopen_interfaces/lib/libcanopen_interfaces__rosidl_typesupport_fastrtps_c.so
[4.245s] -- Set runtime path of "/home/starnus/starnus/starnus_robot_sim/starnus_robot/src/ros2_canopen/install/canopen_interfaces/lib/libcanopen_interfaces__rosidl_typesupport_fastrtps_c.so" to ""
[4.245s] -- Up-to-date: /home/starnus/starnus/starnus_robot_sim/starnus_robot/src/ros2_canopen/install/canopen_interfaces/include/canopen_interfaces/canopen_interfaces
[4.245s] -- Up-to-date: /home/starnus/starnus/starnus_robot_sim/starnus_robot/src/ros2_canopen/install/canopen_interfaces/include/canopen_interfaces/canopen_interfaces/msg
[4.245s] -- Installing: /home/starnus/starnus/starnus_robot_sim/starnus_robot/src/ros2_canopen/install/canopen_interfaces/include/canopen_interfaces/canopen_interfaces/msg/rosidl_typesupport_introspection_c__visibility_control.h
[4.245s] -- Up-to-date: /home/starnus/starnus/starnus_robot_sim/starnus_robot/src/ros2_canopen/install/canopen_interfaces/include/canopen_interfaces/canopen_interfaces/msg/detail
[4.245s] -- Installing: /home/starnus/starnus/starnus_robot_sim/starnus_robot/src/ros2_canopen/install/canopen_interfaces/include/canopen_interfaces/canopen_interfaces/msg/detail/co_data__rosidl_typesupport_introspection_c.h
[4.245s] -- Installing: /home/starnus/starnus/starnus_robot_sim/starnus_robot/src/ros2_canopen/install/canopen_interfaces/include/canopen_interfaces/canopen_interfaces/msg/detail/co_data__type_support.c
[4.245s] -- Up-to-date: /home/starnus/starnus/starnus_robot_sim/starnus_robot/src/ros2_canopen/install/canopen_interfaces/include/canopen_interfaces/canopen_interfaces/srv
[4.245s] -- Up-to-date: /home/starnus/starnus/starnus_robot_sim/starnus_robot/src/ros2_canopen/install/canopen_interfaces/include/canopen_interfaces/canopen_interfaces/srv/detail
[4.245s] -- Installing: /home/starnus/starnus/starnus_robot_sim/starnus_robot/src/ros2_canopen/install/canopen_interfaces/include/canopen_interfaces/canopen_interfaces/srv/detail/co_write_id__rosidl_typesupport_introspection_c.h
[4.245s] -- Installing: /home/starnus/starnus/starnus_robot_sim/starnus_robot/src/ros2_canopen/install/canopen_interfaces/include/canopen_interfaces/canopen_interfaces/srv/detail/co_nmt_id__type_support.c
[4.245s] -- Installing: /home/starnus/starnus/starnus_robot_sim/starnus_robot/src/ros2_canopen/install/canopen_interfaces/include/canopen_interfaces/canopen_interfaces/srv/detail/co_target_double__type_support.c
[4.245s] -- Installing: /home/starnus/starnus/starnus_robot_sim/starnus_robot/src/ros2_canopen/install/canopen_interfaces/include/canopen_interfaces/canopen_interfaces/srv/detail/co_read__rosidl_typesupport_introspection_c.h
[4.245s] -- Installing: /home/starnus/starnus/starnus_robot_sim/starnus_robot/src/ros2_canopen/install/canopen_interfaces/include/canopen_interfaces/canopen_interfaces/srv/detail/co_read_id__type_support.c
[4.245s] -- Installing: /home/starnus/starnus/starnus_robot_sim/starnus_robot/src/ros2_canopen/install/canopen_interfaces/include/canopen_interfaces/canopen_interfaces/srv/detail/co_target_double__rosidl_typesupport_introspection_c.h
[4.245s] -- Installing: /home/starnus/starnus/starnus_robot_sim/starnus_robot/src/ros2_canopen/install/canopen_interfaces/include/canopen_interfaces/canopen_interfaces/srv/detail/co_node__rosidl_typesupport_introspection_c.h
[4.245s] -- Installing: /home/starnus/starnus/starnus_robot_sim/starnus_robot/src/ros2_canopen/install/canopen_interfaces/include/canopen_interfaces/canopen_interfaces/srv/detail/co_write__rosidl_typesupport_introspection_c.h
[4.245s] -- Installing: /home/starnus/starnus/starnus_robot_sim/starnus_robot/src/ros2_canopen/install/canopen_interfaces/include/canopen_interfaces/canopen_interfaces/srv/detail/co_nmt_id__rosidl_typesupport_introspection_c.h
[4.246s] -- Installing: /home/starnus/starnus/starnus_robot_sim/starnus_robot/src/ros2_canopen/install/canopen_interfaces/include/canopen_interfaces/canopen_interfaces/srv/detail/co_write__type_support.c
[4.246s] -- Installing: /home/starnus/starnus/starnus_robot_sim/starnus_robot/src/ros2_canopen/install/canopen_interfaces/include/canopen_interfaces/canopen_interfaces/srv/detail/co_heartbeat_id__type_support.c
[4.246s] -- Installing: /home/starnus/starnus/starnus_robot_sim/starnus_robot/src/ros2_canopen/install/canopen_interfaces/include/canopen_interfaces/canopen_interfaces/srv/detail/co_read_id__rosidl_typesupport_introspection_c.h
[4.246s] -- Installing: /home/starnus/starnus/starnus_robot_sim/starnus_robot/src/ros2_canopen/install/canopen_interfaces/include/canopen_interfaces/canopen_interfaces/srv/detail/co_heartbeat_id__rosidl_typesupport_introspection_c.h
[4.246s] -- Installing: /home/starnus/starnus/starnus_robot_sim/starnus_robot/src/ros2_canopen/install/canopen_interfaces/include/canopen_interfaces/canopen_interfaces/srv/detail/co_node__type_support.c
[4.246s] -- Installing: /home/starnus/starnus/starnus_robot_sim/starnus_robot/src/ros2_canopen/install/canopen_interfaces/include/canopen_interfaces/canopen_interfaces/srv/detail/co_write_id__type_support.c
[4.246s] -- Installing: /home/starnus/starnus/starnus_robot_sim/starnus_robot/src/ros2_canopen/install/canopen_interfaces/include/canopen_interfaces/canopen_interfaces/srv/detail/co_read__type_support.c
[4.246s] -- Installing: /home/starnus/starnus/starnus_robot_sim/starnus_robot/src/ros2_canopen/install/canopen_interfaces/lib/libcanopen_interfaces__rosidl_typesupport_introspection_c.so
[4.246s] -- Set runtime path of "/home/starnus/starnus/starnus_robot_sim/starnus_robot/src/ros2_canopen/install/canopen_interfaces/lib/libcanopen_interfaces__rosidl_typesupport_introspection_c.so" to ""
[4.246s] -- Installing: /home/starnus/starnus/starnus_robot_sim/starnus_robot/src/ros2_canopen/install/canopen_interfaces/lib/libcanopen_interfaces__rosidl_typesupport_c.so
[4.246s] -- Set runtime path of "/home/starnus/starnus/starnus_robot_sim/starnus_robot/src/ros2_canopen/install/canopen_interfaces/lib/libcanopen_interfaces__rosidl_typesupport_c.so" to ""
[4.246s] -- Up-to-date: /home/starnus/starnus/starnus_robot_sim/starnus_robot/src/ros2_canopen/install/canopen_interfaces/include/canopen_interfaces/canopen_interfaces
[4.246s] -- Up-to-date: /home/starnus/starnus/starnus_robot_sim/starnus_robot/src/ros2_canopen/install/canopen_interfaces/include/canopen_interfaces/canopen_interfaces/msg
[4.246s] -- Installing: /home/starnus/starnus/starnus_robot_sim/starnus_robot/src/ros2_canopen/install/canopen_interfaces/include/canopen_interfaces/canopen_interfaces/msg/co_data.hpp
[4.246s] -- Up-to-date: /home/starnus/starnus/starnus_robot_sim/starnus_robot/src/ros2_canopen/install/canopen_interfaces/include/canopen_interfaces/canopen_interfaces/msg/detail
[4.246s] -- Installing: /home/starnus/starnus/starnus_robot_sim/starnus_robot/src/ros2_canopen/install/canopen_interfaces/include/canopen_interfaces/canopen_interfaces/msg/detail/co_data__traits.hpp
[4.246s] -- Installing: /home/starnus/starnus/starnus_robot_sim/starnus_robot/src/ros2_canopen/install/canopen_interfaces/include/canopen_interfaces/canopen_interfaces/msg/detail/co_data__builder.hpp
[4.246s] -- Installing: /home/starnus/starnus/starnus_robot_sim/starnus_robot/src/ros2_canopen/install/canopen_interfaces/include/canopen_interfaces/canopen_interfaces/msg/detail/co_data__struct.hpp
[4.246s] -- Up-to-date: /home/starnus/starnus/starnus_robot_sim/starnus_robot/src/ros2_canopen/install/canopen_interfaces/include/canopen_interfaces/canopen_interfaces/srv
[4.246s] -- Installing: /home/starnus/starnus/starnus_robot_sim/starnus_robot/src/ros2_canopen/install/canopen_interfaces/include/canopen_interfaces/canopen_interfaces/srv/co_nmt_id.hpp
[4.246s] -- Installing: /home/starnus/starnus/starnus_robot_sim/starnus_robot/src/ros2_canopen/install/canopen_interfaces/include/canopen_interfaces/canopen_interfaces/srv/co_target_double.hpp
[4.246s] -- Installing: /home/starnus/starnus/starnus_robot_sim/starnus_robot/src/ros2_canopen/install/canopen_interfaces/include/canopen_interfaces/canopen_interfaces/srv/co_read_id.hpp
[4.247s] -- Installing: /home/starnus/starnus/starnus_robot_sim/starnus_robot/src/ros2_canopen/install/canopen_interfaces/include/canopen_interfaces/canopen_interfaces/srv/co_heartbeat_id.hpp
[4.247s] -- Up-to-date: /home/starnus/starnus/starnus_robot_sim/starnus_robot/src/ros2_canopen/install/canopen_interfaces/include/canopen_interfaces/canopen_interfaces/srv/detail
[4.247s] -- Installing: /home/starnus/starnus/starnus_robot_sim/starnus_robot/src/ros2_canopen/install/canopen_interfaces/include/canopen_interfaces/canopen_interfaces/srv/detail/co_target_double__struct.hpp
[4.247s] -- Installing: /home/starnus/starnus/starnus_robot_sim/starnus_robot/src/ros2_canopen/install/canopen_interfaces/include/canopen_interfaces/canopen_interfaces/srv/detail/co_read_id__builder.hpp
[4.247s] -- Installing: /home/starnus/starnus/starnus_robot_sim/starnus_robot/src/ros2_canopen/install/canopen_interfaces/include/canopen_interfaces/canopen_interfaces/srv/detail/co_write__traits.hpp
[4.247s] -- Installing: /home/starnus/starnus/starnus_robot_sim/starnus_robot/src/ros2_canopen/install/canopen_interfaces/include/canopen_interfaces/canopen_interfaces/srv/detail/co_node__struct.hpp
[4.247s] -- Installing: /home/starnus/starnus/starnus_robot_sim/starnus_robot/src/ros2_canopen/install/canopen_interfaces/include/canopen_interfaces/canopen_interfaces/srv/detail/co_read_id__traits.hpp
[4.247s] -- Installing: /home/starnus/starnus/starnus_robot_sim/starnus_robot/src/ros2_canopen/install/canopen_interfaces/include/canopen_interfaces/canopen_interfaces/srv/detail/co_heartbeat_id__builder.hpp
[4.247s] -- Installing: /home/starnus/starnus/starnus_robot_sim/starnus_robot/src/ros2_canopen/install/canopen_interfaces/include/canopen_interfaces/canopen_interfaces/srv/detail/co_node__builder.hpp
[4.247s] -- Installing: /home/starnus/starnus/starnus_robot_sim/starnus_robot/src/ros2_canopen/install/canopen_interfaces/include/canopen_interfaces/canopen_interfaces/srv/detail/co_read_id__struct.hpp
[4.247s] -- Installing: /home/starnus/starnus/starnus_robot_sim/starnus_robot/src/ros2_canopen/install/canopen_interfaces/include/canopen_interfaces/canopen_interfaces/srv/detail/co_heartbeat_id__traits.hpp
[4.247s] -- Installing: /home/starnus/starnus/starnus_robot_sim/starnus_robot/src/ros2_canopen/install/canopen_interfaces/include/canopen_interfaces/canopen_interfaces/srv/detail/co_node__traits.hpp
[4.247s] -- Installing: /home/starnus/starnus/starnus_robot_sim/starnus_robot/src/ros2_canopen/install/canopen_interfaces/include/canopen_interfaces/canopen_interfaces/srv/detail/co_write__builder.hpp
[4.247s] -- Installing: /home/starnus/starnus/starnus_robot_sim/starnus_robot/src/ros2_canopen/install/canopen_interfaces/include/canopen_interfaces/canopen_interfaces/srv/detail/co_nmt_id__struct.hpp
[4.247s] -- Installing: /home/starnus/starnus/starnus_robot_sim/starnus_robot/src/ros2_canopen/install/canopen_interfaces/include/canopen_interfaces/canopen_interfaces/srv/detail/co_nmt_id__builder.hpp
[4.247s] -- Installing: /home/starnus/starnus/starnus_robot_sim/starnus_robot/src/ros2_canopen/install/canopen_interfaces/include/canopen_interfaces/canopen_interfaces/srv/detail/co_heartbeat_id__struct.hpp
[4.247s] -- Installing: /home/starnus/starnus/starnus_robot_sim/starnus_robot/src/ros2_canopen/install/canopen_interfaces/include/canopen_interfaces/canopen_interfaces/srv/detail/co_read__builder.hpp
[4.247s] -- Installing: /home/starnus/starnus/starnus_robot_sim/starnus_robot/src/ros2_canopen/install/canopen_interfaces/include/canopen_interfaces/canopen_interfaces/srv/detail/co_write__struct.hpp
[4.247s] -- Installing: /home/starnus/starnus/starnus_robot_sim/starnus_robot/src/ros2_canopen/install/canopen_interfaces/include/canopen_interfaces/canopen_interfaces/srv/detail/co_target_double__traits.hpp
[4.247s] -- Installing: /home/starnus/starnus/starnus_robot_sim/starnus_robot/src/ros2_canopen/install/canopen_interfaces/include/canopen_interfaces/canopen_interfaces/srv/detail/co_read__traits.hpp
[4.247s] -- Installing: /home/starnus/starnus/starnus_robot_sim/starnus_robot/src/ros2_canopen/install/canopen_interfaces/include/canopen_interfaces/canopen_interfaces/srv/detail/co_nmt_id__traits.hpp
[4.247s] -- Installing: /home/starnus/starnus/starnus_robot_sim/starnus_robot/src/ros2_canopen/install/canopen_interfaces/include/canopen_interfaces/canopen_interfaces/srv/detail/co_write_id__struct.hpp
[4.247s] -- Installing: /home/starnus/starnus/starnus_robot_sim/starnus_robot/src/ros2_canopen/install/canopen_interfaces/include/canopen_interfaces/canopen_interfaces/srv/detail/co_write_id__builder.hpp
[4.247s] -- Installing: /home/starnus/starnus/starnus_robot_sim/starnus_robot/src/ros2_canopen/install/canopen_interfaces/include/canopen_interfaces/canopen_interfaces/srv/detail/co_read__struct.hpp
[4.247s] -- Installing: /home/starnus/starnus/starnus_robot_sim/starnus_robot/src/ros2_canopen/install/canopen_interfaces/include/canopen_interfaces/canopen_interfaces/srv/detail/co_target_double__builder.hpp
[4.247s] -- Installing: /home/starnus/starnus/starnus_robot_sim/starnus_robot/src/ros2_canopen/install/canopen_interfaces/include/canopen_interfaces/canopen_interfaces/srv/detail/co_write_id__traits.hpp
[4.247s] -- Installing: /home/starnus/starnus/starnus_robot_sim/starnus_robot/src/ros2_canopen/install/canopen_interfaces/include/canopen_interfaces/canopen_interfaces/srv/co_write.hpp
[4.248s] -- Installing: /home/starnus/starnus/starnus_robot_sim/starnus_robot/src/ros2_canopen/install/canopen_interfaces/include/canopen_interfaces/canopen_interfaces/srv/co_write_id.hpp
[4.248s] -- Installing: /home/starnus/starnus/starnus_robot_sim/starnus_robot/src/ros2_canopen/install/canopen_interfaces/include/canopen_interfaces/canopen_interfaces/srv/co_node.hpp
[4.248s] -- Installing: /home/starnus/starnus/starnus_robot_sim/starnus_robot/src/ros2_canopen/install/canopen_interfaces/include/canopen_interfaces/canopen_interfaces/srv/co_read.hpp
[4.248s] -- Up-to-date: /home/starnus/starnus/starnus_robot_sim/starnus_robot/src/ros2_canopen/install/canopen_interfaces/include/canopen_interfaces/canopen_interfaces
[4.248s] -- Up-to-date: /home/starnus/starnus/starnus_robot_sim/starnus_robot/src/ros2_canopen/install/canopen_interfaces/include/canopen_interfaces/canopen_interfaces/msg
[4.248s] -- Up-to-date: /home/starnus/starnus/starnus_robot_sim/starnus_robot/src/ros2_canopen/install/canopen_interfaces/include/canopen_interfaces/canopen_interfaces/msg/detail
[4.248s] -- Installing: /home/starnus/starnus/starnus_robot_sim/starnus_robot/src/ros2_canopen/install/canopen_interfaces/include/canopen_interfaces/canopen_interfaces/msg/detail/dds_fastrtps
[4.248s] -- Installing: /home/starnus/starnus/starnus_robot_sim/starnus_robot/src/ros2_canopen/install/canopen_interfaces/include/canopen_interfaces/canopen_interfaces/msg/detail/co_data__rosidl_typesupport_fastrtps_cpp.hpp
[4.248s] -- Installing: /home/starnus/starnus/starnus_robot_sim/starnus_robot/src/ros2_canopen/install/canopen_interfaces/include/canopen_interfaces/canopen_interfaces/msg/rosidl_typesupport_fastrtps_cpp__visibility_control.h
[4.248s] -- Up-to-date: /home/starnus/starnus/starnus_robot_sim/starnus_robot/src/ros2_canopen/install/canopen_interfaces/include/canopen_interfaces/canopen_interfaces/srv
[4.248s] -- Up-to-date: /home/starnus/starnus/starnus_robot_sim/starnus_robot/src/ros2_canopen/install/canopen_interfaces/include/canopen_interfaces/canopen_interfaces/srv/detail
[4.248s] -- Installing: /home/starnus/starnus/starnus_robot_sim/starnus_robot/src/ros2_canopen/install/canopen_interfaces/include/canopen_interfaces/canopen_interfaces/srv/detail/dds_fastrtps
[4.248s] -- Installing: /home/starnus/starnus/starnus_robot_sim/starnus_robot/src/ros2_canopen/install/canopen_interfaces/include/canopen_interfaces/canopen_interfaces/srv/detail/co_read__rosidl_typesupport_fastrtps_cpp.hpp
[4.248s] -- Installing: /home/starnus/starnus/starnus_robot_sim/starnus_robot/src/ros2_canopen/install/canopen_interfaces/include/canopen_interfaces/canopen_interfaces/srv/detail/co_nmt_id__rosidl_typesupport_fastrtps_cpp.hpp
[4.248s] -- Installing: /home/starnus/starnus/starnus_robot_sim/starnus_robot/src/ros2_canopen/install/canopen_interfaces/include/canopen_interfaces/canopen_interfaces/srv/detail/co_target_double__rosidl_typesupport_fastrtps_cpp.hpp
[4.248s] -- Installing: /home/starnus/starnus/starnus_robot_sim/starnus_robot/src/ros2_canopen/install/canopen_interfaces/include/canopen_interfaces/canopen_interfaces/srv/detail/co_read_id__rosidl_typesupport_fastrtps_cpp.hpp
[4.248s] -- Installing: /home/starnus/starnus/starnus_robot_sim/starnus_robot/src/ros2_canopen/install/canopen_interfaces/include/canopen_interfaces/canopen_interfaces/srv/detail/co_write_id__rosidl_typesupport_fastrtps_cpp.hpp
[4.248s] -- Installing: /home/starnus/starnus/starnus_robot_sim/starnus_robot/src/ros2_canopen/install/canopen_interfaces/include/canopen_interfaces/canopen_interfaces/srv/detail/co_heartbeat_id__rosidl_typesupport_fastrtps_cpp.hpp
[4.248s] -- Installing: /home/starnus/starnus/starnus_robot_sim/starnus_robot/src/ros2_canopen/install/canopen_interfaces/include/canopen_interfaces/canopen_interfaces/srv/detail/co_node__rosidl_typesupport_fastrtps_cpp.hpp
[4.248s] -- Installing: /home/starnus/starnus/starnus_robot_sim/starnus_robot/src/ros2_canopen/install/canopen_interfaces/include/canopen_interfaces/canopen_interfaces/srv/detail/co_write__rosidl_typesupport_fastrtps_cpp.hpp
[4.248s] -- Installing: /home/starnus/starnus/starnus_robot_sim/starnus_robot/src/ros2_canopen/install/canopen_interfaces/lib/libcanopen_interfaces__rosidl_typesupport_fastrtps_cpp.so
[4.249s] -- Set runtime path of "/home/starnus/starnus/starnus_robot_sim/starnus_robot/src/ros2_canopen/install/canopen_interfaces/lib/libcanopen_interfaces__rosidl_typesupport_fastrtps_cpp.so" to ""
[4.249s] -- Up-to-date: /home/starnus/starnus/starnus_robot_sim/starnus_robot/src/ros2_canopen/install/canopen_interfaces/include/canopen_interfaces/canopen_interfaces
[4.249s] -- Up-to-date: /home/starnus/starnus/starnus_robot_sim/starnus_robot/src/ros2_canopen/install/canopen_interfaces/include/canopen_interfaces/canopen_interfaces/msg
[4.249s] -- Up-to-date: /home/starnus/starnus/starnus_robot_sim/starnus_robot/src/ros2_canopen/install/canopen_interfaces/include/canopen_interfaces/canopen_interfaces/msg/detail
[4.249s] -- Installing: /home/starnus/starnus/starnus_robot_sim/starnus_robot/src/ros2_canopen/install/canopen_interfaces/include/canopen_interfaces/canopen_interfaces/msg/detail/co_data__type_support.cpp
[4.249s] -- Installing: /home/starnus/starnus/starnus_robot_sim/starnus_robot/src/ros2_canopen/install/canopen_interfaces/include/canopen_interfaces/canopen_interfaces/msg/detail/co_data__rosidl_typesupport_introspection_cpp.hpp
[4.249s] -- Up-to-date: /home/starnus/starnus/starnus_robot_sim/starnus_robot/src/ros2_canopen/install/canopen_interfaces/include/canopen_interfaces/canopen_interfaces/srv
[4.249s] -- Up-to-date: /home/starnus/starnus/starnus_robot_sim/starnus_robot/src/ros2_canopen/install/canopen_interfaces/include/canopen_interfaces/canopen_interfaces/srv/detail
[4.249s] -- Installing: /home/starnus/starnus/starnus_robot_sim/starnus_robot/src/ros2_canopen/install/canopen_interfaces/include/canopen_interfaces/canopen_interfaces/srv/detail/co_heartbeat_id__rosidl_typesupport_introspection_cpp.hpp
[4.249s] -- Installing: /home/starnus/starnus/starnus_robot_sim/starnus_robot/src/ros2_canopen/install/canopen_interfaces/include/canopen_interfaces/canopen_interfaces/srv/detail/co_nmt_id__type_support.cpp
[4.249s] -- Installing: /home/starnus/starnus/starnus_robot_sim/starnus_robot/src/ros2_canopen/install/canopen_interfaces/include/canopen_interfaces/canopen_interfaces/srv/detail/co_read_id__rosidl_typesupport_introspection_cpp.hpp
[4.249s] -- Installing: /home/starnus/starnus/starnus_robot_sim/starnus_robot/src/ros2_canopen/install/canopen_interfaces/include/canopen_interfaces/canopen_interfaces/srv/detail/co_heartbeat_id__type_support.cpp
[4.249s] -- Installing: /home/starnus/starnus/starnus_robot_sim/starnus_robot/src/ros2_canopen/install/canopen_interfaces/include/canopen_interfaces/canopen_interfaces/srv/detail/co_nmt_id__rosidl_typesupport_introspection_cpp.hpp
[4.249s] -- Installing: /home/starnus/starnus/starnus_robot_sim/starnus_robot/src/ros2_canopen/install/canopen_interfaces/include/canopen_interfaces/canopen_interfaces/srv/detail/co_node__rosidl_typesupport_introspection_cpp.hpp
[4.249s] -- Installing: /home/starnus/starnus/starnus_robot_sim/starnus_robot/src/ros2_canopen/install/canopen_interfaces/include/canopen_interfaces/canopen_interfaces/srv/detail/co_write_id__rosidl_typesupport_introspection_cpp.hpp
[4.249s] -- Installing: /home/starnus/starnus/starnus_robot_sim/starnus_robot/src/ros2_canopen/install/canopen_interfaces/include/canopen_interfaces/canopen_interfaces/srv/detail/co_target_double__rosidl_typesupport_introspection_cpp.hpp
[4.249s] -- Installing: /home/starnus/starnus/starnus_robot_sim/starnus_robot/src/ros2_canopen/install/canopen_interfaces/include/canopen_interfaces/canopen_interfaces/srv/detail/co_read_id__type_support.cpp
[4.249s] -- Installing: /home/starnus/starnus/starnus_robot_sim/starnus_robot/src/ros2_canopen/install/canopen_interfaces/include/canopen_interfaces/canopen_interfaces/srv/detail/co_node__type_support.cpp
[4.249s] -- Installing: /home/starnus/starnus/starnus_robot_sim/starnus_robot/src/ros2_canopen/install/canopen_interfaces/include/canopen_interfaces/canopen_interfaces/srv/detail/co_read__rosidl_typesupport_introspection_cpp.hpp
[4.249s] -- Installing: /home/starnus/starnus/starnus_robot_sim/starnus_robot/src/ros2_canopen/install/canopen_interfaces/include/canopen_interfaces/canopen_interfaces/srv/detail/co_write__rosidl_typesupport_introspection_cpp.hpp
[4.249s] -- Installing: /home/starnus/starnus/starnus_robot_sim/starnus_robot/src/ros2_canopen/install/canopen_interfaces/include/canopen_interfaces/canopen_interfaces/srv/detail/co_write__type_support.cpp
[4.249s] -- Installing: /home/starnus/starnus/starnus_robot_sim/starnus_robot/src/ros2_canopen/install/canopen_interfaces/include/canopen_interfaces/canopen_interfaces/srv/detail/co_target_double__type_support.cpp
[4.249s] -- Installing: /home/starnus/starnus/starnus_robot_sim/starnus_robot/src/ros2_canopen/install/canopen_interfaces/include/canopen_interfaces/canopen_interfaces/srv/detail/co_write_id__type_support.cpp
[4.249s] -- Installing: /home/starnus/starnus/starnus_robot_sim/starnus_robot/src/ros2_canopen/install/canopen_interfaces/include/canopen_interfaces/canopen_interfaces/srv/detail/co_read__type_support.cpp
[4.249s] -- Installing: /home/starnus/starnus/starnus_robot_sim/starnus_robot/src/ros2_canopen/install/canopen_interfaces/lib/libcanopen_interfaces__rosidl_typesupport_introspection_cpp.so
[4.250s] -- Set runtime path of "/home/starnus/starnus/starnus_robot_sim/starnus_robot/src/ros2_canopen/install/canopen_interfaces/lib/libcanopen_interfaces__rosidl_typesupport_introspection_cpp.so" to ""
[4.250s] -- Installing: /home/starnus/starnus/starnus_robot_sim/starnus_robot/src/ros2_canopen/install/canopen_interfaces/lib/libcanopen_interfaces__rosidl_typesupport_cpp.so
[4.250s] -- Set runtime path of "/home/starnus/starnus/starnus_robot_sim/starnus_robot/src/ros2_canopen/install/canopen_interfaces/lib/libcanopen_interfaces__rosidl_typesupport_cpp.so" to ""
[4.250s] -- Installing: /home/starnus/starnus/starnus_robot_sim/starnus_robot/src/ros2_canopen/install/canopen_interfaces/share/canopen_interfaces/environment/pythonpath.sh
[4.250s] -- Installing: /home/starnus/starnus/starnus_robot_sim/starnus_robot/src/ros2_canopen/install/canopen_interfaces/share/canopen_interfaces/environment/pythonpath.dsv
[4.250s] -- Installing: /home/starnus/starnus/starnus_robot_sim/starnus_robot/src/ros2_canopen/install/canopen_interfaces/local/lib/python3.10/dist-packages/canopen_interfaces-0.2.7-py3.10.egg-info
[4.250s] -- Installing: /home/starnus/starnus/starnus_robot_sim/starnus_robot/src/ros2_canopen/install/canopen_interfaces/local/lib/python3.10/dist-packages/canopen_interfaces-0.2.7-py3.10.egg-info/dependency_links.txt
[4.250s] -- Installing: /home/starnus/starnus/starnus_robot_sim/starnus_robot/src/ros2_canopen/install/canopen_interfaces/local/lib/python3.10/dist-packages/canopen_interfaces-0.2.7-py3.10.egg-info/top_level.txt
[4.250s] -- Installing: /home/starnus/starnus/starnus_robot_sim/starnus_robot/src/ros2_canopen/install/canopen_interfaces/local/lib/python3.10/dist-packages/canopen_interfaces-0.2.7-py3.10.egg-info/SOURCES.txt
[4.250s] -- Installing: /home/starnus/starnus/starnus_robot_sim/starnus_robot/src/ros2_canopen/install/canopen_interfaces/local/lib/python3.10/dist-packages/canopen_interfaces-0.2.7-py3.10.egg-info/PKG-INFO
[4.250s] -- Installing: /home/starnus/starnus/starnus_robot_sim/starnus_robot/src/ros2_canopen/install/canopen_interfaces/local/lib/python3.10/dist-packages/canopen_interfaces
[4.250s] -- Installing: /home/starnus/starnus/starnus_robot_sim/starnus_robot/src/ros2_canopen/install/canopen_interfaces/local/lib/python3.10/dist-packages/canopen_interfaces/canopen_interfaces_s__rosidl_typesupport_introspection_c.cpython-310-x86_64-linux-gnu.so
[4.250s] -- Installing: /home/starnus/starnus/starnus_robot_sim/starnus_robot/src/ros2_canopen/install/canopen_interfaces/local/lib/python3.10/dist-packages/canopen_interfaces/libcanopen_interfaces__rosidl_generator_py.so
[4.250s] -- Installing: /home/starnus/starnus/starnus_robot_sim/starnus_robot/src/ros2_canopen/install/canopen_interfaces/local/lib/python3.10/dist-packages/canopen_interfaces/canopen_interfaces_s__rosidl_typesupport_c.cpython-310-x86_64-linux-gnu.so
[4.250s] -- Installing: /home/starnus/starnus/starnus_robot_sim/starnus_robot/src/ros2_canopen/install/canopen_interfaces/local/lib/python3.10/dist-packages/canopen_interfaces/msg
[4.251s] -- Installing: /home/starnus/starnus/starnus_robot_sim/starnus_robot/src/ros2_canopen/install/canopen_interfaces/local/lib/python3.10/dist-packages/canopen_interfaces/msg/_co_data.py
[4.251s] -- Installing: /home/starnus/starnus/starnus_robot_sim/starnus_robot/src/ros2_canopen/install/canopen_interfaces/local/lib/python3.10/dist-packages/canopen_interfaces/msg/_co_data_s.c
[4.251s] -- Installing: /home/starnus/starnus/starnus_robot_sim/starnus_robot/src/ros2_canopen/install/canopen_interfaces/local/lib/python3.10/dist-packages/canopen_interfaces/msg/__init__.py
[4.251s] -- Installing: /home/starnus/starnus/starnus_robot_sim/starnus_robot/src/ros2_canopen/install/canopen_interfaces/local/lib/python3.10/dist-packages/canopen_interfaces/__init__.py
[4.251s] -- Installing: /home/starnus/starnus/starnus_robot_sim/starnus_robot/src/ros2_canopen/install/canopen_interfaces/local/lib/python3.10/dist-packages/canopen_interfaces/srv
[4.251s] -- Installing: /home/starnus/starnus/starnus_robot_sim/starnus_robot/src/ros2_canopen/install/canopen_interfaces/local/lib/python3.10/dist-packages/canopen_interfaces/srv/_co_nmt_id.py
[4.251s] -- Installing: /home/starnus/starnus/starnus_robot_sim/starnus_robot/src/ros2_canopen/install/canopen_interfaces/local/lib/python3.10/dist-packages/canopen_interfaces/srv/_co_read.py
[4.251s] -- Installing: /home/starnus/starnus/starnus_robot_sim/starnus_robot/src/ros2_canopen/install/canopen_interfaces/local/lib/python3.10/dist-packages/canopen_interfaces/srv/_co_read_id.py
[4.251s] -- Installing: /home/starnus/starnus/starnus_robot_sim/starnus_robot/src/ros2_canopen/install/canopen_interfaces/local/lib/python3.10/dist-packages/canopen_interfaces/srv/_co_read_id_s.c
[4.251s] -- Installing: /home/starnus/starnus/starnus_robot_sim/starnus_robot/src/ros2_canopen/install/canopen_interfaces/local/lib/python3.10/dist-packages/canopen_interfaces/srv/_co_node.py
[4.251s] -- Installing: /home/starnus/starnus/starnus_robot_sim/starnus_robot/src/ros2_canopen/install/canopen_interfaces/local/lib/python3.10/dist-packages/canopen_interfaces/srv/__init__.py
[4.251s] -- Installing: /home/starnus/starnus/starnus_robot_sim/starnus_robot/src/ros2_canopen/install/canopen_interfaces/local/lib/python3.10/dist-packages/canopen_interfaces/srv/_co_write_id_s.c
[4.251s] -- Installing: /home/starnus/starnus/starnus_robot_sim/starnus_robot/src/ros2_canopen/install/canopen_interfaces/local/lib/python3.10/dist-packages/canopen_interfaces/srv/_co_write.py
[4.251s] -- Installing: /home/starnus/starnus/starnus_robot_sim/starnus_robot/src/ros2_canopen/install/canopen_interfaces/local/lib/python3.10/dist-packages/canopen_interfaces/srv/_co_nmt_id_s.c
[4.251s] -- Installing: /home/starnus/starnus/starnus_robot_sim/starnus_robot/src/ros2_canopen/install/canopen_interfaces/local/lib/python3.10/dist-packages/canopen_interfaces/srv/_co_write_s.c
[4.251s] -- Installing: /home/starnus/starnus/starnus_robot_sim/starnus_robot/src/ros2_canopen/install/canopen_interfaces/local/lib/python3.10/dist-packages/canopen_interfaces/srv/_co_target_double.py
[4.251s] -- Installing: /home/starnus/starnus/starnus_robot_sim/starnus_robot/src/ros2_canopen/install/canopen_interfaces/local/lib/python3.10/dist-packages/canopen_interfaces/srv/_co_heartbeat_id.py
[4.251s] -- Installing: /home/starnus/starnus/starnus_robot_sim/starnus_robot/src/ros2_canopen/install/canopen_interfaces/local/lib/python3.10/dist-packages/canopen_interfaces/srv/_co_write_id.py
[4.251s] -- Installing: /home/starnus/starnus/starnus_robot_sim/starnus_robot/src/ros2_canopen/install/canopen_interfaces/local/lib/python3.10/dist-packages/canopen_interfaces/srv/_co_heartbeat_id_s.c
[4.251s] -- Installing: /home/starnus/starnus/starnus_robot_sim/starnus_robot/src/ros2_canopen/install/canopen_interfaces/local/lib/python3.10/dist-packages/canopen_interfaces/srv/_co_node_s.c
[4.251s] -- Installing: /home/starnus/starnus/starnus_robot_sim/starnus_robot/src/ros2_canopen/install/canopen_interfaces/local/lib/python3.10/dist-packages/canopen_interfaces/srv/_co_read_s.c
[4.251s] -- Installing: /home/starnus/starnus/starnus_robot_sim/starnus_robot/src/ros2_canopen/install/canopen_interfaces/local/lib/python3.10/dist-packages/canopen_interfaces/srv/_co_target_double_s.c
[4.251s] -- Installing: /home/starnus/starnus/starnus_robot_sim/starnus_robot/src/ros2_canopen/install/canopen_interfaces/local/lib/python3.10/dist-packages/canopen_interfaces/_canopen_interfaces_s.ep.rosidl_typesupport_fastrtps_c.c
[4.251s] -- Installing: /home/starnus/starnus/starnus_robot_sim/starnus_robot/src/ros2_canopen/install/canopen_interfaces/local/lib/python3.10/dist-packages/canopen_interfaces/_canopen_interfaces_s.ep.rosidl_typesupport_introspection_c.c
[4.252s] -- Installing: /home/starnus/starnus/starnus_robot_sim/starnus_robot/src/ros2_canopen/install/canopen_interfaces/local/lib/python3.10/dist-packages/canopen_interfaces/_canopen_interfaces_s.ep.rosidl_typesupport_c.c
[4.252s] -- Installing: /home/starnus/starnus/starnus_robot_sim/starnus_robot/src/ros2_canopen/install/canopen_interfaces/local/lib/python3.10/dist-packages/canopen_interfaces/canopen_interfaces_s__rosidl_typesupport_fastrtps_c.cpython-310-x86_64-linux-gnu.so
[4.286s] Listing '/home/starnus/starnus/starnus_robot_sim/starnus_robot/src/ros2_canopen/install/canopen_interfaces/local/lib/python3.10/dist-packages/canopen_interfaces'...
[4.286s] Compiling '/home/starnus/starnus/starnus_robot_sim/starnus_robot/src/ros2_canopen/install/canopen_interfaces/local/lib/python3.10/dist-packages/canopen_interfaces/__init__.py'...
[4.286s] Listing '/home/starnus/starnus/starnus_robot_sim/starnus_robot/src/ros2_canopen/install/canopen_interfaces/local/lib/python3.10/dist-packages/canopen_interfaces/msg'...
[4.286s] Compiling '/home/starnus/starnus/starnus_robot_sim/starnus_robot/src/ros2_canopen/install/canopen_interfaces/local/lib/python3.10/dist-packages/canopen_interfaces/msg/__init__.py'...
[4.286s] Compiling '/home/starnus/starnus/starnus_robot_sim/starnus_robot/src/ros2_canopen/install/canopen_interfaces/local/lib/python3.10/dist-packages/canopen_interfaces/msg/_co_data.py'...
[4.286s] Listing '/home/starnus/starnus/starnus_robot_sim/starnus_robot/src/ros2_canopen/install/canopen_interfaces/local/lib/python3.10/dist-packages/canopen_interfaces/srv'...
[4.286s] Compiling '/home/starnus/starnus/starnus_robot_sim/starnus_robot/src/ros2_canopen/install/canopen_interfaces/local/lib/python3.10/dist-packages/canopen_interfaces/srv/__init__.py'...
[4.286s] Compiling '/home/starnus/starnus/starnus_robot_sim/starnus_robot/src/ros2_canopen/install/canopen_interfaces/local/lib/python3.10/dist-packages/canopen_interfaces/srv/_co_heartbeat_id.py'...
[4.286s] Compiling '/home/starnus/starnus/starnus_robot_sim/starnus_robot/src/ros2_canopen/install/canopen_interfaces/local/lib/python3.10/dist-packages/canopen_interfaces/srv/_co_nmt_id.py'...
[4.286s] Compiling '/home/starnus/starnus/starnus_robot_sim/starnus_robot/src/ros2_canopen/install/canopen_interfaces/local/lib/python3.10/dist-packages/canopen_interfaces/srv/_co_node.py'...
[4.286s] Compiling '/home/starnus/starnus/starnus_robot_sim/starnus_robot/src/ros2_canopen/install/canopen_interfaces/local/lib/python3.10/dist-packages/canopen_interfaces/srv/_co_read.py'...
[4.286s] Compiling '/home/starnus/starnus/starnus_robot_sim/starnus_robot/src/ros2_canopen/install/canopen_interfaces/local/lib/python3.10/dist-packages/canopen_interfaces/srv/_co_read_id.py'...
[4.287s] Compiling '/home/starnus/starnus/starnus_robot_sim/starnus_robot/src/ros2_canopen/install/canopen_interfaces/local/lib/python3.10/dist-packages/canopen_interfaces/srv/_co_target_double.py'...
[4.287s] Compiling '/home/starnus/starnus/starnus_robot_sim/starnus_robot/src/ros2_canopen/install/canopen_interfaces/local/lib/python3.10/dist-packages/canopen_interfaces/srv/_co_write.py'...
[4.287s] Compiling '/home/starnus/starnus/starnus_robot_sim/starnus_robot/src/ros2_canopen/install/canopen_interfaces/local/lib/python3.10/dist-packages/canopen_interfaces/srv/_co_write_id.py'...
[4.289s] -- Installing: /home/starnus/starnus/starnus_robot_sim/starnus_robot/src/ros2_canopen/install/canopen_interfaces/local/lib/python3.10/dist-packages/canopen_interfaces/canopen_interfaces_s__rosidl_typesupport_fastrtps_c.cpython-310-x86_64-linux-gnu.so
[4.289s] -- Set runtime path of "/home/starnus/starnus/starnus_robot_sim/starnus_robot/src/ros2_canopen/install/canopen_interfaces/local/lib/python3.10/dist-packages/canopen_interfaces/canopen_interfaces_s__rosidl_typesupport_fastrtps_c.cpython-310-x86_64-linux-gnu.so" to ""
[4.289s] -- Installing: /home/starnus/starnus/starnus_robot_sim/starnus_robot/src/ros2_canopen/install/canopen_interfaces/local/lib/python3.10/dist-packages/canopen_interfaces/canopen_interfaces_s__rosidl_typesupport_introspection_c.cpython-310-x86_64-linux-gnu.so
[4.290s] -- Set runtime path of "/home/starnus/starnus/starnus_robot_sim/starnus_robot/src/ros2_canopen/install/canopen_interfaces/local/lib/python3.10/dist-packages/canopen_interfaces/canopen_interfaces_s__rosidl_typesupport_introspection_c.cpython-310-x86_64-linux-gnu.so" to ""
[4.290s] -- Installing: /home/starnus/starnus/starnus_robot_sim/starnus_robot/src/ros2_canopen/install/canopen_interfaces/local/lib/python3.10/dist-packages/canopen_interfaces/canopen_interfaces_s__rosidl_typesupport_c.cpython-310-x86_64-linux-gnu.so
[4.290s] -- Set runtime path of "/home/starnus/starnus/starnus_robot_sim/starnus_robot/src/ros2_canopen/install/canopen_interfaces/local/lib/python3.10/dist-packages/canopen_interfaces/canopen_interfaces_s__rosidl_typesupport_c.cpython-310-x86_64-linux-gnu.so" to ""
[4.290s] -- Installing: /home/starnus/starnus/starnus_robot_sim/starnus_robot/src/ros2_canopen/install/canopen_interfaces/lib/libcanopen_interfaces__rosidl_generator_py.so
[4.290s] -- Set runtime path of "/home/starnus/starnus/starnus_robot_sim/starnus_robot/src/ros2_canopen/install/canopen_interfaces/lib/libcanopen_interfaces__rosidl_generator_py.so" to ""
[4.290s] -- Installing: /home/starnus/starnus/starnus_robot_sim/starnus_robot/src/ros2_canopen/install/canopen_interfaces/share/canopen_interfaces/srv/COHeartbeatID.idl
[4.290s] -- Installing: /home/starnus/starnus/starnus_robot_sim/starnus_robot/src/ros2_canopen/install/canopen_interfaces/share/canopen_interfaces/srv/CONmtID.idl
[4.290s] -- Installing: /home/starnus/starnus/starnus_robot_sim/starnus_robot/src/ros2_canopen/install/canopen_interfaces/share/canopen_interfaces/srv/CORead.idl
[4.290s] -- Installing: /home/starnus/starnus/starnus_robot_sim/starnus_robot/src/ros2_canopen/install/canopen_interfaces/share/canopen_interfaces/srv/COReadID.idl
[4.290s] -- Installing: /home/starnus/starnus/starnus_robot_sim/starnus_robot/src/ros2_canopen/install/canopen_interfaces/share/canopen_interfaces/srv/COWrite.idl
[4.290s] -- Installing: /home/starnus/starnus/starnus_robot_sim/starnus_robot/src/ros2_canopen/install/canopen_interfaces/share/canopen_interfaces/srv/COWriteID.idl
[4.290s] -- Installing: /home/starnus/starnus/starnus_robot_sim/starnus_robot/src/ros2_canopen/install/canopen_interfaces/share/canopen_interfaces/srv/COTargetDouble.idl
[4.290s] -- Installing: /home/starnus/starnus/starnus_robot_sim/starnus_robot/src/ros2_canopen/install/canopen_interfaces/share/canopen_interfaces/srv/CONode.idl
[4.290s] -- Installing: /home/starnus/starnus/starnus_robot_sim/starnus_robot/src/ros2_canopen/install/canopen_interfaces/share/canopen_interfaces/msg/COData.idl
[4.290s] -- Installing: /home/starnus/starnus/starnus_robot_sim/starnus_robot/src/ros2_canopen/install/canopen_interfaces/share/canopen_interfaces/srv/COHeartbeatID.srv
[4.290s] -- Installing: /home/starnus/starnus/starnus_robot_sim/starnus_robot/src/ros2_canopen/install/canopen_interfaces/share/canopen_interfaces/srv/COHeartbeatID_Request.msg
[4.290s] -- Installing: /home/starnus/starnus/starnus_robot_sim/starnus_robot/src/ros2_canopen/install/canopen_interfaces/share/canopen_interfaces/srv/COHeartbeatID_Response.msg
[4.290s] -- Installing: /home/starnus/starnus/starnus_robot_sim/starnus_robot/src/ros2_canopen/install/canopen_interfaces/share/canopen_interfaces/srv/CONmtID.srv
[4.290s] -- Installing: /home/starnus/starnus/starnus_robot_sim/starnus_robot/src/ros2_canopen/install/canopen_interfaces/share/canopen_interfaces/srv/CONmtID_Request.msg
[4.290s] -- Installing: /home/starnus/starnus/starnus_robot_sim/starnus_robot/src/ros2_canopen/install/canopen_interfaces/share/canopen_interfaces/srv/CONmtID_Response.msg
[4.291s] -- Installing: /home/starnus/starnus/starnus_robot_sim/starnus_robot/src/ros2_canopen/install/canopen_interfaces/share/canopen_interfaces/srv/CORead.srv
[4.291s] -- Installing: /home/starnus/starnus/starnus_robot_sim/starnus_robot/src/ros2_canopen/install/canopen_interfaces/share/canopen_interfaces/srv/CORead_Request.msg
[4.291s] -- Installing: /home/starnus/starnus/starnus_robot_sim/starnus_robot/src/ros2_canopen/install/canopen_interfaces/share/canopen_interfaces/srv/CORead_Response.msg
[4.291s] -- Installing: /home/starnus/starnus/starnus_robot_sim/starnus_robot/src/ros2_canopen/install/canopen_interfaces/share/canopen_interfaces/srv/COReadID.srv
[4.291s] -- Installing: /home/starnus/starnus/starnus_robot_sim/starnus_robot/src/ros2_canopen/install/canopen_interfaces/share/canopen_interfaces/srv/COReadID_Request.msg
[4.291s] -- Installing: /home/starnus/starnus/starnus_robot_sim/starnus_robot/src/ros2_canopen/install/canopen_interfaces/share/canopen_interfaces/srv/COReadID_Response.msg
[4.291s] -- Installing: /home/starnus/starnus/starnus_robot_sim/starnus_robot/src/ros2_canopen/install/canopen_interfaces/share/canopen_interfaces/srv/COWrite.srv
[4.291s] -- Installing: /home/starnus/starnus/starnus_robot_sim/starnus_robot/src/ros2_canopen/install/canopen_interfaces/share/canopen_interfaces/srv/COWrite_Request.msg
[4.291s] -- Installing: /home/starnus/starnus/starnus_robot_sim/starnus_robot/src/ros2_canopen/install/canopen_interfaces/share/canopen_interfaces/srv/COWrite_Response.msg
[4.291s] -- Installing: /home/starnus/starnus/starnus_robot_sim/starnus_robot/src/ros2_canopen/install/canopen_interfaces/share/canopen_interfaces/srv/COWriteID.srv
[4.291s] -- Installing: /home/starnus/starnus/starnus_robot_sim/starnus_robot/src/ros2_canopen/install/canopen_interfaces/share/canopen_interfaces/srv/COWriteID_Request.msg
[4.291s] -- Installing: /home/starnus/starnus/starnus_robot_sim/starnus_robot/src/ros2_canopen/install/canopen_interfaces/share/canopen_interfaces/srv/COWriteID_Response.msg
[4.291s] -- Installing: /home/starnus/starnus/starnus_robot_sim/starnus_robot/src/ros2_canopen/install/canopen_interfaces/share/canopen_interfaces/srv/COTargetDouble.srv
[4.291s] -- Installing: /home/starnus/starnus/starnus_robot_sim/starnus_robot/src/ros2_canopen/install/canopen_interfaces/share/canopen_interfaces/srv/COTargetDouble_Request.msg
[4.291s] -- Installing: /home/starnus/starnus/starnus_robot_sim/starnus_robot/src/ros2_canopen/install/canopen_interfaces/share/canopen_interfaces/srv/COTargetDouble_Response.msg
[4.291s] -- Installing: /home/starnus/starnus/starnus_robot_sim/starnus_robot/src/ros2_canopen/install/canopen_interfaces/share/canopen_interfaces/srv/CONode.srv
[4.291s] -- Installing: /home/starnus/starnus/starnus_robot_sim/starnus_robot/src/ros2_canopen/install/canopen_interfaces/share/canopen_interfaces/srv/CONode_Request.msg
[4.291s] -- Installing: /home/starnus/starnus/starnus_robot_sim/starnus_robot/src/ros2_canopen/install/canopen_interfaces/share/canopen_interfaces/srv/CONode_Response.msg
[4.291s] -- Installing: /home/starnus/starnus/starnus_robot_sim/starnus_robot/src/ros2_canopen/install/canopen_interfaces/share/canopen_interfaces/msg/COData.msg
[4.291s] -- Installing: /home/starnus/starnus/starnus_robot_sim/starnus_robot/src/ros2_canopen/install/canopen_interfaces/share/ament_index/resource_index/package_run_dependencies/canopen_interfaces
[4.291s] -- Installing: /home/starnus/starnus/starnus_robot_sim/starnus_robot/src/ros2_canopen/install/canopen_interfaces/share/ament_index/resource_index/parent_prefix_path/canopen_interfaces
[4.292s] -- Installing: /home/starnus/starnus/starnus_robot_sim/starnus_robot/src/ros2_canopen/install/canopen_interfaces/share/canopen_interfaces/environment/ament_prefix_path.sh
[4.292s] -- Installing: /home/starnus/starnus/starnus_robot_sim/starnus_robot/src/ros2_canopen/install/canopen_interfaces/share/canopen_interfaces/environment/ament_prefix_path.dsv
[4.292s] -- Installing: /home/starnus/starnus/starnus_robot_sim/starnus_robot/src/ros2_canopen/install/canopen_interfaces/share/canopen_interfaces/environment/path.sh
[4.292s] -- Installing: /home/starnus/starnus/starnus_robot_sim/starnus_robot/src/ros2_canopen/install/canopen_interfaces/share/canopen_interfaces/environment/path.dsv
[4.292s] -- Installing: /home/starnus/starnus/starnus_robot_sim/starnus_robot/src/ros2_canopen/install/canopen_interfaces/share/canopen_interfaces/local_setup.bash
[4.292s] -- Installing: /home/starnus/starnus/starnus_robot_sim/starnus_robot/src/ros2_canopen/install/canopen_interfaces/share/canopen_interfaces/local_setup.sh
[4.292s] -- Installing: /home/starnus/starnus/starnus_robot_sim/starnus_robot/src/ros2_canopen/install/canopen_interfaces/share/canopen_interfaces/local_setup.zsh
[4.292s] -- Installing: /home/starnus/starnus/starnus_robot_sim/starnus_robot/src/ros2_canopen/install/canopen_interfaces/share/canopen_interfaces/local_setup.dsv
[4.292s] -- Installing: /home/starnus/starnus/starnus_robot_sim/starnus_robot/src/ros2_canopen/install/canopen_interfaces/share/canopen_interfaces/package.dsv
[4.292s] -- Installing: /home/starnus/starnus/starnus_robot_sim/starnus_robot/src/ros2_canopen/install/canopen_interfaces/share/ament_index/resource_index/packages/canopen_interfaces
[4.292s] -- Installing: /home/starnus/starnus/starnus_robot_sim/starnus_robot/src/ros2_canopen/install/canopen_interfaces/share/canopen_interfaces/cmake/export_canopen_interfaces__rosidl_generator_cExport.cmake
[4.292s] -- Installing: /home/starnus/starnus/starnus_robot_sim/starnus_robot/src/ros2_canopen/install/canopen_interfaces/share/canopen_interfaces/cmake/export_canopen_interfaces__rosidl_generator_cExport-noconfig.cmake
[4.292s] -- Installing: /home/starnus/starnus/starnus_robot_sim/starnus_robot/src/ros2_canopen/install/canopen_interfaces/share/canopen_interfaces/cmake/export_canopen_interfaces__rosidl_typesupport_fastrtps_cExport.cmake
[4.292s] -- Installing: /home/starnus/starnus/starnus_robot_sim/starnus_robot/src/ros2_canopen/install/canopen_interfaces/share/canopen_interfaces/cmake/export_canopen_interfaces__rosidl_typesupport_fastrtps_cExport-noconfig.cmake
[4.292s] -- Installing: /home/starnus/starnus/starnus_robot_sim/starnus_robot/src/ros2_canopen/install/canopen_interfaces/share/canopen_interfaces/cmake/canopen_interfaces__rosidl_typesupport_introspection_cExport.cmake
[4.292s] -- Installing: /home/starnus/starnus/starnus_robot_sim/starnus_robot/src/ros2_canopen/install/canopen_interfaces/share/canopen_interfaces/cmake/canopen_interfaces__rosidl_typesupport_introspection_cExport-noconfig.cmake
[4.292s] -- Installing: /home/starnus/starnus/starnus_robot_sim/starnus_robot/src/ros2_canopen/install/canopen_interfaces/share/canopen_interfaces/cmake/canopen_interfaces__rosidl_typesupport_cExport.cmake
[4.292s] -- Installing: /home/starnus/starnus/starnus_robot_sim/starnus_robot/src/ros2_canopen/install/canopen_interfaces/share/canopen_interfaces/cmake/canopen_interfaces__rosidl_typesupport_cExport-noconfig.cmake
[4.293s] -- Installing: /home/starnus/starnus/starnus_robot_sim/starnus_robot/src/ros2_canopen/install/canopen_interfaces/share/canopen_interfaces/cmake/export_canopen_interfaces__rosidl_generator_cppExport.cmake
[4.293s] -- Installing: /home/starnus/starnus/starnus_robot_sim/starnus_robot/src/ros2_canopen/install/canopen_interfaces/share/canopen_interfaces/cmake/export_canopen_interfaces__rosidl_typesupport_fastrtps_cppExport.cmake
[4.293s] -- Installing: /home/starnus/starnus/starnus_robot_sim/starnus_robot/src/ros2_canopen/install/canopen_interfaces/share/canopen_interfaces/cmake/export_canopen_interfaces__rosidl_typesupport_fastrtps_cppExport-noconfig.cmake
[4.293s] -- Installing: /home/starnus/starnus/starnus_robot_sim/starnus_robot/src/ros2_canopen/install/canopen_interfaces/share/canopen_interfaces/cmake/canopen_interfaces__rosidl_typesupport_introspection_cppExport.cmake
[4.293s] -- Installing: /home/starnus/starnus/starnus_robot_sim/starnus_robot/src/ros2_canopen/install/canopen_interfaces/share/canopen_interfaces/cmake/canopen_interfaces__rosidl_typesupport_introspection_cppExport-noconfig.cmake
[4.293s] -- Installing: /home/starnus/starnus/starnus_robot_sim/starnus_robot/src/ros2_canopen/install/canopen_interfaces/share/canopen_interfaces/cmake/canopen_interfaces__rosidl_typesupport_cppExport.cmake
[4.293s] -- Installing: /home/starnus/starnus/starnus_robot_sim/starnus_robot/src/ros2_canopen/install/canopen_interfaces/share/canopen_interfaces/cmake/canopen_interfaces__rosidl_typesupport_cppExport-noconfig.cmake
[4.293s] -- Installing: /home/starnus/starnus/starnus_robot_sim/starnus_robot/src/ros2_canopen/install/canopen_interfaces/share/canopen_interfaces/cmake/export_canopen_interfaces__rosidl_generator_pyExport.cmake
[4.293s] -- Installing: /home/starnus/starnus/starnus_robot_sim/starnus_robot/src/ros2_canopen/install/canopen_interfaces/share/canopen_interfaces/cmake/export_canopen_interfaces__rosidl_generator_pyExport-noconfig.cmake
[4.293s] -- Installing: /home/starnus/starnus/starnus_robot_sim/starnus_robot/src/ros2_canopen/install/canopen_interfaces/share/canopen_interfaces/cmake/rosidl_cmake-extras.cmake
[4.293s] -- Installing: /home/starnus/starnus/starnus_robot_sim/starnus_robot/src/ros2_canopen/install/canopen_interfaces/share/canopen_interfaces/cmake/ament_cmake_export_include_directories-extras.cmake
[4.293s] -- Installing: /home/starnus/starnus/starnus_robot_sim/starnus_robot/src/ros2_canopen/install/canopen_interfaces/share/canopen_interfaces/cmake/ament_cmake_export_libraries-extras.cmake
[4.293s] -- Installing: /home/starnus/starnus/starnus_robot_sim/starnus_robot/src/ros2_canopen/install/canopen_interfaces/share/canopen_interfaces/cmake/ament_cmake_export_targets-extras.cmake
[4.293s] -- Installing: /home/starnus/starnus/starnus_robot_sim/starnus_robot/src/ros2_canopen/install/canopen_interfaces/share/canopen_interfaces/cmake/rosidl_cmake_export_typesupport_targets-extras.cmake
[4.293s] -- Installing: /home/starnus/starnus/starnus_robot_sim/starnus_robot/src/ros2_canopen/install/canopen_interfaces/share/canopen_interfaces/cmake/ament_cmake_export_dependencies-extras.cmake
[4.293s] -- Installing: /home/starnus/starnus/starnus_robot_sim/starnus_robot/src/ros2_canopen/install/canopen_interfaces/share/canopen_interfaces/cmake/rosidl_cmake_export_typesupport_libraries-extras.cmake
[4.293s] -- Installing: /home/starnus/starnus/starnus_robot_sim/starnus_robot/src/ros2_canopen/install/canopen_interfaces/share/canopen_interfaces/cmake/canopen_interfacesConfig.cmake
[4.293s] -- Installing: /home/starnus/starnus/starnus_robot_sim/starnus_robot/src/ros2_canopen/install/canopen_interfaces/share/canopen_interfaces/cmake/canopen_interfacesConfig-version.cmake
[4.293s] -- Installing: /home/starnus/starnus/starnus_robot_sim/starnus_robot/src/ros2_canopen/install/canopen_interfaces/share/canopen_interfaces/package.xml
[4.295s] Invoked command in '/home/starnus/starnus/starnus_robot_sim/starnus_robot/src/ros2_canopen/build/canopen_interfaces' returned '0': CMAKE_PREFIX_PATH=${CMAKE_PREFIX_PATH}:/home/starnus/starnus/starnus_robot_sim/starnus_robot/install/starnus_viz:/home/starnus/starnus/starnus_robot_sim/starnus_robot/install/starnus_slam:/home/starnus/starnus/starnus_robot_sim/starnus_robot/install/starnus_rmf_panel:/home/starnus/starnus/starnus_robot_sim/starnus_robot/install/starnus_rmf_fleet_adapter:/home/starnus/starnus/starnus_robot_sim/starnus_robot/install/starnus_pallet_localisation:/home/starnus/starnus/starnus_robot_sim/starnus_robot/install/starnus_navigation:/home/starnus/starnus/starnus_robot_sim/starnus_robot/install/starnus_driver:/home/starnus/starnus/starnus_robot_sim/starnus_robot/install/starnus_description:/home/starnus/starnus/starnus_robot_sim/starnus_robot/install/starnus_bringup:/home/starnus/starnus/starnus_robot_sim/starnus_robot/install/starnus:/home/starnus/starnus/starnus_robot_sim/starnus_robot/install/canopen_utils:/home/starnus/starnus_robot/install/wms_bridge:/home/starnus/starnus_robot/install/starnus_viz:/home/starnus/starnus_robot/install/starnus_slam:/home/starnus/starnus_robot/install/starnus_sim:/home/starnus/starnus_robot/install/starnus_rmf_panel:/home/starnus/starnus_robot/install/starnus_rmf_fleet_adapter:/home/starnus/starnus_robot/install/starnus_pallet_localisation:/home/starnus/starnus_robot/install/starnus_navigation:/home/starnus/starnus_robot/install/starnus_driver:/home/starnus/starnus_robot/install/starnus_description:/home/starnus/starnus_robot/install/starnus_bringup:/home/starnus/starnus_robot/install/starnus_arduino_comms:/home/starnus/starnus_robot/install/starnus:/opt/ros/humble /usr/bin/cmake --install /home/starnus/starnus/starnus_robot_sim/starnus_robot/src/ros2_canopen/build/canopen_interfaces
