-- The C compiler identification is GNU 11.4.0
-- The CXX compiler identification is GNU 11.4.0
-- Detecting C compiler ABI info
-- Detecting C compiler ABI info - done
-- Check for working C compiler: /usr/bin/cc - skipped
-- Detecting C compile features
-- Detecting C compile features - done
-- Detecting CXX compiler ABI info
-- Detecting CXX compiler ABI info - done
-- Check for working CXX compiler: /usr/bin/c++ - skipped
-- Detecting CXX compile features
-- Detecting CXX compile features - done
-- Found ament_cmake: 1.3.5 (/opt/ros/humble/share/ament_cmake/cmake)
-- Found Python3: /usr/bin/python3.10 (found version "3.10.12") found components: Interpreter 
-- Found ament_cmake_ros: 0.10.0 (/opt/ros/humble/share/ament_cmake_ros/cmake)
-- Found canopen_core: 0.2.7 (/home/starnus/starnus/starnus_robot_sim/starnus_robot/src/ros2_canopen/install/canopen_core/share/canopen_core/cmake)
-- Found Boost: /usr/lib/x86_64-linux-gnu/cmake/Boost-1.74.0/BoostConfig.cmake (found version "1.74.0") found components: system thread 
-- Found rosidl_generator_c: 3.1.5 (/opt/ros/humble/share/rosidl_generator_c/cmake)
-- Found rosidl_adapter: 3.1.5 (/opt/ros/humble/share/rosidl_adapter/cmake)
-- Found rosidl_generator_cpp: 3.1.5 (/opt/ros/humble/share/rosidl_generator_cpp/cmake)
-- Using all available rosidl_typesupport_c: rosidl_typesupport_fastrtps_c;rosidl_typesupport_introspection_c
-- Using all available rosidl_typesupport_cpp: rosidl_typesupport_fastrtps_cpp;rosidl_typesupport_introspection_cpp
-- Found rmw_implementation_cmake: 6.1.1 (/opt/ros/humble/share/rmw_implementation_cmake/cmake)
-- Found rmw_fastrtps_cpp: 6.2.4 (/opt/ros/humble/share/rmw_fastrtps_cpp/cmake)
-- Found OpenSSL: /usr/lib/x86_64-linux-gnu/libcrypto.so (found version "3.0.2")  
-- Found FastRTPS: /opt/ros/humble/include  
-- Using RMW implementation 'rmw_fastrtps_cpp' as default
-- Found Threads: TRUE  
-- Found gtest sources under '/opt/ros/humble/src/gtest_vendor': C++ tests using 'Google Test' will be built
-- Configuring done
-- Generating done
-- Build files have been written to: /home/starnus/starnus/starnus_robot_sim/starnus_robot/src/ros2_canopen/build/canopen_master_driver
[ 16%] [32mBuilding CXX object gtest/CMakeFiles/gtest.dir/src/gtest-all.cc.o[0m
[ 16%] [32mBuilding CXX object gtest/CMakeFiles/gtest_main.dir/src/gtest_main.cc.o[0m
[ 16%] [32mBuilding CXX object CMakeFiles/lely_master_bridge.dir/src/lely_master_bridge.cpp.o[0m
[ 22%] [32m[1mLinking CXX static library libgtest_main.a[0m
[ 22%] Built target gtest_main
[ 27%] [32m[1mLinking CXX static library libgtest.a[0m
[ 27%] Built target gtest
[ 33%] [32m[1mLinking CXX shared library liblely_master_bridge.so[0m
[ 33%] Built target lely_master_bridge
[ 38%] [32mBuilding CXX object CMakeFiles/node_canopen_basic_master.dir/src/node_interfaces/node_canopen_basic_master.cpp.o[0m
[ 44%] [32m[1mLinking CXX shared library libnode_canopen_basic_master.so[0m
[ 44%] Built target node_canopen_basic_master
[ 55%] [32mBuilding CXX object CMakeFiles/lifecycle_master_driver.dir/src/lifecycle_master_driver.cpp.o[0m
[ 55%] [32mBuilding CXX object CMakeFiles/master_driver.dir/src/master_driver.cpp.o[0m
[ 61%] [32m[1mLinking CXX shared library liblifecycle_master_driver.so[0m
[ 66%] [32m[1mLinking CXX shared library libmaster_driver.so[0m
[ 66%] Built target lifecycle_master_driver
[ 66%] Built target master_driver
[ 77%] [32mBuilding CXX object test/CMakeFiles/test_node_canopen_basic_driver.dir/test_node_canopen_basic_master.cpp.o[0m
[ 77%] [32mBuilding CXX object test/CMakeFiles/test_node_canopen_basic_driver_ros.dir/test_node_canopen_basic_master_ros.cpp.o[0m
[ 83%] [32mBuilding CXX object test/CMakeFiles/test_master_driver_component.dir/test_master_driver_component.cpp.o[0m
[ 88%] [32m[1mLinking CXX executable test_node_canopen_basic_driver_ros[0m
[ 94%] [32m[1mLinking CXX executable test_master_driver_component[0m
[ 94%] Built target test_master_driver_component
[ 94%] Built target test_node_canopen_basic_driver_ros
[100%] [32m[1mLinking CXX executable test_node_canopen_basic_driver[0m
[100%] Built target test_node_canopen_basic_driver
-- Install configuration: ""
-- Installing: /home/starnus/starnus/starnus_robot_sim/starnus_robot/src/ros2_canopen/install/canopen_master_driver/include
-- Installing: /home/starnus/starnus/starnus_robot_sim/starnus_robot/src/ros2_canopen/install/canopen_master_driver/include/canopen_master_driver
-- Installing: /home/starnus/starnus/starnus_robot_sim/starnus_robot/src/ros2_canopen/install/canopen_master_driver/include/canopen_master_driver/node_interfaces
-- Installing: /home/starnus/starnus/starnus_robot_sim/starnus_robot/src/ros2_canopen/install/canopen_master_driver/include/canopen_master_driver/node_interfaces/node_canopen_basic_master.hpp
-- Installing: /home/starnus/starnus/starnus_robot_sim/starnus_robot/src/ros2_canopen/install/canopen_master_driver/include/canopen_master_driver/node_interfaces/node_canopen_basic_master_impl.hpp
-- Installing: /home/starnus/starnus/starnus_robot_sim/starnus_robot/src/ros2_canopen/install/canopen_master_driver/include/canopen_master_driver/visibility_control.h
-- Installing: /home/starnus/starnus/starnus_robot_sim/starnus_robot/src/ros2_canopen/install/canopen_master_driver/include/canopen_master_driver/master_driver.hpp
-- Installing: /home/starnus/starnus/starnus_robot_sim/starnus_robot/src/ros2_canopen/install/canopen_master_driver/include/canopen_master_driver/lely_master_bridge.hpp
-- Installing: /home/starnus/starnus/starnus_robot_sim/starnus_robot/src/ros2_canopen/install/canopen_master_driver/include/canopen_master_driver/lifecycle_master_driver.hpp
-- Installing: /home/starnus/starnus/starnus_robot_sim/starnus_robot/src/ros2_canopen/install/canopen_master_driver/lib/liblifecycle_master_driver.so
-- Set runtime path of "/home/starnus/starnus/starnus_robot_sim/starnus_robot/src/ros2_canopen/install/canopen_master_driver/lib/liblifecycle_master_driver.so" to ""
-- Installing: /home/starnus/starnus/starnus_robot_sim/starnus_robot/src/ros2_canopen/install/canopen_master_driver/lib/libmaster_driver.so
-- Set runtime path of "/home/starnus/starnus/starnus_robot_sim/starnus_robot/src/ros2_canopen/install/canopen_master_driver/lib/libmaster_driver.so" to ""
-- Installing: /home/starnus/starnus/starnus_robot_sim/starnus_robot/src/ros2_canopen/install/canopen_master_driver/lib/libnode_canopen_basic_master.so
-- Set runtime path of "/home/starnus/starnus/starnus_robot_sim/starnus_robot/src/ros2_canopen/install/canopen_master_driver/lib/libnode_canopen_basic_master.so" to ""
-- Installing: /home/starnus/starnus/starnus_robot_sim/starnus_robot/src/ros2_canopen/install/canopen_master_driver/lib/liblely_master_bridge.so
-- Set runtime path of "/home/starnus/starnus/starnus_robot_sim/starnus_robot/src/ros2_canopen/install/canopen_master_driver/lib/liblely_master_bridge.so" to ""
-- Installing: /home/starnus/starnus/starnus_robot_sim/starnus_robot/src/ros2_canopen/install/canopen_master_driver/share/canopen_master_driver/environment/library_path.sh
-- Installing: /home/starnus/starnus/starnus_robot_sim/starnus_robot/src/ros2_canopen/install/canopen_master_driver/share/canopen_master_driver/environment/library_path.dsv
-- Installing: /home/starnus/starnus/starnus_robot_sim/starnus_robot/src/ros2_canopen/install/canopen_master_driver/share/ament_index/resource_index/package_run_dependencies/canopen_master_driver
-- Installing: /home/starnus/starnus/starnus_robot_sim/starnus_robot/src/ros2_canopen/install/canopen_master_driver/share/ament_index/resource_index/parent_prefix_path/canopen_master_driver
-- Installing: /home/starnus/starnus/starnus_robot_sim/starnus_robot/src/ros2_canopen/install/canopen_master_driver/share/canopen_master_driver/environment/ament_prefix_path.sh
-- Installing: /home/starnus/starnus/starnus_robot_sim/starnus_robot/src/ros2_canopen/install/canopen_master_driver/share/canopen_master_driver/environment/ament_prefix_path.dsv
-- Installing: /home/starnus/starnus/starnus_robot_sim/starnus_robot/src/ros2_canopen/install/canopen_master_driver/share/canopen_master_driver/environment/path.sh
-- Installing: /home/starnus/starnus/starnus_robot_sim/starnus_robot/src/ros2_canopen/install/canopen_master_driver/share/canopen_master_driver/environment/path.dsv
-- Installing: /home/starnus/starnus/starnus_robot_sim/starnus_robot/src/ros2_canopen/install/canopen_master_driver/share/canopen_master_driver/local_setup.bash
-- Installing: /home/starnus/starnus/starnus_robot_sim/starnus_robot/src/ros2_canopen/install/canopen_master_driver/share/canopen_master_driver/local_setup.sh
-- Installing: /home/starnus/starnus/starnus_robot_sim/starnus_robot/src/ros2_canopen/install/canopen_master_driver/share/canopen_master_driver/local_setup.zsh
-- Installing: /home/starnus/starnus/starnus_robot_sim/starnus_robot/src/ros2_canopen/install/canopen_master_driver/share/canopen_master_driver/local_setup.dsv
-- Installing: /home/starnus/starnus/starnus_robot_sim/starnus_robot/src/ros2_canopen/install/canopen_master_driver/share/canopen_master_driver/package.dsv
-- Installing: /home/starnus/starnus/starnus_robot_sim/starnus_robot/src/ros2_canopen/install/canopen_master_driver/share/ament_index/resource_index/packages/canopen_master_driver
-- Installing: /home/starnus/starnus/starnus_robot_sim/starnus_robot/src/ros2_canopen/install/canopen_master_driver/share/ament_index/resource_index/rclcpp_components/canopen_master_driver
-- Installing: /home/starnus/starnus/starnus_robot_sim/starnus_robot/src/ros2_canopen/install/canopen_master_driver/share/canopen_master_driver/cmake/export_canopen_master_driverExport.cmake
-- Installing: /home/starnus/starnus/starnus_robot_sim/starnus_robot/src/ros2_canopen/install/canopen_master_driver/share/canopen_master_driver/cmake/export_canopen_master_driverExport-noconfig.cmake
-- Installing: /home/starnus/starnus/starnus_robot_sim/starnus_robot/src/ros2_canopen/install/canopen_master_driver/share/canopen_master_driver/cmake/ament_cmake_export_include_directories-extras.cmake
-- Installing: /home/starnus/starnus/starnus_robot_sim/starnus_robot/src/ros2_canopen/install/canopen_master_driver/share/canopen_master_driver/cmake/ament_cmake_export_libraries-extras.cmake
-- Installing: /home/starnus/starnus/starnus_robot_sim/starnus_robot/src/ros2_canopen/install/canopen_master_driver/share/canopen_master_driver/cmake/ament_cmake_export_targets-extras.cmake
-- Installing: /home/starnus/starnus/starnus_robot_sim/starnus_robot/src/ros2_canopen/install/canopen_master_driver/share/canopen_master_driver/cmake/ament_cmake_export_dependencies-extras.cmake
-- Installing: /home/starnus/starnus/starnus_robot_sim/starnus_robot/src/ros2_canopen/install/canopen_master_driver/share/canopen_master_driver/cmake/canopen_master_driverConfig.cmake
-- Installing: /home/starnus/starnus/starnus_robot_sim/starnus_robot/src/ros2_canopen/install/canopen_master_driver/share/canopen_master_driver/cmake/canopen_master_driverConfig-version.cmake
-- Installing: /home/starnus/starnus/starnus_robot_sim/starnus_robot/src/ros2_canopen/install/canopen_master_driver/share/canopen_master_driver/package.xml
